number,value,datetime_start,datetime_complete,duration,params_crossover_name,params_crossover_probability,params_elitism_rate,params_mutation_name,params_mutation_probability,params_selection_type,params_vehicle_construction,system_attrs_grid_id,system_attrs_search_space,state
410,1251.82,2026-06-02 22:04:48.009293,2026-06-02 22:05:00.194236,0 days 00:00:12.184943,CXCrossover,0.90,0.20,SwapMutation,0.01,roulette_wheel,random,410,"{'crossover_name': ['PMXCrossover', 'CXCrossover', 'OXCrossover'], 'crossover_probability': [0.75, 0.8, 0.85, 0.9], 'elitism_rate': [0.1, 0.2], 'mutation_name': ['InsertMutation', 'SwapMutation'], 'mutation_probability': [0.01, 0.05, 0.1], 'selection_type': ['binary_tournament', 'roulette_wheel'], 'vehicle_construction': ['random', 'bellman_split']}",COMPLETE
411,857.57,2026-06-02 22:05:00.194522,2026-06-02 22:05:04.696480,0 days 00:00:04.501958,OXCrossover,0.75,0.20,SwapMutation,0.01,binary_tournament,bellman_split,411,"{'crossover_name': ['PMXCrossover', 'CXCrossover', 'OXCrossover'], 'crossover_probability': [0.75, 0.8, 0.85, 0.9], 'elitism_rate': [0.1, 0.2], 'mutation_name': ['InsertMutation', 'SwapMutation'], 'mutation_probability': [0.01, 0.05, 0.1], 'selection_type': ['binary_tournament', 'roulette_wheel'], 'vehicle_construction': ['random', 'bellman_split']}",COMPLETE
412,991.56,2026-06-02 22:05:04.696801,2026-06-02 22:05:08.749997,0 days 00:00:04.053196,PMXCrossover,0.75,0.20,InsertMutation,0.01,binary_tournament,bellman_split,412,"{'crossover_name': ['PMXCrossover', 'CXCrossover', 'OXCrossover'], 'crossover_probability': [0.75, 0.8, 0.85, 0.9], 'elitism_rate': [0.1, 0.2], 'mutation_name': ['InsertMutation', 'SwapMutation'], 'mutation_probability': [0.01, 0.05, 0.1], 'selection_type': ['binary_tournament', 'roulette_wheel'], 'vehicle_construction': ['random', 'bellman_split']}",COMPLETE
413,1120.44,2026-06-02 22:05:08.750536,2026-06-02 22:05:21.269915,0 days 00:00:12.519379,PMXCrossover,0.85,0.10,SwapMutation,0.01,roulette_wheel,random,413,"{'crossover_name': ['PMXCrossover', 'CXCrossover', 'OXCrossover'], 'crossover_probability': [0.75, 0.8, 0.85, 0.9], 'elitism_rate': [0.1, 0.2], 'mutation_name': ['InsertMutation', 'SwapMutation'], 'mutation_probability': [0.01, 0.05, 0.1], 'selection_type': ['binary_tournament', 'roulette_wheel'], 'vehicle_construction': ['random', 'bellman_split']}",COMPLETE
414,938.14,2026-06-02 22:05:21.270235,2026-06-02 22:05:26.037374,0 days 00:00:04.767139,PMXCrossover,0.90,0.10,InsertMutation,0.05,binary_tournament,bellman_split,414,"{'crossover_name': ['PMXCrossover', 'CXCrossover', 'OXCrossover'], 'crossover_probability': [0.75, 0.8, 0.85, 0.9], 'elitism_rate': [0.1, 0.2], 'mutation_name': ['InsertMutation', 'SwapMutation'], 'mutation_probability': [0.01, 0.05, 0.1], 'selection_type': ['binary_tournament', 'roulette_wheel'], 'vehicle_construction': ['random', 'bellman_split']}",COMPLETE
415,743.85,2026-06-02 22:05:26.037828,2026-06-02 22:05:30.587386,0 days 00:00:04.549558,OXCrossover,0.75,0.20,InsertMutation,0.05,binary_tournament,bellman_split,415,"{'crossover_name': ['PMXCrossover', 'CXCrossover', 'OXCrossover'], 'crossover_probability': [0.75, 0.8, 0.85, 0.9], 'elitism_rate': [0.1, 0.2], 'mutation_name': ['InsertMutation', 'SwapMutation'], 'mutation_probability': [0.01, 0.05, 0.1], 'selection_type': ['binary_tournament', 'roulette_wheel'], 'vehicle_construction': ['random', 'bellman_split']}",COMPLETE
416,969.33,2026-06-02 22:05:30.587710,2026-06-02 22:05:32.469444,0 days 00:00:01.881734,PMXCrossover,0.90,0.10,InsertMutation,0.10,binary_tournament,random,416,"{'crossover_name': ['PMXCrossover', 'CXCrossover', 'OXCrossover'], 'crossover_probability': [0.75, 0.8, 0.85, 0.9], 'elitism_rate': [0.1, 0.2], 'mutation_name': ['InsertMutation', 'SwapMutation'], 'mutation_probability': [0.01, 0.05, 0.1], 'selection_type': ['binary_tournament', 'roulette_wheel'], 'vehicle_construction': ['random', 'bellman_split']}",COMPLETE
417,1023.59,2026-06-02 22:05:32.470011,2026-06-02 22:05:34.172889,0 days 00:00:01.702878,PMXCrossover,0.75,0.10,SwapMutation,0.05,binary_tournament,random,417,"{'crossover_name': ['PMXCrossover', 'CXCrossover', 'OXCrossover'], 'crossover_probability': [0.75, 0.8, 0.85, 0.9], 'elitism_rate': [0.1, 0.2], 'mutation_name': ['InsertMutation', 'SwapMutation'], 'mutation_probability': [0.01, 0.05, 0.1], 'selection_type': ['binary_tournament', 'roulette_wheel'], 'vehicle_construction': ['random', 'bellman_split']}",COMPLETE
418,942.08,2026-06-02 22:05:34.173210,2026-06-02 22:05:47.321127,0 days 00:00:13.147917,OXCrossover,0.80,0.10,SwapMutation,0.05,roulette_wheel,random,418,"{'crossover_name': ['PMXCrossover', 'CXCrossover', 'OXCrossover'], 'crossover_probability': [0.75, 0.8, 0.85, 0.9], 'elitism_rate': [0.1, 0.2], 'mutation_name': ['InsertMutation', 'SwapMutation'], 'mutation_probability': [0.01, 0.05, 0.1], 'selection_type': ['binary_tournament', 'roulette_wheel'], 'vehicle_construction': ['random', 'bellman_split']}",COMPLETE
419,943.01,2026-06-02 22:05:47.321445,2026-06-02 22:06:02.539623,0 days 00:00:15.218178,CXCrossover,0.85,0.20,SwapMutation,0.05,roulette_wheel,bellman_split,419,"{'crossover_name': ['PMXCrossover', 'CXCrossover', 'OXCrossover'], 'crossover_probability': [0.75, 0.8, 0.85, 0.9], 'elitism_rate': [0.1, 0.2], 'mutation_name': ['InsertMutation', 'SwapMutation'], 'mutation_probability': [0.01, 0.05, 0.1], 'selection_type': ['binary_tournament', 'roulette_wheel'], 'vehicle_construction': ['random', 'bellman_split']}",COMPLETE
420,999.29,2026-06-02 22:06:02.539943,2026-06-02 22:06:07.175621,0 days 00:00:04.635678,PMXCrossover,0.85,0.10,SwapMutation,0.01,binary_tournament,bellman_split,420,"{'crossover_name': ['PMXCrossover', 'CXCrossover', 'OXCrossover'], 'crossover_probability': [0.75, 0.8, 0.85, 0.9], 'elitism_rate': [0.1, 0.2], 'mutation_name': ['InsertMutation', 'SwapMutation'], 'mutation_probability': [0.01, 0.05, 0.1], 'selection_type': ['binary_tournament', 'roulette_wheel'], 'vehicle_construction': ['random', 'bellman_split']}",COMPLETE
421,827.42,2026-06-02 22:06:07.175939,2026-06-02 22:06:12.168621,0 days 00:00:04.992682,OXCrossover,0.85,0.10,InsertMutation,0.05,binary_tournament,bellman_split,421,"{'crossover_name': ['PMXCrossover', 'CXCrossover', 'OXCrossover'], 'crossover_probability': [0.75, 0.8, 0.85, 0.9], 'elitism_rate': [0.1, 0.2], 'mutation_name': ['InsertMutation', 'SwapMutation'], 'mutation_probability': [0.01, 0.05, 0.1], 'selection_type': ['binary_tournament', 'roulette_wheel'], 'vehicle_construction': ['random', 'bellman_split']}",COMPLETE
422,792.27,2026-06-02 22:06:12.168937,2026-06-02 22:06:16.968030,0 days 00:00:04.799093,OXCrossover,0.80,0.20,InsertMutation,0.10,binary_tournament,bellman_split,422,"{'crossover_name': ['PMXCrossover', 'CXCrossover', 'OXCrossover'], 'crossover_probability': [0.75, 0.8, 0.85, 0.9], 'elitism_rate': [0.1, 0.2], 'mutation_name': ['InsertMutation', 'SwapMutation'], 'mutation_probability': [0.01, 0.05, 0.1], 'selection_type': ['binary_tournament', 'roulette_wheel'], 'vehicle_construction': ['random', 'bellman_split']}",COMPLETE
423,939.96,2026-06-02 22:06:16.968360,2026-06-02 22:06:31.832865,0 days 00:00:14.864505,PMXCrossover,0.85,0.20,SwapMutation,0.05,roulette_wheel,bellman_split,423,"{'crossover_name': ['PMXCrossover', 'CXCrossover', 'OXCrossover'], 'crossover_probability': [0.75, 0.8, 0.85, 0.9], 'elitism_rate': [0.1, 0.2], 'mutation_name': ['InsertMutation', 'SwapMutation'], 'mutation_probability': [0.01, 0.05, 0.1], 'selection_type': ['binary_tournament', 'roulette_wheel'], 'vehicle_construction': ['random', 'bellman_split']}",COMPLETE
424,1072.32,2026-06-02 22:06:31.833197,2026-06-02 22:06:36.845350,0 days 00:00:05.012153,CXCrossover,0.75,0.20,SwapMutation,0.10,binary_tournament,bellman_split,424,"{'crossover_name': ['PMXCrossover', 'CXCrossover', 'OXCrossover'], 'crossover_probability': [0.75, 0.8, 0.85, 0.9], 'elitism_rate': [0.1, 0.2], 'mutation_name': ['InsertMutation', 'SwapMutation'], 'mutation_probability': [0.01, 0.05, 0.1], 'selection_type': ['binary_tournament', 'roulette_wheel'], 'vehicle_construction': ['random', 'bellman_split']}",COMPLETE
425,1154.18,2026-06-02 22:06:36.845661,2026-06-02 22:06:39.462856,0 days 00:00:02.617195,CXCrossover,0.80,0.10,SwapMutation,0.10,binary_tournament,random,425,"{'crossover_name': ['PMXCrossover', 'CXCrossover', 'OXCrossover'], 'crossover_probability': [0.75, 0.8, 0.85, 0.9], 'elitism_rate': [0.1, 0.2], 'mutation_name': ['InsertMutation', 'SwapMutation'], 'mutation_probability': [0.01, 0.05, 0.1], 'selection_type': ['binary_tournament', 'roulette_wheel'], 'vehicle_construction': ['random', 'bellman_split']}",COMPLETE
426,1143.52,2026-06-02 22:06:39.463440,2026-06-02 22:06:42.202823,0 days 00:00:02.739383,CXCrossover,0.90,0.10,SwapMutation,0.05,binary_tournament,random,426,"{'crossover_name': ['PMXCrossover', 'CXCrossover', 'OXCrossover'], 'crossover_probability': [0.75, 0.8, 0.85, 0.9], 'elitism_rate': [0.1, 0.2], 'mutation_name': ['InsertMutation', 'SwapMutation'], 'mutation_probability': [0.01, 0.05, 0.1], 'selection_type': ['binary_tournament', 'roulette_wheel'], 'vehicle_construction': ['random', 'bellman_split']}",COMPLETE
427,808.63,2026-06-02 22:06:42.203193,2026-06-02 22:06:58.459477,0 days 00:00:16.256284,OXCrossover,0.80,0.20,SwapMutation,0.01,roulette_wheel,bellman_split,427,"{'crossover_name': ['PMXCrossover', 'CXCrossover', 'OXCrossover'], 'crossover_probability': [0.75, 0.8, 0.85, 0.9], 'elitism_rate': [0.1, 0.2], 'mutation_name': ['InsertMutation', 'SwapMutation'], 'mutation_probability': [0.01, 0.05, 0.1], 'selection_type': ['binary_tournament', 'roulette_wheel'], 'vehicle_construction': ['random', 'bellman_split']}",COMPLETE
428,1020.31,2026-06-02 22:06:58.459801,2026-06-02 22:07:03.263913,0 days 00:00:04.804112,CXCrossover,0.85,0.20,InsertMutation,0.05,binary_tournament,bellman_split,428,"{'crossover_name': ['PMXCrossover', 'CXCrossover', 'OXCrossover'], 'crossover_probability': [0.75, 0.8, 0.85, 0.9], 'elitism_rate': [0.1, 0.2], 'mutation_name': ['InsertMutation', 'SwapMutation'], 'mutation_probability': [0.01, 0.05, 0.1], 'selection_type': ['binary_tournament', 'roulette_wheel'], 'vehicle_construction': ['random', 'bellman_split']}",COMPLETE
429,968.80,2026-06-02 22:07:03.264239,2026-06-02 22:07:18.385749,0 days 00:00:15.121510,CXCrossover,0.85,0.20,InsertMutation,0.10,roulette_wheel,bellman_split,429,"{'crossover_name': ['PMXCrossover', 'CXCrossover', 'OXCrossover'], 'crossover_probability': [0.75, 0.8, 0.85, 0.9], 'elitism_rate': [0.1, 0.2], 'mutation_name': ['InsertMutation', 'SwapMutation'], 'mutation_probability': [0.01, 0.05, 0.1], 'selection_type': ['binary_tournament', 'roulette_wheel'], 'vehicle_construction': ['random', 'bellman_split']}",COMPLETE
430,919.73,2026-06-02 22:07:18.386113,2026-06-02 22:07:20.443610,0 days 00:00:02.057497,OXCrossover,0.85,0.20,SwapMutation,0.05,binary_tournament,random,430,"{'crossover_name': ['PMXCrossover', 'CXCrossover', 'OXCrossover'], 'crossover_probability': [0.75, 0.8, 0.85, 0.9], 'elitism_rate': [0.1, 0.2], 'mutation_name': ['InsertMutation', 'SwapMutation'], 'mutation_probability': [0.01, 0.05, 0.1], 'selection_type': ['binary_tournament', 'roulette_wheel'], 'vehicle_construction': ['random', 'bellman_split']}",COMPLETE
431,1094.01,2026-06-02 22:07:20.443910,2026-06-02 22:07:22.516965,0 days 00:00:02.073055,CXCrossover,0.80,0.10,InsertMutation,0.10,binary_tournament,random,431,"{'crossover_name': ['PMXCrossover', 'CXCrossover', 'OXCrossover'], 'crossover_probability': [0.75, 0.8, 0.85, 0.9], 'elitism_rate': [0.1, 0.2], 'mutation_name': ['InsertMutation', 'SwapMutation'], 'mutation_probability': [0.01, 0.05, 0.1], 'selection_type': ['binary_tournament', 'roulette_wheel'], 'vehicle_construction': ['random', 'bellman_split']}",COMPLETE
432,947.42,2026-06-02 22:07:22.517623,2026-06-02 22:07:34.397306,0 days 00:00:11.879683,OXCrossover,0.75,0.20,InsertMutation,0.01,roulette_wheel,random,432,"{'crossover_name': ['PMXCrossover', 'CXCrossover', 'OXCrossover'], 'crossover_probability': [0.75, 0.8, 0.85, 0.9], 'elitism_rate': [0.1, 0.2], 'mutation_name': ['InsertMutation', 'SwapMutation'], 'mutation_probability': [0.01, 0.05, 0.1], 'selection_type': ['binary_tournament', 'roulette_wheel'], 'vehicle_construction': ['random', 'bellman_split']}",COMPLETE
433,974.52,2026-06-02 22:07:34.397624,2026-06-02 22:07:36.390748,0 days 00:00:01.993124,OXCrossover,0.80,0.10,InsertMutation,0.05,binary_tournament,random,433,"{'crossover_name': ['PMXCrossover', 'CXCrossover', 'OXCrossover'], 'crossover_probability': [0.75, 0.8, 0.85, 0.9], 'elitism_rate': [0.1, 0.2], 'mutation_name': ['InsertMutation', 'SwapMutation'], 'mutation_probability': [0.01, 0.05, 0.1], 'selection_type': ['binary_tournament', 'roulette_wheel'], 'vehicle_construction': ['random', 'bellman_split']}",COMPLETE
434,833.54,2026-06-02 22:07:36.391070,2026-06-02 22:07:41.378740,0 days 00:00:04.987670,OXCrossover,0.85,0.20,InsertMutation,0.10,binary_tournament,bellman_split,434,"{'crossover_name': ['PMXCrossover', 'CXCrossover', 'OXCrossover'], 'crossover_probability': [0.75, 0.8, 0.85, 0.9], 'elitism_rate': [0.1, 0.2], 'mutation_name': ['InsertMutation', 'SwapMutation'], 'mutation_probability': [0.01, 0.05, 0.1], 'selection_type': ['binary_tournament', 'roulette_wheel'], 'vehicle_construction': ['random', 'bellman_split']}",COMPLETE
435,986.41,2026-06-02 22:07:41.379031,2026-06-02 22:07:56.993388,0 days 00:00:15.614357,PMXCrossover,0.75,0.10,SwapMutation,0.05,roulette_wheel,bellman_split,435,"{'crossover_name': ['PMXCrossover', 'CXCrossover', 'OXCrossover'], 'crossover_probability': [0.75, 0.8, 0.85, 0.9], 'elitism_rate': [0.1, 0.2], 'mutation_name': ['InsertMutation', 'SwapMutation'], 'mutation_probability': [0.01, 0.05, 0.1], 'selection_type': ['binary_tournament', 'roulette_wheel'], 'vehicle_construction': ['random', 'bellman_split']}",COMPLETE
436,1099.99,2026-06-02 22:07:56.993689,2026-06-02 22:07:58.915343,0 days 00:00:01.921654,CXCrossover,0.85,0.20,SwapMutation,0.05,binary_tournament,random,436,"{'crossover_name': ['PMXCrossover', 'CXCrossover', 'OXCrossover'], 'crossover_probability': [0.75, 0.8, 0.85, 0.9], 'elitism_rate': [0.1, 0.2], 'mutation_name': ['InsertMutation', 'SwapMutation'], 'mutation_probability': [0.01, 0.05, 0.1], 'selection_type': ['binary_tournament', 'roulette_wheel'], 'vehicle_construction': ['random', 'bellman_split']}",COMPLETE
437,956.38,2026-06-02 22:07:58.915714,2026-06-02 22:08:00.982541,0 days 00:00:02.066827,CXCrossover,0.85,0.10,InsertMutation,0.10,binary_tournament,random,437,"{'crossover_name': ['PMXCrossover', 'CXCrossover', 'OXCrossover'], 'crossover_probability': [0.75, 0.8, 0.85, 0.9], 'elitism_rate': [0.1, 0.2], 'mutation_name': ['InsertMutation', 'SwapMutation'], 'mutation_probability': [0.01, 0.05, 0.1], 'selection_type': ['binary_tournament', 'roulette_wheel'], 'vehicle_construction': ['random', 'bellman_split']}",COMPLETE
438,851.00,2026-06-02 22:08:00.982835,2026-06-02 22:08:17.714157,0 days 00:00:16.731322,OXCrossover,0.85,0.10,SwapMutation,0.05,roulette_wheel,bellman_split,438,"{'crossover_name': ['PMXCrossover', 'CXCrossover', 'OXCrossover'], 'crossover_probability': [0.75, 0.8, 0.85, 0.9], 'elitism_rate': [0.1, 0.2], 'mutation_name': ['InsertMutation', 'SwapMutation'], 'mutation_probability': [0.01, 0.05, 0.1], 'selection_type': ['binary_tournament', 'roulette_wheel'], 'vehicle_construction': ['random', 'bellman_split']}",COMPLETE
439,1093.12,2026-06-02 22:08:17.714468,2026-06-02 22:08:22.327814,0 days 00:00:04.613346,CXCrossover,0.80,0.20,InsertMutation,0.05,binary_tournament,bellman_split,439,"{'crossover_name': ['PMXCrossover', 'CXCrossover', 'OXCrossover'], 'crossover_probability': [0.75, 0.8, 0.85, 0.9], 'elitism_rate': [0.1, 0.2], 'mutation_name': ['InsertMutation', 'SwapMutation'], 'mutation_probability': [0.01, 0.05, 0.1], 'selection_type': ['binary_tournament', 'roulette_wheel'], 'vehicle_construction': ['random', 'bellman_split']}",COMPLETE
440,1053.12,2026-06-02 22:08:22.328260,2026-06-02 22:08:37.331198,0 days 00:00:15.002938,CXCrossover,0.90,0.20,InsertMutation,0.01,roulette_wheel,bellman_split,440,"{'crossover_name': ['PMXCrossover', 'CXCrossover', 'OXCrossover'], 'crossover_probability': [0.75, 0.8, 0.85, 0.9], 'elitism_rate': [0.1, 0.2], 'mutation_name': ['InsertMutation', 'SwapMutation'], 'mutation_probability': [0.01, 0.05, 0.1], 'selection_type': ['binary_tournament', 'roulette_wheel'], 'vehicle_construction': ['random', 'bellman_split']}",COMPLETE
441,1062.59,2026-06-02 22:08:37.331515,2026-06-02 22:08:49.326783,0 days 00:00:11.995268,CXCrossover,0.75,0.20,InsertMutation,0.10,roulette_wheel,random,441,"{'crossover_name': ['PMXCrossover', 'CXCrossover', 'OXCrossover'], 'crossover_probability': [0.75, 0.8, 0.85, 0.9], 'elitism_rate': [0.1, 0.2], 'mutation_name': ['InsertMutation', 'SwapMutation'], 'mutation_probability': [0.01, 0.05, 0.1], 'selection_type': ['binary_tournament', 'roulette_wheel'], 'vehicle_construction': ['random', 'bellman_split']}",COMPLETE
442,821.73,2026-06-02 22:08:49.327095,2026-06-02 22:09:04.459290,0 days 00:00:15.132195,OXCrossover,0.85,0.20,InsertMutation,0.05,roulette_wheel,bellman_split,442,"{'crossover_name': ['PMXCrossover', 'CXCrossover', 'OXCrossover'], 'crossover_probability': [0.75, 0.8, 0.85, 0.9], 'elitism_rate': [0.1, 0.2], 'mutation_name': ['InsertMutation', 'SwapMutation'], 'mutation_probability': [0.01, 0.05, 0.1], 'selection_type': ['binary_tournament', 'roulette_wheel'], 'vehicle_construction': ['random', 'bellman_split']}",COMPLETE
443,969.86,2026-06-02 22:09:04.459617,2026-06-02 22:09:20.207688,0 days 00:00:15.748071,PMXCrossover,0.75,0.10,InsertMutation,0.01,roulette_wheel,bellman_split,443,"{'crossover_name': ['PMXCrossover', 'CXCrossover', 'OXCrossover'], 'crossover_probability': [0.75, 0.8, 0.85, 0.9], 'elitism_rate': [0.1, 0.2], 'mutation_name': ['InsertMutation', 'SwapMutation'], 'mutation_probability': [0.01, 0.05, 0.1], 'selection_type': ['binary_tournament', 'roulette_wheel'], 'vehicle_construction': ['random', 'bellman_split']}",COMPLETE
444,929.64,2026-06-02 22:09:20.208004,2026-06-02 22:09:22.302296,0 days 00:00:02.094292,OXCrossover,0.85,0.10,SwapMutation,0.10,binary_tournament,random,444,"{'crossover_name': ['PMXCrossover', 'CXCrossover', 'OXCrossover'], 'crossover_probability': [0.75, 0.8, 0.85, 0.9], 'elitism_rate': [0.1, 0.2], 'mutation_name': ['InsertMutation', 'SwapMutation'], 'mutation_probability': [0.01, 0.05, 0.1], 'selection_type': ['binary_tournament', 'roulette_wheel'], 'vehicle_construction': ['random', 'bellman_split']}",COMPLETE
445,848.18,2026-06-02 22:09:22.302582,2026-06-02 22:09:26.635534,0 days 00:00:04.332952,PMXCrossover,0.85,0.20,InsertMutation,0.05,binary_tournament,bellman_split,445,"{'crossover_name': ['PMXCrossover', 'CXCrossover', 'OXCrossover'], 'crossover_probability': [0.75, 0.8, 0.85, 0.9], 'elitism_rate': [0.1, 0.2], 'mutation_name': ['InsertMutation', 'SwapMutation'], 'mutation_probability': [0.01, 0.05, 0.1], 'selection_type': ['binary_tournament', 'roulette_wheel'], 'vehicle_construction': ['random', 'bellman_split']}",COMPLETE
446,1119.33,2026-06-02 22:09:26.635988,2026-06-02 22:09:28.612201,0 days 00:00:01.976213,CXCrossover,0.80,0.20,SwapMutation,0.05,binary_tournament,random,446,"{'crossover_name': ['PMXCrossover', 'CXCrossover', 'OXCrossover'], 'crossover_probability': [0.75, 0.8, 0.85, 0.9], 'elitism_rate': [0.1, 0.2], 'mutation_name': ['InsertMutation', 'SwapMutation'], 'mutation_probability': [0.01, 0.05, 0.1], 'selection_type': ['binary_tournament', 'roulette_wheel'], 'vehicle_construction': ['random', 'bellman_split']}",COMPLETE
447,1021.23,2026-06-02 22:09:28.612547,2026-06-02 22:09:40.708456,0 days 00:00:12.095909,CXCrossover,0.80,0.20,SwapMutation,0.10,roulette_wheel,random,447,"{'crossover_name': ['PMXCrossover', 'CXCrossover', 'OXCrossover'], 'crossover_probability': [0.75, 0.8, 0.85, 0.9], 'elitism_rate': [0.1, 0.2], 'mutation_name': ['InsertMutation', 'SwapMutation'], 'mutation_probability': [0.01, 0.05, 0.1], 'selection_type': ['binary_tournament', 'roulette_wheel'], 'vehicle_construction': ['random', 'bellman_split']}",COMPLETE
448,827.89,2026-06-02 22:09:40.708767,2026-06-02 22:09:45.240503,0 days 00:00:04.531736,PMXCrossover,0.80,0.20,InsertMutation,0.05,binary_tournament,bellman_split,448,"{'crossover_name': ['PMXCrossover', 'CXCrossover', 'OXCrossover'], 'crossover_probability': [0.75, 0.8, 0.85, 0.9], 'elitism_rate': [0.1, 0.2], 'mutation_name': ['InsertMutation', 'SwapMutation'], 'mutation_probability': [0.01, 0.05, 0.1], 'selection_type': ['binary_tournament', 'roulette_wheel'], 'vehicle_construction': ['random', 'bellman_split']}",COMPLETE
449,983.16,2026-06-02 22:09:45.240798,2026-06-02 22:09:47.146169,0 days 00:00:01.905371,OXCrossover,0.80,0.10,SwapMutation,0.01,binary_tournament,random,449,"{'crossover_name': ['PMXCrossover', 'CXCrossover', 'OXCrossover'], 'crossover_probability': [0.75, 0.8, 0.85, 0.9], 'elitism_rate': [0.1, 0.2], 'mutation_name': ['InsertMutation', 'SwapMutation'], 'mutation_probability': [0.01, 0.05, 0.1], 'selection_type': ['binary_tournament', 'roulette_wheel'], 'vehicle_construction': ['random', 'bellman_split']}",COMPLETE
450,971.77,2026-06-02 22:09:47.146488,2026-06-02 22:09:48.993928,0 days 00:00:01.847440,PMXCrossover,0.90,0.20,SwapMutation,0.05,binary_tournament,random,450,"{'crossover_name': ['PMXCrossover', 'CXCrossover', 'OXCrossover'], 'crossover_probability': [0.75, 0.8, 0.85, 0.9], 'elitism_rate': [0.1, 0.2], 'mutation_name': ['InsertMutation', 'SwapMutation'], 'mutation_probability': [0.01, 0.05, 0.1], 'selection_type': ['binary_tournament', 'roulette_wheel'], 'vehicle_construction': ['random', 'bellman_split']}",COMPLETE
