number,value,datetime_start,datetime_complete,duration,params_crossover_name,params_crossover_probability,params_elitism_rate,params_mutation_name,params_mutation_probability,params_selection_type,params_vehicle_construction,system_attrs_grid_id,system_attrs_search_space,state
287,962.49,2026-06-02 21:46:44.451069,2026-06-02 21:46:58.087971,0 days 00:00:13.636902,PMXCrossover,0.85,0.10,InsertMutation,0.10,roulette_wheel,random,287,"{'crossover_name': ['PMXCrossover', 'CXCrossover', 'OXCrossover'], 'crossover_probability': [0.75, 0.8, 0.85, 0.9], 'elitism_rate': [0.1, 0.2], 'mutation_name': ['InsertMutation', 'SwapMutation'], 'mutation_probability': [0.01, 0.05, 0.1], 'selection_type': ['binary_tournament', 'roulette_wheel'], 'vehicle_construction': ['random', 'bellman_split']}",COMPLETE
288,824.20,2026-06-02 21:46:58.088263,2026-06-02 21:47:02.486995,0 days 00:00:04.398732,OXCrossover,0.75,0.20,InsertMutation,0.10,binary_tournament,bellman_split,288,"{'crossover_name': ['PMXCrossover', 'CXCrossover', 'OXCrossover'], 'crossover_probability': [0.75, 0.8, 0.85, 0.9], 'elitism_rate': [0.1, 0.2], 'mutation_name': ['InsertMutation', 'SwapMutation'], 'mutation_probability': [0.01, 0.05, 0.1], 'selection_type': ['binary_tournament', 'roulette_wheel'], 'vehicle_construction': ['random', 'bellman_split']}",COMPLETE
289,974.21,2026-06-02 21:47:02.487311,2026-06-02 21:47:18.002690,0 days 00:00:15.515379,PMXCrossover,0.80,0.10,SwapMutation,0.01,roulette_wheel,bellman_split,289,"{'crossover_name': ['PMXCrossover', 'CXCrossover', 'OXCrossover'], 'crossover_probability': [0.75, 0.8, 0.85, 0.9], 'elitism_rate': [0.1, 0.2], 'mutation_name': ['InsertMutation', 'SwapMutation'], 'mutation_probability': [0.01, 0.05, 0.1], 'selection_type': ['binary_tournament', 'roulette_wheel'], 'vehicle_construction': ['random', 'bellman_split']}",COMPLETE
290,892.84,2026-06-02 21:47:18.002971,2026-06-02 21:47:22.723567,0 days 00:00:04.720596,PMXCrossover,0.85,0.10,InsertMutation,0.10,binary_tournament,bellman_split,290,"{'crossover_name': ['PMXCrossover', 'CXCrossover', 'OXCrossover'], 'crossover_probability': [0.75, 0.8, 0.85, 0.9], 'elitism_rate': [0.1, 0.2], 'mutation_name': ['InsertMutation', 'SwapMutation'], 'mutation_probability': [0.01, 0.05, 0.1], 'selection_type': ['binary_tournament', 'roulette_wheel'], 'vehicle_construction': ['random', 'bellman_split']}",COMPLETE
291,825.13,2026-06-02 21:47:22.723864,2026-06-02 21:47:27.355124,0 days 00:00:04.631260,OXCrossover,0.75,0.20,SwapMutation,0.10,binary_tournament,bellman_split,291,"{'crossover_name': ['PMXCrossover', 'CXCrossover', 'OXCrossover'], 'crossover_probability': [0.75, 0.8, 0.85, 0.9], 'elitism_rate': [0.1, 0.2], 'mutation_name': ['InsertMutation', 'SwapMutation'], 'mutation_probability': [0.01, 0.05, 0.1], 'selection_type': ['binary_tournament', 'roulette_wheel'], 'vehicle_construction': ['random', 'bellman_split']}",COMPLETE
292,772.76,2026-06-02 21:47:27.355452,2026-06-02 21:47:32.502743,0 days 00:00:05.147291,OXCrossover,0.90,0.20,SwapMutation,0.01,binary_tournament,bellman_split,292,"{'crossover_name': ['PMXCrossover', 'CXCrossover', 'OXCrossover'], 'crossover_probability': [0.75, 0.8, 0.85, 0.9], 'elitism_rate': [0.1, 0.2], 'mutation_name': ['InsertMutation', 'SwapMutation'], 'mutation_probability': [0.01, 0.05, 0.1], 'selection_type': ['binary_tournament', 'roulette_wheel'], 'vehicle_construction': ['random', 'bellman_split']}",COMPLETE
293,963.81,2026-06-02 21:47:32.503060,2026-06-02 21:47:34.583352,0 days 00:00:02.080292,OXCrossover,0.85,0.10,SwapMutation,0.05,binary_tournament,random,293,"{'crossover_name': ['PMXCrossover', 'CXCrossover', 'OXCrossover'], 'crossover_probability': [0.75, 0.8, 0.85, 0.9], 'elitism_rate': [0.1, 0.2], 'mutation_name': ['InsertMutation', 'SwapMutation'], 'mutation_probability': [0.01, 0.05, 0.1], 'selection_type': ['binary_tournament', 'roulette_wheel'], 'vehicle_construction': ['random', 'bellman_split']}",COMPLETE
294,1060.47,2026-06-02 21:47:34.583672,2026-06-02 21:47:50.635378,0 days 00:00:16.051706,CXCrossover,0.90,0.10,SwapMutation,0.05,roulette_wheel,bellman_split,294,"{'crossover_name': ['PMXCrossover', 'CXCrossover', 'OXCrossover'], 'crossover_probability': [0.75, 0.8, 0.85, 0.9], 'elitism_rate': [0.1, 0.2], 'mutation_name': ['InsertMutation', 'SwapMutation'], 'mutation_probability': [0.01, 0.05, 0.1], 'selection_type': ['binary_tournament', 'roulette_wheel'], 'vehicle_construction': ['random', 'bellman_split']}",COMPLETE
295,914.69,2026-06-02 21:47:50.635697,2026-06-02 21:47:55.127587,0 days 00:00:04.491890,PMXCrossover,0.80,0.20,SwapMutation,0.10,binary_tournament,bellman_split,295,"{'crossover_name': ['PMXCrossover', 'CXCrossover', 'OXCrossover'], 'crossover_probability': [0.75, 0.8, 0.85, 0.9], 'elitism_rate': [0.1, 0.2], 'mutation_name': ['InsertMutation', 'SwapMutation'], 'mutation_probability': [0.01, 0.05, 0.1], 'selection_type': ['binary_tournament', 'roulette_wheel'], 'vehicle_construction': ['random', 'bellman_split']}",COMPLETE
296,891.49,2026-06-02 21:47:55.127862,2026-06-02 21:47:56.947472,0 days 00:00:01.819610,OXCrossover,0.75,0.20,InsertMutation,0.01,binary_tournament,random,296,"{'crossover_name': ['PMXCrossover', 'CXCrossover', 'OXCrossover'], 'crossover_probability': [0.75, 0.8, 0.85, 0.9], 'elitism_rate': [0.1, 0.2], 'mutation_name': ['InsertMutation', 'SwapMutation'], 'mutation_probability': [0.01, 0.05, 0.1], 'selection_type': ['binary_tournament', 'roulette_wheel'], 'vehicle_construction': ['random', 'bellman_split']}",COMPLETE
297,831.56,2026-06-02 21:47:56.947827,2026-06-02 21:48:12.537113,0 days 00:00:15.589286,OXCrossover,0.80,0.20,SwapMutation,0.10,roulette_wheel,bellman_split,297,"{'crossover_name': ['PMXCrossover', 'CXCrossover', 'OXCrossover'], 'crossover_probability': [0.75, 0.8, 0.85, 0.9], 'elitism_rate': [0.1, 0.2], 'mutation_name': ['InsertMutation', 'SwapMutation'], 'mutation_probability': [0.01, 0.05, 0.1], 'selection_type': ['binary_tournament', 'roulette_wheel'], 'vehicle_construction': ['random', 'bellman_split']}",COMPLETE
298,804.71,2026-06-02 21:48:12.537431,2026-06-02 21:48:17.459028,0 days 00:00:04.921597,OXCrossover,0.85,0.10,SwapMutation,0.01,binary_tournament,bellman_split,298,"{'crossover_name': ['PMXCrossover', 'CXCrossover', 'OXCrossover'], 'crossover_probability': [0.75, 0.8, 0.85, 0.9], 'elitism_rate': [0.1, 0.2], 'mutation_name': ['InsertMutation', 'SwapMutation'], 'mutation_probability': [0.01, 0.05, 0.1], 'selection_type': ['binary_tournament', 'roulette_wheel'], 'vehicle_construction': ['random', 'bellman_split']}",COMPLETE
299,1100.03,2026-06-02 21:48:17.459326,2026-06-02 21:48:30.259033,0 days 00:00:12.799707,CXCrossover,0.75,0.10,InsertMutation,0.05,roulette_wheel,random,299,"{'crossover_name': ['PMXCrossover', 'CXCrossover', 'OXCrossover'], 'crossover_probability': [0.75, 0.8, 0.85, 0.9], 'elitism_rate': [0.1, 0.2], 'mutation_name': ['InsertMutation', 'SwapMutation'], 'mutation_probability': [0.01, 0.05, 0.1], 'selection_type': ['binary_tournament', 'roulette_wheel'], 'vehicle_construction': ['random', 'bellman_split']}",COMPLETE
300,918.16,2026-06-02 21:48:30.259352,2026-06-02 21:48:34.983583,0 days 00:00:04.724231,PMXCrossover,0.90,0.10,InsertMutation,0.01,binary_tournament,bellman_split,300,"{'crossover_name': ['PMXCrossover', 'CXCrossover', 'OXCrossover'], 'crossover_probability': [0.75, 0.8, 0.85, 0.9], 'elitism_rate': [0.1, 0.2], 'mutation_name': ['InsertMutation', 'SwapMutation'], 'mutation_probability': [0.01, 0.05, 0.1], 'selection_type': ['binary_tournament', 'roulette_wheel'], 'vehicle_construction': ['random', 'bellman_split']}",COMPLETE
301,1018.46,2026-06-02 21:48:34.983899,2026-06-02 21:48:47.937813,0 days 00:00:12.953914,PMXCrossover,0.90,0.10,InsertMutation,0.05,roulette_wheel,random,301,"{'crossover_name': ['PMXCrossover', 'CXCrossover', 'OXCrossover'], 'crossover_probability': [0.75, 0.8, 0.85, 0.9], 'elitism_rate': [0.1, 0.2], 'mutation_name': ['InsertMutation', 'SwapMutation'], 'mutation_probability': [0.01, 0.05, 0.1], 'selection_type': ['binary_tournament', 'roulette_wheel'], 'vehicle_construction': ['random', 'bellman_split']}",COMPLETE
302,1028.10,2026-06-02 21:48:47.938123,2026-06-02 21:49:02.611398,0 days 00:00:14.673275,PMXCrossover,0.75,0.20,SwapMutation,0.01,roulette_wheel,bellman_split,302,"{'crossover_name': ['PMXCrossover', 'CXCrossover', 'OXCrossover'], 'crossover_probability': [0.75, 0.8, 0.85, 0.9], 'elitism_rate': [0.1, 0.2], 'mutation_name': ['InsertMutation', 'SwapMutation'], 'mutation_probability': [0.01, 0.05, 0.1], 'selection_type': ['binary_tournament', 'roulette_wheel'], 'vehicle_construction': ['random', 'bellman_split']}",COMPLETE
303,860.98,2026-06-02 21:49:02.611693,2026-06-02 21:49:18.490189,0 days 00:00:15.878496,OXCrossover,0.85,0.20,SwapMutation,0.10,roulette_wheel,bellman_split,303,"{'crossover_name': ['PMXCrossover', 'CXCrossover', 'OXCrossover'], 'crossover_probability': [0.75, 0.8, 0.85, 0.9], 'elitism_rate': [0.1, 0.2], 'mutation_name': ['InsertMutation', 'SwapMutation'], 'mutation_probability': [0.01, 0.05, 0.1], 'selection_type': ['binary_tournament', 'roulette_wheel'], 'vehicle_construction': ['random', 'bellman_split']}",COMPLETE
304,1129.86,2026-06-02 21:49:18.490505,2026-06-02 21:49:30.626915,0 days 00:00:12.136410,CXCrossover,0.90,0.20,InsertMutation,0.01,roulette_wheel,random,304,"{'crossover_name': ['PMXCrossover', 'CXCrossover', 'OXCrossover'], 'crossover_probability': [0.75, 0.8, 0.85, 0.9], 'elitism_rate': [0.1, 0.2], 'mutation_name': ['InsertMutation', 'SwapMutation'], 'mutation_probability': [0.01, 0.05, 0.1], 'selection_type': ['binary_tournament', 'roulette_wheel'], 'vehicle_construction': ['random', 'bellman_split']}",COMPLETE
305,1215.17,2026-06-02 21:49:30.627231,2026-06-02 21:49:34.988648,0 days 00:00:04.361417,CXCrossover,0.80,0.10,SwapMutation,0.01,binary_tournament,bellman_split,305,"{'crossover_name': ['PMXCrossover', 'CXCrossover', 'OXCrossover'], 'crossover_probability': [0.75, 0.8, 0.85, 0.9], 'elitism_rate': [0.1, 0.2], 'mutation_name': ['InsertMutation', 'SwapMutation'], 'mutation_probability': [0.01, 0.05, 0.1], 'selection_type': ['binary_tournament', 'roulette_wheel'], 'vehicle_construction': ['random', 'bellman_split']}",COMPLETE
306,1108.72,2026-06-02 21:49:34.988986,2026-06-02 21:49:51.372924,0 days 00:00:16.383938,CXCrossover,0.90,0.10,InsertMutation,0.01,roulette_wheel,bellman_split,306,"{'crossover_name': ['PMXCrossover', 'CXCrossover', 'OXCrossover'], 'crossover_probability': [0.75, 0.8, 0.85, 0.9], 'elitism_rate': [0.1, 0.2], 'mutation_name': ['InsertMutation', 'SwapMutation'], 'mutation_probability': [0.01, 0.05, 0.1], 'selection_type': ['binary_tournament', 'roulette_wheel'], 'vehicle_construction': ['random', 'bellman_split']}",COMPLETE
307,878.22,2026-06-02 21:49:51.373240,2026-06-02 21:49:55.928613,0 days 00:00:04.555373,PMXCrossover,0.80,0.10,SwapMutation,0.10,binary_tournament,bellman_split,307,"{'crossover_name': ['PMXCrossover', 'CXCrossover', 'OXCrossover'], 'crossover_probability': [0.75, 0.8, 0.85, 0.9], 'elitism_rate': [0.1, 0.2], 'mutation_name': ['InsertMutation', 'SwapMutation'], 'mutation_probability': [0.01, 0.05, 0.1], 'selection_type': ['binary_tournament', 'roulette_wheel'], 'vehicle_construction': ['random', 'bellman_split']}",COMPLETE
308,1152.15,2026-06-02 21:49:55.929294,2026-06-02 21:50:08.464752,0 days 00:00:12.535458,PMXCrossover,0.75,0.10,InsertMutation,0.01,roulette_wheel,random,308,"{'crossover_name': ['PMXCrossover', 'CXCrossover', 'OXCrossover'], 'crossover_probability': [0.75, 0.8, 0.85, 0.9], 'elitism_rate': [0.1, 0.2], 'mutation_name': ['InsertMutation', 'SwapMutation'], 'mutation_probability': [0.01, 0.05, 0.1], 'selection_type': ['binary_tournament', 'roulette_wheel'], 'vehicle_construction': ['random', 'bellman_split']}",COMPLETE
309,1074.87,2026-06-02 21:50:08.465046,2026-06-02 21:50:12.974944,0 days 00:00:04.509898,CXCrossover,0.75,0.20,InsertMutation,0.05,binary_tournament,bellman_split,309,"{'crossover_name': ['PMXCrossover', 'CXCrossover', 'OXCrossover'], 'crossover_probability': [0.75, 0.8, 0.85, 0.9], 'elitism_rate': [0.1, 0.2], 'mutation_name': ['InsertMutation', 'SwapMutation'], 'mutation_probability': [0.01, 0.05, 0.1], 'selection_type': ['binary_tournament', 'roulette_wheel'], 'vehicle_construction': ['random', 'bellman_split']}",COMPLETE
310,920.39,2026-06-02 21:50:12.975663,2026-06-02 21:50:30.276845,0 days 00:00:17.301182,OXCrossover,0.90,0.10,InsertMutation,0.10,roulette_wheel,bellman_split,310,"{'crossover_name': ['PMXCrossover', 'CXCrossover', 'OXCrossover'], 'crossover_probability': [0.75, 0.8, 0.85, 0.9], 'elitism_rate': [0.1, 0.2], 'mutation_name': ['InsertMutation', 'SwapMutation'], 'mutation_probability': [0.01, 0.05, 0.1], 'selection_type': ['binary_tournament', 'roulette_wheel'], 'vehicle_construction': ['random', 'bellman_split']}",COMPLETE
311,963.11,2026-06-02 21:50:30.277162,2026-06-02 21:50:43.427177,0 days 00:00:13.150015,PMXCrossover,0.90,0.10,InsertMutation,0.01,roulette_wheel,random,311,"{'crossover_name': ['PMXCrossover', 'CXCrossover', 'OXCrossover'], 'crossover_probability': [0.75, 0.8, 0.85, 0.9], 'elitism_rate': [0.1, 0.2], 'mutation_name': ['InsertMutation', 'SwapMutation'], 'mutation_probability': [0.01, 0.05, 0.1], 'selection_type': ['binary_tournament', 'roulette_wheel'], 'vehicle_construction': ['random', 'bellman_split']}",COMPLETE
312,1181.23,2026-06-02 21:50:43.427471,2026-06-02 21:50:48.389462,0 days 00:00:04.961991,CXCrossover,0.85,0.10,InsertMutation,0.01,binary_tournament,bellman_split,312,"{'crossover_name': ['PMXCrossover', 'CXCrossover', 'OXCrossover'], 'crossover_probability': [0.75, 0.8, 0.85, 0.9], 'elitism_rate': [0.1, 0.2], 'mutation_name': ['InsertMutation', 'SwapMutation'], 'mutation_probability': [0.01, 0.05, 0.1], 'selection_type': ['binary_tournament', 'roulette_wheel'], 'vehicle_construction': ['random', 'bellman_split']}",COMPLETE
313,1195.99,2026-06-02 21:50:48.389915,2026-06-02 21:50:53.191071,0 days 00:00:04.801156,CXCrossover,0.80,0.10,InsertMutation,0.01,binary_tournament,bellman_split,313,"{'crossover_name': ['PMXCrossover', 'CXCrossover', 'OXCrossover'], 'crossover_probability': [0.75, 0.8, 0.85, 0.9], 'elitism_rate': [0.1, 0.2], 'mutation_name': ['InsertMutation', 'SwapMutation'], 'mutation_probability': [0.01, 0.05, 0.1], 'selection_type': ['binary_tournament', 'roulette_wheel'], 'vehicle_construction': ['random', 'bellman_split']}",COMPLETE
314,995.09,2026-06-02 21:50:53.191419,2026-06-02 21:50:58.320958,0 days 00:00:05.129539,CXCrossover,0.90,0.10,SwapMutation,0.05,binary_tournament,bellman_split,314,"{'crossover_name': ['PMXCrossover', 'CXCrossover', 'OXCrossover'], 'crossover_probability': [0.75, 0.8, 0.85, 0.9], 'elitism_rate': [0.1, 0.2], 'mutation_name': ['InsertMutation', 'SwapMutation'], 'mutation_probability': [0.01, 0.05, 0.1], 'selection_type': ['binary_tournament', 'roulette_wheel'], 'vehicle_construction': ['random', 'bellman_split']}",COMPLETE
315,905.47,2026-06-02 21:50:58.321251,2026-06-02 21:51:14.667991,0 days 00:00:16.346740,OXCrossover,0.80,0.10,SwapMutation,0.01,roulette_wheel,bellman_split,315,"{'crossover_name': ['PMXCrossover', 'CXCrossover', 'OXCrossover'], 'crossover_probability': [0.75, 0.8, 0.85, 0.9], 'elitism_rate': [0.1, 0.2], 'mutation_name': ['InsertMutation', 'SwapMutation'], 'mutation_probability': [0.01, 0.05, 0.1], 'selection_type': ['binary_tournament', 'roulette_wheel'], 'vehicle_construction': ['random', 'bellman_split']}",COMPLETE
316,1001.24,2026-06-02 21:51:14.668317,2026-06-02 21:51:27.412149,0 days 00:00:12.743832,PMXCrossover,0.85,0.10,SwapMutation,0.05,roulette_wheel,random,316,"{'crossover_name': ['PMXCrossover', 'CXCrossover', 'OXCrossover'], 'crossover_probability': [0.75, 0.8, 0.85, 0.9], 'elitism_rate': [0.1, 0.2], 'mutation_name': ['InsertMutation', 'SwapMutation'], 'mutation_probability': [0.01, 0.05, 0.1], 'selection_type': ['binary_tournament', 'roulette_wheel'], 'vehicle_construction': ['random', 'bellman_split']}",COMPLETE
317,1050.95,2026-06-02 21:51:27.412461,2026-06-02 21:51:39.114895,0 days 00:00:11.702434,CXCrossover,0.85,0.20,InsertMutation,0.10,roulette_wheel,random,317,"{'crossover_name': ['PMXCrossover', 'CXCrossover', 'OXCrossover'], 'crossover_probability': [0.75, 0.8, 0.85, 0.9], 'elitism_rate': [0.1, 0.2], 'mutation_name': ['InsertMutation', 'SwapMutation'], 'mutation_probability': [0.01, 0.05, 0.1], 'selection_type': ['binary_tournament', 'roulette_wheel'], 'vehicle_construction': ['random', 'bellman_split']}",COMPLETE
318,845.29,2026-06-02 21:51:39.115211,2026-06-02 21:51:41.031691,0 days 00:00:01.916480,OXCrossover,0.75,0.20,InsertMutation,0.05,binary_tournament,random,318,"{'crossover_name': ['PMXCrossover', 'CXCrossover', 'OXCrossover'], 'crossover_probability': [0.75, 0.8, 0.85, 0.9], 'elitism_rate': [0.1, 0.2], 'mutation_name': ['InsertMutation', 'SwapMutation'], 'mutation_probability': [0.01, 0.05, 0.1], 'selection_type': ['binary_tournament', 'roulette_wheel'], 'vehicle_construction': ['random', 'bellman_split']}",COMPLETE
319,955.94,2026-06-02 21:51:41.031962,2026-06-02 21:51:42.945776,0 days 00:00:01.913814,PMXCrossover,0.90,0.20,InsertMutation,0.10,binary_tournament,random,319,"{'crossover_name': ['PMXCrossover', 'CXCrossover', 'OXCrossover'], 'crossover_probability': [0.75, 0.8, 0.85, 0.9], 'elitism_rate': [0.1, 0.2], 'mutation_name': ['InsertMutation', 'SwapMutation'], 'mutation_probability': [0.01, 0.05, 0.1], 'selection_type': ['binary_tournament', 'roulette_wheel'], 'vehicle_construction': ['random', 'bellman_split']}",COMPLETE
320,853.73,2026-06-02 21:51:42.946098,2026-06-02 21:51:58.205165,0 days 00:00:15.259067,OXCrossover,0.85,0.20,InsertMutation,0.01,roulette_wheel,bellman_split,320,"{'crossover_name': ['PMXCrossover', 'CXCrossover', 'OXCrossover'], 'crossover_probability': [0.75, 0.8, 0.85, 0.9], 'elitism_rate': [0.1, 0.2], 'mutation_name': ['InsertMutation', 'SwapMutation'], 'mutation_probability': [0.01, 0.05, 0.1], 'selection_type': ['binary_tournament', 'roulette_wheel'], 'vehicle_construction': ['random', 'bellman_split']}",COMPLETE
321,1045.11,2026-06-02 21:51:58.205480,2026-06-02 21:51:59.851961,0 days 00:00:01.646481,PMXCrossover,0.90,0.20,InsertMutation,0.01,binary_tournament,random,321,"{'crossover_name': ['PMXCrossover', 'CXCrossover', 'OXCrossover'], 'crossover_probability': [0.75, 0.8, 0.85, 0.9], 'elitism_rate': [0.1, 0.2], 'mutation_name': ['InsertMutation', 'SwapMutation'], 'mutation_probability': [0.01, 0.05, 0.1], 'selection_type': ['binary_tournament', 'roulette_wheel'], 'vehicle_construction': ['random', 'bellman_split']}",COMPLETE
322,968.90,2026-06-02 21:51:59.852303,2026-06-02 21:52:01.946604,0 days 00:00:02.094301,CXCrossover,0.90,0.20,SwapMutation,0.05,binary_tournament,random,322,"{'crossover_name': ['PMXCrossover', 'CXCrossover', 'OXCrossover'], 'crossover_probability': [0.75, 0.8, 0.85, 0.9], 'elitism_rate': [0.1, 0.2], 'mutation_name': ['InsertMutation', 'SwapMutation'], 'mutation_probability': [0.01, 0.05, 0.1], 'selection_type': ['binary_tournament', 'roulette_wheel'], 'vehicle_construction': ['random', 'bellman_split']}",COMPLETE
323,929.95,2026-06-02 21:52:01.946916,2026-06-02 21:52:14.076339,0 days 00:00:12.129423,OXCrossover,0.80,0.20,SwapMutation,0.05,roulette_wheel,random,323,"{'crossover_name': ['PMXCrossover', 'CXCrossover', 'OXCrossover'], 'crossover_probability': [0.75, 0.8, 0.85, 0.9], 'elitism_rate': [0.1, 0.2], 'mutation_name': ['InsertMutation', 'SwapMutation'], 'mutation_probability': [0.01, 0.05, 0.1], 'selection_type': ['binary_tournament', 'roulette_wheel'], 'vehicle_construction': ['random', 'bellman_split']}",COMPLETE
324,852.13,2026-06-02 21:52:14.076655,2026-06-02 21:52:30.853309,0 days 00:00:16.776654,OXCrossover,0.85,0.10,SwapMutation,0.10,roulette_wheel,bellman_split,324,"{'crossover_name': ['PMXCrossover', 'CXCrossover', 'OXCrossover'], 'crossover_probability': [0.75, 0.8, 0.85, 0.9], 'elitism_rate': [0.1, 0.2], 'mutation_name': ['InsertMutation', 'SwapMutation'], 'mutation_probability': [0.01, 0.05, 0.1], 'selection_type': ['binary_tournament', 'roulette_wheel'], 'vehicle_construction': ['random', 'bellman_split']}",COMPLETE
325,813.86,2026-06-02 21:52:30.853624,2026-06-02 21:52:35.193300,0 days 00:00:04.339676,OXCrossover,0.75,0.10,InsertMutation,0.01,binary_tournament,bellman_split,325,"{'crossover_name': ['PMXCrossover', 'CXCrossover', 'OXCrossover'], 'crossover_probability': [0.75, 0.8, 0.85, 0.9], 'elitism_rate': [0.1, 0.2], 'mutation_name': ['InsertMutation', 'SwapMutation'], 'mutation_probability': [0.01, 0.05, 0.1], 'selection_type': ['binary_tournament', 'roulette_wheel'], 'vehicle_construction': ['random', 'bellman_split']}",COMPLETE
326,1031.16,2026-06-02 21:52:35.193611,2026-06-02 21:52:36.974296,0 days 00:00:01.780685,PMXCrossover,0.85,0.20,SwapMutation,0.05,binary_tournament,random,326,"{'crossover_name': ['PMXCrossover', 'CXCrossover', 'OXCrossover'], 'crossover_probability': [0.75, 0.8, 0.85, 0.9], 'elitism_rate': [0.1, 0.2], 'mutation_name': ['InsertMutation', 'SwapMutation'], 'mutation_probability': [0.01, 0.05, 0.1], 'selection_type': ['binary_tournament', 'roulette_wheel'], 'vehicle_construction': ['random', 'bellman_split']}",COMPLETE
327,1012.09,2026-06-02 21:52:36.975297,2026-06-02 21:52:50.496621,0 days 00:00:13.521324,OXCrossover,0.90,0.10,SwapMutation,0.05,roulette_wheel,random,327,"{'crossover_name': ['PMXCrossover', 'CXCrossover', 'OXCrossover'], 'crossover_probability': [0.75, 0.8, 0.85, 0.9], 'elitism_rate': [0.1, 0.2], 'mutation_name': ['InsertMutation', 'SwapMutation'], 'mutation_probability': [0.01, 0.05, 0.1], 'selection_type': ['binary_tournament', 'roulette_wheel'], 'vehicle_construction': ['random', 'bellman_split']}",COMPLETE
