number,value,datetime_start,datetime_complete,duration,params_crossover_name,params_crossover_probability,params_elitism_rate,params_mutation_name,params_mutation_probability,params_selection_type,params_vehicle_construction,system_attrs_grid_id,system_attrs_search_space,state
410,4734.80,2026-06-03 00:37:18.508646,2026-06-03 00:37:40.153171,0 days 00:00:21.644525,CXCrossover,0.90,0.20,SwapMutation,0.01,roulette_wheel,random,410,"{'crossover_name': ['PMXCrossover', 'CXCrossover', 'OXCrossover'], 'crossover_probability': [0.75, 0.8, 0.85, 0.9], 'elitism_rate': [0.1, 0.2], 'mutation_name': ['InsertMutation', 'SwapMutation'], 'mutation_probability': [0.01, 0.05, 0.1], 'selection_type': ['binary_tournament', 'roulette_wheel'], 'vehicle_construction': ['random', 'bellman_split']}",COMPLETE
411,2989.60,2026-06-03 00:37:40.153543,2026-06-03 00:37:54.208547,0 days 00:00:14.055004,OXCrossover,0.75,0.20,SwapMutation,0.01,binary_tournament,bellman_split,411,"{'crossover_name': ['PMXCrossover', 'CXCrossover', 'OXCrossover'], 'crossover_probability': [0.75, 0.8, 0.85, 0.9], 'elitism_rate': [0.1, 0.2], 'mutation_name': ['InsertMutation', 'SwapMutation'], 'mutation_probability': [0.01, 0.05, 0.1], 'selection_type': ['binary_tournament', 'roulette_wheel'], 'vehicle_construction': ['random', 'bellman_split']}",COMPLETE
412,3828.67,2026-06-03 00:37:54.208871,2026-06-03 00:38:06.796833,0 days 00:00:12.587962,PMXCrossover,0.75,0.20,InsertMutation,0.01,binary_tournament,bellman_split,412,"{'crossover_name': ['PMXCrossover', 'CXCrossover', 'OXCrossover'], 'crossover_probability': [0.75, 0.8, 0.85, 0.9], 'elitism_rate': [0.1, 0.2], 'mutation_name': ['InsertMutation', 'SwapMutation'], 'mutation_probability': [0.01, 0.05, 0.1], 'selection_type': ['binary_tournament', 'roulette_wheel'], 'vehicle_construction': ['random', 'bellman_split']}",COMPLETE
413,4422.91,2026-06-03 00:38:06.797149,2026-06-03 00:38:28.895615,0 days 00:00:22.098466,PMXCrossover,0.85,0.10,SwapMutation,0.01,roulette_wheel,random,413,"{'crossover_name': ['PMXCrossover', 'CXCrossover', 'OXCrossover'], 'crossover_probability': [0.75, 0.8, 0.85, 0.9], 'elitism_rate': [0.1, 0.2], 'mutation_name': ['InsertMutation', 'SwapMutation'], 'mutation_probability': [0.01, 0.05, 0.1], 'selection_type': ['binary_tournament', 'roulette_wheel'], 'vehicle_construction': ['random', 'bellman_split']}",COMPLETE
414,3655.40,2026-06-03 00:38:28.896129,2026-06-03 00:38:45.245620,0 days 00:00:16.349491,PMXCrossover,0.90,0.10,InsertMutation,0.05,binary_tournament,bellman_split,414,"{'crossover_name': ['PMXCrossover', 'CXCrossover', 'OXCrossover'], 'crossover_probability': [0.75, 0.8, 0.85, 0.9], 'elitism_rate': [0.1, 0.2], 'mutation_name': ['InsertMutation', 'SwapMutation'], 'mutation_probability': [0.01, 0.05, 0.1], 'selection_type': ['binary_tournament', 'roulette_wheel'], 'vehicle_construction': ['random', 'bellman_split']}",COMPLETE
415,3179.99,2026-06-03 00:38:45.246066,2026-06-03 00:39:01.726872,0 days 00:00:16.480806,OXCrossover,0.75,0.20,InsertMutation,0.05,binary_tournament,bellman_split,415,"{'crossover_name': ['PMXCrossover', 'CXCrossover', 'OXCrossover'], 'crossover_probability': [0.75, 0.8, 0.85, 0.9], 'elitism_rate': [0.1, 0.2], 'mutation_name': ['InsertMutation', 'SwapMutation'], 'mutation_probability': [0.01, 0.05, 0.1], 'selection_type': ['binary_tournament', 'roulette_wheel'], 'vehicle_construction': ['random', 'bellman_split']}",COMPLETE
416,3833.69,2026-06-03 00:39:01.727175,2026-06-03 00:39:05.267265,0 days 00:00:03.540090,PMXCrossover,0.90,0.10,InsertMutation,0.10,binary_tournament,random,416,"{'crossover_name': ['PMXCrossover', 'CXCrossover', 'OXCrossover'], 'crossover_probability': [0.75, 0.8, 0.85, 0.9], 'elitism_rate': [0.1, 0.2], 'mutation_name': ['InsertMutation', 'SwapMutation'], 'mutation_probability': [0.01, 0.05, 0.1], 'selection_type': ['binary_tournament', 'roulette_wheel'], 'vehicle_construction': ['random', 'bellman_split']}",COMPLETE
417,4650.51,2026-06-03 00:39:05.267620,2026-06-03 00:39:08.703441,0 days 00:00:03.435821,PMXCrossover,0.75,0.10,SwapMutation,0.05,binary_tournament,random,417,"{'crossover_name': ['PMXCrossover', 'CXCrossover', 'OXCrossover'], 'crossover_probability': [0.75, 0.8, 0.85, 0.9], 'elitism_rate': [0.1, 0.2], 'mutation_name': ['InsertMutation', 'SwapMutation'], 'mutation_probability': [0.01, 0.05, 0.1], 'selection_type': ['binary_tournament', 'roulette_wheel'], 'vehicle_construction': ['random', 'bellman_split']}",COMPLETE
418,4001.53,2026-06-03 00:39:08.703743,2026-06-03 00:39:33.355626,0 days 00:00:24.651883,OXCrossover,0.80,0.10,SwapMutation,0.05,roulette_wheel,random,418,"{'crossover_name': ['PMXCrossover', 'CXCrossover', 'OXCrossover'], 'crossover_probability': [0.75, 0.8, 0.85, 0.9], 'elitism_rate': [0.1, 0.2], 'mutation_name': ['InsertMutation', 'SwapMutation'], 'mutation_probability': [0.01, 0.05, 0.1], 'selection_type': ['binary_tournament', 'roulette_wheel'], 'vehicle_construction': ['random', 'bellman_split']}",COMPLETE
419,4319.19,2026-06-03 00:39:33.355955,2026-06-03 00:40:06.161527,0 days 00:00:32.805572,CXCrossover,0.85,0.20,SwapMutation,0.05,roulette_wheel,bellman_split,419,"{'crossover_name': ['PMXCrossover', 'CXCrossover', 'OXCrossover'], 'crossover_probability': [0.75, 0.8, 0.85, 0.9], 'elitism_rate': [0.1, 0.2], 'mutation_name': ['InsertMutation', 'SwapMutation'], 'mutation_probability': [0.01, 0.05, 0.1], 'selection_type': ['binary_tournament', 'roulette_wheel'], 'vehicle_construction': ['random', 'bellman_split']}",COMPLETE
420,3825.80,2026-06-03 00:40:06.161822,2026-06-03 00:40:19.580851,0 days 00:00:13.419029,PMXCrossover,0.85,0.10,SwapMutation,0.01,binary_tournament,bellman_split,420,"{'crossover_name': ['PMXCrossover', 'CXCrossover', 'OXCrossover'], 'crossover_probability': [0.75, 0.8, 0.85, 0.9], 'elitism_rate': [0.1, 0.2], 'mutation_name': ['InsertMutation', 'SwapMutation'], 'mutation_probability': [0.01, 0.05, 0.1], 'selection_type': ['binary_tournament', 'roulette_wheel'], 'vehicle_construction': ['random', 'bellman_split']}",COMPLETE
421,3057.63,2026-06-03 00:40:19.581147,2026-06-03 00:40:34.699893,0 days 00:00:15.118746,OXCrossover,0.85,0.10,InsertMutation,0.05,binary_tournament,bellman_split,421,"{'crossover_name': ['PMXCrossover', 'CXCrossover', 'OXCrossover'], 'crossover_probability': [0.75, 0.8, 0.85, 0.9], 'elitism_rate': [0.1, 0.2], 'mutation_name': ['InsertMutation', 'SwapMutation'], 'mutation_probability': [0.01, 0.05, 0.1], 'selection_type': ['binary_tournament', 'roulette_wheel'], 'vehicle_construction': ['random', 'bellman_split']}",COMPLETE
422,3297.68,2026-06-03 00:40:34.700213,2026-06-03 00:40:48.990888,0 days 00:00:14.290675,OXCrossover,0.80,0.20,InsertMutation,0.10,binary_tournament,bellman_split,422,"{'crossover_name': ['PMXCrossover', 'CXCrossover', 'OXCrossover'], 'crossover_probability': [0.75, 0.8, 0.85, 0.9], 'elitism_rate': [0.1, 0.2], 'mutation_name': ['InsertMutation', 'SwapMutation'], 'mutation_probability': [0.01, 0.05, 0.1], 'selection_type': ['binary_tournament', 'roulette_wheel'], 'vehicle_construction': ['random', 'bellman_split']}",COMPLETE
423,4073.79,2026-06-03 00:40:48.991212,2026-06-03 00:41:20.392690,0 days 00:00:31.401478,PMXCrossover,0.85,0.20,SwapMutation,0.05,roulette_wheel,bellman_split,423,"{'crossover_name': ['PMXCrossover', 'CXCrossover', 'OXCrossover'], 'crossover_probability': [0.75, 0.8, 0.85, 0.9], 'elitism_rate': [0.1, 0.2], 'mutation_name': ['InsertMutation', 'SwapMutation'], 'mutation_probability': [0.01, 0.05, 0.1], 'selection_type': ['binary_tournament', 'roulette_wheel'], 'vehicle_construction': ['random', 'bellman_split']}",COMPLETE
424,4496.36,2026-06-03 00:41:20.392983,2026-06-03 00:41:34.245002,0 days 00:00:13.852019,CXCrossover,0.75,0.20,SwapMutation,0.10,binary_tournament,bellman_split,424,"{'crossover_name': ['PMXCrossover', 'CXCrossover', 'OXCrossover'], 'crossover_probability': [0.75, 0.8, 0.85, 0.9], 'elitism_rate': [0.1, 0.2], 'mutation_name': ['InsertMutation', 'SwapMutation'], 'mutation_probability': [0.01, 0.05, 0.1], 'selection_type': ['binary_tournament', 'roulette_wheel'], 'vehicle_construction': ['random', 'bellman_split']}",COMPLETE
425,4545.44,2026-06-03 00:41:34.245364,2026-06-03 00:41:38.554385,0 days 00:00:04.309021,CXCrossover,0.80,0.10,SwapMutation,0.10,binary_tournament,random,425,"{'crossover_name': ['PMXCrossover', 'CXCrossover', 'OXCrossover'], 'crossover_probability': [0.75, 0.8, 0.85, 0.9], 'elitism_rate': [0.1, 0.2], 'mutation_name': ['InsertMutation', 'SwapMutation'], 'mutation_probability': [0.01, 0.05, 0.1], 'selection_type': ['binary_tournament', 'roulette_wheel'], 'vehicle_construction': ['random', 'bellman_split']}",COMPLETE
426,4942.50,2026-06-03 00:41:38.554723,2026-06-03 00:41:43.055271,0 days 00:00:04.500548,CXCrossover,0.90,0.10,SwapMutation,0.05,binary_tournament,random,426,"{'crossover_name': ['PMXCrossover', 'CXCrossover', 'OXCrossover'], 'crossover_probability': [0.75, 0.8, 0.85, 0.9], 'elitism_rate': [0.1, 0.2], 'mutation_name': ['InsertMutation', 'SwapMutation'], 'mutation_probability': [0.01, 0.05, 0.1], 'selection_type': ['binary_tournament', 'roulette_wheel'], 'vehicle_construction': ['random', 'bellman_split']}",COMPLETE
427,3141.62,2026-06-03 00:41:43.055580,2026-06-03 00:42:15.725161,0 days 00:00:32.669581,OXCrossover,0.80,0.20,SwapMutation,0.01,roulette_wheel,bellman_split,427,"{'crossover_name': ['PMXCrossover', 'CXCrossover', 'OXCrossover'], 'crossover_probability': [0.75, 0.8, 0.85, 0.9], 'elitism_rate': [0.1, 0.2], 'mutation_name': ['InsertMutation', 'SwapMutation'], 'mutation_probability': [0.01, 0.05, 0.1], 'selection_type': ['binary_tournament', 'roulette_wheel'], 'vehicle_construction': ['random', 'bellman_split']}",COMPLETE
428,4421.44,2026-06-03 00:42:15.725454,2026-06-03 00:42:30.331607,0 days 00:00:14.606153,CXCrossover,0.85,0.20,InsertMutation,0.05,binary_tournament,bellman_split,428,"{'crossover_name': ['PMXCrossover', 'CXCrossover', 'OXCrossover'], 'crossover_probability': [0.75, 0.8, 0.85, 0.9], 'elitism_rate': [0.1, 0.2], 'mutation_name': ['InsertMutation', 'SwapMutation'], 'mutation_probability': [0.01, 0.05, 0.1], 'selection_type': ['binary_tournament', 'roulette_wheel'], 'vehicle_construction': ['random', 'bellman_split']}",COMPLETE
429,4127.35,2026-06-03 00:42:30.331885,2026-06-03 00:43:02.606870,0 days 00:00:32.274985,CXCrossover,0.85,0.20,InsertMutation,0.10,roulette_wheel,bellman_split,429,"{'crossover_name': ['PMXCrossover', 'CXCrossover', 'OXCrossover'], 'crossover_probability': [0.75, 0.8, 0.85, 0.9], 'elitism_rate': [0.1, 0.2], 'mutation_name': ['InsertMutation', 'SwapMutation'], 'mutation_probability': [0.01, 0.05, 0.1], 'selection_type': ['binary_tournament', 'roulette_wheel'], 'vehicle_construction': ['random', 'bellman_split']}",COMPLETE
430,3804.39,2026-06-03 00:43:02.607165,2026-06-03 00:43:07.340072,0 days 00:00:04.732907,OXCrossover,0.85,0.20,SwapMutation,0.05,binary_tournament,random,430,"{'crossover_name': ['PMXCrossover', 'CXCrossover', 'OXCrossover'], 'crossover_probability': [0.75, 0.8, 0.85, 0.9], 'elitism_rate': [0.1, 0.2], 'mutation_name': ['InsertMutation', 'SwapMutation'], 'mutation_probability': [0.01, 0.05, 0.1], 'selection_type': ['binary_tournament', 'roulette_wheel'], 'vehicle_construction': ['random', 'bellman_split']}",COMPLETE
431,4832.01,2026-06-03 00:43:07.340397,2026-06-03 00:43:11.455308,0 days 00:00:04.114911,CXCrossover,0.80,0.10,InsertMutation,0.10,binary_tournament,random,431,"{'crossover_name': ['PMXCrossover', 'CXCrossover', 'OXCrossover'], 'crossover_probability': [0.75, 0.8, 0.85, 0.9], 'elitism_rate': [0.1, 0.2], 'mutation_name': ['InsertMutation', 'SwapMutation'], 'mutation_probability': [0.01, 0.05, 0.1], 'selection_type': ['binary_tournament', 'roulette_wheel'], 'vehicle_construction': ['random', 'bellman_split']}",COMPLETE
432,3889.88,2026-06-03 00:43:11.455640,2026-06-03 00:43:32.588875,0 days 00:00:21.133235,OXCrossover,0.75,0.20,InsertMutation,0.01,roulette_wheel,random,432,"{'crossover_name': ['PMXCrossover', 'CXCrossover', 'OXCrossover'], 'crossover_probability': [0.75, 0.8, 0.85, 0.9], 'elitism_rate': [0.1, 0.2], 'mutation_name': ['InsertMutation', 'SwapMutation'], 'mutation_probability': [0.01, 0.05, 0.1], 'selection_type': ['binary_tournament', 'roulette_wheel'], 'vehicle_construction': ['random', 'bellman_split']}",COMPLETE
433,3738.39,2026-06-03 00:43:32.589582,2026-06-03 00:43:37.020818,0 days 00:00:04.431236,OXCrossover,0.80,0.10,InsertMutation,0.05,binary_tournament,random,433,"{'crossover_name': ['PMXCrossover', 'CXCrossover', 'OXCrossover'], 'crossover_probability': [0.75, 0.8, 0.85, 0.9], 'elitism_rate': [0.1, 0.2], 'mutation_name': ['InsertMutation', 'SwapMutation'], 'mutation_probability': [0.01, 0.05, 0.1], 'selection_type': ['binary_tournament', 'roulette_wheel'], 'vehicle_construction': ['random', 'bellman_split']}",COMPLETE
434,3484.09,2026-06-03 00:43:37.021163,2026-06-03 00:43:52.820066,0 days 00:00:15.798903,OXCrossover,0.85,0.20,InsertMutation,0.10,binary_tournament,bellman_split,434,"{'crossover_name': ['PMXCrossover', 'CXCrossover', 'OXCrossover'], 'crossover_probability': [0.75, 0.8, 0.85, 0.9], 'elitism_rate': [0.1, 0.2], 'mutation_name': ['InsertMutation', 'SwapMutation'], 'mutation_probability': [0.01, 0.05, 0.1], 'selection_type': ['binary_tournament', 'roulette_wheel'], 'vehicle_construction': ['random', 'bellman_split']}",COMPLETE
435,3850.46,2026-06-03 00:43:52.820371,2026-06-03 00:44:24.937952,0 days 00:00:32.117581,PMXCrossover,0.75,0.10,SwapMutation,0.05,roulette_wheel,bellman_split,435,"{'crossover_name': ['PMXCrossover', 'CXCrossover', 'OXCrossover'], 'crossover_probability': [0.75, 0.8, 0.85, 0.9], 'elitism_rate': [0.1, 0.2], 'mutation_name': ['InsertMutation', 'SwapMutation'], 'mutation_probability': [0.01, 0.05, 0.1], 'selection_type': ['binary_tournament', 'roulette_wheel'], 'vehicle_construction': ['random', 'bellman_split']}",COMPLETE
436,4716.77,2026-06-03 00:44:24.938251,2026-06-03 00:44:29.004112,0 days 00:00:04.065861,CXCrossover,0.85,0.20,SwapMutation,0.05,binary_tournament,random,436,"{'crossover_name': ['PMXCrossover', 'CXCrossover', 'OXCrossover'], 'crossover_probability': [0.75, 0.8, 0.85, 0.9], 'elitism_rate': [0.1, 0.2], 'mutation_name': ['InsertMutation', 'SwapMutation'], 'mutation_probability': [0.01, 0.05, 0.1], 'selection_type': ['binary_tournament', 'roulette_wheel'], 'vehicle_construction': ['random', 'bellman_split']}",COMPLETE
437,4662.12,2026-06-03 00:44:29.004625,2026-06-03 00:44:33.283529,0 days 00:00:04.278904,CXCrossover,0.85,0.10,InsertMutation,0.10,binary_tournament,random,437,"{'crossover_name': ['PMXCrossover', 'CXCrossover', 'OXCrossover'], 'crossover_probability': [0.75, 0.8, 0.85, 0.9], 'elitism_rate': [0.1, 0.2], 'mutation_name': ['InsertMutation', 'SwapMutation'], 'mutation_probability': [0.01, 0.05, 0.1], 'selection_type': ['binary_tournament', 'roulette_wheel'], 'vehicle_construction': ['random', 'bellman_split']}",COMPLETE
438,3665.63,2026-06-03 00:44:33.283808,2026-06-03 00:45:09.139625,0 days 00:00:35.855817,OXCrossover,0.85,0.10,SwapMutation,0.05,roulette_wheel,bellman_split,438,"{'crossover_name': ['PMXCrossover', 'CXCrossover', 'OXCrossover'], 'crossover_probability': [0.75, 0.8, 0.85, 0.9], 'elitism_rate': [0.1, 0.2], 'mutation_name': ['InsertMutation', 'SwapMutation'], 'mutation_probability': [0.01, 0.05, 0.1], 'selection_type': ['binary_tournament', 'roulette_wheel'], 'vehicle_construction': ['random', 'bellman_split']}",COMPLETE
439,4622.75,2026-06-03 00:45:09.139920,2026-06-03 00:45:22.749397,0 days 00:00:13.609477,CXCrossover,0.80,0.20,InsertMutation,0.05,binary_tournament,bellman_split,439,"{'crossover_name': ['PMXCrossover', 'CXCrossover', 'OXCrossover'], 'crossover_probability': [0.75, 0.8, 0.85, 0.9], 'elitism_rate': [0.1, 0.2], 'mutation_name': ['InsertMutation', 'SwapMutation'], 'mutation_probability': [0.01, 0.05, 0.1], 'selection_type': ['binary_tournament', 'roulette_wheel'], 'vehicle_construction': ['random', 'bellman_split']}",COMPLETE
440,4675.53,2026-06-03 00:45:22.749766,2026-06-03 00:45:55.385258,0 days 00:00:32.635492,CXCrossover,0.90,0.20,InsertMutation,0.01,roulette_wheel,bellman_split,440,"{'crossover_name': ['PMXCrossover', 'CXCrossover', 'OXCrossover'], 'crossover_probability': [0.75, 0.8, 0.85, 0.9], 'elitism_rate': [0.1, 0.2], 'mutation_name': ['InsertMutation', 'SwapMutation'], 'mutation_probability': [0.01, 0.05, 0.1], 'selection_type': ['binary_tournament', 'roulette_wheel'], 'vehicle_construction': ['random', 'bellman_split']}",COMPLETE
441,4244.60,2026-06-03 00:45:55.385551,2026-06-03 00:46:15.562225,0 days 00:00:20.176674,CXCrossover,0.75,0.20,InsertMutation,0.10,roulette_wheel,random,441,"{'crossover_name': ['PMXCrossover', 'CXCrossover', 'OXCrossover'], 'crossover_probability': [0.75, 0.8, 0.85, 0.9], 'elitism_rate': [0.1, 0.2], 'mutation_name': ['InsertMutation', 'SwapMutation'], 'mutation_probability': [0.01, 0.05, 0.1], 'selection_type': ['binary_tournament', 'roulette_wheel'], 'vehicle_construction': ['random', 'bellman_split']}",COMPLETE
442,3341.82,2026-06-03 00:46:15.562523,2026-06-03 00:46:51.039681,0 days 00:00:35.477158,OXCrossover,0.85,0.20,InsertMutation,0.05,roulette_wheel,bellman_split,442,"{'crossover_name': ['PMXCrossover', 'CXCrossover', 'OXCrossover'], 'crossover_probability': [0.75, 0.8, 0.85, 0.9], 'elitism_rate': [0.1, 0.2], 'mutation_name': ['InsertMutation', 'SwapMutation'], 'mutation_probability': [0.01, 0.05, 0.1], 'selection_type': ['binary_tournament', 'roulette_wheel'], 'vehicle_construction': ['random', 'bellman_split']}",COMPLETE
443,4144.14,2026-06-03 00:46:51.039977,2026-06-03 00:47:23.480568,0 days 00:00:32.440591,PMXCrossover,0.75,0.10,InsertMutation,0.01,roulette_wheel,bellman_split,443,"{'crossover_name': ['PMXCrossover', 'CXCrossover', 'OXCrossover'], 'crossover_probability': [0.75, 0.8, 0.85, 0.9], 'elitism_rate': [0.1, 0.2], 'mutation_name': ['InsertMutation', 'SwapMutation'], 'mutation_probability': [0.01, 0.05, 0.1], 'selection_type': ['binary_tournament', 'roulette_wheel'], 'vehicle_construction': ['random', 'bellman_split']}",COMPLETE
444,3932.16,2026-06-03 00:47:23.480891,2026-06-03 00:47:28.467174,0 days 00:00:04.986283,OXCrossover,0.85,0.10,SwapMutation,0.10,binary_tournament,random,444,"{'crossover_name': ['PMXCrossover', 'CXCrossover', 'OXCrossover'], 'crossover_probability': [0.75, 0.8, 0.85, 0.9], 'elitism_rate': [0.1, 0.2], 'mutation_name': ['InsertMutation', 'SwapMutation'], 'mutation_probability': [0.01, 0.05, 0.1], 'selection_type': ['binary_tournament', 'roulette_wheel'], 'vehicle_construction': ['random', 'bellman_split']}",COMPLETE
445,3799.28,2026-06-03 00:47:28.467497,2026-06-03 00:47:44.459730,0 days 00:00:15.992233,PMXCrossover,0.85,0.20,InsertMutation,0.05,binary_tournament,bellman_split,445,"{'crossover_name': ['PMXCrossover', 'CXCrossover', 'OXCrossover'], 'crossover_probability': [0.75, 0.8, 0.85, 0.9], 'elitism_rate': [0.1, 0.2], 'mutation_name': ['InsertMutation', 'SwapMutation'], 'mutation_probability': [0.01, 0.05, 0.1], 'selection_type': ['binary_tournament', 'roulette_wheel'], 'vehicle_construction': ['random', 'bellman_split']}",COMPLETE
446,4575.28,2026-06-03 00:47:44.460053,2026-06-03 00:47:48.469680,0 days 00:00:04.009627,CXCrossover,0.80,0.20,SwapMutation,0.05,binary_tournament,random,446,"{'crossover_name': ['PMXCrossover', 'CXCrossover', 'OXCrossover'], 'crossover_probability': [0.75, 0.8, 0.85, 0.9], 'elitism_rate': [0.1, 0.2], 'mutation_name': ['InsertMutation', 'SwapMutation'], 'mutation_probability': [0.01, 0.05, 0.1], 'selection_type': ['binary_tournament', 'roulette_wheel'], 'vehicle_construction': ['random', 'bellman_split']}",COMPLETE
447,4329.64,2026-06-03 00:47:48.470002,2026-06-03 00:48:09.971580,0 days 00:00:21.501578,CXCrossover,0.80,0.20,SwapMutation,0.10,roulette_wheel,random,447,"{'crossover_name': ['PMXCrossover', 'CXCrossover', 'OXCrossover'], 'crossover_probability': [0.75, 0.8, 0.85, 0.9], 'elitism_rate': [0.1, 0.2], 'mutation_name': ['InsertMutation', 'SwapMutation'], 'mutation_probability': [0.01, 0.05, 0.1], 'selection_type': ['binary_tournament', 'roulette_wheel'], 'vehicle_construction': ['random', 'bellman_split']}",COMPLETE
448,4270.69,2026-06-03 00:48:09.971938,2026-06-03 00:48:23.597101,0 days 00:00:13.625163,PMXCrossover,0.80,0.20,InsertMutation,0.05,binary_tournament,bellman_split,448,"{'crossover_name': ['PMXCrossover', 'CXCrossover', 'OXCrossover'], 'crossover_probability': [0.75, 0.8, 0.85, 0.9], 'elitism_rate': [0.1, 0.2], 'mutation_name': ['InsertMutation', 'SwapMutation'], 'mutation_probability': [0.01, 0.05, 0.1], 'selection_type': ['binary_tournament', 'roulette_wheel'], 'vehicle_construction': ['random', 'bellman_split']}",COMPLETE
449,4086.31,2026-06-03 00:48:23.597396,2026-06-03 00:48:27.915245,0 days 00:00:04.317849,OXCrossover,0.80,0.10,SwapMutation,0.01,binary_tournament,random,449,"{'crossover_name': ['PMXCrossover', 'CXCrossover', 'OXCrossover'], 'crossover_probability': [0.75, 0.8, 0.85, 0.9], 'elitism_rate': [0.1, 0.2], 'mutation_name': ['InsertMutation', 'SwapMutation'], 'mutation_probability': [0.01, 0.05, 0.1], 'selection_type': ['binary_tournament', 'roulette_wheel'], 'vehicle_construction': ['random', 'bellman_split']}",COMPLETE
450,4403.16,2026-06-03 00:48:27.915754,2026-06-03 00:48:31.449525,0 days 00:00:03.533771,PMXCrossover,0.90,0.20,SwapMutation,0.05,binary_tournament,random,450,"{'crossover_name': ['PMXCrossover', 'CXCrossover', 'OXCrossover'], 'crossover_probability': [0.75, 0.8, 0.85, 0.9], 'elitism_rate': [0.1, 0.2], 'mutation_name': ['InsertMutation', 'SwapMutation'], 'mutation_probability': [0.01, 0.05, 0.1], 'selection_type': ['binary_tournament', 'roulette_wheel'], 'vehicle_construction': ['random', 'bellman_split']}",COMPLETE
