number,value,datetime_start,datetime_complete,duration,params_crossover_name,params_crossover_probability,params_elitism_rate,params_mutation_name,params_mutation_probability,params_selection_type,params_vehicle_construction,system_attrs_grid_id,system_attrs_search_space,state
532,27075.87,2026-06-03 07:27:27.474954,2026-06-03 07:28:08.202766,0 days 00:00:40.727812,PMXCrossover,0.80,0.10,InsertMutation,0.10,binary_tournament,bellman_split,532,"{'crossover_name': ['PMXCrossover', 'CXCrossover', 'OXCrossover'], 'crossover_probability': [0.75, 0.8, 0.85, 0.9], 'elitism_rate': [0.1, 0.2], 'mutation_name': ['InsertMutation', 'SwapMutation'], 'mutation_probability': [0.01, 0.05, 0.1], 'selection_type': ['binary_tournament', 'roulette_wheel'], 'vehicle_construction': ['random', 'bellman_split']}",COMPLETE
533,28619.86,2026-06-03 07:28:08.203096,2026-06-03 07:28:52.034128,0 days 00:00:43.831032,CXCrossover,0.85,0.20,InsertMutation,0.10,binary_tournament,bellman_split,533,"{'crossover_name': ['PMXCrossover', 'CXCrossover', 'OXCrossover'], 'crossover_probability': [0.75, 0.8, 0.85, 0.9], 'elitism_rate': [0.1, 0.2], 'mutation_name': ['InsertMutation', 'SwapMutation'], 'mutation_probability': [0.01, 0.05, 0.1], 'selection_type': ['binary_tournament', 'roulette_wheel'], 'vehicle_construction': ['random', 'bellman_split']}",COMPLETE
534,28232.59,2026-06-03 07:28:52.034454,2026-06-03 07:29:34.831150,0 days 00:00:42.796696,CXCrossover,0.80,0.10,SwapMutation,0.05,binary_tournament,bellman_split,534,"{'crossover_name': ['PMXCrossover', 'CXCrossover', 'OXCrossover'], 'crossover_probability': [0.75, 0.8, 0.85, 0.9], 'elitism_rate': [0.1, 0.2], 'mutation_name': ['InsertMutation', 'SwapMutation'], 'mutation_probability': [0.01, 0.05, 0.1], 'selection_type': ['binary_tournament', 'roulette_wheel'], 'vehicle_construction': ['random', 'bellman_split']}",COMPLETE
535,27072.28,2026-06-03 07:29:34.831449,2026-06-03 07:30:14.754510,0 days 00:00:39.923061,OXCrossover,0.80,0.10,InsertMutation,0.10,roulette_wheel,random,535,"{'crossover_name': ['PMXCrossover', 'CXCrossover', 'OXCrossover'], 'crossover_probability': [0.75, 0.8, 0.85, 0.9], 'elitism_rate': [0.1, 0.2], 'mutation_name': ['InsertMutation', 'SwapMutation'], 'mutation_probability': [0.01, 0.05, 0.1], 'selection_type': ['binary_tournament', 'roulette_wheel'], 'vehicle_construction': ['random', 'bellman_split']}",COMPLETE
536,26937.44,2026-06-03 07:30:14.754810,2026-06-03 07:30:45.779984,0 days 00:00:31.025174,PMXCrossover,0.75,0.20,SwapMutation,0.05,roulette_wheel,random,536,"{'crossover_name': ['PMXCrossover', 'CXCrossover', 'OXCrossover'], 'crossover_probability': [0.75, 0.8, 0.85, 0.9], 'elitism_rate': [0.1, 0.2], 'mutation_name': ['InsertMutation', 'SwapMutation'], 'mutation_probability': [0.01, 0.05, 0.1], 'selection_type': ['binary_tournament', 'roulette_wheel'], 'vehicle_construction': ['random', 'bellman_split']}",COMPLETE
537,24991.03,2026-06-03 07:30:45.780264,2026-06-03 07:30:55.783616,0 days 00:00:10.003352,OXCrossover,0.75,0.10,InsertMutation,0.05,binary_tournament,random,537,"{'crossover_name': ['PMXCrossover', 'CXCrossover', 'OXCrossover'], 'crossover_probability': [0.75, 0.8, 0.85, 0.9], 'elitism_rate': [0.1, 0.2], 'mutation_name': ['InsertMutation', 'SwapMutation'], 'mutation_probability': [0.01, 0.05, 0.1], 'selection_type': ['binary_tournament', 'roulette_wheel'], 'vehicle_construction': ['random', 'bellman_split']}",COMPLETE
538,26341.20,2026-06-03 07:30:55.783938,2026-06-03 07:32:07.048872,0 days 00:01:11.264934,CXCrossover,0.85,0.20,SwapMutation,0.10,roulette_wheel,bellman_split,538,"{'crossover_name': ['PMXCrossover', 'CXCrossover', 'OXCrossover'], 'crossover_probability': [0.75, 0.8, 0.85, 0.9], 'elitism_rate': [0.1, 0.2], 'mutation_name': ['InsertMutation', 'SwapMutation'], 'mutation_probability': [0.01, 0.05, 0.1], 'selection_type': ['binary_tournament', 'roulette_wheel'], 'vehicle_construction': ['random', 'bellman_split']}",COMPLETE
539,28309.43,2026-06-03 07:32:07.049169,2026-06-03 07:32:49.777112,0 days 00:00:42.727943,CXCrossover,0.80,0.20,InsertMutation,0.10,binary_tournament,bellman_split,539,"{'crossover_name': ['PMXCrossover', 'CXCrossover', 'OXCrossover'], 'crossover_probability': [0.75, 0.8, 0.85, 0.9], 'elitism_rate': [0.1, 0.2], 'mutation_name': ['InsertMutation', 'SwapMutation'], 'mutation_probability': [0.01, 0.05, 0.1], 'selection_type': ['binary_tournament', 'roulette_wheel'], 'vehicle_construction': ['random', 'bellman_split']}",COMPLETE
540,26563.78,2026-06-03 07:32:49.777411,2026-06-03 07:33:01.363322,0 days 00:00:11.585911,OXCrossover,0.85,0.10,InsertMutation,0.10,binary_tournament,random,540,"{'crossover_name': ['PMXCrossover', 'CXCrossover', 'OXCrossover'], 'crossover_probability': [0.75, 0.8, 0.85, 0.9], 'elitism_rate': [0.1, 0.2], 'mutation_name': ['InsertMutation', 'SwapMutation'], 'mutation_probability': [0.01, 0.05, 0.1], 'selection_type': ['binary_tournament', 'roulette_wheel'], 'vehicle_construction': ['random', 'bellman_split']}",COMPLETE
541,24726.23,2026-06-03 07:33:01.363605,2026-06-03 07:33:41.107199,0 days 00:00:39.743594,PMXCrossover,0.80,0.10,InsertMutation,0.05,binary_tournament,bellman_split,541,"{'crossover_name': ['PMXCrossover', 'CXCrossover', 'OXCrossover'], 'crossover_probability': [0.75, 0.8, 0.85, 0.9], 'elitism_rate': [0.1, 0.2], 'mutation_name': ['InsertMutation', 'SwapMutation'], 'mutation_probability': [0.01, 0.05, 0.1], 'selection_type': ['binary_tournament', 'roulette_wheel'], 'vehicle_construction': ['random', 'bellman_split']}",COMPLETE
542,28136.76,2026-06-03 07:33:41.107502,2026-06-03 07:34:24.633461,0 days 00:00:43.525959,OXCrossover,0.90,0.10,SwapMutation,0.10,roulette_wheel,random,542,"{'crossover_name': ['PMXCrossover', 'CXCrossover', 'OXCrossover'], 'crossover_probability': [0.75, 0.8, 0.85, 0.9], 'elitism_rate': [0.1, 0.2], 'mutation_name': ['InsertMutation', 'SwapMutation'], 'mutation_probability': [0.01, 0.05, 0.1], 'selection_type': ['binary_tournament', 'roulette_wheel'], 'vehicle_construction': ['random', 'bellman_split']}",COMPLETE
543,26776.38,2026-06-03 07:34:24.633784,2026-06-03 07:34:31.564643,0 days 00:00:06.930859,PMXCrossover,0.85,0.20,InsertMutation,0.10,binary_tournament,random,543,"{'crossover_name': ['PMXCrossover', 'CXCrossover', 'OXCrossover'], 'crossover_probability': [0.75, 0.8, 0.85, 0.9], 'elitism_rate': [0.1, 0.2], 'mutation_name': ['InsertMutation', 'SwapMutation'], 'mutation_probability': [0.01, 0.05, 0.1], 'selection_type': ['binary_tournament', 'roulette_wheel'], 'vehicle_construction': ['random', 'bellman_split']}",COMPLETE
544,27323.78,2026-06-03 07:34:31.564965,2026-06-03 07:34:37.336079,0 days 00:00:05.771114,PMXCrossover,0.75,0.20,InsertMutation,0.05,binary_tournament,random,544,"{'crossover_name': ['PMXCrossover', 'CXCrossover', 'OXCrossover'], 'crossover_probability': [0.75, 0.8, 0.85, 0.9], 'elitism_rate': [0.1, 0.2], 'mutation_name': ['InsertMutation', 'SwapMutation'], 'mutation_probability': [0.01, 0.05, 0.1], 'selection_type': ['binary_tournament', 'roulette_wheel'], 'vehicle_construction': ['random', 'bellman_split']}",COMPLETE
545,26100.65,2026-06-03 07:34:37.336400,2026-06-03 07:35:46.477830,0 days 00:01:09.141430,PMXCrossover,0.90,0.20,SwapMutation,0.01,roulette_wheel,bellman_split,545,"{'crossover_name': ['PMXCrossover', 'CXCrossover', 'OXCrossover'], 'crossover_probability': [0.75, 0.8, 0.85, 0.9], 'elitism_rate': [0.1, 0.2], 'mutation_name': ['InsertMutation', 'SwapMutation'], 'mutation_probability': [0.01, 0.05, 0.1], 'selection_type': ['binary_tournament', 'roulette_wheel'], 'vehicle_construction': ['random', 'bellman_split']}",COMPLETE
546,24421.50,2026-06-03 07:35:46.478156,2026-06-03 07:36:58.780766,0 days 00:01:12.302610,OXCrossover,0.80,0.20,InsertMutation,0.01,roulette_wheel,bellman_split,546,"{'crossover_name': ['PMXCrossover', 'CXCrossover', 'OXCrossover'], 'crossover_probability': [0.75, 0.8, 0.85, 0.9], 'elitism_rate': [0.1, 0.2], 'mutation_name': ['InsertMutation', 'SwapMutation'], 'mutation_probability': [0.01, 0.05, 0.1], 'selection_type': ['binary_tournament', 'roulette_wheel'], 'vehicle_construction': ['random', 'bellman_split']}",COMPLETE
547,25497.00,2026-06-03 07:36:58.781086,2026-06-03 07:37:35.619357,0 days 00:00:36.838271,OXCrossover,0.85,0.20,InsertMutation,0.05,roulette_wheel,random,547,"{'crossover_name': ['PMXCrossover', 'CXCrossover', 'OXCrossover'], 'crossover_probability': [0.75, 0.8, 0.85, 0.9], 'elitism_rate': [0.1, 0.2], 'mutation_name': ['InsertMutation', 'SwapMutation'], 'mutation_probability': [0.01, 0.05, 0.1], 'selection_type': ['binary_tournament', 'roulette_wheel'], 'vehicle_construction': ['random', 'bellman_split']}",COMPLETE
548,27308.28,2026-06-03 07:37:35.619678,2026-06-03 07:38:49.295564,0 days 00:01:13.675886,PMXCrossover,0.90,0.10,InsertMutation,0.05,roulette_wheel,bellman_split,548,"{'crossover_name': ['PMXCrossover', 'CXCrossover', 'OXCrossover'], 'crossover_probability': [0.75, 0.8, 0.85, 0.9], 'elitism_rate': [0.1, 0.2], 'mutation_name': ['InsertMutation', 'SwapMutation'], 'mutation_probability': [0.01, 0.05, 0.1], 'selection_type': ['binary_tournament', 'roulette_wheel'], 'vehicle_construction': ['random', 'bellman_split']}",COMPLETE
549,29720.09,2026-06-03 07:38:49.295883,2026-06-03 07:38:57.583699,0 days 00:00:08.287816,CXCrossover,0.80,0.10,InsertMutation,0.05,binary_tournament,random,549,"{'crossover_name': ['PMXCrossover', 'CXCrossover', 'OXCrossover'], 'crossover_probability': [0.75, 0.8, 0.85, 0.9], 'elitism_rate': [0.1, 0.2], 'mutation_name': ['InsertMutation', 'SwapMutation'], 'mutation_probability': [0.01, 0.05, 0.1], 'selection_type': ['binary_tournament', 'roulette_wheel'], 'vehicle_construction': ['random', 'bellman_split']}",COMPLETE
550,25965.58,2026-06-03 07:38:57.584000,2026-06-03 07:40:18.375530,0 days 00:01:20.791530,OXCrossover,0.90,0.10,SwapMutation,0.01,roulette_wheel,bellman_split,550,"{'crossover_name': ['PMXCrossover', 'CXCrossover', 'OXCrossover'], 'crossover_probability': [0.75, 0.8, 0.85, 0.9], 'elitism_rate': [0.1, 0.2], 'mutation_name': ['InsertMutation', 'SwapMutation'], 'mutation_probability': [0.01, 0.05, 0.1], 'selection_type': ['binary_tournament', 'roulette_wheel'], 'vehicle_construction': ['random', 'bellman_split']}",COMPLETE
551,25878.98,2026-06-03 07:40:18.375819,2026-06-03 07:40:30.435884,0 days 00:00:12.060065,OXCrossover,0.90,0.10,SwapMutation,0.05,binary_tournament,random,551,"{'crossover_name': ['PMXCrossover', 'CXCrossover', 'OXCrossover'], 'crossover_probability': [0.75, 0.8, 0.85, 0.9], 'elitism_rate': [0.1, 0.2], 'mutation_name': ['InsertMutation', 'SwapMutation'], 'mutation_probability': [0.01, 0.05, 0.1], 'selection_type': ['binary_tournament', 'roulette_wheel'], 'vehicle_construction': ['random', 'bellman_split']}",COMPLETE
552,29678.68,2026-06-03 07:40:30.436181,2026-06-03 07:41:11.600910,0 days 00:00:41.164729,CXCrossover,0.80,0.20,InsertMutation,0.01,binary_tournament,bellman_split,552,"{'crossover_name': ['PMXCrossover', 'CXCrossover', 'OXCrossover'], 'crossover_probability': [0.75, 0.8, 0.85, 0.9], 'elitism_rate': [0.1, 0.2], 'mutation_name': ['InsertMutation', 'SwapMutation'], 'mutation_probability': [0.01, 0.05, 0.1], 'selection_type': ['binary_tournament', 'roulette_wheel'], 'vehicle_construction': ['random', 'bellman_split']}",COMPLETE
553,30594.41,2026-06-03 07:41:11.601233,2026-06-03 07:41:19.688218,0 days 00:00:08.086985,CXCrossover,0.85,0.10,InsertMutation,0.01,binary_tournament,random,553,"{'crossover_name': ['PMXCrossover', 'CXCrossover', 'OXCrossover'], 'crossover_probability': [0.75, 0.8, 0.85, 0.9], 'elitism_rate': [0.1, 0.2], 'mutation_name': ['InsertMutation', 'SwapMutation'], 'mutation_probability': [0.01, 0.05, 0.1], 'selection_type': ['binary_tournament', 'roulette_wheel'], 'vehicle_construction': ['random', 'bellman_split']}",COMPLETE
554,25143.93,2026-06-03 07:41:19.688544,2026-06-03 07:42:28.527769,0 days 00:01:08.839225,OXCrossover,0.75,0.20,SwapMutation,0.01,roulette_wheel,bellman_split,554,"{'crossover_name': ['PMXCrossover', 'CXCrossover', 'OXCrossover'], 'crossover_probability': [0.75, 0.8, 0.85, 0.9], 'elitism_rate': [0.1, 0.2], 'mutation_name': ['InsertMutation', 'SwapMutation'], 'mutation_probability': [0.01, 0.05, 0.1], 'selection_type': ['binary_tournament', 'roulette_wheel'], 'vehicle_construction': ['random', 'bellman_split']}",COMPLETE
555,26131.38,2026-06-03 07:42:28.528088,2026-06-03 07:43:42.222085,0 days 00:01:13.693997,PMXCrossover,0.90,0.10,InsertMutation,0.01,roulette_wheel,bellman_split,555,"{'crossover_name': ['PMXCrossover', 'CXCrossover', 'OXCrossover'], 'crossover_probability': [0.75, 0.8, 0.85, 0.9], 'elitism_rate': [0.1, 0.2], 'mutation_name': ['InsertMutation', 'SwapMutation'], 'mutation_probability': [0.01, 0.05, 0.1], 'selection_type': ['binary_tournament', 'roulette_wheel'], 'vehicle_construction': ['random', 'bellman_split']}",COMPLETE
556,24266.44,2026-06-03 07:43:42.222427,2026-06-03 07:44:26.548699,0 days 00:00:44.326272,PMXCrossover,0.90,0.20,InsertMutation,0.10,binary_tournament,bellman_split,556,"{'crossover_name': ['PMXCrossover', 'CXCrossover', 'OXCrossover'], 'crossover_probability': [0.75, 0.8, 0.85, 0.9], 'elitism_rate': [0.1, 0.2], 'mutation_name': ['InsertMutation', 'SwapMutation'], 'mutation_probability': [0.01, 0.05, 0.1], 'selection_type': ['binary_tournament', 'roulette_wheel'], 'vehicle_construction': ['random', 'bellman_split']}",COMPLETE
557,25330.50,2026-06-03 07:44:26.548996,2026-06-03 07:45:37.594938,0 days 00:01:11.045942,PMXCrossover,0.85,0.10,InsertMutation,0.01,roulette_wheel,bellman_split,557,"{'crossover_name': ['PMXCrossover', 'CXCrossover', 'OXCrossover'], 'crossover_probability': [0.75, 0.8, 0.85, 0.9], 'elitism_rate': [0.1, 0.2], 'mutation_name': ['InsertMutation', 'SwapMutation'], 'mutation_probability': [0.01, 0.05, 0.1], 'selection_type': ['binary_tournament', 'roulette_wheel'], 'vehicle_construction': ['random', 'bellman_split']}",COMPLETE
558,26167.76,2026-06-03 07:45:37.595211,2026-06-03 07:45:48.421590,0 days 00:00:10.826379,OXCrossover,0.80,0.10,SwapMutation,0.05,binary_tournament,random,558,"{'crossover_name': ['PMXCrossover', 'CXCrossover', 'OXCrossover'], 'crossover_probability': [0.75, 0.8, 0.85, 0.9], 'elitism_rate': [0.1, 0.2], 'mutation_name': ['InsertMutation', 'SwapMutation'], 'mutation_probability': [0.01, 0.05, 0.1], 'selection_type': ['binary_tournament', 'roulette_wheel'], 'vehicle_construction': ['random', 'bellman_split']}",COMPLETE
559,26064.63,2026-06-03 07:45:48.421901,2026-06-03 07:46:59.191175,0 days 00:01:10.769274,OXCrossover,0.75,0.20,SwapMutation,0.10,roulette_wheel,bellman_split,559,"{'crossover_name': ['PMXCrossover', 'CXCrossover', 'OXCrossover'], 'crossover_probability': [0.75, 0.8, 0.85, 0.9], 'elitism_rate': [0.1, 0.2], 'mutation_name': ['InsertMutation', 'SwapMutation'], 'mutation_probability': [0.01, 0.05, 0.1], 'selection_type': ['binary_tournament', 'roulette_wheel'], 'vehicle_construction': ['random', 'bellman_split']}",COMPLETE
560,25778.95,2026-06-03 07:46:59.191474,2026-06-03 07:48:15.803467,0 days 00:01:16.611993,PMXCrossover,0.85,0.10,SwapMutation,0.05,roulette_wheel,bellman_split,560,"{'crossover_name': ['PMXCrossover', 'CXCrossover', 'OXCrossover'], 'crossover_probability': [0.75, 0.8, 0.85, 0.9], 'elitism_rate': [0.1, 0.2], 'mutation_name': ['InsertMutation', 'SwapMutation'], 'mutation_probability': [0.01, 0.05, 0.1], 'selection_type': ['binary_tournament', 'roulette_wheel'], 'vehicle_construction': ['random', 'bellman_split']}",COMPLETE
561,27125.33,2026-06-03 07:48:15.803761,2026-06-03 07:48:21.155637,0 days 00:00:05.351876,PMXCrossover,0.80,0.20,InsertMutation,0.01,binary_tournament,random,561,"{'crossover_name': ['PMXCrossover', 'CXCrossover', 'OXCrossover'], 'crossover_probability': [0.75, 0.8, 0.85, 0.9], 'elitism_rate': [0.1, 0.2], 'mutation_name': ['InsertMutation', 'SwapMutation'], 'mutation_probability': [0.01, 0.05, 0.1], 'selection_type': ['binary_tournament', 'roulette_wheel'], 'vehicle_construction': ['random', 'bellman_split']}",COMPLETE
562,24691.44,2026-06-03 07:48:21.155934,2026-06-03 07:49:12.842771,0 days 00:00:51.686837,OXCrossover,0.90,0.10,InsertMutation,0.10,binary_tournament,bellman_split,562,"{'crossover_name': ['PMXCrossover', 'CXCrossover', 'OXCrossover'], 'crossover_probability': [0.75, 0.8, 0.85, 0.9], 'elitism_rate': [0.1, 0.2], 'mutation_name': ['InsertMutation', 'SwapMutation'], 'mutation_probability': [0.01, 0.05, 0.1], 'selection_type': ['binary_tournament', 'roulette_wheel'], 'vehicle_construction': ['random', 'bellman_split']}",COMPLETE
563,25446.22,2026-06-03 07:49:12.843064,2026-06-03 07:49:44.809203,0 days 00:00:31.966139,PMXCrossover,0.90,0.20,InsertMutation,0.05,roulette_wheel,random,563,"{'crossover_name': ['PMXCrossover', 'CXCrossover', 'OXCrossover'], 'crossover_probability': [0.75, 0.8, 0.85, 0.9], 'elitism_rate': [0.1, 0.2], 'mutation_name': ['InsertMutation', 'SwapMutation'], 'mutation_probability': [0.01, 0.05, 0.1], 'selection_type': ['binary_tournament', 'roulette_wheel'], 'vehicle_construction': ['random', 'bellman_split']}",COMPLETE
564,26096.24,2026-06-03 07:49:44.809530,2026-06-03 07:50:50.636497,0 days 00:01:05.826967,PMXCrossover,0.80,0.20,SwapMutation,0.01,roulette_wheel,bellman_split,564,"{'crossover_name': ['PMXCrossover', 'CXCrossover', 'OXCrossover'], 'crossover_probability': [0.75, 0.8, 0.85, 0.9], 'elitism_rate': [0.1, 0.2], 'mutation_name': ['InsertMutation', 'SwapMutation'], 'mutation_probability': [0.01, 0.05, 0.1], 'selection_type': ['binary_tournament', 'roulette_wheel'], 'vehicle_construction': ['random', 'bellman_split']}",COMPLETE
565,26200.01,2026-06-03 07:50:50.636799,2026-06-03 07:52:11.135851,0 days 00:01:20.499052,OXCrossover,0.90,0.10,SwapMutation,0.10,roulette_wheel,bellman_split,565,"{'crossover_name': ['PMXCrossover', 'CXCrossover', 'OXCrossover'], 'crossover_probability': [0.75, 0.8, 0.85, 0.9], 'elitism_rate': [0.1, 0.2], 'mutation_name': ['InsertMutation', 'SwapMutation'], 'mutation_probability': [0.01, 0.05, 0.1], 'selection_type': ['binary_tournament', 'roulette_wheel'], 'vehicle_construction': ['random', 'bellman_split']}",COMPLETE
566,26797.17,2026-06-03 07:52:11.136169,2026-06-03 07:52:50.576044,0 days 00:00:39.439875,OXCrossover,0.85,0.10,InsertMutation,0.05,roulette_wheel,random,566,"{'crossover_name': ['PMXCrossover', 'CXCrossover', 'OXCrossover'], 'crossover_probability': [0.75, 0.8, 0.85, 0.9], 'elitism_rate': [0.1, 0.2], 'mutation_name': ['InsertMutation', 'SwapMutation'], 'mutation_probability': [0.01, 0.05, 0.1], 'selection_type': ['binary_tournament', 'roulette_wheel'], 'vehicle_construction': ['random', 'bellman_split']}",COMPLETE
567,27709.98,2026-06-03 07:52:50.576366,2026-06-03 07:53:23.445488,0 days 00:00:32.869122,CXCrossover,0.85,0.20,InsertMutation,0.01,roulette_wheel,random,567,"{'crossover_name': ['PMXCrossover', 'CXCrossover', 'OXCrossover'], 'crossover_probability': [0.75, 0.8, 0.85, 0.9], 'elitism_rate': [0.1, 0.2], 'mutation_name': ['InsertMutation', 'SwapMutation'], 'mutation_probability': [0.01, 0.05, 0.1], 'selection_type': ['binary_tournament', 'roulette_wheel'], 'vehicle_construction': ['random', 'bellman_split']}",COMPLETE
568,26273.29,2026-06-03 07:53:23.445813,2026-06-03 07:53:33.001073,0 days 00:00:09.555260,OXCrossover,0.75,0.10,SwapMutation,0.01,binary_tournament,random,568,"{'crossover_name': ['PMXCrossover', 'CXCrossover', 'OXCrossover'], 'crossover_probability': [0.75, 0.8, 0.85, 0.9], 'elitism_rate': [0.1, 0.2], 'mutation_name': ['InsertMutation', 'SwapMutation'], 'mutation_probability': [0.01, 0.05, 0.1], 'selection_type': ['binary_tournament', 'roulette_wheel'], 'vehicle_construction': ['random', 'bellman_split']}",COMPLETE
569,26216.20,2026-06-03 07:53:33.001397,2026-06-03 07:53:43.653001,0 days 00:00:10.651604,OXCrossover,0.80,0.20,SwapMutation,0.05,binary_tournament,random,569,"{'crossover_name': ['PMXCrossover', 'CXCrossover', 'OXCrossover'], 'crossover_probability': [0.75, 0.8, 0.85, 0.9], 'elitism_rate': [0.1, 0.2], 'mutation_name': ['InsertMutation', 'SwapMutation'], 'mutation_probability': [0.01, 0.05, 0.1], 'selection_type': ['binary_tournament', 'roulette_wheel'], 'vehicle_construction': ['random', 'bellman_split']}",COMPLETE
570,27386.78,2026-06-03 07:53:43.653301,2026-06-03 07:54:18.822552,0 days 00:00:35.169251,PMXCrossover,0.80,0.10,SwapMutation,0.10,roulette_wheel,random,570,"{'crossover_name': ['PMXCrossover', 'CXCrossover', 'OXCrossover'], 'crossover_probability': [0.75, 0.8, 0.85, 0.9], 'elitism_rate': [0.1, 0.2], 'mutation_name': ['InsertMutation', 'SwapMutation'], 'mutation_probability': [0.01, 0.05, 0.1], 'selection_type': ['binary_tournament', 'roulette_wheel'], 'vehicle_construction': ['random', 'bellman_split']}",COMPLETE
571,28260.03,2026-06-03 07:54:18.822850,2026-06-03 07:55:00.550138,0 days 00:00:41.727288,CXCrossover,0.80,0.20,SwapMutation,0.01,binary_tournament,bellman_split,571,"{'crossover_name': ['PMXCrossover', 'CXCrossover', 'OXCrossover'], 'crossover_probability': [0.75, 0.8, 0.85, 0.9], 'elitism_rate': [0.1, 0.2], 'mutation_name': ['InsertMutation', 'SwapMutation'], 'mutation_probability': [0.01, 0.05, 0.1], 'selection_type': ['binary_tournament', 'roulette_wheel'], 'vehicle_construction': ['random', 'bellman_split']}",COMPLETE
572,26876.94,2026-06-03 07:55:00.550433,2026-06-03 07:55:38.767396,0 days 00:00:38.216963,PMXCrossover,0.75,0.10,InsertMutation,0.10,binary_tournament,bellman_split,572,"{'crossover_name': ['PMXCrossover', 'CXCrossover', 'OXCrossover'], 'crossover_probability': [0.75, 0.8, 0.85, 0.9], 'elitism_rate': [0.1, 0.2], 'mutation_name': ['InsertMutation', 'SwapMutation'], 'mutation_probability': [0.01, 0.05, 0.1], 'selection_type': ['binary_tournament', 'roulette_wheel'], 'vehicle_construction': ['random', 'bellman_split']}",COMPLETE
