number,value,datetime_start,datetime_complete,duration,params_crossover_name,params_crossover_probability,params_elitism_rate,params_mutation_name,params_mutation_probability,params_selection_type,params_vehicle_construction,system_attrs_grid_id,system_attrs_search_space,state
123,4715.42,2026-06-02 23:12:46.731336,2026-06-02 23:12:52.317810,0 days 00:00:05.586474,CXCrossover,0.90,0.10,InsertMutation,0.01,binary_tournament,random,123,"{'crossover_name': ['PMXCrossover', 'CXCrossover', 'OXCrossover'], 'crossover_probability': [0.75, 0.8, 0.85, 0.9], 'elitism_rate': [0.1, 0.2], 'mutation_name': ['InsertMutation', 'SwapMutation'], 'mutation_probability': [0.01, 0.05, 0.1], 'selection_type': ['binary_tournament', 'roulette_wheel'], 'vehicle_construction': ['random', 'bellman_split']}",COMPLETE
124,4512.64,2026-06-02 23:12:52.318158,2026-06-02 23:12:58.225062,0 days 00:00:05.906904,OXCrossover,0.75,0.20,SwapMutation,0.10,binary_tournament,random,124,"{'crossover_name': ['PMXCrossover', 'CXCrossover', 'OXCrossover'], 'crossover_probability': [0.75, 0.8, 0.85, 0.9], 'elitism_rate': [0.1, 0.2], 'mutation_name': ['InsertMutation', 'SwapMutation'], 'mutation_probability': [0.01, 0.05, 0.1], 'selection_type': ['binary_tournament', 'roulette_wheel'], 'vehicle_construction': ['random', 'bellman_split']}",COMPLETE
125,3456.94,2026-06-02 23:12:58.225609,2026-06-02 23:13:33.376310,0 days 00:00:35.150701,PMXCrossover,0.90,0.20,InsertMutation,0.10,roulette_wheel,bellman_split,125,"{'crossover_name': ['PMXCrossover', 'CXCrossover', 'OXCrossover'], 'crossover_probability': [0.75, 0.8, 0.85, 0.9], 'elitism_rate': [0.1, 0.2], 'mutation_name': ['InsertMutation', 'SwapMutation'], 'mutation_probability': [0.01, 0.05, 0.1], 'selection_type': ['binary_tournament', 'roulette_wheel'], 'vehicle_construction': ['random', 'bellman_split']}",COMPLETE
126,3936.08,2026-06-02 23:13:33.376622,2026-06-02 23:13:55.747140,0 days 00:00:22.370518,OXCrossover,0.90,0.20,InsertMutation,0.10,roulette_wheel,random,126,"{'crossover_name': ['PMXCrossover', 'CXCrossover', 'OXCrossover'], 'crossover_probability': [0.75, 0.8, 0.85, 0.9], 'elitism_rate': [0.1, 0.2], 'mutation_name': ['InsertMutation', 'SwapMutation'], 'mutation_probability': [0.01, 0.05, 0.1], 'selection_type': ['binary_tournament', 'roulette_wheel'], 'vehicle_construction': ['random', 'bellman_split']}",COMPLETE
127,4569.63,2026-06-02 23:13:55.747467,2026-06-02 23:13:59.547928,0 days 00:00:03.800461,CXCrossover,0.80,0.10,InsertMutation,0.01,binary_tournament,random,127,"{'crossover_name': ['PMXCrossover', 'CXCrossover', 'OXCrossover'], 'crossover_probability': [0.75, 0.8, 0.85, 0.9], 'elitism_rate': [0.1, 0.2], 'mutation_name': ['InsertMutation', 'SwapMutation'], 'mutation_probability': [0.01, 0.05, 0.1], 'selection_type': ['binary_tournament', 'roulette_wheel'], 'vehicle_construction': ['random', 'bellman_split']}",COMPLETE
128,3813.55,2026-06-02 23:13:59.548202,2026-06-02 23:14:03.717379,0 days 00:00:04.169177,OXCrossover,0.75,0.20,SwapMutation,0.01,binary_tournament,random,128,"{'crossover_name': ['PMXCrossover', 'CXCrossover', 'OXCrossover'], 'crossover_probability': [0.75, 0.8, 0.85, 0.9], 'elitism_rate': [0.1, 0.2], 'mutation_name': ['InsertMutation', 'SwapMutation'], 'mutation_probability': [0.01, 0.05, 0.1], 'selection_type': ['binary_tournament', 'roulette_wheel'], 'vehicle_construction': ['random', 'bellman_split']}",COMPLETE
129,5278.39,2026-06-02 23:14:03.717840,2026-06-02 23:14:07.647245,0 days 00:00:03.929405,CXCrossover,0.80,0.10,SwapMutation,0.01,binary_tournament,random,129,"{'crossover_name': ['PMXCrossover', 'CXCrossover', 'OXCrossover'], 'crossover_probability': [0.75, 0.8, 0.85, 0.9], 'elitism_rate': [0.1, 0.2], 'mutation_name': ['InsertMutation', 'SwapMutation'], 'mutation_probability': [0.01, 0.05, 0.1], 'selection_type': ['binary_tournament', 'roulette_wheel'], 'vehicle_construction': ['random', 'bellman_split']}",COMPLETE
130,4309.40,2026-06-02 23:14:07.647541,2026-06-02 23:14:22.025900,0 days 00:00:14.378359,CXCrossover,0.80,0.10,InsertMutation,0.10,binary_tournament,bellman_split,130,"{'crossover_name': ['PMXCrossover', 'CXCrossover', 'OXCrossover'], 'crossover_probability': [0.75, 0.8, 0.85, 0.9], 'elitism_rate': [0.1, 0.2], 'mutation_name': ['InsertMutation', 'SwapMutation'], 'mutation_probability': [0.01, 0.05, 0.1], 'selection_type': ['binary_tournament', 'roulette_wheel'], 'vehicle_construction': ['random', 'bellman_split']}",COMPLETE
131,4166.71,2026-06-02 23:14:22.026201,2026-06-02 23:14:26.252365,0 days 00:00:04.226164,CXCrossover,0.85,0.20,InsertMutation,0.10,binary_tournament,random,131,"{'crossover_name': ['PMXCrossover', 'CXCrossover', 'OXCrossover'], 'crossover_probability': [0.75, 0.8, 0.85, 0.9], 'elitism_rate': [0.1, 0.2], 'mutation_name': ['InsertMutation', 'SwapMutation'], 'mutation_probability': [0.01, 0.05, 0.1], 'selection_type': ['binary_tournament', 'roulette_wheel'], 'vehicle_construction': ['random', 'bellman_split']}",COMPLETE
132,5301.35,2026-06-02 23:14:26.252660,2026-06-02 23:14:30.221583,0 days 00:00:03.968923,CXCrossover,0.90,0.20,SwapMutation,0.01,binary_tournament,random,132,"{'crossover_name': ['PMXCrossover', 'CXCrossover', 'OXCrossover'], 'crossover_probability': [0.75, 0.8, 0.85, 0.9], 'elitism_rate': [0.1, 0.2], 'mutation_name': ['InsertMutation', 'SwapMutation'], 'mutation_probability': [0.01, 0.05, 0.1], 'selection_type': ['binary_tournament', 'roulette_wheel'], 'vehicle_construction': ['random', 'bellman_split']}",COMPLETE
133,4463.19,2026-06-02 23:14:30.221949,2026-06-02 23:15:04.422504,0 days 00:00:34.200555,CXCrossover,0.90,0.20,InsertMutation,0.05,roulette_wheel,bellman_split,133,"{'crossover_name': ['PMXCrossover', 'CXCrossover', 'OXCrossover'], 'crossover_probability': [0.75, 0.8, 0.85, 0.9], 'elitism_rate': [0.1, 0.2], 'mutation_name': ['InsertMutation', 'SwapMutation'], 'mutation_probability': [0.01, 0.05, 0.1], 'selection_type': ['binary_tournament', 'roulette_wheel'], 'vehicle_construction': ['random', 'bellman_split']}",COMPLETE
134,4534.13,2026-06-02 23:15:04.422823,2026-06-02 23:15:24.361765,0 days 00:00:19.938942,PMXCrossover,0.85,0.20,SwapMutation,0.01,roulette_wheel,random,134,"{'crossover_name': ['PMXCrossover', 'CXCrossover', 'OXCrossover'], 'crossover_probability': [0.75, 0.8, 0.85, 0.9], 'elitism_rate': [0.1, 0.2], 'mutation_name': ['InsertMutation', 'SwapMutation'], 'mutation_probability': [0.01, 0.05, 0.1], 'selection_type': ['binary_tournament', 'roulette_wheel'], 'vehicle_construction': ['random', 'bellman_split']}",COMPLETE
135,4732.71,2026-06-02 23:15:24.362092,2026-06-02 23:15:28.954109,0 days 00:00:04.592017,CXCrossover,0.90,0.10,SwapMutation,0.10,binary_tournament,random,135,"{'crossover_name': ['PMXCrossover', 'CXCrossover', 'OXCrossover'], 'crossover_probability': [0.75, 0.8, 0.85, 0.9], 'elitism_rate': [0.1, 0.2], 'mutation_name': ['InsertMutation', 'SwapMutation'], 'mutation_probability': [0.01, 0.05, 0.1], 'selection_type': ['binary_tournament', 'roulette_wheel'], 'vehicle_construction': ['random', 'bellman_split']}",COMPLETE
136,3021.89,2026-06-02 23:15:28.954430,2026-06-02 23:15:45.502855,0 days 00:00:16.548425,OXCrossover,0.90,0.20,InsertMutation,0.05,binary_tournament,bellman_split,136,"{'crossover_name': ['PMXCrossover', 'CXCrossover', 'OXCrossover'], 'crossover_probability': [0.75, 0.8, 0.85, 0.9], 'elitism_rate': [0.1, 0.2], 'mutation_name': ['InsertMutation', 'SwapMutation'], 'mutation_probability': [0.01, 0.05, 0.1], 'selection_type': ['binary_tournament', 'roulette_wheel'], 'vehicle_construction': ['random', 'bellman_split']}",COMPLETE
137,3653.19,2026-06-02 23:15:45.503169,2026-06-02 23:16:08.285996,0 days 00:00:22.782827,PMXCrossover,0.90,0.10,SwapMutation,0.05,roulette_wheel,random,137,"{'crossover_name': ['PMXCrossover', 'CXCrossover', 'OXCrossover'], 'crossover_probability': [0.75, 0.8, 0.85, 0.9], 'elitism_rate': [0.1, 0.2], 'mutation_name': ['InsertMutation', 'SwapMutation'], 'mutation_probability': [0.01, 0.05, 0.1], 'selection_type': ['binary_tournament', 'roulette_wheel'], 'vehicle_construction': ['random', 'bellman_split']}",COMPLETE
138,4904.51,2026-06-02 23:16:08.286292,2026-06-02 23:16:12.044089,0 days 00:00:03.757797,CXCrossover,0.75,0.10,InsertMutation,0.05,binary_tournament,random,138,"{'crossover_name': ['PMXCrossover', 'CXCrossover', 'OXCrossover'], 'crossover_probability': [0.75, 0.8, 0.85, 0.9], 'elitism_rate': [0.1, 0.2], 'mutation_name': ['InsertMutation', 'SwapMutation'], 'mutation_probability': [0.01, 0.05, 0.1], 'selection_type': ['binary_tournament', 'roulette_wheel'], 'vehicle_construction': ['random', 'bellman_split']}",COMPLETE
139,4121.79,2026-06-02 23:16:12.044379,2026-06-02 23:16:48.007272,0 days 00:00:35.962893,CXCrossover,0.90,0.10,InsertMutation,0.10,roulette_wheel,bellman_split,139,"{'crossover_name': ['PMXCrossover', 'CXCrossover', 'OXCrossover'], 'crossover_probability': [0.75, 0.8, 0.85, 0.9], 'elitism_rate': [0.1, 0.2], 'mutation_name': ['InsertMutation', 'SwapMutation'], 'mutation_probability': [0.01, 0.05, 0.1], 'selection_type': ['binary_tournament', 'roulette_wheel'], 'vehicle_construction': ['random', 'bellman_split']}",COMPLETE
140,4926.74,2026-06-02 23:16:48.007579,2026-06-02 23:17:01.757096,0 days 00:00:13.749517,CXCrossover,0.75,0.20,SwapMutation,0.05,binary_tournament,bellman_split,140,"{'crossover_name': ['PMXCrossover', 'CXCrossover', 'OXCrossover'], 'crossover_probability': [0.75, 0.8, 0.85, 0.9], 'elitism_rate': [0.1, 0.2], 'mutation_name': ['InsertMutation', 'SwapMutation'], 'mutation_probability': [0.01, 0.05, 0.1], 'selection_type': ['binary_tournament', 'roulette_wheel'], 'vehicle_construction': ['random', 'bellman_split']}",COMPLETE
141,4371.05,2026-06-02 23:17:01.757393,2026-06-02 23:17:27.050699,0 days 00:00:25.293306,OXCrossover,0.80,0.10,SwapMutation,0.10,roulette_wheel,random,141,"{'crossover_name': ['PMXCrossover', 'CXCrossover', 'OXCrossover'], 'crossover_probability': [0.75, 0.8, 0.85, 0.9], 'elitism_rate': [0.1, 0.2], 'mutation_name': ['InsertMutation', 'SwapMutation'], 'mutation_probability': [0.01, 0.05, 0.1], 'selection_type': ['binary_tournament', 'roulette_wheel'], 'vehicle_construction': ['random', 'bellman_split']}",COMPLETE
142,3620.71,2026-06-02 23:17:27.051060,2026-06-02 23:18:00.990831,0 days 00:00:33.939771,OXCrossover,0.85,0.20,SwapMutation,0.05,roulette_wheel,bellman_split,142,"{'crossover_name': ['PMXCrossover', 'CXCrossover', 'OXCrossover'], 'crossover_probability': [0.75, 0.8, 0.85, 0.9], 'elitism_rate': [0.1, 0.2], 'mutation_name': ['InsertMutation', 'SwapMutation'], 'mutation_probability': [0.01, 0.05, 0.1], 'selection_type': ['binary_tournament', 'roulette_wheel'], 'vehicle_construction': ['random', 'bellman_split']}",COMPLETE
143,4309.30,2026-06-02 23:18:00.991155,2026-06-02 23:18:16.731739,0 days 00:00:15.740584,CXCrossover,0.90,0.10,SwapMutation,0.10,binary_tournament,bellman_split,143,"{'crossover_name': ['PMXCrossover', 'CXCrossover', 'OXCrossover'], 'crossover_probability': [0.75, 0.8, 0.85, 0.9], 'elitism_rate': [0.1, 0.2], 'mutation_name': ['InsertMutation', 'SwapMutation'], 'mutation_probability': [0.01, 0.05, 0.1], 'selection_type': ['binary_tournament', 'roulette_wheel'], 'vehicle_construction': ['random', 'bellman_split']}",COMPLETE
144,4375.40,2026-06-02 23:18:16.732031,2026-06-02 23:18:20.484792,0 days 00:00:03.752761,PMXCrossover,0.85,0.20,SwapMutation,0.10,binary_tournament,random,144,"{'crossover_name': ['PMXCrossover', 'CXCrossover', 'OXCrossover'], 'crossover_probability': [0.75, 0.8, 0.85, 0.9], 'elitism_rate': [0.1, 0.2], 'mutation_name': ['InsertMutation', 'SwapMutation'], 'mutation_probability': [0.01, 0.05, 0.1], 'selection_type': ['binary_tournament', 'roulette_wheel'], 'vehicle_construction': ['random', 'bellman_split']}",COMPLETE
145,3291.20,2026-06-02 23:18:20.485113,2026-06-02 23:18:37.025147,0 days 00:00:16.540034,OXCrossover,0.85,0.20,SwapMutation,0.05,binary_tournament,bellman_split,145,"{'crossover_name': ['PMXCrossover', 'CXCrossover', 'OXCrossover'], 'crossover_probability': [0.75, 0.8, 0.85, 0.9], 'elitism_rate': [0.1, 0.2], 'mutation_name': ['InsertMutation', 'SwapMutation'], 'mutation_probability': [0.01, 0.05, 0.1], 'selection_type': ['binary_tournament', 'roulette_wheel'], 'vehicle_construction': ['random', 'bellman_split']}",COMPLETE
146,4208.74,2026-06-02 23:18:37.025573,2026-06-02 23:18:41.711223,0 days 00:00:04.685650,OXCrossover,0.75,0.10,SwapMutation,0.10,binary_tournament,random,146,"{'crossover_name': ['PMXCrossover', 'CXCrossover', 'OXCrossover'], 'crossover_probability': [0.75, 0.8, 0.85, 0.9], 'elitism_rate': [0.1, 0.2], 'mutation_name': ['InsertMutation', 'SwapMutation'], 'mutation_probability': [0.01, 0.05, 0.1], 'selection_type': ['binary_tournament', 'roulette_wheel'], 'vehicle_construction': ['random', 'bellman_split']}",COMPLETE
147,3677.56,2026-06-02 23:18:41.711549,2026-06-02 23:18:56.998325,0 days 00:00:15.286776,PMXCrossover,0.85,0.10,SwapMutation,0.05,binary_tournament,bellman_split,147,"{'crossover_name': ['PMXCrossover', 'CXCrossover', 'OXCrossover'], 'crossover_probability': [0.75, 0.8, 0.85, 0.9], 'elitism_rate': [0.1, 0.2], 'mutation_name': ['InsertMutation', 'SwapMutation'], 'mutation_probability': [0.01, 0.05, 0.1], 'selection_type': ['binary_tournament', 'roulette_wheel'], 'vehicle_construction': ['random', 'bellman_split']}",COMPLETE
148,4318.69,2026-06-02 23:18:56.998629,2026-06-02 23:19:18.010922,0 days 00:00:21.012293,CXCrossover,0.90,0.20,SwapMutation,0.05,roulette_wheel,random,148,"{'crossover_name': ['PMXCrossover', 'CXCrossover', 'OXCrossover'], 'crossover_probability': [0.75, 0.8, 0.85, 0.9], 'elitism_rate': [0.1, 0.2], 'mutation_name': ['InsertMutation', 'SwapMutation'], 'mutation_probability': [0.01, 0.05, 0.1], 'selection_type': ['binary_tournament', 'roulette_wheel'], 'vehicle_construction': ['random', 'bellman_split']}",COMPLETE
149,4308.10,2026-06-02 23:19:18.011234,2026-06-02 23:19:22.248147,0 days 00:00:04.236913,PMXCrossover,0.80,0.20,InsertMutation,0.05,binary_tournament,random,149,"{'crossover_name': ['PMXCrossover', 'CXCrossover', 'OXCrossover'], 'crossover_probability': [0.75, 0.8, 0.85, 0.9], 'elitism_rate': [0.1, 0.2], 'mutation_name': ['InsertMutation', 'SwapMutation'], 'mutation_probability': [0.01, 0.05, 0.1], 'selection_type': ['binary_tournament', 'roulette_wheel'], 'vehicle_construction': ['random', 'bellman_split']}",COMPLETE
150,3848.29,2026-06-02 23:19:22.248438,2026-06-02 23:19:25.672343,0 days 00:00:03.423905,PMXCrossover,0.90,0.20,InsertMutation,0.05,binary_tournament,random,150,"{'crossover_name': ['PMXCrossover', 'CXCrossover', 'OXCrossover'], 'crossover_probability': [0.75, 0.8, 0.85, 0.9], 'elitism_rate': [0.1, 0.2], 'mutation_name': ['InsertMutation', 'SwapMutation'], 'mutation_probability': [0.01, 0.05, 0.1], 'selection_type': ['binary_tournament', 'roulette_wheel'], 'vehicle_construction': ['random', 'bellman_split']}",COMPLETE
151,3092.04,2026-06-02 23:19:25.672694,2026-06-02 23:19:41.627215,0 days 00:00:15.954521,OXCrossover,0.85,0.20,InsertMutation,0.01,binary_tournament,bellman_split,151,"{'crossover_name': ['PMXCrossover', 'CXCrossover', 'OXCrossover'], 'crossover_probability': [0.75, 0.8, 0.85, 0.9], 'elitism_rate': [0.1, 0.2], 'mutation_name': ['InsertMutation', 'SwapMutation'], 'mutation_probability': [0.01, 0.05, 0.1], 'selection_type': ['binary_tournament', 'roulette_wheel'], 'vehicle_construction': ['random', 'bellman_split']}",COMPLETE
152,4009.26,2026-06-02 23:19:41.627541,2026-06-02 23:19:56.655395,0 days 00:00:15.027854,PMXCrossover,0.90,0.10,SwapMutation,0.01,binary_tournament,bellman_split,152,"{'crossover_name': ['PMXCrossover', 'CXCrossover', 'OXCrossover'], 'crossover_probability': [0.75, 0.8, 0.85, 0.9], 'elitism_rate': [0.1, 0.2], 'mutation_name': ['InsertMutation', 'SwapMutation'], 'mutation_probability': [0.01, 0.05, 0.1], 'selection_type': ['binary_tournament', 'roulette_wheel'], 'vehicle_construction': ['random', 'bellman_split']}",COMPLETE
153,3847.70,2026-06-02 23:19:56.655766,2026-06-02 23:20:01.864696,0 days 00:00:05.208930,OXCrossover,0.90,0.20,SwapMutation,0.10,binary_tournament,random,153,"{'crossover_name': ['PMXCrossover', 'CXCrossover', 'OXCrossover'], 'crossover_probability': [0.75, 0.8, 0.85, 0.9], 'elitism_rate': [0.1, 0.2], 'mutation_name': ['InsertMutation', 'SwapMutation'], 'mutation_probability': [0.01, 0.05, 0.1], 'selection_type': ['binary_tournament', 'roulette_wheel'], 'vehicle_construction': ['random', 'bellman_split']}",COMPLETE
154,3292.52,2026-06-02 23:20:01.865015,2026-06-02 23:20:35.903485,0 days 00:00:34.038470,OXCrossover,0.85,0.20,InsertMutation,0.10,roulette_wheel,bellman_split,154,"{'crossover_name': ['PMXCrossover', 'CXCrossover', 'OXCrossover'], 'crossover_probability': [0.75, 0.8, 0.85, 0.9], 'elitism_rate': [0.1, 0.2], 'mutation_name': ['InsertMutation', 'SwapMutation'], 'mutation_probability': [0.01, 0.05, 0.1], 'selection_type': ['binary_tournament', 'roulette_wheel'], 'vehicle_construction': ['random', 'bellman_split']}",COMPLETE
155,5137.64,2026-06-02 23:20:35.903754,2026-06-02 23:20:39.746285,0 days 00:00:03.842531,CXCrossover,0.85,0.20,InsertMutation,0.01,binary_tournament,random,155,"{'crossover_name': ['PMXCrossover', 'CXCrossover', 'OXCrossover'], 'crossover_probability': [0.75, 0.8, 0.85, 0.9], 'elitism_rate': [0.1, 0.2], 'mutation_name': ['InsertMutation', 'SwapMutation'], 'mutation_probability': [0.01, 0.05, 0.1], 'selection_type': ['binary_tournament', 'roulette_wheel'], 'vehicle_construction': ['random', 'bellman_split']}",COMPLETE
156,4562.81,2026-06-02 23:20:39.746644,2026-06-02 23:20:44.023065,0 days 00:00:04.276421,CXCrossover,0.90,0.10,SwapMutation,0.01,binary_tournament,random,156,"{'crossover_name': ['PMXCrossover', 'CXCrossover', 'OXCrossover'], 'crossover_probability': [0.75, 0.8, 0.85, 0.9], 'elitism_rate': [0.1, 0.2], 'mutation_name': ['InsertMutation', 'SwapMutation'], 'mutation_probability': [0.01, 0.05, 0.1], 'selection_type': ['binary_tournament', 'roulette_wheel'], 'vehicle_construction': ['random', 'bellman_split']}",COMPLETE
157,4647.85,2026-06-02 23:20:44.023390,2026-06-02 23:21:18.291307,0 days 00:00:34.267917,CXCrossover,0.85,0.10,SwapMutation,0.01,roulette_wheel,bellman_split,157,"{'crossover_name': ['PMXCrossover', 'CXCrossover', 'OXCrossover'], 'crossover_probability': [0.75, 0.8, 0.85, 0.9], 'elitism_rate': [0.1, 0.2], 'mutation_name': ['InsertMutation', 'SwapMutation'], 'mutation_probability': [0.01, 0.05, 0.1], 'selection_type': ['binary_tournament', 'roulette_wheel'], 'vehicle_construction': ['random', 'bellman_split']}",COMPLETE
158,4176.21,2026-06-02 23:21:18.291578,2026-06-02 23:21:42.109775,0 days 00:00:23.818197,OXCrossover,0.80,0.10,InsertMutation,0.05,roulette_wheel,random,158,"{'crossover_name': ['PMXCrossover', 'CXCrossover', 'OXCrossover'], 'crossover_probability': [0.75, 0.8, 0.85, 0.9], 'elitism_rate': [0.1, 0.2], 'mutation_name': ['InsertMutation', 'SwapMutation'], 'mutation_probability': [0.01, 0.05, 0.1], 'selection_type': ['binary_tournament', 'roulette_wheel'], 'vehicle_construction': ['random', 'bellman_split']}",COMPLETE
159,4377.63,2026-06-02 23:21:42.110110,2026-06-02 23:22:06.431544,0 days 00:00:24.321434,CXCrossover,0.90,0.20,InsertMutation,0.05,roulette_wheel,random,159,"{'crossover_name': ['PMXCrossover', 'CXCrossover', 'OXCrossover'], 'crossover_probability': [0.75, 0.8, 0.85, 0.9], 'elitism_rate': [0.1, 0.2], 'mutation_name': ['InsertMutation', 'SwapMutation'], 'mutation_probability': [0.01, 0.05, 0.1], 'selection_type': ['binary_tournament', 'roulette_wheel'], 'vehicle_construction': ['random', 'bellman_split']}",COMPLETE
160,4141.59,2026-06-02 23:22:06.431980,2026-06-02 23:22:10.158401,0 days 00:00:03.726421,PMXCrossover,0.85,0.10,SwapMutation,0.05,binary_tournament,random,160,"{'crossover_name': ['PMXCrossover', 'CXCrossover', 'OXCrossover'], 'crossover_probability': [0.75, 0.8, 0.85, 0.9], 'elitism_rate': [0.1, 0.2], 'mutation_name': ['InsertMutation', 'SwapMutation'], 'mutation_probability': [0.01, 0.05, 0.1], 'selection_type': ['binary_tournament', 'roulette_wheel'], 'vehicle_construction': ['random', 'bellman_split']}",COMPLETE
161,3826.32,2026-06-02 23:22:10.158780,2026-06-02 23:22:13.824505,0 days 00:00:03.665725,PMXCrossover,0.80,0.10,SwapMutation,0.10,binary_tournament,random,161,"{'crossover_name': ['PMXCrossover', 'CXCrossover', 'OXCrossover'], 'crossover_probability': [0.75, 0.8, 0.85, 0.9], 'elitism_rate': [0.1, 0.2], 'mutation_name': ['InsertMutation', 'SwapMutation'], 'mutation_probability': [0.01, 0.05, 0.1], 'selection_type': ['binary_tournament', 'roulette_wheel'], 'vehicle_construction': ['random', 'bellman_split']}",COMPLETE
162,4451.33,2026-06-02 23:22:13.825076,2026-06-02 23:22:18.250430,0 days 00:00:04.425354,CXCrossover,0.85,0.20,SwapMutation,0.10,binary_tournament,random,162,"{'crossover_name': ['PMXCrossover', 'CXCrossover', 'OXCrossover'], 'crossover_probability': [0.75, 0.8, 0.85, 0.9], 'elitism_rate': [0.1, 0.2], 'mutation_name': ['InsertMutation', 'SwapMutation'], 'mutation_probability': [0.01, 0.05, 0.1], 'selection_type': ['binary_tournament', 'roulette_wheel'], 'vehicle_construction': ['random', 'bellman_split']}",COMPLETE
163,4006.83,2026-06-02 23:22:18.250740,2026-06-02 23:22:22.004950,0 days 00:00:03.754210,PMXCrossover,0.90,0.20,SwapMutation,0.10,binary_tournament,random,163,"{'crossover_name': ['PMXCrossover', 'CXCrossover', 'OXCrossover'], 'crossover_probability': [0.75, 0.8, 0.85, 0.9], 'elitism_rate': [0.1, 0.2], 'mutation_name': ['InsertMutation', 'SwapMutation'], 'mutation_probability': [0.01, 0.05, 0.1], 'selection_type': ['binary_tournament', 'roulette_wheel'], 'vehicle_construction': ['random', 'bellman_split']}",COMPLETE
