number,value,datetime_start,datetime_complete,duration,params_crossover_name,params_crossover_probability,params_elitism_rate,params_mutation_name,params_mutation_probability,params_selection_type,params_vehicle_construction,system_attrs_grid_id,system_attrs_search_space,state
368,27515.67,2026-06-03 05:32:56.366591,2026-06-03 05:33:03.990875,0 days 00:00:07.624284,PMXCrossover,0.85,0.10,InsertMutation,0.10,binary_tournament,random,368,"{'crossover_name': ['PMXCrossover', 'CXCrossover', 'OXCrossover'], 'crossover_probability': [0.75, 0.8, 0.85, 0.9], 'elitism_rate': [0.1, 0.2], 'mutation_name': ['InsertMutation', 'SwapMutation'], 'mutation_probability': [0.01, 0.05, 0.1], 'selection_type': ['binary_tournament', 'roulette_wheel'], 'vehicle_construction': ['random', 'bellman_split']}",COMPLETE
369,26075.04,2026-06-03 05:33:03.991311,2026-06-03 05:33:46.041505,0 days 00:00:42.050194,OXCrossover,0.80,0.20,InsertMutation,0.05,roulette_wheel,random,369,"{'crossover_name': ['PMXCrossover', 'CXCrossover', 'OXCrossover'], 'crossover_probability': [0.75, 0.8, 0.85, 0.9], 'elitism_rate': [0.1, 0.2], 'mutation_name': ['InsertMutation', 'SwapMutation'], 'mutation_probability': [0.01, 0.05, 0.1], 'selection_type': ['binary_tournament', 'roulette_wheel'], 'vehicle_construction': ['random', 'bellman_split']}",COMPLETE
370,25527.72,2026-06-03 05:33:46.041826,2026-06-03 05:34:26.563417,0 days 00:00:40.521591,OXCrossover,0.80,0.20,InsertMutation,0.01,roulette_wheel,random,370,"{'crossover_name': ['PMXCrossover', 'CXCrossover', 'OXCrossover'], 'crossover_probability': [0.75, 0.8, 0.85, 0.9], 'elitism_rate': [0.1, 0.2], 'mutation_name': ['InsertMutation', 'SwapMutation'], 'mutation_probability': [0.01, 0.05, 0.1], 'selection_type': ['binary_tournament', 'roulette_wheel'], 'vehicle_construction': ['random', 'bellman_split']}",COMPLETE
371,26657.89,2026-06-03 05:34:26.563748,2026-06-03 05:34:39.201824,0 days 00:00:12.638076,OXCrossover,0.80,0.20,InsertMutation,0.10,binary_tournament,random,371,"{'crossover_name': ['PMXCrossover', 'CXCrossover', 'OXCrossover'], 'crossover_probability': [0.75, 0.8, 0.85, 0.9], 'elitism_rate': [0.1, 0.2], 'mutation_name': ['InsertMutation', 'SwapMutation'], 'mutation_probability': [0.01, 0.05, 0.1], 'selection_type': ['binary_tournament', 'roulette_wheel'], 'vehicle_construction': ['random', 'bellman_split']}",COMPLETE
372,26246.22,2026-06-03 05:34:39.202130,2026-06-03 05:36:03.857593,0 days 00:01:24.655463,CXCrossover,0.75,0.10,SwapMutation,0.10,roulette_wheel,bellman_split,372,"{'crossover_name': ['PMXCrossover', 'CXCrossover', 'OXCrossover'], 'crossover_probability': [0.75, 0.8, 0.85, 0.9], 'elitism_rate': [0.1, 0.2], 'mutation_name': ['InsertMutation', 'SwapMutation'], 'mutation_probability': [0.01, 0.05, 0.1], 'selection_type': ['binary_tournament', 'roulette_wheel'], 'vehicle_construction': ['random', 'bellman_split']}",COMPLETE
373,24423.76,2026-06-03 05:36:03.858042,2026-06-03 05:36:17.074368,0 days 00:00:13.216326,OXCrossover,0.85,0.20,InsertMutation,0.10,binary_tournament,random,373,"{'crossover_name': ['PMXCrossover', 'CXCrossover', 'OXCrossover'], 'crossover_probability': [0.75, 0.8, 0.85, 0.9], 'elitism_rate': [0.1, 0.2], 'mutation_name': ['InsertMutation', 'SwapMutation'], 'mutation_probability': [0.01, 0.05, 0.1], 'selection_type': ['binary_tournament', 'roulette_wheel'], 'vehicle_construction': ['random', 'bellman_split']}",COMPLETE
374,26265.36,2026-06-03 05:36:17.074697,2026-06-03 05:37:11.550928,0 days 00:00:54.476231,PMXCrossover,0.90,0.20,SwapMutation,0.10,binary_tournament,bellman_split,374,"{'crossover_name': ['PMXCrossover', 'CXCrossover', 'OXCrossover'], 'crossover_probability': [0.75, 0.8, 0.85, 0.9], 'elitism_rate': [0.1, 0.2], 'mutation_name': ['InsertMutation', 'SwapMutation'], 'mutation_probability': [0.01, 0.05, 0.1], 'selection_type': ['binary_tournament', 'roulette_wheel'], 'vehicle_construction': ['random', 'bellman_split']}",COMPLETE
375,26901.82,2026-06-03 05:37:11.551337,2026-06-03 05:37:55.491792,0 days 00:00:43.940455,CXCrossover,0.75,0.10,SwapMutation,0.10,roulette_wheel,random,375,"{'crossover_name': ['PMXCrossover', 'CXCrossover', 'OXCrossover'], 'crossover_probability': [0.75, 0.8, 0.85, 0.9], 'elitism_rate': [0.1, 0.2], 'mutation_name': ['InsertMutation', 'SwapMutation'], 'mutation_probability': [0.01, 0.05, 0.1], 'selection_type': ['binary_tournament', 'roulette_wheel'], 'vehicle_construction': ['random', 'bellman_split']}",COMPLETE
376,24556.16,2026-06-03 05:37:55.492230,2026-06-03 05:39:35.671251,0 days 00:01:40.179021,OXCrossover,0.90,0.10,InsertMutation,0.01,roulette_wheel,bellman_split,376,"{'crossover_name': ['PMXCrossover', 'CXCrossover', 'OXCrossover'], 'crossover_probability': [0.75, 0.8, 0.85, 0.9], 'elitism_rate': [0.1, 0.2], 'mutation_name': ['InsertMutation', 'SwapMutation'], 'mutation_probability': [0.01, 0.05, 0.1], 'selection_type': ['binary_tournament', 'roulette_wheel'], 'vehicle_construction': ['random', 'bellman_split']}",COMPLETE
377,30164.61,2026-06-03 05:39:35.671586,2026-06-03 05:39:44.356693,0 days 00:00:08.685107,CXCrossover,0.75,0.10,SwapMutation,0.01,binary_tournament,random,377,"{'crossover_name': ['PMXCrossover', 'CXCrossover', 'OXCrossover'], 'crossover_probability': [0.75, 0.8, 0.85, 0.9], 'elitism_rate': [0.1, 0.2], 'mutation_name': ['InsertMutation', 'SwapMutation'], 'mutation_probability': [0.01, 0.05, 0.1], 'selection_type': ['binary_tournament', 'roulette_wheel'], 'vehicle_construction': ['random', 'bellman_split']}",COMPLETE
378,27673.72,2026-06-03 05:39:44.357001,2026-06-03 05:40:21.038008,0 days 00:00:36.681007,CXCrossover,0.75,0.20,SwapMutation,0.05,roulette_wheel,random,378,"{'crossover_name': ['PMXCrossover', 'CXCrossover', 'OXCrossover'], 'crossover_probability': [0.75, 0.8, 0.85, 0.9], 'elitism_rate': [0.1, 0.2], 'mutation_name': ['InsertMutation', 'SwapMutation'], 'mutation_probability': [0.01, 0.05, 0.1], 'selection_type': ['binary_tournament', 'roulette_wheel'], 'vehicle_construction': ['random', 'bellman_split']}",COMPLETE
379,27299.24,2026-06-03 05:40:21.038302,2026-06-03 05:41:31.687383,0 days 00:01:10.649081,CXCrossover,0.80,0.10,SwapMutation,0.05,roulette_wheel,bellman_split,379,"{'crossover_name': ['PMXCrossover', 'CXCrossover', 'OXCrossover'], 'crossover_probability': [0.75, 0.8, 0.85, 0.9], 'elitism_rate': [0.1, 0.2], 'mutation_name': ['InsertMutation', 'SwapMutation'], 'mutation_probability': [0.01, 0.05, 0.1], 'selection_type': ['binary_tournament', 'roulette_wheel'], 'vehicle_construction': ['random', 'bellman_split']}",COMPLETE
380,26273.22,2026-06-03 05:41:31.687679,2026-06-03 05:42:40.453286,0 days 00:01:08.765607,PMXCrossover,0.80,0.10,SwapMutation,0.05,roulette_wheel,bellman_split,380,"{'crossover_name': ['PMXCrossover', 'CXCrossover', 'OXCrossover'], 'crossover_probability': [0.75, 0.8, 0.85, 0.9], 'elitism_rate': [0.1, 0.2], 'mutation_name': ['InsertMutation', 'SwapMutation'], 'mutation_probability': [0.01, 0.05, 0.1], 'selection_type': ['binary_tournament', 'roulette_wheel'], 'vehicle_construction': ['random', 'bellman_split']}",COMPLETE
381,28768.72,2026-06-03 05:42:40.453613,2026-06-03 05:42:45.770372,0 days 00:00:05.316759,PMXCrossover,0.75,0.20,InsertMutation,0.01,binary_tournament,random,381,"{'crossover_name': ['PMXCrossover', 'CXCrossover', 'OXCrossover'], 'crossover_probability': [0.75, 0.8, 0.85, 0.9], 'elitism_rate': [0.1, 0.2], 'mutation_name': ['InsertMutation', 'SwapMutation'], 'mutation_probability': [0.01, 0.05, 0.1], 'selection_type': ['binary_tournament', 'roulette_wheel'], 'vehicle_construction': ['random', 'bellman_split']}",COMPLETE
382,28155.75,2026-06-03 05:42:45.770667,2026-06-03 05:43:33.360961,0 days 00:00:47.590294,CXCrossover,0.90,0.20,SwapMutation,0.10,binary_tournament,bellman_split,382,"{'crossover_name': ['PMXCrossover', 'CXCrossover', 'OXCrossover'], 'crossover_probability': [0.75, 0.8, 0.85, 0.9], 'elitism_rate': [0.1, 0.2], 'mutation_name': ['InsertMutation', 'SwapMutation'], 'mutation_probability': [0.01, 0.05, 0.1], 'selection_type': ['binary_tournament', 'roulette_wheel'], 'vehicle_construction': ['random', 'bellman_split']}",COMPLETE
383,30456.30,2026-06-03 05:43:33.361283,2026-06-03 05:43:40.748702,0 days 00:00:07.387419,CXCrossover,0.75,0.20,InsertMutation,0.01,binary_tournament,random,383,"{'crossover_name': ['PMXCrossover', 'CXCrossover', 'OXCrossover'], 'crossover_probability': [0.75, 0.8, 0.85, 0.9], 'elitism_rate': [0.1, 0.2], 'mutation_name': ['InsertMutation', 'SwapMutation'], 'mutation_probability': [0.01, 0.05, 0.1], 'selection_type': ['binary_tournament', 'roulette_wheel'], 'vehicle_construction': ['random', 'bellman_split']}",COMPLETE
384,29652.74,2026-06-03 05:43:40.749034,2026-06-03 05:43:48.959450,0 days 00:00:08.210416,CXCrossover,0.85,0.10,SwapMutation,0.01,binary_tournament,random,384,"{'crossover_name': ['PMXCrossover', 'CXCrossover', 'OXCrossover'], 'crossover_probability': [0.75, 0.8, 0.85, 0.9], 'elitism_rate': [0.1, 0.2], 'mutation_name': ['InsertMutation', 'SwapMutation'], 'mutation_probability': [0.01, 0.05, 0.1], 'selection_type': ['binary_tournament', 'roulette_wheel'], 'vehicle_construction': ['random', 'bellman_split']}",COMPLETE
385,25192.15,2026-06-03 05:43:48.959745,2026-06-03 05:43:59.145631,0 days 00:00:10.185886,OXCrossover,0.80,0.10,InsertMutation,0.01,binary_tournament,random,385,"{'crossover_name': ['PMXCrossover', 'CXCrossover', 'OXCrossover'], 'crossover_probability': [0.75, 0.8, 0.85, 0.9], 'elitism_rate': [0.1, 0.2], 'mutation_name': ['InsertMutation', 'SwapMutation'], 'mutation_probability': [0.01, 0.05, 0.1], 'selection_type': ['binary_tournament', 'roulette_wheel'], 'vehicle_construction': ['random', 'bellman_split']}",COMPLETE
386,28731.80,2026-06-03 05:43:59.145952,2026-06-03 05:45:05.843356,0 days 00:01:06.697404,CXCrossover,0.75,0.20,InsertMutation,0.05,roulette_wheel,bellman_split,386,"{'crossover_name': ['PMXCrossover', 'CXCrossover', 'OXCrossover'], 'crossover_probability': [0.75, 0.8, 0.85, 0.9], 'elitism_rate': [0.1, 0.2], 'mutation_name': ['InsertMutation', 'SwapMutation'], 'mutation_probability': [0.01, 0.05, 0.1], 'selection_type': ['binary_tournament', 'roulette_wheel'], 'vehicle_construction': ['random', 'bellman_split']}",COMPLETE
387,26196.95,2026-06-03 05:45:05.843659,2026-06-03 05:45:49.238150,0 days 00:00:43.394491,PMXCrossover,0.85,0.20,InsertMutation,0.10,binary_tournament,bellman_split,387,"{'crossover_name': ['PMXCrossover', 'CXCrossover', 'OXCrossover'], 'crossover_probability': [0.75, 0.8, 0.85, 0.9], 'elitism_rate': [0.1, 0.2], 'mutation_name': ['InsertMutation', 'SwapMutation'], 'mutation_probability': [0.01, 0.05, 0.1], 'selection_type': ['binary_tournament', 'roulette_wheel'], 'vehicle_construction': ['random', 'bellman_split']}",COMPLETE
388,24407.38,2026-06-03 05:45:49.238467,2026-06-03 05:45:59.733909,0 days 00:00:10.495442,OXCrossover,0.85,0.20,InsertMutation,0.01,binary_tournament,random,388,"{'crossover_name': ['PMXCrossover', 'CXCrossover', 'OXCrossover'], 'crossover_probability': [0.75, 0.8, 0.85, 0.9], 'elitism_rate': [0.1, 0.2], 'mutation_name': ['InsertMutation', 'SwapMutation'], 'mutation_probability': [0.01, 0.05, 0.1], 'selection_type': ['binary_tournament', 'roulette_wheel'], 'vehicle_construction': ['random', 'bellman_split']}",COMPLETE
389,25163.36,2026-06-03 05:45:59.734291,2026-06-03 05:47:13.213519,0 days 00:01:13.479228,PMXCrossover,0.85,0.10,SwapMutation,0.01,roulette_wheel,bellman_split,389,"{'crossover_name': ['PMXCrossover', 'CXCrossover', 'OXCrossover'], 'crossover_probability': [0.75, 0.8, 0.85, 0.9], 'elitism_rate': [0.1, 0.2], 'mutation_name': ['InsertMutation', 'SwapMutation'], 'mutation_probability': [0.01, 0.05, 0.1], 'selection_type': ['binary_tournament', 'roulette_wheel'], 'vehicle_construction': ['random', 'bellman_split']}",COMPLETE
390,26713.16,2026-06-03 05:47:13.213837,2026-06-03 05:47:49.561271,0 days 00:00:36.347434,PMXCrossover,0.90,0.10,SwapMutation,0.10,roulette_wheel,random,390,"{'crossover_name': ['PMXCrossover', 'CXCrossover', 'OXCrossover'], 'crossover_probability': [0.75, 0.8, 0.85, 0.9], 'elitism_rate': [0.1, 0.2], 'mutation_name': ['InsertMutation', 'SwapMutation'], 'mutation_probability': [0.01, 0.05, 0.1], 'selection_type': ['binary_tournament', 'roulette_wheel'], 'vehicle_construction': ['random', 'bellman_split']}",COMPLETE
391,30186.45,2026-06-03 05:47:49.561585,2026-06-03 05:48:57.873492,0 days 00:01:08.311907,CXCrossover,0.80,0.20,InsertMutation,0.01,roulette_wheel,bellman_split,391,"{'crossover_name': ['PMXCrossover', 'CXCrossover', 'OXCrossover'], 'crossover_probability': [0.75, 0.8, 0.85, 0.9], 'elitism_rate': [0.1, 0.2], 'mutation_name': ['InsertMutation', 'SwapMutation'], 'mutation_probability': [0.01, 0.05, 0.1], 'selection_type': ['binary_tournament', 'roulette_wheel'], 'vehicle_construction': ['random', 'bellman_split']}",COMPLETE
392,29092.67,2026-06-03 05:48:57.873817,2026-06-03 05:50:07.329999,0 days 00:01:09.456182,CXCrossover,0.75,0.10,SwapMutation,0.01,roulette_wheel,bellman_split,392,"{'crossover_name': ['PMXCrossover', 'CXCrossover', 'OXCrossover'], 'crossover_probability': [0.75, 0.8, 0.85, 0.9], 'elitism_rate': [0.1, 0.2], 'mutation_name': ['InsertMutation', 'SwapMutation'], 'mutation_probability': [0.01, 0.05, 0.1], 'selection_type': ['binary_tournament', 'roulette_wheel'], 'vehicle_construction': ['random', 'bellman_split']}",COMPLETE
393,25879.66,2026-06-03 05:50:07.330298,2026-06-03 05:50:13.595998,0 days 00:00:06.265700,PMXCrossover,0.75,0.20,SwapMutation,0.05,binary_tournament,random,393,"{'crossover_name': ['PMXCrossover', 'CXCrossover', 'OXCrossover'], 'crossover_probability': [0.75, 0.8, 0.85, 0.9], 'elitism_rate': [0.1, 0.2], 'mutation_name': ['InsertMutation', 'SwapMutation'], 'mutation_probability': [0.01, 0.05, 0.1], 'selection_type': ['binary_tournament', 'roulette_wheel'], 'vehicle_construction': ['random', 'bellman_split']}",COMPLETE
394,28480.66,2026-06-03 05:50:13.596322,2026-06-03 05:50:47.203062,0 days 00:00:33.606740,CXCrossover,0.80,0.20,InsertMutation,0.10,roulette_wheel,random,394,"{'crossover_name': ['PMXCrossover', 'CXCrossover', 'OXCrossover'], 'crossover_probability': [0.75, 0.8, 0.85, 0.9], 'elitism_rate': [0.1, 0.2], 'mutation_name': ['InsertMutation', 'SwapMutation'], 'mutation_probability': [0.01, 0.05, 0.1], 'selection_type': ['binary_tournament', 'roulette_wheel'], 'vehicle_construction': ['random', 'bellman_split']}",COMPLETE
395,25954.92,2026-06-03 05:50:47.203384,2026-06-03 05:51:22.825514,0 days 00:00:35.622130,OXCrossover,0.80,0.20,SwapMutation,0.01,roulette_wheel,random,395,"{'crossover_name': ['PMXCrossover', 'CXCrossover', 'OXCrossover'], 'crossover_probability': [0.75, 0.8, 0.85, 0.9], 'elitism_rate': [0.1, 0.2], 'mutation_name': ['InsertMutation', 'SwapMutation'], 'mutation_probability': [0.01, 0.05, 0.1], 'selection_type': ['binary_tournament', 'roulette_wheel'], 'vehicle_construction': ['random', 'bellman_split']}",COMPLETE
396,26068.76,2026-06-03 05:51:22.825787,2026-06-03 05:52:30.308142,0 days 00:01:07.482355,PMXCrossover,0.80,0.20,InsertMutation,0.05,roulette_wheel,bellman_split,396,"{'crossover_name': ['PMXCrossover', 'CXCrossover', 'OXCrossover'], 'crossover_probability': [0.75, 0.8, 0.85, 0.9], 'elitism_rate': [0.1, 0.2], 'mutation_name': ['InsertMutation', 'SwapMutation'], 'mutation_probability': [0.01, 0.05, 0.1], 'selection_type': ['binary_tournament', 'roulette_wheel'], 'vehicle_construction': ['random', 'bellman_split']}",COMPLETE
397,25954.08,2026-06-03 05:52:30.308476,2026-06-03 05:52:40.770011,0 days 00:00:10.461535,OXCrossover,0.75,0.20,InsertMutation,0.10,binary_tournament,random,397,"{'crossover_name': ['PMXCrossover', 'CXCrossover', 'OXCrossover'], 'crossover_probability': [0.75, 0.8, 0.85, 0.9], 'elitism_rate': [0.1, 0.2], 'mutation_name': ['InsertMutation', 'SwapMutation'], 'mutation_probability': [0.01, 0.05, 0.1], 'selection_type': ['binary_tournament', 'roulette_wheel'], 'vehicle_construction': ['random', 'bellman_split']}",COMPLETE
398,25269.22,2026-06-03 05:52:40.770338,2026-06-03 05:53:17.258052,0 days 00:00:36.487714,OXCrossover,0.85,0.20,InsertMutation,0.01,roulette_wheel,random,398,"{'crossover_name': ['PMXCrossover', 'CXCrossover', 'OXCrossover'], 'crossover_probability': [0.75, 0.8, 0.85, 0.9], 'elitism_rate': [0.1, 0.2], 'mutation_name': ['InsertMutation', 'SwapMutation'], 'mutation_probability': [0.01, 0.05, 0.1], 'selection_type': ['binary_tournament', 'roulette_wheel'], 'vehicle_construction': ['random', 'bellman_split']}",COMPLETE
399,28736.33,2026-06-03 05:53:17.258382,2026-06-03 05:54:27.948641,0 days 00:01:10.690259,CXCrossover,0.85,0.20,SwapMutation,0.01,roulette_wheel,bellman_split,399,"{'crossover_name': ['PMXCrossover', 'CXCrossover', 'OXCrossover'], 'crossover_probability': [0.75, 0.8, 0.85, 0.9], 'elitism_rate': [0.1, 0.2], 'mutation_name': ['InsertMutation', 'SwapMutation'], 'mutation_probability': [0.01, 0.05, 0.1], 'selection_type': ['binary_tournament', 'roulette_wheel'], 'vehicle_construction': ['random', 'bellman_split']}",COMPLETE
400,25924.99,2026-06-03 05:54:27.949026,2026-06-03 05:55:05.525418,0 days 00:00:37.576392,PMXCrossover,0.75,0.10,SwapMutation,0.01,binary_tournament,bellman_split,400,"{'crossover_name': ['PMXCrossover', 'CXCrossover', 'OXCrossover'], 'crossover_probability': [0.75, 0.8, 0.85, 0.9], 'elitism_rate': [0.1, 0.2], 'mutation_name': ['InsertMutation', 'SwapMutation'], 'mutation_probability': [0.01, 0.05, 0.1], 'selection_type': ['binary_tournament', 'roulette_wheel'], 'vehicle_construction': ['random', 'bellman_split']}",COMPLETE
401,27133.43,2026-06-03 05:55:05.525717,2026-06-03 05:56:15.322078,0 days 00:01:09.796361,CXCrossover,0.80,0.20,SwapMutation,0.10,roulette_wheel,bellman_split,401,"{'crossover_name': ['PMXCrossover', 'CXCrossover', 'OXCrossover'], 'crossover_probability': [0.75, 0.8, 0.85, 0.9], 'elitism_rate': [0.1, 0.2], 'mutation_name': ['InsertMutation', 'SwapMutation'], 'mutation_probability': [0.01, 0.05, 0.1], 'selection_type': ['binary_tournament', 'roulette_wheel'], 'vehicle_construction': ['random', 'bellman_split']}",COMPLETE
402,30186.00,2026-06-03 05:56:15.322395,2026-06-03 05:56:48.584989,0 days 00:00:33.262594,CXCrossover,0.85,0.20,SwapMutation,0.01,roulette_wheel,random,402,"{'crossover_name': ['PMXCrossover', 'CXCrossover', 'OXCrossover'], 'crossover_probability': [0.75, 0.8, 0.85, 0.9], 'elitism_rate': [0.1, 0.2], 'mutation_name': ['InsertMutation', 'SwapMutation'], 'mutation_probability': [0.01, 0.05, 0.1], 'selection_type': ['binary_tournament', 'roulette_wheel'], 'vehicle_construction': ['random', 'bellman_split']}",COMPLETE
403,26691.63,2026-06-03 05:56:48.585310,2026-06-03 05:57:30.043760,0 days 00:00:41.458450,PMXCrossover,0.85,0.20,InsertMutation,0.01,binary_tournament,bellman_split,403,"{'crossover_name': ['PMXCrossover', 'CXCrossover', 'OXCrossover'], 'crossover_probability': [0.75, 0.8, 0.85, 0.9], 'elitism_rate': [0.1, 0.2], 'mutation_name': ['InsertMutation', 'SwapMutation'], 'mutation_probability': [0.01, 0.05, 0.1], 'selection_type': ['binary_tournament', 'roulette_wheel'], 'vehicle_construction': ['random', 'bellman_split']}",COMPLETE
404,28147.62,2026-06-03 05:57:30.044084,2026-06-03 05:58:42.926858,0 days 00:01:12.882774,CXCrossover,0.80,0.10,InsertMutation,0.10,roulette_wheel,bellman_split,404,"{'crossover_name': ['PMXCrossover', 'CXCrossover', 'OXCrossover'], 'crossover_probability': [0.75, 0.8, 0.85, 0.9], 'elitism_rate': [0.1, 0.2], 'mutation_name': ['InsertMutation', 'SwapMutation'], 'mutation_probability': [0.01, 0.05, 0.1], 'selection_type': ['binary_tournament', 'roulette_wheel'], 'vehicle_construction': ['random', 'bellman_split']}",COMPLETE
405,30412.61,2026-06-03 05:58:42.927181,2026-06-03 05:58:50.770892,0 days 00:00:07.843711,CXCrossover,0.75,0.20,SwapMutation,0.01,binary_tournament,random,405,"{'crossover_name': ['PMXCrossover', 'CXCrossover', 'OXCrossover'], 'crossover_probability': [0.75, 0.8, 0.85, 0.9], 'elitism_rate': [0.1, 0.2], 'mutation_name': ['InsertMutation', 'SwapMutation'], 'mutation_probability': [0.01, 0.05, 0.1], 'selection_type': ['binary_tournament', 'roulette_wheel'], 'vehicle_construction': ['random', 'bellman_split']}",COMPLETE
406,25615.65,2026-06-03 05:58:50.771229,2026-06-03 06:00:06.323112,0 days 00:01:15.551883,OXCrossover,0.80,0.20,InsertMutation,0.05,roulette_wheel,bellman_split,406,"{'crossover_name': ['PMXCrossover', 'CXCrossover', 'OXCrossover'], 'crossover_probability': [0.75, 0.8, 0.85, 0.9], 'elitism_rate': [0.1, 0.2], 'mutation_name': ['InsertMutation', 'SwapMutation'], 'mutation_probability': [0.01, 0.05, 0.1], 'selection_type': ['binary_tournament', 'roulette_wheel'], 'vehicle_construction': ['random', 'bellman_split']}",COMPLETE
407,28215.87,2026-06-03 06:00:06.323432,2026-06-03 06:00:50.549257,0 days 00:00:44.225825,PMXCrossover,0.90,0.10,SwapMutation,0.05,binary_tournament,bellman_split,407,"{'crossover_name': ['PMXCrossover', 'CXCrossover', 'OXCrossover'], 'crossover_probability': [0.75, 0.8, 0.85, 0.9], 'elitism_rate': [0.1, 0.2], 'mutation_name': ['InsertMutation', 'SwapMutation'], 'mutation_probability': [0.01, 0.05, 0.1], 'selection_type': ['binary_tournament', 'roulette_wheel'], 'vehicle_construction': ['random', 'bellman_split']}",COMPLETE
408,26552.11,2026-06-03 06:00:50.549578,2026-06-03 06:01:57.572608,0 days 00:01:07.023030,PMXCrossover,0.80,0.20,InsertMutation,0.10,roulette_wheel,bellman_split,408,"{'crossover_name': ['PMXCrossover', 'CXCrossover', 'OXCrossover'], 'crossover_probability': [0.75, 0.8, 0.85, 0.9], 'elitism_rate': [0.1, 0.2], 'mutation_name': ['InsertMutation', 'SwapMutation'], 'mutation_probability': [0.01, 0.05, 0.1], 'selection_type': ['binary_tournament', 'roulette_wheel'], 'vehicle_construction': ['random', 'bellman_split']}",COMPLETE
