number,value,datetime_start,datetime_complete,duration,params_crossover_name,params_crossover_probability,params_elitism_rate,params_mutation_name,params_mutation_probability,params_selection_type,params_vehicle_construction,system_attrs_grid_id,system_attrs_search_space,state
246,966.86,2026-06-02 21:41:12.260363,2026-06-02 21:41:28.304645,0 days 00:00:16.044282,PMXCrossover,0.80,0.10,InsertMutation,0.01,roulette_wheel,bellman_split,246,"{'crossover_name': ['PMXCrossover', 'CXCrossover', 'OXCrossover'], 'crossover_probability': [0.75, 0.8, 0.85, 0.9], 'elitism_rate': [0.1, 0.2], 'mutation_name': ['InsertMutation', 'SwapMutation'], 'mutation_probability': [0.01, 0.05, 0.1], 'selection_type': ['binary_tournament', 'roulette_wheel'], 'vehicle_construction': ['random', 'bellman_split']}",COMPLETE
247,1132.53,2026-06-02 21:41:28.304971,2026-06-02 21:41:42.638184,0 days 00:00:14.333213,CXCrossover,0.75,0.20,InsertMutation,0.01,roulette_wheel,bellman_split,247,"{'crossover_name': ['PMXCrossover', 'CXCrossover', 'OXCrossover'], 'crossover_probability': [0.75, 0.8, 0.85, 0.9], 'elitism_rate': [0.1, 0.2], 'mutation_name': ['InsertMutation', 'SwapMutation'], 'mutation_probability': [0.01, 0.05, 0.1], 'selection_type': ['binary_tournament', 'roulette_wheel'], 'vehicle_construction': ['random', 'bellman_split']}",COMPLETE
248,892.53,2026-06-02 21:41:42.638504,2026-06-02 21:41:44.701722,0 days 00:00:02.063218,OXCrossover,0.90,0.20,InsertMutation,0.05,binary_tournament,random,248,"{'crossover_name': ['PMXCrossover', 'CXCrossover', 'OXCrossover'], 'crossover_probability': [0.75, 0.8, 0.85, 0.9], 'elitism_rate': [0.1, 0.2], 'mutation_name': ['InsertMutation', 'SwapMutation'], 'mutation_probability': [0.01, 0.05, 0.1], 'selection_type': ['binary_tournament', 'roulette_wheel'], 'vehicle_construction': ['random', 'bellman_split']}",COMPLETE
249,1199.50,2026-06-02 21:41:44.702045,2026-06-02 21:41:56.279635,0 days 00:00:11.577590,CXCrossover,0.80,0.20,SwapMutation,0.01,roulette_wheel,random,249,"{'crossover_name': ['PMXCrossover', 'CXCrossover', 'OXCrossover'], 'crossover_probability': [0.75, 0.8, 0.85, 0.9], 'elitism_rate': [0.1, 0.2], 'mutation_name': ['InsertMutation', 'SwapMutation'], 'mutation_probability': [0.01, 0.05, 0.1], 'selection_type': ['binary_tournament', 'roulette_wheel'], 'vehicle_construction': ['random', 'bellman_split']}",COMPLETE
250,915.28,2026-06-02 21:41:56.279912,2026-06-02 21:41:58.030476,0 days 00:00:01.750564,PMXCrossover,0.80,0.10,InsertMutation,0.05,binary_tournament,random,250,"{'crossover_name': ['PMXCrossover', 'CXCrossover', 'OXCrossover'], 'crossover_probability': [0.75, 0.8, 0.85, 0.9], 'elitism_rate': [0.1, 0.2], 'mutation_name': ['InsertMutation', 'SwapMutation'], 'mutation_probability': [0.01, 0.05, 0.1], 'selection_type': ['binary_tournament', 'roulette_wheel'], 'vehicle_construction': ['random', 'bellman_split']}",COMPLETE
251,1032.76,2026-06-02 21:41:58.031047,2026-06-02 21:42:09.736820,0 days 00:00:11.705773,PMXCrossover,0.80,0.20,InsertMutation,0.01,roulette_wheel,random,251,"{'crossover_name': ['PMXCrossover', 'CXCrossover', 'OXCrossover'], 'crossover_probability': [0.75, 0.8, 0.85, 0.9], 'elitism_rate': [0.1, 0.2], 'mutation_name': ['InsertMutation', 'SwapMutation'], 'mutation_probability': [0.01, 0.05, 0.1], 'selection_type': ['binary_tournament', 'roulette_wheel'], 'vehicle_construction': ['random', 'bellman_split']}",COMPLETE
252,1116.69,2026-06-02 21:42:09.737310,2026-06-02 21:42:21.237787,0 days 00:00:11.500477,PMXCrossover,0.75,0.20,InsertMutation,0.01,roulette_wheel,random,252,"{'crossover_name': ['PMXCrossover', 'CXCrossover', 'OXCrossover'], 'crossover_probability': [0.75, 0.8, 0.85, 0.9], 'elitism_rate': [0.1, 0.2], 'mutation_name': ['InsertMutation', 'SwapMutation'], 'mutation_probability': [0.01, 0.05, 0.1], 'selection_type': ['binary_tournament', 'roulette_wheel'], 'vehicle_construction': ['random', 'bellman_split']}",COMPLETE
253,913.16,2026-06-02 21:42:21.238114,2026-06-02 21:42:26.130386,0 days 00:00:04.892272,PMXCrossover,0.90,0.20,InsertMutation,0.05,binary_tournament,bellman_split,253,"{'crossover_name': ['PMXCrossover', 'CXCrossover', 'OXCrossover'], 'crossover_probability': [0.75, 0.8, 0.85, 0.9], 'elitism_rate': [0.1, 0.2], 'mutation_name': ['InsertMutation', 'SwapMutation'], 'mutation_probability': [0.01, 0.05, 0.1], 'selection_type': ['binary_tournament', 'roulette_wheel'], 'vehicle_construction': ['random', 'bellman_split']}",COMPLETE
254,1040.43,2026-06-02 21:42:26.130677,2026-06-02 21:42:27.922360,0 days 00:00:01.791683,PMXCrossover,0.80,0.20,SwapMutation,0.10,binary_tournament,random,254,"{'crossover_name': ['PMXCrossover', 'CXCrossover', 'OXCrossover'], 'crossover_probability': [0.75, 0.8, 0.85, 0.9], 'elitism_rate': [0.1, 0.2], 'mutation_name': ['InsertMutation', 'SwapMutation'], 'mutation_probability': [0.01, 0.05, 0.1], 'selection_type': ['binary_tournament', 'roulette_wheel'], 'vehicle_construction': ['random', 'bellman_split']}",COMPLETE
255,940.92,2026-06-02 21:42:27.922682,2026-06-02 21:42:44.871564,0 days 00:00:16.948882,PMXCrossover,0.90,0.10,SwapMutation,0.10,roulette_wheel,bellman_split,255,"{'crossover_name': ['PMXCrossover', 'CXCrossover', 'OXCrossover'], 'crossover_probability': [0.75, 0.8, 0.85, 0.9], 'elitism_rate': [0.1, 0.2], 'mutation_name': ['InsertMutation', 'SwapMutation'], 'mutation_probability': [0.01, 0.05, 0.1], 'selection_type': ['binary_tournament', 'roulette_wheel'], 'vehicle_construction': ['random', 'bellman_split']}",COMPLETE
256,1005.22,2026-06-02 21:42:44.871876,2026-06-02 21:42:46.496908,0 days 00:00:01.625032,PMXCrossover,0.75,0.10,InsertMutation,0.05,binary_tournament,random,256,"{'crossover_name': ['PMXCrossover', 'CXCrossover', 'OXCrossover'], 'crossover_probability': [0.75, 0.8, 0.85, 0.9], 'elitism_rate': [0.1, 0.2], 'mutation_name': ['InsertMutation', 'SwapMutation'], 'mutation_probability': [0.01, 0.05, 0.1], 'selection_type': ['binary_tournament', 'roulette_wheel'], 'vehicle_construction': ['random', 'bellman_split']}",COMPLETE
257,903.90,2026-06-02 21:42:46.497243,2026-06-02 21:42:58.624789,0 days 00:00:12.127546,OXCrossover,0.90,0.20,InsertMutation,0.01,roulette_wheel,random,257,"{'crossover_name': ['PMXCrossover', 'CXCrossover', 'OXCrossover'], 'crossover_probability': [0.75, 0.8, 0.85, 0.9], 'elitism_rate': [0.1, 0.2], 'mutation_name': ['InsertMutation', 'SwapMutation'], 'mutation_probability': [0.01, 0.05, 0.1], 'selection_type': ['binary_tournament', 'roulette_wheel'], 'vehicle_construction': ['random', 'bellman_split']}",COMPLETE
258,962.29,2026-06-02 21:42:58.625103,2026-06-02 21:43:00.597179,0 days 00:00:01.972076,OXCrossover,0.75,0.10,InsertMutation,0.10,binary_tournament,random,258,"{'crossover_name': ['PMXCrossover', 'CXCrossover', 'OXCrossover'], 'crossover_probability': [0.75, 0.8, 0.85, 0.9], 'elitism_rate': [0.1, 0.2], 'mutation_name': ['InsertMutation', 'SwapMutation'], 'mutation_probability': [0.01, 0.05, 0.1], 'selection_type': ['binary_tournament', 'roulette_wheel'], 'vehicle_construction': ['random', 'bellman_split']}",COMPLETE
259,954.89,2026-06-02 21:43:00.598072,2026-06-02 21:43:13.838553,0 days 00:00:13.240481,OXCrossover,0.80,0.10,SwapMutation,0.01,roulette_wheel,random,259,"{'crossover_name': ['PMXCrossover', 'CXCrossover', 'OXCrossover'], 'crossover_probability': [0.75, 0.8, 0.85, 0.9], 'elitism_rate': [0.1, 0.2], 'mutation_name': ['InsertMutation', 'SwapMutation'], 'mutation_probability': [0.01, 0.05, 0.1], 'selection_type': ['binary_tournament', 'roulette_wheel'], 'vehicle_construction': ['random', 'bellman_split']}",COMPLETE
260,949.35,2026-06-02 21:43:13.838908,2026-06-02 21:43:27.060110,0 days 00:00:13.221202,OXCrossover,0.85,0.10,InsertMutation,0.01,roulette_wheel,random,260,"{'crossover_name': ['PMXCrossover', 'CXCrossover', 'OXCrossover'], 'crossover_probability': [0.75, 0.8, 0.85, 0.9], 'elitism_rate': [0.1, 0.2], 'mutation_name': ['InsertMutation', 'SwapMutation'], 'mutation_probability': [0.01, 0.05, 0.1], 'selection_type': ['binary_tournament', 'roulette_wheel'], 'vehicle_construction': ['random', 'bellman_split']}",COMPLETE
261,986.65,2026-06-02 21:43:27.060401,2026-06-02 21:43:31.512461,0 days 00:00:04.452060,PMXCrossover,0.75,0.10,InsertMutation,0.05,binary_tournament,bellman_split,261,"{'crossover_name': ['PMXCrossover', 'CXCrossover', 'OXCrossover'], 'crossover_probability': [0.75, 0.8, 0.85, 0.9], 'elitism_rate': [0.1, 0.2], 'mutation_name': ['InsertMutation', 'SwapMutation'], 'mutation_probability': [0.01, 0.05, 0.1], 'selection_type': ['binary_tournament', 'roulette_wheel'], 'vehicle_construction': ['random', 'bellman_split']}",COMPLETE
262,971.73,2026-06-02 21:43:31.512780,2026-06-02 21:43:36.178155,0 days 00:00:04.665375,PMXCrossover,0.85,0.20,SwapMutation,0.10,binary_tournament,bellman_split,262,"{'crossover_name': ['PMXCrossover', 'CXCrossover', 'OXCrossover'], 'crossover_probability': [0.75, 0.8, 0.85, 0.9], 'elitism_rate': [0.1, 0.2], 'mutation_name': ['InsertMutation', 'SwapMutation'], 'mutation_probability': [0.01, 0.05, 0.1], 'selection_type': ['binary_tournament', 'roulette_wheel'], 'vehicle_construction': ['random', 'bellman_split']}",COMPLETE
263,1204.38,2026-06-02 21:43:36.178445,2026-06-02 21:43:38.207093,0 days 00:00:02.028648,CXCrossover,0.90,0.10,InsertMutation,0.05,binary_tournament,random,263,"{'crossover_name': ['PMXCrossover', 'CXCrossover', 'OXCrossover'], 'crossover_probability': [0.75, 0.8, 0.85, 0.9], 'elitism_rate': [0.1, 0.2], 'mutation_name': ['InsertMutation', 'SwapMutation'], 'mutation_probability': [0.01, 0.05, 0.1], 'selection_type': ['binary_tournament', 'roulette_wheel'], 'vehicle_construction': ['random', 'bellman_split']}",COMPLETE
264,994.16,2026-06-02 21:43:38.207551,2026-06-02 21:43:53.065035,0 days 00:00:14.857484,PMXCrossover,0.85,0.20,SwapMutation,0.01,roulette_wheel,bellman_split,264,"{'crossover_name': ['PMXCrossover', 'CXCrossover', 'OXCrossover'], 'crossover_probability': [0.75, 0.8, 0.85, 0.9], 'elitism_rate': [0.1, 0.2], 'mutation_name': ['InsertMutation', 'SwapMutation'], 'mutation_probability': [0.01, 0.05, 0.1], 'selection_type': ['binary_tournament', 'roulette_wheel'], 'vehicle_construction': ['random', 'bellman_split']}",COMPLETE
265,879.45,2026-06-02 21:43:53.065353,2026-06-02 21:43:57.578661,0 days 00:00:04.513308,OXCrossover,0.80,0.10,InsertMutation,0.05,binary_tournament,bellman_split,265,"{'crossover_name': ['PMXCrossover', 'CXCrossover', 'OXCrossover'], 'crossover_probability': [0.75, 0.8, 0.85, 0.9], 'elitism_rate': [0.1, 0.2], 'mutation_name': ['InsertMutation', 'SwapMutation'], 'mutation_probability': [0.01, 0.05, 0.1], 'selection_type': ['binary_tournament', 'roulette_wheel'], 'vehicle_construction': ['random', 'bellman_split']}",COMPLETE
266,914.61,2026-06-02 21:43:57.578940,2026-06-02 21:43:59.652816,0 days 00:00:02.073876,OXCrossover,0.80,0.20,SwapMutation,0.10,binary_tournament,random,266,"{'crossover_name': ['PMXCrossover', 'CXCrossover', 'OXCrossover'], 'crossover_probability': [0.75, 0.8, 0.85, 0.9], 'elitism_rate': [0.1, 0.2], 'mutation_name': ['InsertMutation', 'SwapMutation'], 'mutation_probability': [0.01, 0.05, 0.1], 'selection_type': ['binary_tournament', 'roulette_wheel'], 'vehicle_construction': ['random', 'bellman_split']}",COMPLETE
267,980.80,2026-06-02 21:43:59.653137,2026-06-02 21:44:12.313732,0 days 00:00:12.660595,PMXCrossover,0.75,0.10,SwapMutation,0.10,roulette_wheel,random,267,"{'crossover_name': ['PMXCrossover', 'CXCrossover', 'OXCrossover'], 'crossover_probability': [0.75, 0.8, 0.85, 0.9], 'elitism_rate': [0.1, 0.2], 'mutation_name': ['InsertMutation', 'SwapMutation'], 'mutation_probability': [0.01, 0.05, 0.1], 'selection_type': ['binary_tournament', 'roulette_wheel'], 'vehicle_construction': ['random', 'bellman_split']}",COMPLETE
268,1113.64,2026-06-02 21:44:12.314024,2026-06-02 21:44:14.123156,0 days 00:00:01.809132,CXCrossover,0.75,0.20,InsertMutation,0.05,binary_tournament,random,268,"{'crossover_name': ['PMXCrossover', 'CXCrossover', 'OXCrossover'], 'crossover_probability': [0.75, 0.8, 0.85, 0.9], 'elitism_rate': [0.1, 0.2], 'mutation_name': ['InsertMutation', 'SwapMutation'], 'mutation_probability': [0.01, 0.05, 0.1], 'selection_type': ['binary_tournament', 'roulette_wheel'], 'vehicle_construction': ['random', 'bellman_split']}",COMPLETE
269,897.72,2026-06-02 21:44:14.123430,2026-06-02 21:44:16.223693,0 days 00:00:02.100263,OXCrossover,0.85,0.20,SwapMutation,0.10,binary_tournament,random,269,"{'crossover_name': ['PMXCrossover', 'CXCrossover', 'OXCrossover'], 'crossover_probability': [0.75, 0.8, 0.85, 0.9], 'elitism_rate': [0.1, 0.2], 'mutation_name': ['InsertMutation', 'SwapMutation'], 'mutation_probability': [0.01, 0.05, 0.1], 'selection_type': ['binary_tournament', 'roulette_wheel'], 'vehicle_construction': ['random', 'bellman_split']}",COMPLETE
270,996.61,2026-06-02 21:44:16.224004,2026-06-02 21:44:17.857829,0 days 00:00:01.633825,PMXCrossover,0.85,0.20,InsertMutation,0.01,binary_tournament,random,270,"{'crossover_name': ['PMXCrossover', 'CXCrossover', 'OXCrossover'], 'crossover_probability': [0.75, 0.8, 0.85, 0.9], 'elitism_rate': [0.1, 0.2], 'mutation_name': ['InsertMutation', 'SwapMutation'], 'mutation_probability': [0.01, 0.05, 0.1], 'selection_type': ['binary_tournament', 'roulette_wheel'], 'vehicle_construction': ['random', 'bellman_split']}",COMPLETE
271,853.68,2026-06-02 21:44:17.858134,2026-06-02 21:44:22.401936,0 days 00:00:04.543802,PMXCrossover,0.80,0.20,InsertMutation,0.10,binary_tournament,bellman_split,271,"{'crossover_name': ['PMXCrossover', 'CXCrossover', 'OXCrossover'], 'crossover_probability': [0.75, 0.8, 0.85, 0.9], 'elitism_rate': [0.1, 0.2], 'mutation_name': ['InsertMutation', 'SwapMutation'], 'mutation_probability': [0.01, 0.05, 0.1], 'selection_type': ['binary_tournament', 'roulette_wheel'], 'vehicle_construction': ['random', 'bellman_split']}",COMPLETE
272,964.10,2026-06-02 21:44:22.402208,2026-06-02 21:44:24.384106,0 days 00:00:01.981898,OXCrossover,0.75,0.10,SwapMutation,0.05,binary_tournament,random,272,"{'crossover_name': ['PMXCrossover', 'CXCrossover', 'OXCrossover'], 'crossover_probability': [0.75, 0.8, 0.85, 0.9], 'elitism_rate': [0.1, 0.2], 'mutation_name': ['InsertMutation', 'SwapMutation'], 'mutation_probability': [0.01, 0.05, 0.1], 'selection_type': ['binary_tournament', 'roulette_wheel'], 'vehicle_construction': ['random', 'bellman_split']}",COMPLETE
273,871.40,2026-06-02 21:44:24.384443,2026-06-02 21:44:39.992855,0 days 00:00:15.608412,OXCrossover,0.90,0.20,SwapMutation,0.05,roulette_wheel,bellman_split,273,"{'crossover_name': ['PMXCrossover', 'CXCrossover', 'OXCrossover'], 'crossover_probability': [0.75, 0.8, 0.85, 0.9], 'elitism_rate': [0.1, 0.2], 'mutation_name': ['InsertMutation', 'SwapMutation'], 'mutation_probability': [0.01, 0.05, 0.1], 'selection_type': ['binary_tournament', 'roulette_wheel'], 'vehicle_construction': ['random', 'bellman_split']}",COMPLETE
274,802.10,2026-06-02 21:44:39.993169,2026-06-02 21:44:45.262026,0 days 00:00:05.268857,OXCrossover,0.90,0.20,InsertMutation,0.10,binary_tournament,bellman_split,274,"{'crossover_name': ['PMXCrossover', 'CXCrossover', 'OXCrossover'], 'crossover_probability': [0.75, 0.8, 0.85, 0.9], 'elitism_rate': [0.1, 0.2], 'mutation_name': ['InsertMutation', 'SwapMutation'], 'mutation_probability': [0.01, 0.05, 0.1], 'selection_type': ['binary_tournament', 'roulette_wheel'], 'vehicle_construction': ['random', 'bellman_split']}",COMPLETE
275,813.86,2026-06-02 21:44:45.262438,2026-06-02 21:45:00.696537,0 days 00:00:15.434099,OXCrossover,0.90,0.20,InsertMutation,0.01,roulette_wheel,bellman_split,275,"{'crossover_name': ['PMXCrossover', 'CXCrossover', 'OXCrossover'], 'crossover_probability': [0.75, 0.8, 0.85, 0.9], 'elitism_rate': [0.1, 0.2], 'mutation_name': ['InsertMutation', 'SwapMutation'], 'mutation_probability': [0.01, 0.05, 0.1], 'selection_type': ['binary_tournament', 'roulette_wheel'], 'vehicle_construction': ['random', 'bellman_split']}",COMPLETE
276,985.87,2026-06-02 21:45:00.696901,2026-06-02 21:45:02.512556,0 days 00:00:01.815655,PMXCrossover,0.90,0.10,SwapMutation,0.05,binary_tournament,random,276,"{'crossover_name': ['PMXCrossover', 'CXCrossover', 'OXCrossover'], 'crossover_probability': [0.75, 0.8, 0.85, 0.9], 'elitism_rate': [0.1, 0.2], 'mutation_name': ['InsertMutation', 'SwapMutation'], 'mutation_probability': [0.01, 0.05, 0.1], 'selection_type': ['binary_tournament', 'roulette_wheel'], 'vehicle_construction': ['random', 'bellman_split']}",COMPLETE
277,1042.50,2026-06-02 21:45:02.512845,2026-06-02 21:45:04.546445,0 days 00:00:02.033600,OXCrossover,0.90,0.20,SwapMutation,0.01,binary_tournament,random,277,"{'crossover_name': ['PMXCrossover', 'CXCrossover', 'OXCrossover'], 'crossover_probability': [0.75, 0.8, 0.85, 0.9], 'elitism_rate': [0.1, 0.2], 'mutation_name': ['InsertMutation', 'SwapMutation'], 'mutation_probability': [0.01, 0.05, 0.1], 'selection_type': ['binary_tournament', 'roulette_wheel'], 'vehicle_construction': ['random', 'bellman_split']}",COMPLETE
278,1067.74,2026-06-02 21:45:04.546775,2026-06-02 21:45:16.864631,0 days 00:00:12.317856,CXCrossover,0.75,0.20,SwapMutation,0.10,roulette_wheel,random,278,"{'crossover_name': ['PMXCrossover', 'CXCrossover', 'OXCrossover'], 'crossover_probability': [0.75, 0.8, 0.85, 0.9], 'elitism_rate': [0.1, 0.2], 'mutation_name': ['InsertMutation', 'SwapMutation'], 'mutation_probability': [0.01, 0.05, 0.1], 'selection_type': ['binary_tournament', 'roulette_wheel'], 'vehicle_construction': ['random', 'bellman_split']}",COMPLETE
279,1153.86,2026-06-02 21:45:16.864920,2026-06-02 21:45:29.877426,0 days 00:00:13.012506,CXCrossover,0.90,0.10,SwapMutation,0.01,roulette_wheel,random,279,"{'crossover_name': ['PMXCrossover', 'CXCrossover', 'OXCrossover'], 'crossover_probability': [0.75, 0.8, 0.85, 0.9], 'elitism_rate': [0.1, 0.2], 'mutation_name': ['InsertMutation', 'SwapMutation'], 'mutation_probability': [0.01, 0.05, 0.1], 'selection_type': ['binary_tournament', 'roulette_wheel'], 'vehicle_construction': ['random', 'bellman_split']}",COMPLETE
280,1112.41,2026-06-02 21:45:29.877739,2026-06-02 21:45:42.972552,0 days 00:00:13.094813,OXCrossover,0.75,0.10,SwapMutation,0.05,roulette_wheel,random,280,"{'crossover_name': ['PMXCrossover', 'CXCrossover', 'OXCrossover'], 'crossover_probability': [0.75, 0.8, 0.85, 0.9], 'elitism_rate': [0.1, 0.2], 'mutation_name': ['InsertMutation', 'SwapMutation'], 'mutation_probability': [0.01, 0.05, 0.1], 'selection_type': ['binary_tournament', 'roulette_wheel'], 'vehicle_construction': ['random', 'bellman_split']}",COMPLETE
281,1178.84,2026-06-02 21:45:42.972866,2026-06-02 21:45:58.803099,0 days 00:00:15.830233,CXCrossover,0.75,0.10,InsertMutation,0.01,roulette_wheel,bellman_split,281,"{'crossover_name': ['PMXCrossover', 'CXCrossover', 'OXCrossover'], 'crossover_probability': [0.75, 0.8, 0.85, 0.9], 'elitism_rate': [0.1, 0.2], 'mutation_name': ['InsertMutation', 'SwapMutation'], 'mutation_probability': [0.01, 0.05, 0.1], 'selection_type': ['binary_tournament', 'roulette_wheel'], 'vehicle_construction': ['random', 'bellman_split']}",COMPLETE
282,868.88,2026-06-02 21:45:58.803397,2026-06-02 21:46:14.260815,0 days 00:00:15.457418,PMXCrossover,0.90,0.20,SwapMutation,0.10,roulette_wheel,bellman_split,282,"{'crossover_name': ['PMXCrossover', 'CXCrossover', 'OXCrossover'], 'crossover_probability': [0.75, 0.8, 0.85, 0.9], 'elitism_rate': [0.1, 0.2], 'mutation_name': ['InsertMutation', 'SwapMutation'], 'mutation_probability': [0.01, 0.05, 0.1], 'selection_type': ['binary_tournament', 'roulette_wheel'], 'vehicle_construction': ['random', 'bellman_split']}",COMPLETE
283,969.00,2026-06-02 21:46:14.261129,2026-06-02 21:46:16.065250,0 days 00:00:01.804121,PMXCrossover,0.85,0.10,SwapMutation,0.10,binary_tournament,random,283,"{'crossover_name': ['PMXCrossover', 'CXCrossover', 'OXCrossover'], 'crossover_probability': [0.75, 0.8, 0.85, 0.9], 'elitism_rate': [0.1, 0.2], 'mutation_name': ['InsertMutation', 'SwapMutation'], 'mutation_probability': [0.01, 0.05, 0.1], 'selection_type': ['binary_tournament', 'roulette_wheel'], 'vehicle_construction': ['random', 'bellman_split']}",COMPLETE
284,1079.76,2026-06-02 21:46:16.065560,2026-06-02 21:46:27.835233,0 days 00:00:11.769673,CXCrossover,0.90,0.20,SwapMutation,0.10,roulette_wheel,random,284,"{'crossover_name': ['PMXCrossover', 'CXCrossover', 'OXCrossover'], 'crossover_probability': [0.75, 0.8, 0.85, 0.9], 'elitism_rate': [0.1, 0.2], 'mutation_name': ['InsertMutation', 'SwapMutation'], 'mutation_probability': [0.01, 0.05, 0.1], 'selection_type': ['binary_tournament', 'roulette_wheel'], 'vehicle_construction': ['random', 'bellman_split']}",COMPLETE
285,971.75,2026-06-02 21:46:27.835522,2026-06-02 21:46:42.566187,0 days 00:00:14.730665,OXCrossover,0.85,0.10,InsertMutation,0.10,roulette_wheel,random,285,"{'crossover_name': ['PMXCrossover', 'CXCrossover', 'OXCrossover'], 'crossover_probability': [0.75, 0.8, 0.85, 0.9], 'elitism_rate': [0.1, 0.2], 'mutation_name': ['InsertMutation', 'SwapMutation'], 'mutation_probability': [0.01, 0.05, 0.1], 'selection_type': ['binary_tournament', 'roulette_wheel'], 'vehicle_construction': ['random', 'bellman_split']}",COMPLETE
286,935.46,2026-06-02 21:46:42.566504,2026-06-02 21:46:44.450749,0 days 00:00:01.884245,PMXCrossover,0.90,0.10,SwapMutation,0.10,binary_tournament,random,286,"{'crossover_name': ['PMXCrossover', 'CXCrossover', 'OXCrossover'], 'crossover_probability': [0.75, 0.8, 0.85, 0.9], 'elitism_rate': [0.1, 0.2], 'mutation_name': ['InsertMutation', 'SwapMutation'], 'mutation_probability': [0.01, 0.05, 0.1], 'selection_type': ['binary_tournament', 'roulette_wheel'], 'vehicle_construction': ['random', 'bellman_split']}",COMPLETE
