number,value,datetime_start,datetime_complete,duration,params_crossover_name,params_crossover_probability,params_elitism_rate,params_mutation_name,params_mutation_probability,params_selection_type,params_vehicle_construction,system_attrs_grid_id,system_attrs_search_space,state
164,3619.63,2026-06-02 23:22:22.005603,2026-06-02 23:22:36.878779,0 days 00:00:14.873176,PMXCrossover,0.80,0.10,SwapMutation,0.05,binary_tournament,bellman_split,164,"{'crossover_name': ['PMXCrossover', 'CXCrossover', 'OXCrossover'], 'crossover_probability': [0.75, 0.8, 0.85, 0.9], 'elitism_rate': [0.1, 0.2], 'mutation_name': ['InsertMutation', 'SwapMutation'], 'mutation_probability': [0.01, 0.05, 0.1], 'selection_type': ['binary_tournament', 'roulette_wheel'], 'vehicle_construction': ['random', 'bellman_split']}",COMPLETE
165,3941.59,2026-06-02 23:22:36.879382,2026-06-02 23:22:41.693640,0 days 00:00:04.814258,OXCrossover,0.80,0.10,SwapMutation,0.10,binary_tournament,random,165,"{'crossover_name': ['PMXCrossover', 'CXCrossover', 'OXCrossover'], 'crossover_probability': [0.75, 0.8, 0.85, 0.9], 'elitism_rate': [0.1, 0.2], 'mutation_name': ['InsertMutation', 'SwapMutation'], 'mutation_probability': [0.01, 0.05, 0.1], 'selection_type': ['binary_tournament', 'roulette_wheel'], 'vehicle_construction': ['random', 'bellman_split']}",COMPLETE
166,4040.66,2026-06-02 23:22:41.693959,2026-06-02 23:23:03.749197,0 days 00:00:22.055238,PMXCrossover,0.85,0.20,InsertMutation,0.05,roulette_wheel,random,166,"{'crossover_name': ['PMXCrossover', 'CXCrossover', 'OXCrossover'], 'crossover_probability': [0.75, 0.8, 0.85, 0.9], 'elitism_rate': [0.1, 0.2], 'mutation_name': ['InsertMutation', 'SwapMutation'], 'mutation_probability': [0.01, 0.05, 0.1], 'selection_type': ['binary_tournament', 'roulette_wheel'], 'vehicle_construction': ['random', 'bellman_split']}",COMPLETE
167,3587.43,2026-06-02 23:23:03.749510,2026-06-02 23:23:38.621321,0 days 00:00:34.871811,OXCrossover,0.80,0.10,InsertMutation,0.10,roulette_wheel,bellman_split,167,"{'crossover_name': ['PMXCrossover', 'CXCrossover', 'OXCrossover'], 'crossover_probability': [0.75, 0.8, 0.85, 0.9], 'elitism_rate': [0.1, 0.2], 'mutation_name': ['InsertMutation', 'SwapMutation'], 'mutation_probability': [0.01, 0.05, 0.1], 'selection_type': ['binary_tournament', 'roulette_wheel'], 'vehicle_construction': ['random', 'bellman_split']}",COMPLETE
168,4665.03,2026-06-02 23:23:38.621587,2026-06-02 23:24:00.906035,0 days 00:00:22.284448,CXCrossover,0.80,0.10,InsertMutation,0.01,roulette_wheel,random,168,"{'crossover_name': ['PMXCrossover', 'CXCrossover', 'OXCrossover'], 'crossover_probability': [0.75, 0.8, 0.85, 0.9], 'elitism_rate': [0.1, 0.2], 'mutation_name': ['InsertMutation', 'SwapMutation'], 'mutation_probability': [0.01, 0.05, 0.1], 'selection_type': ['binary_tournament', 'roulette_wheel'], 'vehicle_construction': ['random', 'bellman_split']}",COMPLETE
169,4680.83,2026-06-02 23:24:00.906340,2026-06-02 23:24:23.777383,0 days 00:00:22.871043,CXCrossover,0.90,0.10,SwapMutation,0.05,roulette_wheel,random,169,"{'crossover_name': ['PMXCrossover', 'CXCrossover', 'OXCrossover'], 'crossover_probability': [0.75, 0.8, 0.85, 0.9], 'elitism_rate': [0.1, 0.2], 'mutation_name': ['InsertMutation', 'SwapMutation'], 'mutation_probability': [0.01, 0.05, 0.1], 'selection_type': ['binary_tournament', 'roulette_wheel'], 'vehicle_construction': ['random', 'bellman_split']}",COMPLETE
170,4663.91,2026-06-02 23:24:23.777770,2026-06-02 23:24:56.189689,0 days 00:00:32.411919,CXCrossover,0.85,0.20,InsertMutation,0.01,roulette_wheel,bellman_split,170,"{'crossover_name': ['PMXCrossover', 'CXCrossover', 'OXCrossover'], 'crossover_probability': [0.75, 0.8, 0.85, 0.9], 'elitism_rate': [0.1, 0.2], 'mutation_name': ['InsertMutation', 'SwapMutation'], 'mutation_probability': [0.01, 0.05, 0.1], 'selection_type': ['binary_tournament', 'roulette_wheel'], 'vehicle_construction': ['random', 'bellman_split']}",COMPLETE
171,3449.73,2026-06-02 23:24:56.189962,2026-06-02 23:25:28.085386,0 days 00:00:31.895424,OXCrossover,0.75,0.20,SwapMutation,0.05,roulette_wheel,bellman_split,171,"{'crossover_name': ['PMXCrossover', 'CXCrossover', 'OXCrossover'], 'crossover_probability': [0.75, 0.8, 0.85, 0.9], 'elitism_rate': [0.1, 0.2], 'mutation_name': ['InsertMutation', 'SwapMutation'], 'mutation_probability': [0.01, 0.05, 0.1], 'selection_type': ['binary_tournament', 'roulette_wheel'], 'vehicle_construction': ['random', 'bellman_split']}",COMPLETE
172,4321.82,2026-06-02 23:25:28.085704,2026-06-02 23:26:03.272223,0 days 00:00:35.186519,CXCrossover,0.90,0.10,InsertMutation,0.05,roulette_wheel,bellman_split,172,"{'crossover_name': ['PMXCrossover', 'CXCrossover', 'OXCrossover'], 'crossover_probability': [0.75, 0.8, 0.85, 0.9], 'elitism_rate': [0.1, 0.2], 'mutation_name': ['InsertMutation', 'SwapMutation'], 'mutation_probability': [0.01, 0.05, 0.1], 'selection_type': ['binary_tournament', 'roulette_wheel'], 'vehicle_construction': ['random', 'bellman_split']}",COMPLETE
173,3900.37,2026-06-02 23:26:03.272518,2026-06-02 23:26:07.432344,0 days 00:00:04.159826,OXCrossover,0.80,0.20,InsertMutation,0.01,binary_tournament,random,173,"{'crossover_name': ['PMXCrossover', 'CXCrossover', 'OXCrossover'], 'crossover_probability': [0.75, 0.8, 0.85, 0.9], 'elitism_rate': [0.1, 0.2], 'mutation_name': ['InsertMutation', 'SwapMutation'], 'mutation_probability': [0.01, 0.05, 0.1], 'selection_type': ['binary_tournament', 'roulette_wheel'], 'vehicle_construction': ['random', 'bellman_split']}",COMPLETE
174,4285.36,2026-06-02 23:26:07.432619,2026-06-02 23:26:21.483254,0 days 00:00:14.050635,PMXCrossover,0.85,0.20,SwapMutation,0.05,binary_tournament,bellman_split,174,"{'crossover_name': ['PMXCrossover', 'CXCrossover', 'OXCrossover'], 'crossover_probability': [0.75, 0.8, 0.85, 0.9], 'elitism_rate': [0.1, 0.2], 'mutation_name': ['InsertMutation', 'SwapMutation'], 'mutation_probability': [0.01, 0.05, 0.1], 'selection_type': ['binary_tournament', 'roulette_wheel'], 'vehicle_construction': ['random', 'bellman_split']}",COMPLETE
175,3149.69,2026-06-02 23:26:21.483572,2026-06-02 23:26:38.834310,0 days 00:00:17.350738,OXCrossover,0.90,0.10,SwapMutation,0.10,binary_tournament,bellman_split,175,"{'crossover_name': ['PMXCrossover', 'CXCrossover', 'OXCrossover'], 'crossover_probability': [0.75, 0.8, 0.85, 0.9], 'elitism_rate': [0.1, 0.2], 'mutation_name': ['InsertMutation', 'SwapMutation'], 'mutation_probability': [0.01, 0.05, 0.1], 'selection_type': ['binary_tournament', 'roulette_wheel'], 'vehicle_construction': ['random', 'bellman_split']}",COMPLETE
176,3658.28,2026-06-02 23:26:38.834644,2026-06-02 23:27:12.463741,0 days 00:00:33.629097,PMXCrossover,0.75,0.10,InsertMutation,0.05,roulette_wheel,bellman_split,176,"{'crossover_name': ['PMXCrossover', 'CXCrossover', 'OXCrossover'], 'crossover_probability': [0.75, 0.8, 0.85, 0.9], 'elitism_rate': [0.1, 0.2], 'mutation_name': ['InsertMutation', 'SwapMutation'], 'mutation_probability': [0.01, 0.05, 0.1], 'selection_type': ['binary_tournament', 'roulette_wheel'], 'vehicle_construction': ['random', 'bellman_split']}",COMPLETE
177,3916.03,2026-06-02 23:27:12.464094,2026-06-02 23:27:34.270874,0 days 00:00:21.806780,OXCrossover,0.75,0.20,SwapMutation,0.01,roulette_wheel,random,177,"{'crossover_name': ['PMXCrossover', 'CXCrossover', 'OXCrossover'], 'crossover_probability': [0.75, 0.8, 0.85, 0.9], 'elitism_rate': [0.1, 0.2], 'mutation_name': ['InsertMutation', 'SwapMutation'], 'mutation_probability': [0.01, 0.05, 0.1], 'selection_type': ['binary_tournament', 'roulette_wheel'], 'vehicle_construction': ['random', 'bellman_split']}",COMPLETE
178,4134.25,2026-06-02 23:27:34.271188,2026-06-02 23:27:58.092062,0 days 00:00:23.820874,OXCrossover,0.90,0.10,InsertMutation,0.01,roulette_wheel,random,178,"{'crossover_name': ['PMXCrossover', 'CXCrossover', 'OXCrossover'], 'crossover_probability': [0.75, 0.8, 0.85, 0.9], 'elitism_rate': [0.1, 0.2], 'mutation_name': ['InsertMutation', 'SwapMutation'], 'mutation_probability': [0.01, 0.05, 0.1], 'selection_type': ['binary_tournament', 'roulette_wheel'], 'vehicle_construction': ['random', 'bellman_split']}",COMPLETE
179,4756.59,2026-06-02 23:27:58.092329,2026-06-02 23:28:12.373059,0 days 00:00:14.280730,CXCrossover,0.75,0.20,SwapMutation,0.01,binary_tournament,bellman_split,179,"{'crossover_name': ['PMXCrossover', 'CXCrossover', 'OXCrossover'], 'crossover_probability': [0.75, 0.8, 0.85, 0.9], 'elitism_rate': [0.1, 0.2], 'mutation_name': ['InsertMutation', 'SwapMutation'], 'mutation_probability': [0.01, 0.05, 0.1], 'selection_type': ['binary_tournament', 'roulette_wheel'], 'vehicle_construction': ['random', 'bellman_split']}",COMPLETE
180,3981.14,2026-06-02 23:28:12.373378,2026-06-02 23:28:17.545789,0 days 00:00:05.172411,OXCrossover,0.90,0.20,InsertMutation,0.10,binary_tournament,random,180,"{'crossover_name': ['PMXCrossover', 'CXCrossover', 'OXCrossover'], 'crossover_probability': [0.75, 0.8, 0.85, 0.9], 'elitism_rate': [0.1, 0.2], 'mutation_name': ['InsertMutation', 'SwapMutation'], 'mutation_probability': [0.01, 0.05, 0.1], 'selection_type': ['binary_tournament', 'roulette_wheel'], 'vehicle_construction': ['random', 'bellman_split']}",COMPLETE
181,3681.57,2026-06-02 23:28:17.546673,2026-06-02 23:28:55.926102,0 days 00:00:38.379429,OXCrossover,0.75,0.10,SwapMutation,0.10,roulette_wheel,bellman_split,181,"{'crossover_name': ['PMXCrossover', 'CXCrossover', 'OXCrossover'], 'crossover_probability': [0.75, 0.8, 0.85, 0.9], 'elitism_rate': [0.1, 0.2], 'mutation_name': ['InsertMutation', 'SwapMutation'], 'mutation_probability': [0.01, 0.05, 0.1], 'selection_type': ['binary_tournament', 'roulette_wheel'], 'vehicle_construction': ['random', 'bellman_split']}",COMPLETE
182,3114.75,2026-06-02 23:28:55.926426,2026-06-02 23:29:31.558118,0 days 00:00:35.631692,OXCrossover,0.90,0.20,SwapMutation,0.01,roulette_wheel,bellman_split,182,"{'crossover_name': ['PMXCrossover', 'CXCrossover', 'OXCrossover'], 'crossover_probability': [0.75, 0.8, 0.85, 0.9], 'elitism_rate': [0.1, 0.2], 'mutation_name': ['InsertMutation', 'SwapMutation'], 'mutation_probability': [0.01, 0.05, 0.1], 'selection_type': ['binary_tournament', 'roulette_wheel'], 'vehicle_construction': ['random', 'bellman_split']}",COMPLETE
183,3727.48,2026-06-02 23:29:31.558437,2026-06-02 23:30:06.583704,0 days 00:00:35.025267,PMXCrossover,0.90,0.10,InsertMutation,0.10,roulette_wheel,bellman_split,183,"{'crossover_name': ['PMXCrossover', 'CXCrossover', 'OXCrossover'], 'crossover_probability': [0.75, 0.8, 0.85, 0.9], 'elitism_rate': [0.1, 0.2], 'mutation_name': ['InsertMutation', 'SwapMutation'], 'mutation_probability': [0.01, 0.05, 0.1], 'selection_type': ['binary_tournament', 'roulette_wheel'], 'vehicle_construction': ['random', 'bellman_split']}",COMPLETE
184,4538.94,2026-06-02 23:30:06.584026,2026-06-02 23:30:21.508087,0 days 00:00:14.924061,CXCrossover,0.85,0.20,SwapMutation,0.05,binary_tournament,bellman_split,184,"{'crossover_name': ['PMXCrossover', 'CXCrossover', 'OXCrossover'], 'crossover_probability': [0.75, 0.8, 0.85, 0.9], 'elitism_rate': [0.1, 0.2], 'mutation_name': ['InsertMutation', 'SwapMutation'], 'mutation_probability': [0.01, 0.05, 0.1], 'selection_type': ['binary_tournament', 'roulette_wheel'], 'vehicle_construction': ['random', 'bellman_split']}",COMPLETE
185,3727.25,2026-06-02 23:30:21.508405,2026-06-02 23:30:36.594267,0 days 00:00:15.085862,PMXCrossover,0.90,0.20,SwapMutation,0.05,binary_tournament,bellman_split,185,"{'crossover_name': ['PMXCrossover', 'CXCrossover', 'OXCrossover'], 'crossover_probability': [0.75, 0.8, 0.85, 0.9], 'elitism_rate': [0.1, 0.2], 'mutation_name': ['InsertMutation', 'SwapMutation'], 'mutation_probability': [0.01, 0.05, 0.1], 'selection_type': ['binary_tournament', 'roulette_wheel'], 'vehicle_construction': ['random', 'bellman_split']}",COMPLETE
186,3774.26,2026-06-02 23:30:36.594585,2026-06-02 23:30:50.715874,0 days 00:00:14.121289,PMXCrossover,0.85,0.10,InsertMutation,0.05,binary_tournament,bellman_split,186,"{'crossover_name': ['PMXCrossover', 'CXCrossover', 'OXCrossover'], 'crossover_probability': [0.75, 0.8, 0.85, 0.9], 'elitism_rate': [0.1, 0.2], 'mutation_name': ['InsertMutation', 'SwapMutation'], 'mutation_probability': [0.01, 0.05, 0.1], 'selection_type': ['binary_tournament', 'roulette_wheel'], 'vehicle_construction': ['random', 'bellman_split']}",COMPLETE
187,3485.74,2026-06-02 23:30:50.716173,2026-06-02 23:31:05.149217,0 days 00:00:14.433044,PMXCrossover,0.85,0.10,InsertMutation,0.01,binary_tournament,bellman_split,187,"{'crossover_name': ['PMXCrossover', 'CXCrossover', 'OXCrossover'], 'crossover_probability': [0.75, 0.8, 0.85, 0.9], 'elitism_rate': [0.1, 0.2], 'mutation_name': ['InsertMutation', 'SwapMutation'], 'mutation_probability': [0.01, 0.05, 0.1], 'selection_type': ['binary_tournament', 'roulette_wheel'], 'vehicle_construction': ['random', 'bellman_split']}",COMPLETE
188,4277.96,2026-06-02 23:31:05.149510,2026-06-02 23:31:08.658520,0 days 00:00:03.509010,PMXCrossover,0.75,0.10,SwapMutation,0.10,binary_tournament,random,188,"{'crossover_name': ['PMXCrossover', 'CXCrossover', 'OXCrossover'], 'crossover_probability': [0.75, 0.8, 0.85, 0.9], 'elitism_rate': [0.1, 0.2], 'mutation_name': ['InsertMutation', 'SwapMutation'], 'mutation_probability': [0.01, 0.05, 0.1], 'selection_type': ['binary_tournament', 'roulette_wheel'], 'vehicle_construction': ['random', 'bellman_split']}",COMPLETE
189,3412.69,2026-06-02 23:31:08.658933,2026-06-02 23:31:24.037682,0 days 00:00:15.378749,PMXCrossover,0.90,0.10,InsertMutation,0.10,binary_tournament,bellman_split,189,"{'crossover_name': ['PMXCrossover', 'CXCrossover', 'OXCrossover'], 'crossover_probability': [0.75, 0.8, 0.85, 0.9], 'elitism_rate': [0.1, 0.2], 'mutation_name': ['InsertMutation', 'SwapMutation'], 'mutation_probability': [0.01, 0.05, 0.1], 'selection_type': ['binary_tournament', 'roulette_wheel'], 'vehicle_construction': ['random', 'bellman_split']}",COMPLETE
190,4184.74,2026-06-02 23:31:24.037963,2026-06-02 23:31:45.976160,0 days 00:00:21.938197,PMXCrossover,0.80,0.10,InsertMutation,0.05,roulette_wheel,random,190,"{'crossover_name': ['PMXCrossover', 'CXCrossover', 'OXCrossover'], 'crossover_probability': [0.75, 0.8, 0.85, 0.9], 'elitism_rate': [0.1, 0.2], 'mutation_name': ['InsertMutation', 'SwapMutation'], 'mutation_probability': [0.01, 0.05, 0.1], 'selection_type': ['binary_tournament', 'roulette_wheel'], 'vehicle_construction': ['random', 'bellman_split']}",COMPLETE
191,4170.85,2026-06-02 23:31:45.976432,2026-06-02 23:32:06.270176,0 days 00:00:20.293744,PMXCrossover,0.75,0.20,InsertMutation,0.05,roulette_wheel,random,191,"{'crossover_name': ['PMXCrossover', 'CXCrossover', 'OXCrossover'], 'crossover_probability': [0.75, 0.8, 0.85, 0.9], 'elitism_rate': [0.1, 0.2], 'mutation_name': ['InsertMutation', 'SwapMutation'], 'mutation_probability': [0.01, 0.05, 0.1], 'selection_type': ['binary_tournament', 'roulette_wheel'], 'vehicle_construction': ['random', 'bellman_split']}",COMPLETE
192,4253.69,2026-06-02 23:32:06.270513,2026-06-02 23:32:28.186748,0 days 00:00:21.916235,CXCrossover,0.85,0.20,SwapMutation,0.10,roulette_wheel,random,192,"{'crossover_name': ['PMXCrossover', 'CXCrossover', 'OXCrossover'], 'crossover_probability': [0.75, 0.8, 0.85, 0.9], 'elitism_rate': [0.1, 0.2], 'mutation_name': ['InsertMutation', 'SwapMutation'], 'mutation_probability': [0.01, 0.05, 0.1], 'selection_type': ['binary_tournament', 'roulette_wheel'], 'vehicle_construction': ['random', 'bellman_split']}",COMPLETE
193,3637.49,2026-06-02 23:32:28.187068,2026-06-02 23:32:41.324016,0 days 00:00:13.136948,PMXCrossover,0.80,0.10,InsertMutation,0.01,binary_tournament,bellman_split,193,"{'crossover_name': ['PMXCrossover', 'CXCrossover', 'OXCrossover'], 'crossover_probability': [0.75, 0.8, 0.85, 0.9], 'elitism_rate': [0.1, 0.2], 'mutation_name': ['InsertMutation', 'SwapMutation'], 'mutation_probability': [0.01, 0.05, 0.1], 'selection_type': ['binary_tournament', 'roulette_wheel'], 'vehicle_construction': ['random', 'bellman_split']}",COMPLETE
194,4039.38,2026-06-02 23:32:41.324335,2026-06-02 23:32:44.638550,0 days 00:00:03.314215,PMXCrossover,0.85,0.10,InsertMutation,0.05,binary_tournament,random,194,"{'crossover_name': ['PMXCrossover', 'CXCrossover', 'OXCrossover'], 'crossover_probability': [0.75, 0.8, 0.85, 0.9], 'elitism_rate': [0.1, 0.2], 'mutation_name': ['InsertMutation', 'SwapMutation'], 'mutation_probability': [0.01, 0.05, 0.1], 'selection_type': ['binary_tournament', 'roulette_wheel'], 'vehicle_construction': ['random', 'bellman_split']}",COMPLETE
195,2979.19,2026-06-02 23:32:44.638867,2026-06-02 23:32:59.148590,0 days 00:00:14.509723,OXCrossover,0.75,0.20,SwapMutation,0.05,binary_tournament,bellman_split,195,"{'crossover_name': ['PMXCrossover', 'CXCrossover', 'OXCrossover'], 'crossover_probability': [0.75, 0.8, 0.85, 0.9], 'elitism_rate': [0.1, 0.2], 'mutation_name': ['InsertMutation', 'SwapMutation'], 'mutation_probability': [0.01, 0.05, 0.1], 'selection_type': ['binary_tournament', 'roulette_wheel'], 'vehicle_construction': ['random', 'bellman_split']}",COMPLETE
196,4593.80,2026-06-02 23:32:59.148892,2026-06-02 23:33:03.459979,0 days 00:00:04.311087,CXCrossover,0.80,0.20,SwapMutation,0.10,binary_tournament,random,196,"{'crossover_name': ['PMXCrossover', 'CXCrossover', 'OXCrossover'], 'crossover_probability': [0.75, 0.8, 0.85, 0.9], 'elitism_rate': [0.1, 0.2], 'mutation_name': ['InsertMutation', 'SwapMutation'], 'mutation_probability': [0.01, 0.05, 0.1], 'selection_type': ['binary_tournament', 'roulette_wheel'], 'vehicle_construction': ['random', 'bellman_split']}",COMPLETE
197,4272.46,2026-06-02 23:33:03.460301,2026-06-02 23:33:27.099447,0 days 00:00:23.639146,CXCrossover,0.90,0.10,SwapMutation,0.10,roulette_wheel,random,197,"{'crossover_name': ['PMXCrossover', 'CXCrossover', 'OXCrossover'], 'crossover_probability': [0.75, 0.8, 0.85, 0.9], 'elitism_rate': [0.1, 0.2], 'mutation_name': ['InsertMutation', 'SwapMutation'], 'mutation_probability': [0.01, 0.05, 0.1], 'selection_type': ['binary_tournament', 'roulette_wheel'], 'vehicle_construction': ['random', 'bellman_split']}",COMPLETE
198,5019.41,2026-06-02 23:33:27.099740,2026-06-02 23:33:31.174373,0 days 00:00:04.074633,CXCrossover,0.85,0.20,InsertMutation,0.05,binary_tournament,random,198,"{'crossover_name': ['PMXCrossover', 'CXCrossover', 'OXCrossover'], 'crossover_probability': [0.75, 0.8, 0.85, 0.9], 'elitism_rate': [0.1, 0.2], 'mutation_name': ['InsertMutation', 'SwapMutation'], 'mutation_probability': [0.01, 0.05, 0.1], 'selection_type': ['binary_tournament', 'roulette_wheel'], 'vehicle_construction': ['random', 'bellman_split']}",COMPLETE
199,4021.86,2026-06-02 23:33:31.174821,2026-06-02 23:33:34.689302,0 days 00:00:03.514481,PMXCrossover,0.80,0.10,InsertMutation,0.10,binary_tournament,random,199,"{'crossover_name': ['PMXCrossover', 'CXCrossover', 'OXCrossover'], 'crossover_probability': [0.75, 0.8, 0.85, 0.9], 'elitism_rate': [0.1, 0.2], 'mutation_name': ['InsertMutation', 'SwapMutation'], 'mutation_probability': [0.01, 0.05, 0.1], 'selection_type': ['binary_tournament', 'roulette_wheel'], 'vehicle_construction': ['random', 'bellman_split']}",COMPLETE
200,3804.31,2026-06-02 23:33:34.689624,2026-06-02 23:33:38.140629,0 days 00:00:03.451005,PMXCrossover,0.90,0.10,InsertMutation,0.01,binary_tournament,random,200,"{'crossover_name': ['PMXCrossover', 'CXCrossover', 'OXCrossover'], 'crossover_probability': [0.75, 0.8, 0.85, 0.9], 'elitism_rate': [0.1, 0.2], 'mutation_name': ['InsertMutation', 'SwapMutation'], 'mutation_probability': [0.01, 0.05, 0.1], 'selection_type': ['binary_tournament', 'roulette_wheel'], 'vehicle_construction': ['random', 'bellman_split']}",COMPLETE
201,4051.55,2026-06-02 23:33:38.140955,2026-06-02 23:33:41.138356,0 days 00:00:02.997401,PMXCrossover,0.80,0.10,SwapMutation,0.01,binary_tournament,random,201,"{'crossover_name': ['PMXCrossover', 'CXCrossover', 'OXCrossover'], 'crossover_probability': [0.75, 0.8, 0.85, 0.9], 'elitism_rate': [0.1, 0.2], 'mutation_name': ['InsertMutation', 'SwapMutation'], 'mutation_probability': [0.01, 0.05, 0.1], 'selection_type': ['binary_tournament', 'roulette_wheel'], 'vehicle_construction': ['random', 'bellman_split']}",COMPLETE
202,4799.71,2026-06-02 23:33:41.138747,2026-06-02 23:34:03.403536,0 days 00:00:22.264789,CXCrossover,0.75,0.10,InsertMutation,0.01,roulette_wheel,random,202,"{'crossover_name': ['PMXCrossover', 'CXCrossover', 'OXCrossover'], 'crossover_probability': [0.75, 0.8, 0.85, 0.9], 'elitism_rate': [0.1, 0.2], 'mutation_name': ['InsertMutation', 'SwapMutation'], 'mutation_probability': [0.01, 0.05, 0.1], 'selection_type': ['binary_tournament', 'roulette_wheel'], 'vehicle_construction': ['random', 'bellman_split']}",COMPLETE
203,3758.72,2026-06-02 23:34:03.403844,2026-06-02 23:34:19.172218,0 days 00:00:15.768374,CXCrossover,0.90,0.10,InsertMutation,0.05,binary_tournament,bellman_split,203,"{'crossover_name': ['PMXCrossover', 'CXCrossover', 'OXCrossover'], 'crossover_probability': [0.75, 0.8, 0.85, 0.9], 'elitism_rate': [0.1, 0.2], 'mutation_name': ['InsertMutation', 'SwapMutation'], 'mutation_probability': [0.01, 0.05, 0.1], 'selection_type': ['binary_tournament', 'roulette_wheel'], 'vehicle_construction': ['random', 'bellman_split']}",COMPLETE
204,4473.53,2026-06-02 23:34:19.172535,2026-06-02 23:34:41.047629,0 days 00:00:21.875094,PMXCrossover,0.75,0.10,InsertMutation,0.05,roulette_wheel,random,204,"{'crossover_name': ['PMXCrossover', 'CXCrossover', 'OXCrossover'], 'crossover_probability': [0.75, 0.8, 0.85, 0.9], 'elitism_rate': [0.1, 0.2], 'mutation_name': ['InsertMutation', 'SwapMutation'], 'mutation_probability': [0.01, 0.05, 0.1], 'selection_type': ['binary_tournament', 'roulette_wheel'], 'vehicle_construction': ['random', 'bellman_split']}",COMPLETE
