number,value,datetime_start,datetime_complete,duration,params_crossover_name,params_crossover_probability,params_elitism_rate,params_mutation_name,params_mutation_probability,params_selection_type,params_vehicle_construction,system_attrs_grid_id,system_attrs_search_space,state
492,4209.65,2026-06-03 01:03:59.088148,2026-06-03 01:04:20.566894,0 days 00:00:21.478746,CXCrossover,0.90,0.20,InsertMutation,0.10,roulette_wheel,random,492,"{'crossover_name': ['PMXCrossover', 'CXCrossover', 'OXCrossover'], 'crossover_probability': [0.75, 0.8, 0.85, 0.9], 'elitism_rate': [0.1, 0.2], 'mutation_name': ['InsertMutation', 'SwapMutation'], 'mutation_probability': [0.01, 0.05, 0.1], 'selection_type': ['binary_tournament', 'roulette_wheel'], 'vehicle_construction': ['random', 'bellman_split']}",COMPLETE
493,3979.31,2026-06-03 01:04:20.567199,2026-06-03 01:04:46.496921,0 days 00:00:25.929722,OXCrossover,0.75,0.10,InsertMutation,0.10,roulette_wheel,random,493,"{'crossover_name': ['PMXCrossover', 'CXCrossover', 'OXCrossover'], 'crossover_probability': [0.75, 0.8, 0.85, 0.9], 'elitism_rate': [0.1, 0.2], 'mutation_name': ['InsertMutation', 'SwapMutation'], 'mutation_probability': [0.01, 0.05, 0.1], 'selection_type': ['binary_tournament', 'roulette_wheel'], 'vehicle_construction': ['random', 'bellman_split']}",COMPLETE
494,3903.31,2026-06-03 01:04:46.497244,2026-06-03 01:04:49.494911,0 days 00:00:02.997667,PMXCrossover,0.75,0.10,InsertMutation,0.01,binary_tournament,random,494,"{'crossover_name': ['PMXCrossover', 'CXCrossover', 'OXCrossover'], 'crossover_probability': [0.75, 0.8, 0.85, 0.9], 'elitism_rate': [0.1, 0.2], 'mutation_name': ['InsertMutation', 'SwapMutation'], 'mutation_probability': [0.01, 0.05, 0.1], 'selection_type': ['binary_tournament', 'roulette_wheel'], 'vehicle_construction': ['random', 'bellman_split']}",COMPLETE
495,3997.06,2026-06-03 01:04:49.495232,2026-06-03 01:05:23.072072,0 days 00:00:33.576840,CXCrossover,0.90,0.20,SwapMutation,0.10,roulette_wheel,bellman_split,495,"{'crossover_name': ['PMXCrossover', 'CXCrossover', 'OXCrossover'], 'crossover_probability': [0.75, 0.8, 0.85, 0.9], 'elitism_rate': [0.1, 0.2], 'mutation_name': ['InsertMutation', 'SwapMutation'], 'mutation_probability': [0.01, 0.05, 0.1], 'selection_type': ['binary_tournament', 'roulette_wheel'], 'vehicle_construction': ['random', 'bellman_split']}",COMPLETE
496,4419.53,2026-06-03 01:05:23.072369,2026-06-03 01:05:37.573555,0 days 00:00:14.501186,CXCrossover,0.75,0.10,InsertMutation,0.10,binary_tournament,bellman_split,496,"{'crossover_name': ['PMXCrossover', 'CXCrossover', 'OXCrossover'], 'crossover_probability': [0.75, 0.8, 0.85, 0.9], 'elitism_rate': [0.1, 0.2], 'mutation_name': ['InsertMutation', 'SwapMutation'], 'mutation_probability': [0.01, 0.05, 0.1], 'selection_type': ['binary_tournament', 'roulette_wheel'], 'vehicle_construction': ['random', 'bellman_split']}",COMPLETE
497,3482.75,2026-06-03 01:05:37.573836,2026-06-03 01:05:52.394602,0 days 00:00:14.820766,OXCrossover,0.75,0.10,SwapMutation,0.10,binary_tournament,bellman_split,497,"{'crossover_name': ['PMXCrossover', 'CXCrossover', 'OXCrossover'], 'crossover_probability': [0.75, 0.8, 0.85, 0.9], 'elitism_rate': [0.1, 0.2], 'mutation_name': ['InsertMutation', 'SwapMutation'], 'mutation_probability': [0.01, 0.05, 0.1], 'selection_type': ['binary_tournament', 'roulette_wheel'], 'vehicle_construction': ['random', 'bellman_split']}",COMPLETE
498,3737.85,2026-06-03 01:05:52.394904,2026-06-03 01:06:28.234551,0 days 00:00:35.839647,OXCrossover,0.85,0.10,InsertMutation,0.05,roulette_wheel,bellman_split,498,"{'crossover_name': ['PMXCrossover', 'CXCrossover', 'OXCrossover'], 'crossover_probability': [0.75, 0.8, 0.85, 0.9], 'elitism_rate': [0.1, 0.2], 'mutation_name': ['InsertMutation', 'SwapMutation'], 'mutation_probability': [0.01, 0.05, 0.1], 'selection_type': ['binary_tournament', 'roulette_wheel'], 'vehicle_construction': ['random', 'bellman_split']}",COMPLETE
499,4528.58,2026-06-03 01:06:28.234864,2026-06-03 01:06:32.823848,0 days 00:00:04.588984,CXCrossover,0.90,0.20,InsertMutation,0.10,binary_tournament,random,499,"{'crossover_name': ['PMXCrossover', 'CXCrossover', 'OXCrossover'], 'crossover_probability': [0.75, 0.8, 0.85, 0.9], 'elitism_rate': [0.1, 0.2], 'mutation_name': ['InsertMutation', 'SwapMutation'], 'mutation_probability': [0.01, 0.05, 0.1], 'selection_type': ['binary_tournament', 'roulette_wheel'], 'vehicle_construction': ['random', 'bellman_split']}",COMPLETE
500,3223.68,2026-06-03 01:06:32.824167,2026-06-03 01:06:50.057541,0 days 00:00:17.233374,OXCrossover,0.80,0.20,InsertMutation,0.05,binary_tournament,bellman_split,500,"{'crossover_name': ['PMXCrossover', 'CXCrossover', 'OXCrossover'], 'crossover_probability': [0.75, 0.8, 0.85, 0.9], 'elitism_rate': [0.1, 0.2], 'mutation_name': ['InsertMutation', 'SwapMutation'], 'mutation_probability': [0.01, 0.05, 0.1], 'selection_type': ['binary_tournament', 'roulette_wheel'], 'vehicle_construction': ['random', 'bellman_split']}",COMPLETE
501,3784.75,2026-06-03 01:06:50.057841,2026-06-03 01:06:55.044965,0 days 00:00:04.987124,OXCrossover,0.90,0.10,InsertMutation,0.10,binary_tournament,random,501,"{'crossover_name': ['PMXCrossover', 'CXCrossover', 'OXCrossover'], 'crossover_probability': [0.75, 0.8, 0.85, 0.9], 'elitism_rate': [0.1, 0.2], 'mutation_name': ['InsertMutation', 'SwapMutation'], 'mutation_probability': [0.01, 0.05, 0.1], 'selection_type': ['binary_tournament', 'roulette_wheel'], 'vehicle_construction': ['random', 'bellman_split']}",COMPLETE
502,4003.91,2026-06-03 01:06:55.045259,2026-06-03 01:07:17.362607,0 days 00:00:22.317348,PMXCrossover,0.85,0.10,InsertMutation,0.01,roulette_wheel,random,502,"{'crossover_name': ['PMXCrossover', 'CXCrossover', 'OXCrossover'], 'crossover_probability': [0.75, 0.8, 0.85, 0.9], 'elitism_rate': [0.1, 0.2], 'mutation_name': ['InsertMutation', 'SwapMutation'], 'mutation_probability': [0.01, 0.05, 0.1], 'selection_type': ['binary_tournament', 'roulette_wheel'], 'vehicle_construction': ['random', 'bellman_split']}",COMPLETE
503,3571.14,2026-06-03 01:07:17.362904,2026-06-03 01:07:52.273468,0 days 00:00:34.910564,OXCrossover,0.75,0.10,InsertMutation,0.01,roulette_wheel,bellman_split,503,"{'crossover_name': ['PMXCrossover', 'CXCrossover', 'OXCrossover'], 'crossover_probability': [0.75, 0.8, 0.85, 0.9], 'elitism_rate': [0.1, 0.2], 'mutation_name': ['InsertMutation', 'SwapMutation'], 'mutation_probability': [0.01, 0.05, 0.1], 'selection_type': ['binary_tournament', 'roulette_wheel'], 'vehicle_construction': ['random', 'bellman_split']}",COMPLETE
504,4649.59,2026-06-03 01:07:52.273765,2026-06-03 01:08:08.120792,0 days 00:00:15.847027,CXCrossover,0.90,0.10,SwapMutation,0.01,binary_tournament,bellman_split,504,"{'crossover_name': ['PMXCrossover', 'CXCrossover', 'OXCrossover'], 'crossover_probability': [0.75, 0.8, 0.85, 0.9], 'elitism_rate': [0.1, 0.2], 'mutation_name': ['InsertMutation', 'SwapMutation'], 'mutation_probability': [0.01, 0.05, 0.1], 'selection_type': ['binary_tournament', 'roulette_wheel'], 'vehicle_construction': ['random', 'bellman_split']}",COMPLETE
505,4618.70,2026-06-03 01:08:08.121083,2026-06-03 01:08:12.506940,0 days 00:00:04.385857,CXCrossover,0.85,0.10,SwapMutation,0.05,binary_tournament,random,505,"{'crossover_name': ['PMXCrossover', 'CXCrossover', 'OXCrossover'], 'crossover_probability': [0.75, 0.8, 0.85, 0.9], 'elitism_rate': [0.1, 0.2], 'mutation_name': ['InsertMutation', 'SwapMutation'], 'mutation_probability': [0.01, 0.05, 0.1], 'selection_type': ['binary_tournament', 'roulette_wheel'], 'vehicle_construction': ['random', 'bellman_split']}",COMPLETE
506,4204.05,2026-06-03 01:08:12.507392,2026-06-03 01:08:34.477597,0 days 00:00:21.970205,OXCrossover,0.75,0.20,InsertMutation,0.10,roulette_wheel,random,506,"{'crossover_name': ['PMXCrossover', 'CXCrossover', 'OXCrossover'], 'crossover_probability': [0.75, 0.8, 0.85, 0.9], 'elitism_rate': [0.1, 0.2], 'mutation_name': ['InsertMutation', 'SwapMutation'], 'mutation_probability': [0.01, 0.05, 0.1], 'selection_type': ['binary_tournament', 'roulette_wheel'], 'vehicle_construction': ['random', 'bellman_split']}",COMPLETE
507,4649.38,2026-06-03 01:08:34.477928,2026-06-03 01:08:38.491068,0 days 00:00:04.013140,CXCrossover,0.85,0.10,InsertMutation,0.05,binary_tournament,random,507,"{'crossover_name': ['PMXCrossover', 'CXCrossover', 'OXCrossover'], 'crossover_probability': [0.75, 0.8, 0.85, 0.9], 'elitism_rate': [0.1, 0.2], 'mutation_name': ['InsertMutation', 'SwapMutation'], 'mutation_probability': [0.01, 0.05, 0.1], 'selection_type': ['binary_tournament', 'roulette_wheel'], 'vehicle_construction': ['random', 'bellman_split']}",COMPLETE
508,3820.30,2026-06-03 01:08:38.491394,2026-06-03 01:08:59.457761,0 days 00:00:20.966367,PMXCrossover,0.90,0.20,InsertMutation,0.10,roulette_wheel,random,508,"{'crossover_name': ['PMXCrossover', 'CXCrossover', 'OXCrossover'], 'crossover_probability': [0.75, 0.8, 0.85, 0.9], 'elitism_rate': [0.1, 0.2], 'mutation_name': ['InsertMutation', 'SwapMutation'], 'mutation_probability': [0.01, 0.05, 0.1], 'selection_type': ['binary_tournament', 'roulette_wheel'], 'vehicle_construction': ['random', 'bellman_split']}",COMPLETE
509,4549.23,2026-06-03 01:08:59.458080,2026-06-03 01:09:15.538973,0 days 00:00:16.080893,CXCrossover,0.90,0.20,InsertMutation,0.10,binary_tournament,bellman_split,509,"{'crossover_name': ['PMXCrossover', 'CXCrossover', 'OXCrossover'], 'crossover_probability': [0.75, 0.8, 0.85, 0.9], 'elitism_rate': [0.1, 0.2], 'mutation_name': ['InsertMutation', 'SwapMutation'], 'mutation_probability': [0.01, 0.05, 0.1], 'selection_type': ['binary_tournament', 'roulette_wheel'], 'vehicle_construction': ['random', 'bellman_split']}",COMPLETE
510,4836.06,2026-06-03 01:09:15.539266,2026-06-03 01:09:19.593702,0 days 00:00:04.054436,CXCrossover,0.80,0.10,SwapMutation,0.05,binary_tournament,random,510,"{'crossover_name': ['PMXCrossover', 'CXCrossover', 'OXCrossover'], 'crossover_probability': [0.75, 0.8, 0.85, 0.9], 'elitism_rate': [0.1, 0.2], 'mutation_name': ['InsertMutation', 'SwapMutation'], 'mutation_probability': [0.01, 0.05, 0.1], 'selection_type': ['binary_tournament', 'roulette_wheel'], 'vehicle_construction': ['random', 'bellman_split']}",COMPLETE
511,4360.75,2026-06-03 01:09:19.594009,2026-06-03 01:09:40.063398,0 days 00:00:20.469389,PMXCrossover,0.80,0.20,SwapMutation,0.10,roulette_wheel,random,511,"{'crossover_name': ['PMXCrossover', 'CXCrossover', 'OXCrossover'], 'crossover_probability': [0.75, 0.8, 0.85, 0.9], 'elitism_rate': [0.1, 0.2], 'mutation_name': ['InsertMutation', 'SwapMutation'], 'mutation_probability': [0.01, 0.05, 0.1], 'selection_type': ['binary_tournament', 'roulette_wheel'], 'vehicle_construction': ['random', 'bellman_split']}",COMPLETE
512,4950.37,2026-06-03 01:09:40.063764,2026-06-03 01:09:53.679964,0 days 00:00:13.616200,CXCrossover,0.75,0.10,InsertMutation,0.05,binary_tournament,bellman_split,512,"{'crossover_name': ['PMXCrossover', 'CXCrossover', 'OXCrossover'], 'crossover_probability': [0.75, 0.8, 0.85, 0.9], 'elitism_rate': [0.1, 0.2], 'mutation_name': ['InsertMutation', 'SwapMutation'], 'mutation_probability': [0.01, 0.05, 0.1], 'selection_type': ['binary_tournament', 'roulette_wheel'], 'vehicle_construction': ['random', 'bellman_split']}",COMPLETE
513,3993.87,2026-06-03 01:09:53.680270,2026-06-03 01:10:25.947331,0 days 00:00:32.267061,PMXCrossover,0.80,0.20,SwapMutation,0.10,roulette_wheel,bellman_split,513,"{'crossover_name': ['PMXCrossover', 'CXCrossover', 'OXCrossover'], 'crossover_probability': [0.75, 0.8, 0.85, 0.9], 'elitism_rate': [0.1, 0.2], 'mutation_name': ['InsertMutation', 'SwapMutation'], 'mutation_probability': [0.01, 0.05, 0.1], 'selection_type': ['binary_tournament', 'roulette_wheel'], 'vehicle_construction': ['random', 'bellman_split']}",COMPLETE
514,3834.23,2026-06-03 01:10:25.947652,2026-06-03 01:10:48.238152,0 days 00:00:22.290500,OXCrossover,0.90,0.20,InsertMutation,0.05,roulette_wheel,random,514,"{'crossover_name': ['PMXCrossover', 'CXCrossover', 'OXCrossover'], 'crossover_probability': [0.75, 0.8, 0.85, 0.9], 'elitism_rate': [0.1, 0.2], 'mutation_name': ['InsertMutation', 'SwapMutation'], 'mutation_probability': [0.01, 0.05, 0.1], 'selection_type': ['binary_tournament', 'roulette_wheel'], 'vehicle_construction': ['random', 'bellman_split']}",COMPLETE
515,3494.53,2026-06-03 01:10:48.238651,2026-06-03 01:11:02.994279,0 days 00:00:14.755628,PMXCrossover,0.90,0.20,InsertMutation,0.01,binary_tournament,bellman_split,515,"{'crossover_name': ['PMXCrossover', 'CXCrossover', 'OXCrossover'], 'crossover_probability': [0.75, 0.8, 0.85, 0.9], 'elitism_rate': [0.1, 0.2], 'mutation_name': ['InsertMutation', 'SwapMutation'], 'mutation_probability': [0.01, 0.05, 0.1], 'selection_type': ['binary_tournament', 'roulette_wheel'], 'vehicle_construction': ['random', 'bellman_split']}",COMPLETE
516,4423.48,2026-06-03 01:11:02.994602,2026-06-03 01:11:17.978260,0 days 00:00:14.983658,CXCrossover,0.85,0.10,SwapMutation,0.05,binary_tournament,bellman_split,516,"{'crossover_name': ['PMXCrossover', 'CXCrossover', 'OXCrossover'], 'crossover_probability': [0.75, 0.8, 0.85, 0.9], 'elitism_rate': [0.1, 0.2], 'mutation_name': ['InsertMutation', 'SwapMutation'], 'mutation_probability': [0.01, 0.05, 0.1], 'selection_type': ['binary_tournament', 'roulette_wheel'], 'vehicle_construction': ['random', 'bellman_split']}",COMPLETE
517,4804.38,2026-06-03 01:11:17.978557,2026-06-03 01:11:34.169242,0 days 00:00:16.190685,CXCrossover,0.90,0.20,SwapMutation,0.01,binary_tournament,bellman_split,517,"{'crossover_name': ['PMXCrossover', 'CXCrossover', 'OXCrossover'], 'crossover_probability': [0.75, 0.8, 0.85, 0.9], 'elitism_rate': [0.1, 0.2], 'mutation_name': ['InsertMutation', 'SwapMutation'], 'mutation_probability': [0.01, 0.05, 0.1], 'selection_type': ['binary_tournament', 'roulette_wheel'], 'vehicle_construction': ['random', 'bellman_split']}",COMPLETE
518,4150.82,2026-06-03 01:11:34.169561,2026-06-03 01:12:04.855793,0 days 00:00:30.686232,CXCrossover,0.75,0.20,InsertMutation,0.10,roulette_wheel,bellman_split,518,"{'crossover_name': ['PMXCrossover', 'CXCrossover', 'OXCrossover'], 'crossover_probability': [0.75, 0.8, 0.85, 0.9], 'elitism_rate': [0.1, 0.2], 'mutation_name': ['InsertMutation', 'SwapMutation'], 'mutation_probability': [0.01, 0.05, 0.1], 'selection_type': ['binary_tournament', 'roulette_wheel'], 'vehicle_construction': ['random', 'bellman_split']}",COMPLETE
519,3768.89,2026-06-03 01:12:04.856123,2026-06-03 01:12:36.937451,0 days 00:00:32.081328,PMXCrossover,0.85,0.20,SwapMutation,0.10,roulette_wheel,bellman_split,519,"{'crossover_name': ['PMXCrossover', 'CXCrossover', 'OXCrossover'], 'crossover_probability': [0.75, 0.8, 0.85, 0.9], 'elitism_rate': [0.1, 0.2], 'mutation_name': ['InsertMutation', 'SwapMutation'], 'mutation_probability': [0.01, 0.05, 0.1], 'selection_type': ['binary_tournament', 'roulette_wheel'], 'vehicle_construction': ['random', 'bellman_split']}",COMPLETE
520,3938.06,2026-06-03 01:12:36.937749,2026-06-03 01:12:40.275518,0 days 00:00:03.337769,PMXCrossover,0.90,0.20,SwapMutation,0.01,binary_tournament,random,520,"{'crossover_name': ['PMXCrossover', 'CXCrossover', 'OXCrossover'], 'crossover_probability': [0.75, 0.8, 0.85, 0.9], 'elitism_rate': [0.1, 0.2], 'mutation_name': ['InsertMutation', 'SwapMutation'], 'mutation_probability': [0.01, 0.05, 0.1], 'selection_type': ['binary_tournament', 'roulette_wheel'], 'vehicle_construction': ['random', 'bellman_split']}",COMPLETE
521,3604.32,2026-06-03 01:12:40.275802,2026-06-03 01:13:12.875937,0 days 00:00:32.600135,PMXCrossover,0.85,0.20,InsertMutation,0.10,roulette_wheel,bellman_split,521,"{'crossover_name': ['PMXCrossover', 'CXCrossover', 'OXCrossover'], 'crossover_probability': [0.75, 0.8, 0.85, 0.9], 'elitism_rate': [0.1, 0.2], 'mutation_name': ['InsertMutation', 'SwapMutation'], 'mutation_probability': [0.01, 0.05, 0.1], 'selection_type': ['binary_tournament', 'roulette_wheel'], 'vehicle_construction': ['random', 'bellman_split']}",COMPLETE
522,3980.59,2026-06-03 01:13:12.876235,2026-06-03 01:13:43.581692,0 days 00:00:30.705457,PMXCrossover,0.75,0.20,SwapMutation,0.10,roulette_wheel,bellman_split,522,"{'crossover_name': ['PMXCrossover', 'CXCrossover', 'OXCrossover'], 'crossover_probability': [0.75, 0.8, 0.85, 0.9], 'elitism_rate': [0.1, 0.2], 'mutation_name': ['InsertMutation', 'SwapMutation'], 'mutation_probability': [0.01, 0.05, 0.1], 'selection_type': ['binary_tournament', 'roulette_wheel'], 'vehicle_construction': ['random', 'bellman_split']}",COMPLETE
523,5095.65,2026-06-03 01:13:43.581990,2026-06-03 01:13:47.601083,0 days 00:00:04.019093,CXCrossover,0.85,0.20,SwapMutation,0.01,binary_tournament,random,523,"{'crossover_name': ['PMXCrossover', 'CXCrossover', 'OXCrossover'], 'crossover_probability': [0.75, 0.8, 0.85, 0.9], 'elitism_rate': [0.1, 0.2], 'mutation_name': ['InsertMutation', 'SwapMutation'], 'mutation_probability': [0.01, 0.05, 0.1], 'selection_type': ['binary_tournament', 'roulette_wheel'], 'vehicle_construction': ['random', 'bellman_split']}",COMPLETE
524,4104.77,2026-06-03 01:13:47.601537,2026-06-03 01:14:20.196085,0 days 00:00:32.594548,CXCrossover,0.75,0.10,InsertMutation,0.10,roulette_wheel,bellman_split,524,"{'crossover_name': ['PMXCrossover', 'CXCrossover', 'OXCrossover'], 'crossover_probability': [0.75, 0.8, 0.85, 0.9], 'elitism_rate': [0.1, 0.2], 'mutation_name': ['InsertMutation', 'SwapMutation'], 'mutation_probability': [0.01, 0.05, 0.1], 'selection_type': ['binary_tournament', 'roulette_wheel'], 'vehicle_construction': ['random', 'bellman_split']}",COMPLETE
525,3842.27,2026-06-03 01:14:20.196384,2026-06-03 01:14:23.337206,0 days 00:00:03.140822,PMXCrossover,0.80,0.20,SwapMutation,0.01,binary_tournament,random,525,"{'crossover_name': ['PMXCrossover', 'CXCrossover', 'OXCrossover'], 'crossover_probability': [0.75, 0.8, 0.85, 0.9], 'elitism_rate': [0.1, 0.2], 'mutation_name': ['InsertMutation', 'SwapMutation'], 'mutation_probability': [0.01, 0.05, 0.1], 'selection_type': ['binary_tournament', 'roulette_wheel'], 'vehicle_construction': ['random', 'bellman_split']}",COMPLETE
526,4059.24,2026-06-03 01:14:23.337547,2026-06-03 01:14:47.159078,0 days 00:00:23.821531,OXCrossover,0.75,0.10,SwapMutation,0.01,roulette_wheel,random,526,"{'crossover_name': ['PMXCrossover', 'CXCrossover', 'OXCrossover'], 'crossover_probability': [0.75, 0.8, 0.85, 0.9], 'elitism_rate': [0.1, 0.2], 'mutation_name': ['InsertMutation', 'SwapMutation'], 'mutation_probability': [0.01, 0.05, 0.1], 'selection_type': ['binary_tournament', 'roulette_wheel'], 'vehicle_construction': ['random', 'bellman_split']}",COMPLETE
527,3839.94,2026-06-03 01:14:47.159405,2026-06-03 01:15:18.500057,0 days 00:00:31.340652,PMXCrossover,0.80,0.20,SwapMutation,0.05,roulette_wheel,bellman_split,527,"{'crossover_name': ['PMXCrossover', 'CXCrossover', 'OXCrossover'], 'crossover_probability': [0.75, 0.8, 0.85, 0.9], 'elitism_rate': [0.1, 0.2], 'mutation_name': ['InsertMutation', 'SwapMutation'], 'mutation_probability': [0.01, 0.05, 0.1], 'selection_type': ['binary_tournament', 'roulette_wheel'], 'vehicle_construction': ['random', 'bellman_split']}",COMPLETE
528,3818.64,2026-06-03 01:15:18.500362,2026-06-03 01:15:38.973574,0 days 00:00:20.473212,PMXCrossover,0.80,0.20,InsertMutation,0.10,roulette_wheel,random,528,"{'crossover_name': ['PMXCrossover', 'CXCrossover', 'OXCrossover'], 'crossover_probability': [0.75, 0.8, 0.85, 0.9], 'elitism_rate': [0.1, 0.2], 'mutation_name': ['InsertMutation', 'SwapMutation'], 'mutation_probability': [0.01, 0.05, 0.1], 'selection_type': ['binary_tournament', 'roulette_wheel'], 'vehicle_construction': ['random', 'bellman_split']}",COMPLETE
529,3936.47,2026-06-03 01:15:38.973952,2026-06-03 01:16:00.715535,0 days 00:00:21.741583,OXCrossover,0.75,0.20,SwapMutation,0.10,roulette_wheel,random,529,"{'crossover_name': ['PMXCrossover', 'CXCrossover', 'OXCrossover'], 'crossover_probability': [0.75, 0.8, 0.85, 0.9], 'elitism_rate': [0.1, 0.2], 'mutation_name': ['InsertMutation', 'SwapMutation'], 'mutation_probability': [0.01, 0.05, 0.1], 'selection_type': ['binary_tournament', 'roulette_wheel'], 'vehicle_construction': ['random', 'bellman_split']}",COMPLETE
530,3719.42,2026-06-03 01:16:00.715835,2026-06-03 01:16:35.579406,0 days 00:00:34.863571,PMXCrossover,0.85,0.10,SwapMutation,0.10,roulette_wheel,bellman_split,530,"{'crossover_name': ['PMXCrossover', 'CXCrossover', 'OXCrossover'], 'crossover_probability': [0.75, 0.8, 0.85, 0.9], 'elitism_rate': [0.1, 0.2], 'mutation_name': ['InsertMutation', 'SwapMutation'], 'mutation_probability': [0.01, 0.05, 0.1], 'selection_type': ['binary_tournament', 'roulette_wheel'], 'vehicle_construction': ['random', 'bellman_split']}",COMPLETE
531,4634.82,2026-06-03 01:16:35.579729,2026-06-03 01:17:09.832645,0 days 00:00:34.252916,CXCrossover,0.85,0.10,InsertMutation,0.01,roulette_wheel,bellman_split,531,"{'crossover_name': ['PMXCrossover', 'CXCrossover', 'OXCrossover'], 'crossover_probability': [0.75, 0.8, 0.85, 0.9], 'elitism_rate': [0.1, 0.2], 'mutation_name': ['InsertMutation', 'SwapMutation'], 'mutation_probability': [0.01, 0.05, 0.1], 'selection_type': ['binary_tournament', 'roulette_wheel'], 'vehicle_construction': ['random', 'bellman_split']}",COMPLETE
532,3739.12,2026-06-03 01:17:09.832940,2026-06-03 01:17:22.813107,0 days 00:00:12.980167,PMXCrossover,0.80,0.10,InsertMutation,0.10,binary_tournament,bellman_split,532,"{'crossover_name': ['PMXCrossover', 'CXCrossover', 'OXCrossover'], 'crossover_probability': [0.75, 0.8, 0.85, 0.9], 'elitism_rate': [0.1, 0.2], 'mutation_name': ['InsertMutation', 'SwapMutation'], 'mutation_probability': [0.01, 0.05, 0.1], 'selection_type': ['binary_tournament', 'roulette_wheel'], 'vehicle_construction': ['random', 'bellman_split']}",COMPLETE
