number,value,datetime_start,datetime_complete,duration,params_crossover_name,params_crossover_probability,params_elitism_rate,params_mutation_name,params_mutation_probability,params_selection_type,params_vehicle_construction,system_attrs_grid_id,system_attrs_search_space,state
287,4005.26,2026-06-02 23:58:44.059906,2026-06-02 23:59:06.475568,0 days 00:00:22.415662,PMXCrossover,0.85,0.10,InsertMutation,0.10,roulette_wheel,random,287,"{'crossover_name': ['PMXCrossover', 'CXCrossover', 'OXCrossover'], 'crossover_probability': [0.75, 0.8, 0.85, 0.9], 'elitism_rate': [0.1, 0.2], 'mutation_name': ['InsertMutation', 'SwapMutation'], 'mutation_probability': [0.01, 0.05, 0.1], 'selection_type': ['binary_tournament', 'roulette_wheel'], 'vehicle_construction': ['random', 'bellman_split']}",COMPLETE
288,3598.99,2026-06-02 23:59:06.475869,2026-06-02 23:59:20.457859,0 days 00:00:13.981990,OXCrossover,0.75,0.20,InsertMutation,0.10,binary_tournament,bellman_split,288,"{'crossover_name': ['PMXCrossover', 'CXCrossover', 'OXCrossover'], 'crossover_probability': [0.75, 0.8, 0.85, 0.9], 'elitism_rate': [0.1, 0.2], 'mutation_name': ['InsertMutation', 'SwapMutation'], 'mutation_probability': [0.01, 0.05, 0.1], 'selection_type': ['binary_tournament', 'roulette_wheel'], 'vehicle_construction': ['random', 'bellman_split']}",COMPLETE
289,4122.16,2026-06-02 23:59:20.458181,2026-06-02 23:59:55.119211,0 days 00:00:34.661030,PMXCrossover,0.80,0.10,SwapMutation,0.01,roulette_wheel,bellman_split,289,"{'crossover_name': ['PMXCrossover', 'CXCrossover', 'OXCrossover'], 'crossover_probability': [0.75, 0.8, 0.85, 0.9], 'elitism_rate': [0.1, 0.2], 'mutation_name': ['InsertMutation', 'SwapMutation'], 'mutation_probability': [0.01, 0.05, 0.1], 'selection_type': ['binary_tournament', 'roulette_wheel'], 'vehicle_construction': ['random', 'bellman_split']}",COMPLETE
290,3270.27,2026-06-02 23:59:55.119509,2026-06-03 00:00:09.661886,0 days 00:00:14.542377,PMXCrossover,0.85,0.10,InsertMutation,0.10,binary_tournament,bellman_split,290,"{'crossover_name': ['PMXCrossover', 'CXCrossover', 'OXCrossover'], 'crossover_probability': [0.75, 0.8, 0.85, 0.9], 'elitism_rate': [0.1, 0.2], 'mutation_name': ['InsertMutation', 'SwapMutation'], 'mutation_probability': [0.01, 0.05, 0.1], 'selection_type': ['binary_tournament', 'roulette_wheel'], 'vehicle_construction': ['random', 'bellman_split']}",COMPLETE
291,3249.42,2026-06-03 00:00:09.662208,2026-06-03 00:00:23.691133,0 days 00:00:14.028925,OXCrossover,0.75,0.20,SwapMutation,0.10,binary_tournament,bellman_split,291,"{'crossover_name': ['PMXCrossover', 'CXCrossover', 'OXCrossover'], 'crossover_probability': [0.75, 0.8, 0.85, 0.9], 'elitism_rate': [0.1, 0.2], 'mutation_name': ['InsertMutation', 'SwapMutation'], 'mutation_probability': [0.01, 0.05, 0.1], 'selection_type': ['binary_tournament', 'roulette_wheel'], 'vehicle_construction': ['random', 'bellman_split']}",COMPLETE
292,3120.36,2026-06-03 00:00:23.691426,2026-06-03 00:00:39.735052,0 days 00:00:16.043626,OXCrossover,0.90,0.20,SwapMutation,0.01,binary_tournament,bellman_split,292,"{'crossover_name': ['PMXCrossover', 'CXCrossover', 'OXCrossover'], 'crossover_probability': [0.75, 0.8, 0.85, 0.9], 'elitism_rate': [0.1, 0.2], 'mutation_name': ['InsertMutation', 'SwapMutation'], 'mutation_probability': [0.01, 0.05, 0.1], 'selection_type': ['binary_tournament', 'roulette_wheel'], 'vehicle_construction': ['random', 'bellman_split']}",COMPLETE
293,4319.56,2026-06-03 00:00:39.735370,2026-06-03 00:00:44.492954,0 days 00:00:04.757584,OXCrossover,0.85,0.10,SwapMutation,0.05,binary_tournament,random,293,"{'crossover_name': ['PMXCrossover', 'CXCrossover', 'OXCrossover'], 'crossover_probability': [0.75, 0.8, 0.85, 0.9], 'elitism_rate': [0.1, 0.2], 'mutation_name': ['InsertMutation', 'SwapMutation'], 'mutation_probability': [0.01, 0.05, 0.1], 'selection_type': ['binary_tournament', 'roulette_wheel'], 'vehicle_construction': ['random', 'bellman_split']}",COMPLETE
294,3869.10,2026-06-03 00:00:44.493272,2026-06-03 00:01:19.268402,0 days 00:00:34.775130,CXCrossover,0.90,0.10,SwapMutation,0.05,roulette_wheel,bellman_split,294,"{'crossover_name': ['PMXCrossover', 'CXCrossover', 'OXCrossover'], 'crossover_probability': [0.75, 0.8, 0.85, 0.9], 'elitism_rate': [0.1, 0.2], 'mutation_name': ['InsertMutation', 'SwapMutation'], 'mutation_probability': [0.01, 0.05, 0.1], 'selection_type': ['binary_tournament', 'roulette_wheel'], 'vehicle_construction': ['random', 'bellman_split']}",COMPLETE
295,3977.39,2026-06-03 00:01:19.268705,2026-06-03 00:01:33.253110,0 days 00:00:13.984405,PMXCrossover,0.80,0.20,SwapMutation,0.10,binary_tournament,bellman_split,295,"{'crossover_name': ['PMXCrossover', 'CXCrossover', 'OXCrossover'], 'crossover_probability': [0.75, 0.8, 0.85, 0.9], 'elitism_rate': [0.1, 0.2], 'mutation_name': ['InsertMutation', 'SwapMutation'], 'mutation_probability': [0.01, 0.05, 0.1], 'selection_type': ['binary_tournament', 'roulette_wheel'], 'vehicle_construction': ['random', 'bellman_split']}",COMPLETE
296,3799.63,2026-06-03 00:01:33.253407,2026-06-03 00:01:37.250467,0 days 00:00:03.997060,OXCrossover,0.75,0.20,InsertMutation,0.01,binary_tournament,random,296,"{'crossover_name': ['PMXCrossover', 'CXCrossover', 'OXCrossover'], 'crossover_probability': [0.75, 0.8, 0.85, 0.9], 'elitism_rate': [0.1, 0.2], 'mutation_name': ['InsertMutation', 'SwapMutation'], 'mutation_probability': [0.01, 0.05, 0.1], 'selection_type': ['binary_tournament', 'roulette_wheel'], 'vehicle_construction': ['random', 'bellman_split']}",COMPLETE
297,3482.79,2026-06-03 00:01:37.250801,2026-06-03 00:02:10.475959,0 days 00:00:33.225158,OXCrossover,0.80,0.20,SwapMutation,0.10,roulette_wheel,bellman_split,297,"{'crossover_name': ['PMXCrossover', 'CXCrossover', 'OXCrossover'], 'crossover_probability': [0.75, 0.8, 0.85, 0.9], 'elitism_rate': [0.1, 0.2], 'mutation_name': ['InsertMutation', 'SwapMutation'], 'mutation_probability': [0.01, 0.05, 0.1], 'selection_type': ['binary_tournament', 'roulette_wheel'], 'vehicle_construction': ['random', 'bellman_split']}",COMPLETE
298,3496.07,2026-06-03 00:02:10.476240,2026-06-03 00:02:26.121263,0 days 00:00:15.645023,OXCrossover,0.85,0.10,SwapMutation,0.01,binary_tournament,bellman_split,298,"{'crossover_name': ['PMXCrossover', 'CXCrossover', 'OXCrossover'], 'crossover_probability': [0.75, 0.8, 0.85, 0.9], 'elitism_rate': [0.1, 0.2], 'mutation_name': ['InsertMutation', 'SwapMutation'], 'mutation_probability': [0.01, 0.05, 0.1], 'selection_type': ['binary_tournament', 'roulette_wheel'], 'vehicle_construction': ['random', 'bellman_split']}",COMPLETE
299,4221.04,2026-06-03 00:02:26.121582,2026-06-03 00:02:48.674792,0 days 00:00:22.553210,CXCrossover,0.75,0.10,InsertMutation,0.05,roulette_wheel,random,299,"{'crossover_name': ['PMXCrossover', 'CXCrossover', 'OXCrossover'], 'crossover_probability': [0.75, 0.8, 0.85, 0.9], 'elitism_rate': [0.1, 0.2], 'mutation_name': ['InsertMutation', 'SwapMutation'], 'mutation_probability': [0.01, 0.05, 0.1], 'selection_type': ['binary_tournament', 'roulette_wheel'], 'vehicle_construction': ['random', 'bellman_split']}",COMPLETE
300,3716.89,2026-06-03 00:02:48.675068,2026-06-03 00:03:03.245734,0 days 00:00:14.570666,PMXCrossover,0.90,0.10,InsertMutation,0.01,binary_tournament,bellman_split,300,"{'crossover_name': ['PMXCrossover', 'CXCrossover', 'OXCrossover'], 'crossover_probability': [0.75, 0.8, 0.85, 0.9], 'elitism_rate': [0.1, 0.2], 'mutation_name': ['InsertMutation', 'SwapMutation'], 'mutation_probability': [0.01, 0.05, 0.1], 'selection_type': ['binary_tournament', 'roulette_wheel'], 'vehicle_construction': ['random', 'bellman_split']}",COMPLETE
301,3655.55,2026-06-03 00:03:03.246051,2026-06-03 00:03:25.481900,0 days 00:00:22.235849,PMXCrossover,0.90,0.10,InsertMutation,0.05,roulette_wheel,random,301,"{'crossover_name': ['PMXCrossover', 'CXCrossover', 'OXCrossover'], 'crossover_probability': [0.75, 0.8, 0.85, 0.9], 'elitism_rate': [0.1, 0.2], 'mutation_name': ['InsertMutation', 'SwapMutation'], 'mutation_probability': [0.01, 0.05, 0.1], 'selection_type': ['binary_tournament', 'roulette_wheel'], 'vehicle_construction': ['random', 'bellman_split']}",COMPLETE
302,4630.53,2026-06-03 00:03:25.482180,2026-06-03 00:03:55.525381,0 days 00:00:30.043201,PMXCrossover,0.75,0.20,SwapMutation,0.01,roulette_wheel,bellman_split,302,"{'crossover_name': ['PMXCrossover', 'CXCrossover', 'OXCrossover'], 'crossover_probability': [0.75, 0.8, 0.85, 0.9], 'elitism_rate': [0.1, 0.2], 'mutation_name': ['InsertMutation', 'SwapMutation'], 'mutation_probability': [0.01, 0.05, 0.1], 'selection_type': ['binary_tournament', 'roulette_wheel'], 'vehicle_construction': ['random', 'bellman_split']}",COMPLETE
303,3216.11,2026-06-03 00:03:55.525700,2026-06-03 00:04:29.603444,0 days 00:00:34.077744,OXCrossover,0.85,0.20,SwapMutation,0.10,roulette_wheel,bellman_split,303,"{'crossover_name': ['PMXCrossover', 'CXCrossover', 'OXCrossover'], 'crossover_probability': [0.75, 0.8, 0.85, 0.9], 'elitism_rate': [0.1, 0.2], 'mutation_name': ['InsertMutation', 'SwapMutation'], 'mutation_probability': [0.01, 0.05, 0.1], 'selection_type': ['binary_tournament', 'roulette_wheel'], 'vehicle_construction': ['random', 'bellman_split']}",COMPLETE
304,5084.00,2026-06-03 00:04:29.603732,2026-06-03 00:04:50.413134,0 days 00:00:20.809402,CXCrossover,0.90,0.20,InsertMutation,0.01,roulette_wheel,random,304,"{'crossover_name': ['PMXCrossover', 'CXCrossover', 'OXCrossover'], 'crossover_probability': [0.75, 0.8, 0.85, 0.9], 'elitism_rate': [0.1, 0.2], 'mutation_name': ['InsertMutation', 'SwapMutation'], 'mutation_probability': [0.01, 0.05, 0.1], 'selection_type': ['binary_tournament', 'roulette_wheel'], 'vehicle_construction': ['random', 'bellman_split']}",COMPLETE
305,4314.14,2026-06-03 00:04:50.413660,2026-06-03 00:05:04.650854,0 days 00:00:14.237194,CXCrossover,0.80,0.10,SwapMutation,0.01,binary_tournament,bellman_split,305,"{'crossover_name': ['PMXCrossover', 'CXCrossover', 'OXCrossover'], 'crossover_probability': [0.75, 0.8, 0.85, 0.9], 'elitism_rate': [0.1, 0.2], 'mutation_name': ['InsertMutation', 'SwapMutation'], 'mutation_probability': [0.01, 0.05, 0.1], 'selection_type': ['binary_tournament', 'roulette_wheel'], 'vehicle_construction': ['random', 'bellman_split']}",COMPLETE
306,4764.04,2026-06-03 00:05:04.651283,2026-06-03 00:05:38.801125,0 days 00:00:34.149842,CXCrossover,0.90,0.10,InsertMutation,0.01,roulette_wheel,bellman_split,306,"{'crossover_name': ['PMXCrossover', 'CXCrossover', 'OXCrossover'], 'crossover_probability': [0.75, 0.8, 0.85, 0.9], 'elitism_rate': [0.1, 0.2], 'mutation_name': ['InsertMutation', 'SwapMutation'], 'mutation_probability': [0.01, 0.05, 0.1], 'selection_type': ['binary_tournament', 'roulette_wheel'], 'vehicle_construction': ['random', 'bellman_split']}",COMPLETE
307,3992.50,2026-06-03 00:05:38.801422,2026-06-03 00:05:52.989016,0 days 00:00:14.187594,PMXCrossover,0.80,0.10,SwapMutation,0.10,binary_tournament,bellman_split,307,"{'crossover_name': ['PMXCrossover', 'CXCrossover', 'OXCrossover'], 'crossover_probability': [0.75, 0.8, 0.85, 0.9], 'elitism_rate': [0.1, 0.2], 'mutation_name': ['InsertMutation', 'SwapMutation'], 'mutation_probability': [0.01, 0.05, 0.1], 'selection_type': ['binary_tournament', 'roulette_wheel'], 'vehicle_construction': ['random', 'bellman_split']}",COMPLETE
308,4600.27,2026-06-03 00:05:52.989312,2026-06-03 00:06:14.537253,0 days 00:00:21.547941,PMXCrossover,0.75,0.10,InsertMutation,0.01,roulette_wheel,random,308,"{'crossover_name': ['PMXCrossover', 'CXCrossover', 'OXCrossover'], 'crossover_probability': [0.75, 0.8, 0.85, 0.9], 'elitism_rate': [0.1, 0.2], 'mutation_name': ['InsertMutation', 'SwapMutation'], 'mutation_probability': [0.01, 0.05, 0.1], 'selection_type': ['binary_tournament', 'roulette_wheel'], 'vehicle_construction': ['random', 'bellman_split']}",COMPLETE
309,4892.72,2026-06-03 00:06:14.537557,2026-06-03 00:06:28.011555,0 days 00:00:13.473998,CXCrossover,0.75,0.20,InsertMutation,0.05,binary_tournament,bellman_split,309,"{'crossover_name': ['PMXCrossover', 'CXCrossover', 'OXCrossover'], 'crossover_probability': [0.75, 0.8, 0.85, 0.9], 'elitism_rate': [0.1, 0.2], 'mutation_name': ['InsertMutation', 'SwapMutation'], 'mutation_probability': [0.01, 0.05, 0.1], 'selection_type': ['binary_tournament', 'roulette_wheel'], 'vehicle_construction': ['random', 'bellman_split']}",COMPLETE
310,3639.03,2026-06-03 00:06:28.011892,2026-06-03 00:07:06.580888,0 days 00:00:38.568996,OXCrossover,0.90,0.10,InsertMutation,0.10,roulette_wheel,bellman_split,310,"{'crossover_name': ['PMXCrossover', 'CXCrossover', 'OXCrossover'], 'crossover_probability': [0.75, 0.8, 0.85, 0.9], 'elitism_rate': [0.1, 0.2], 'mutation_name': ['InsertMutation', 'SwapMutation'], 'mutation_probability': [0.01, 0.05, 0.1], 'selection_type': ['binary_tournament', 'roulette_wheel'], 'vehicle_construction': ['random', 'bellman_split']}",COMPLETE
311,4018.86,2026-06-03 00:07:06.581279,2026-06-03 00:07:29.669296,0 days 00:00:23.088017,PMXCrossover,0.90,0.10,InsertMutation,0.01,roulette_wheel,random,311,"{'crossover_name': ['PMXCrossover', 'CXCrossover', 'OXCrossover'], 'crossover_probability': [0.75, 0.8, 0.85, 0.9], 'elitism_rate': [0.1, 0.2], 'mutation_name': ['InsertMutation', 'SwapMutation'], 'mutation_probability': [0.01, 0.05, 0.1], 'selection_type': ['binary_tournament', 'roulette_wheel'], 'vehicle_construction': ['random', 'bellman_split']}",COMPLETE
312,4412.07,2026-06-03 00:07:29.669571,2026-06-03 00:07:44.742860,0 days 00:00:15.073289,CXCrossover,0.85,0.10,InsertMutation,0.01,binary_tournament,bellman_split,312,"{'crossover_name': ['PMXCrossover', 'CXCrossover', 'OXCrossover'], 'crossover_probability': [0.75, 0.8, 0.85, 0.9], 'elitism_rate': [0.1, 0.2], 'mutation_name': ['InsertMutation', 'SwapMutation'], 'mutation_probability': [0.01, 0.05, 0.1], 'selection_type': ['binary_tournament', 'roulette_wheel'], 'vehicle_construction': ['random', 'bellman_split']}",COMPLETE
313,5036.78,2026-06-03 00:07:44.743155,2026-06-03 00:07:58.984989,0 days 00:00:14.241834,CXCrossover,0.80,0.10,InsertMutation,0.01,binary_tournament,bellman_split,313,"{'crossover_name': ['PMXCrossover', 'CXCrossover', 'OXCrossover'], 'crossover_probability': [0.75, 0.8, 0.85, 0.9], 'elitism_rate': [0.1, 0.2], 'mutation_name': ['InsertMutation', 'SwapMutation'], 'mutation_probability': [0.01, 0.05, 0.1], 'selection_type': ['binary_tournament', 'roulette_wheel'], 'vehicle_construction': ['random', 'bellman_split']}",COMPLETE
314,4526.76,2026-06-03 00:07:58.985287,2026-06-03 00:08:14.940824,0 days 00:00:15.955537,CXCrossover,0.90,0.10,SwapMutation,0.05,binary_tournament,bellman_split,314,"{'crossover_name': ['PMXCrossover', 'CXCrossover', 'OXCrossover'], 'crossover_probability': [0.75, 0.8, 0.85, 0.9], 'elitism_rate': [0.1, 0.2], 'mutation_name': ['InsertMutation', 'SwapMutation'], 'mutation_probability': [0.01, 0.05, 0.1], 'selection_type': ['binary_tournament', 'roulette_wheel'], 'vehicle_construction': ['random', 'bellman_split']}",COMPLETE
315,3918.62,2026-06-03 00:08:14.941120,2026-06-03 00:08:50.141228,0 days 00:00:35.200108,OXCrossover,0.80,0.10,SwapMutation,0.01,roulette_wheel,bellman_split,315,"{'crossover_name': ['PMXCrossover', 'CXCrossover', 'OXCrossover'], 'crossover_probability': [0.75, 0.8, 0.85, 0.9], 'elitism_rate': [0.1, 0.2], 'mutation_name': ['InsertMutation', 'SwapMutation'], 'mutation_probability': [0.01, 0.05, 0.1], 'selection_type': ['binary_tournament', 'roulette_wheel'], 'vehicle_construction': ['random', 'bellman_split']}",COMPLETE
316,4267.03,2026-06-03 00:08:50.141523,2026-06-03 00:09:12.745348,0 days 00:00:22.603825,PMXCrossover,0.85,0.10,SwapMutation,0.05,roulette_wheel,random,316,"{'crossover_name': ['PMXCrossover', 'CXCrossover', 'OXCrossover'], 'crossover_probability': [0.75, 0.8, 0.85, 0.9], 'elitism_rate': [0.1, 0.2], 'mutation_name': ['InsertMutation', 'SwapMutation'], 'mutation_probability': [0.01, 0.05, 0.1], 'selection_type': ['binary_tournament', 'roulette_wheel'], 'vehicle_construction': ['random', 'bellman_split']}",COMPLETE
317,3923.42,2026-06-03 00:09:12.745651,2026-06-03 00:09:33.691111,0 days 00:00:20.945460,CXCrossover,0.85,0.20,InsertMutation,0.10,roulette_wheel,random,317,"{'crossover_name': ['PMXCrossover', 'CXCrossover', 'OXCrossover'], 'crossover_probability': [0.75, 0.8, 0.85, 0.9], 'elitism_rate': [0.1, 0.2], 'mutation_name': ['InsertMutation', 'SwapMutation'], 'mutation_probability': [0.01, 0.05, 0.1], 'selection_type': ['binary_tournament', 'roulette_wheel'], 'vehicle_construction': ['random', 'bellman_split']}",COMPLETE
318,3869.76,2026-06-03 00:09:33.691393,2026-06-03 00:09:38.092877,0 days 00:00:04.401484,OXCrossover,0.75,0.20,InsertMutation,0.05,binary_tournament,random,318,"{'crossover_name': ['PMXCrossover', 'CXCrossover', 'OXCrossover'], 'crossover_probability': [0.75, 0.8, 0.85, 0.9], 'elitism_rate': [0.1, 0.2], 'mutation_name': ['InsertMutation', 'SwapMutation'], 'mutation_probability': [0.01, 0.05, 0.1], 'selection_type': ['binary_tournament', 'roulette_wheel'], 'vehicle_construction': ['random', 'bellman_split']}",COMPLETE
319,3930.96,2026-06-03 00:09:38.093487,2026-06-03 00:09:41.750549,0 days 00:00:03.657062,PMXCrossover,0.90,0.20,InsertMutation,0.10,binary_tournament,random,319,"{'crossover_name': ['PMXCrossover', 'CXCrossover', 'OXCrossover'], 'crossover_probability': [0.75, 0.8, 0.85, 0.9], 'elitism_rate': [0.1, 0.2], 'mutation_name': ['InsertMutation', 'SwapMutation'], 'mutation_probability': [0.01, 0.05, 0.1], 'selection_type': ['binary_tournament', 'roulette_wheel'], 'vehicle_construction': ['random', 'bellman_split']}",COMPLETE
320,3335.48,2026-06-03 00:09:41.750855,2026-06-03 00:10:16.032369,0 days 00:00:34.281514,OXCrossover,0.85,0.20,InsertMutation,0.01,roulette_wheel,bellman_split,320,"{'crossover_name': ['PMXCrossover', 'CXCrossover', 'OXCrossover'], 'crossover_probability': [0.75, 0.8, 0.85, 0.9], 'elitism_rate': [0.1, 0.2], 'mutation_name': ['InsertMutation', 'SwapMutation'], 'mutation_probability': [0.01, 0.05, 0.1], 'selection_type': ['binary_tournament', 'roulette_wheel'], 'vehicle_construction': ['random', 'bellman_split']}",COMPLETE
321,4029.97,2026-06-03 00:10:16.032684,2026-06-03 00:10:19.278457,0 days 00:00:03.245773,PMXCrossover,0.90,0.20,InsertMutation,0.01,binary_tournament,random,321,"{'crossover_name': ['PMXCrossover', 'CXCrossover', 'OXCrossover'], 'crossover_probability': [0.75, 0.8, 0.85, 0.9], 'elitism_rate': [0.1, 0.2], 'mutation_name': ['InsertMutation', 'SwapMutation'], 'mutation_probability': [0.01, 0.05, 0.1], 'selection_type': ['binary_tournament', 'roulette_wheel'], 'vehicle_construction': ['random', 'bellman_split']}",COMPLETE
322,4925.39,2026-06-03 00:10:19.278757,2026-06-03 00:10:23.485415,0 days 00:00:04.206658,CXCrossover,0.90,0.20,SwapMutation,0.05,binary_tournament,random,322,"{'crossover_name': ['PMXCrossover', 'CXCrossover', 'OXCrossover'], 'crossover_probability': [0.75, 0.8, 0.85, 0.9], 'elitism_rate': [0.1, 0.2], 'mutation_name': ['InsertMutation', 'SwapMutation'], 'mutation_probability': [0.01, 0.05, 0.1], 'selection_type': ['binary_tournament', 'roulette_wheel'], 'vehicle_construction': ['random', 'bellman_split']}",COMPLETE
323,4206.07,2026-06-03 00:10:23.485710,2026-06-03 00:10:45.239065,0 days 00:00:21.753355,OXCrossover,0.80,0.20,SwapMutation,0.05,roulette_wheel,random,323,"{'crossover_name': ['PMXCrossover', 'CXCrossover', 'OXCrossover'], 'crossover_probability': [0.75, 0.8, 0.85, 0.9], 'elitism_rate': [0.1, 0.2], 'mutation_name': ['InsertMutation', 'SwapMutation'], 'mutation_probability': [0.01, 0.05, 0.1], 'selection_type': ['binary_tournament', 'roulette_wheel'], 'vehicle_construction': ['random', 'bellman_split']}",COMPLETE
324,3580.72,2026-06-03 00:10:45.239389,2026-06-03 00:11:21.642024,0 days 00:00:36.402635,OXCrossover,0.85,0.10,SwapMutation,0.10,roulette_wheel,bellman_split,324,"{'crossover_name': ['PMXCrossover', 'CXCrossover', 'OXCrossover'], 'crossover_probability': [0.75, 0.8, 0.85, 0.9], 'elitism_rate': [0.1, 0.2], 'mutation_name': ['InsertMutation', 'SwapMutation'], 'mutation_probability': [0.01, 0.05, 0.1], 'selection_type': ['binary_tournament', 'roulette_wheel'], 'vehicle_construction': ['random', 'bellman_split']}",COMPLETE
325,3061.94,2026-06-03 00:11:21.642347,2026-06-03 00:11:35.911262,0 days 00:00:14.268915,OXCrossover,0.75,0.10,InsertMutation,0.01,binary_tournament,bellman_split,325,"{'crossover_name': ['PMXCrossover', 'CXCrossover', 'OXCrossover'], 'crossover_probability': [0.75, 0.8, 0.85, 0.9], 'elitism_rate': [0.1, 0.2], 'mutation_name': ['InsertMutation', 'SwapMutation'], 'mutation_probability': [0.01, 0.05, 0.1], 'selection_type': ['binary_tournament', 'roulette_wheel'], 'vehicle_construction': ['random', 'bellman_split']}",COMPLETE
326,4124.42,2026-06-03 00:11:35.911580,2026-06-03 00:11:39.303328,0 days 00:00:03.391748,PMXCrossover,0.85,0.20,SwapMutation,0.05,binary_tournament,random,326,"{'crossover_name': ['PMXCrossover', 'CXCrossover', 'OXCrossover'], 'crossover_probability': [0.75, 0.8, 0.85, 0.9], 'elitism_rate': [0.1, 0.2], 'mutation_name': ['InsertMutation', 'SwapMutation'], 'mutation_probability': [0.01, 0.05, 0.1], 'selection_type': ['binary_tournament', 'roulette_wheel'], 'vehicle_construction': ['random', 'bellman_split']}",COMPLETE
327,4212.28,2026-06-03 00:11:39.303636,2026-06-03 00:12:03.730003,0 days 00:00:24.426367,OXCrossover,0.90,0.10,SwapMutation,0.05,roulette_wheel,random,327,"{'crossover_name': ['PMXCrossover', 'CXCrossover', 'OXCrossover'], 'crossover_probability': [0.75, 0.8, 0.85, 0.9], 'elitism_rate': [0.1, 0.2], 'mutation_name': ['InsertMutation', 'SwapMutation'], 'mutation_probability': [0.01, 0.05, 0.1], 'selection_type': ['binary_tournament', 'roulette_wheel'], 'vehicle_construction': ['random', 'bellman_split']}",COMPLETE
