number,value,datetime_start,datetime_complete,duration,params_crossover_name,params_crossover_probability,params_elitism_rate,params_mutation_name,params_mutation_probability,params_selection_type,params_vehicle_construction,system_attrs_grid_id,system_attrs_search_space,state
82,3177.58,2026-06-02 22:57:50.302593,2026-06-02 22:58:06.401168,0 days 00:00:16.098575,OXCrossover,0.80,0.10,InsertMutation,0.10,binary_tournament,bellman_split,82,"{'crossover_name': ['PMXCrossover', 'CXCrossover', 'OXCrossover'], 'crossover_probability': [0.75, 0.8, 0.85, 0.9], 'elitism_rate': [0.1, 0.2], 'mutation_name': ['InsertMutation', 'SwapMutation'], 'mutation_probability': [0.01, 0.05, 0.1], 'selection_type': ['binary_tournament', 'roulette_wheel'], 'vehicle_construction': ['random', 'bellman_split']}",COMPLETE
83,3424.43,2026-06-02 22:58:06.401475,2026-06-02 22:58:25.394616,0 days 00:00:18.993141,OXCrossover,0.90,0.20,SwapMutation,0.10,binary_tournament,bellman_split,83,"{'crossover_name': ['PMXCrossover', 'CXCrossover', 'OXCrossover'], 'crossover_probability': [0.75, 0.8, 0.85, 0.9], 'elitism_rate': [0.1, 0.2], 'mutation_name': ['InsertMutation', 'SwapMutation'], 'mutation_probability': [0.01, 0.05, 0.1], 'selection_type': ['binary_tournament', 'roulette_wheel'], 'vehicle_construction': ['random', 'bellman_split']}",COMPLETE
84,4613.79,2026-06-02 22:58:25.394919,2026-06-02 22:59:09.023310,0 days 00:00:43.628391,CXCrossover,0.90,0.20,SwapMutation,0.01,roulette_wheel,bellman_split,84,"{'crossover_name': ['PMXCrossover', 'CXCrossover', 'OXCrossover'], 'crossover_probability': [0.75, 0.8, 0.85, 0.9], 'elitism_rate': [0.1, 0.2], 'mutation_name': ['InsertMutation', 'SwapMutation'], 'mutation_probability': [0.01, 0.05, 0.1], 'selection_type': ['binary_tournament', 'roulette_wheel'], 'vehicle_construction': ['random', 'bellman_split']}",COMPLETE
85,3594.28,2026-06-02 22:59:09.044172,2026-06-02 22:59:21.809639,0 days 00:00:12.765467,OXCrossover,0.85,0.10,SwapMutation,0.01,binary_tournament,random,85,"{'crossover_name': ['PMXCrossover', 'CXCrossover', 'OXCrossover'], 'crossover_probability': [0.75, 0.8, 0.85, 0.9], 'elitism_rate': [0.1, 0.2], 'mutation_name': ['InsertMutation', 'SwapMutation'], 'mutation_probability': [0.01, 0.05, 0.1], 'selection_type': ['binary_tournament', 'roulette_wheel'], 'vehicle_construction': ['random', 'bellman_split']}",COMPLETE
86,4004.32,2026-06-02 22:59:21.810083,2026-06-02 22:59:51.985218,0 days 00:00:30.175135,PMXCrossover,0.80,0.20,InsertMutation,0.05,roulette_wheel,random,86,"{'crossover_name': ['PMXCrossover', 'CXCrossover', 'OXCrossover'], 'crossover_probability': [0.75, 0.8, 0.85, 0.9], 'elitism_rate': [0.1, 0.2], 'mutation_name': ['InsertMutation', 'SwapMutation'], 'mutation_probability': [0.01, 0.05, 0.1], 'selection_type': ['binary_tournament', 'roulette_wheel'], 'vehicle_construction': ['random', 'bellman_split']}",COMPLETE
87,4085.80,2026-06-02 22:59:51.985557,2026-06-02 23:00:22.702071,0 days 00:00:30.716514,PMXCrossover,0.85,0.20,SwapMutation,0.10,roulette_wheel,random,87,"{'crossover_name': ['PMXCrossover', 'CXCrossover', 'OXCrossover'], 'crossover_probability': [0.75, 0.8, 0.85, 0.9], 'elitism_rate': [0.1, 0.2], 'mutation_name': ['InsertMutation', 'SwapMutation'], 'mutation_probability': [0.01, 0.05, 0.1], 'selection_type': ['binary_tournament', 'roulette_wheel'], 'vehicle_construction': ['random', 'bellman_split']}",COMPLETE
88,3706.31,2026-06-02 23:00:22.702392,2026-06-02 23:00:45.789850,0 days 00:00:23.087458,PMXCrossover,0.90,0.20,SwapMutation,0.05,roulette_wheel,random,88,"{'crossover_name': ['PMXCrossover', 'CXCrossover', 'OXCrossover'], 'crossover_probability': [0.75, 0.8, 0.85, 0.9], 'elitism_rate': [0.1, 0.2], 'mutation_name': ['InsertMutation', 'SwapMutation'], 'mutation_probability': [0.01, 0.05, 0.1], 'selection_type': ['binary_tournament', 'roulette_wheel'], 'vehicle_construction': ['random', 'bellman_split']}",COMPLETE
89,4231.59,2026-06-02 23:00:45.790134,2026-06-02 23:01:17.745434,0 days 00:00:31.955300,OXCrossover,0.90,0.20,SwapMutation,0.10,roulette_wheel,random,89,"{'crossover_name': ['PMXCrossover', 'CXCrossover', 'OXCrossover'], 'crossover_probability': [0.75, 0.8, 0.85, 0.9], 'elitism_rate': [0.1, 0.2], 'mutation_name': ['InsertMutation', 'SwapMutation'], 'mutation_probability': [0.01, 0.05, 0.1], 'selection_type': ['binary_tournament', 'roulette_wheel'], 'vehicle_construction': ['random', 'bellman_split']}",COMPLETE
90,3890.35,2026-06-02 23:01:17.745952,2026-06-02 23:01:54.119922,0 days 00:00:36.373970,CXCrossover,0.85,0.10,SwapMutation,0.10,roulette_wheel,bellman_split,90,"{'crossover_name': ['PMXCrossover', 'CXCrossover', 'OXCrossover'], 'crossover_probability': [0.75, 0.8, 0.85, 0.9], 'elitism_rate': [0.1, 0.2], 'mutation_name': ['InsertMutation', 'SwapMutation'], 'mutation_probability': [0.01, 0.05, 0.1], 'selection_type': ['binary_tournament', 'roulette_wheel'], 'vehicle_construction': ['random', 'bellman_split']}",COMPLETE
91,3712.83,2026-06-02 23:01:54.120209,2026-06-02 23:02:07.885008,0 days 00:00:13.764799,PMXCrossover,0.80,0.20,SwapMutation,0.05,binary_tournament,bellman_split,91,"{'crossover_name': ['PMXCrossover', 'CXCrossover', 'OXCrossover'], 'crossover_probability': [0.75, 0.8, 0.85, 0.9], 'elitism_rate': [0.1, 0.2], 'mutation_name': ['InsertMutation', 'SwapMutation'], 'mutation_probability': [0.01, 0.05, 0.1], 'selection_type': ['binary_tournament', 'roulette_wheel'], 'vehicle_construction': ['random', 'bellman_split']}",COMPLETE
92,4614.39,2026-06-02 23:02:07.885341,2026-06-02 23:02:21.721318,0 days 00:00:13.835977,CXCrossover,0.75,0.10,SwapMutation,0.10,binary_tournament,bellman_split,92,"{'crossover_name': ['PMXCrossover', 'CXCrossover', 'OXCrossover'], 'crossover_probability': [0.75, 0.8, 0.85, 0.9], 'elitism_rate': [0.1, 0.2], 'mutation_name': ['InsertMutation', 'SwapMutation'], 'mutation_probability': [0.01, 0.05, 0.1], 'selection_type': ['binary_tournament', 'roulette_wheel'], 'vehicle_construction': ['random', 'bellman_split']}",COMPLETE
93,3840.72,2026-06-02 23:02:21.721614,2026-06-02 23:02:56.802473,0 days 00:00:35.080859,PMXCrossover,0.85,0.20,InsertMutation,0.05,roulette_wheel,bellman_split,93,"{'crossover_name': ['PMXCrossover', 'CXCrossover', 'OXCrossover'], 'crossover_probability': [0.75, 0.8, 0.85, 0.9], 'elitism_rate': [0.1, 0.2], 'mutation_name': ['InsertMutation', 'SwapMutation'], 'mutation_probability': [0.01, 0.05, 0.1], 'selection_type': ['binary_tournament', 'roulette_wheel'], 'vehicle_construction': ['random', 'bellman_split']}",COMPLETE
94,4116.81,2026-06-02 23:02:56.802787,2026-06-02 23:03:31.949603,0 days 00:00:35.146816,CXCrossover,0.80,0.10,InsertMutation,0.05,roulette_wheel,bellman_split,94,"{'crossover_name': ['PMXCrossover', 'CXCrossover', 'OXCrossover'], 'crossover_probability': [0.75, 0.8, 0.85, 0.9], 'elitism_rate': [0.1, 0.2], 'mutation_name': ['InsertMutation', 'SwapMutation'], 'mutation_probability': [0.01, 0.05, 0.1], 'selection_type': ['binary_tournament', 'roulette_wheel'], 'vehicle_construction': ['random', 'bellman_split']}",COMPLETE
95,4402.78,2026-06-02 23:03:31.950399,2026-06-02 23:04:01.766289,0 days 00:00:29.815890,PMXCrossover,0.75,0.20,SwapMutation,0.10,roulette_wheel,random,95,"{'crossover_name': ['PMXCrossover', 'CXCrossover', 'OXCrossover'], 'crossover_probability': [0.75, 0.8, 0.85, 0.9], 'elitism_rate': [0.1, 0.2], 'mutation_name': ['InsertMutation', 'SwapMutation'], 'mutation_probability': [0.01, 0.05, 0.1], 'selection_type': ['binary_tournament', 'roulette_wheel'], 'vehicle_construction': ['random', 'bellman_split']}",COMPLETE
96,3699.66,2026-06-02 23:04:01.766717,2026-06-02 23:04:11.285957,0 days 00:00:09.519240,OXCrossover,0.80,0.10,InsertMutation,0.10,binary_tournament,random,96,"{'crossover_name': ['PMXCrossover', 'CXCrossover', 'OXCrossover'], 'crossover_probability': [0.75, 0.8, 0.85, 0.9], 'elitism_rate': [0.1, 0.2], 'mutation_name': ['InsertMutation', 'SwapMutation'], 'mutation_probability': [0.01, 0.05, 0.1], 'selection_type': ['binary_tournament', 'roulette_wheel'], 'vehicle_construction': ['random', 'bellman_split']}",COMPLETE
97,4884.08,2026-06-02 23:04:11.286466,2026-06-02 23:04:28.220858,0 days 00:00:16.934392,CXCrossover,0.75,0.10,SwapMutation,0.01,binary_tournament,bellman_split,97,"{'crossover_name': ['PMXCrossover', 'CXCrossover', 'OXCrossover'], 'crossover_probability': [0.75, 0.8, 0.85, 0.9], 'elitism_rate': [0.1, 0.2], 'mutation_name': ['InsertMutation', 'SwapMutation'], 'mutation_probability': [0.01, 0.05, 0.1], 'selection_type': ['binary_tournament', 'roulette_wheel'], 'vehicle_construction': ['random', 'bellman_split']}",COMPLETE
98,3023.07,2026-06-02 23:04:28.221147,2026-06-02 23:04:42.697806,0 days 00:00:14.476659,OXCrossover,0.80,0.10,InsertMutation,0.01,binary_tournament,bellman_split,98,"{'crossover_name': ['PMXCrossover', 'CXCrossover', 'OXCrossover'], 'crossover_probability': [0.75, 0.8, 0.85, 0.9], 'elitism_rate': [0.1, 0.2], 'mutation_name': ['InsertMutation', 'SwapMutation'], 'mutation_probability': [0.01, 0.05, 0.1], 'selection_type': ['binary_tournament', 'roulette_wheel'], 'vehicle_construction': ['random', 'bellman_split']}",COMPLETE
99,4091.70,2026-06-02 23:04:42.698129,2026-06-02 23:04:56.776422,0 days 00:00:14.078293,PMXCrossover,0.75,0.10,SwapMutation,0.10,binary_tournament,bellman_split,99,"{'crossover_name': ['PMXCrossover', 'CXCrossover', 'OXCrossover'], 'crossover_probability': [0.75, 0.8, 0.85, 0.9], 'elitism_rate': [0.1, 0.2], 'mutation_name': ['InsertMutation', 'SwapMutation'], 'mutation_probability': [0.01, 0.05, 0.1], 'selection_type': ['binary_tournament', 'roulette_wheel'], 'vehicle_construction': ['random', 'bellman_split']}",COMPLETE
100,3436.74,2026-06-02 23:04:56.776719,2026-06-02 23:05:13.551415,0 days 00:00:16.774696,OXCrossover,0.90,0.10,InsertMutation,0.05,binary_tournament,bellman_split,100,"{'crossover_name': ['PMXCrossover', 'CXCrossover', 'OXCrossover'], 'crossover_probability': [0.75, 0.8, 0.85, 0.9], 'elitism_rate': [0.1, 0.2], 'mutation_name': ['InsertMutation', 'SwapMutation'], 'mutation_probability': [0.01, 0.05, 0.1], 'selection_type': ['binary_tournament', 'roulette_wheel'], 'vehicle_construction': ['random', 'bellman_split']}",COMPLETE
101,4630.27,2026-06-02 23:05:13.551743,2026-06-02 23:05:37.319571,0 days 00:00:23.767828,CXCrossover,0.80,0.10,SwapMutation,0.10,roulette_wheel,random,101,"{'crossover_name': ['PMXCrossover', 'CXCrossover', 'OXCrossover'], 'crossover_probability': [0.75, 0.8, 0.85, 0.9], 'elitism_rate': [0.1, 0.2], 'mutation_name': ['InsertMutation', 'SwapMutation'], 'mutation_probability': [0.01, 0.05, 0.1], 'selection_type': ['binary_tournament', 'roulette_wheel'], 'vehicle_construction': ['random', 'bellman_split']}",COMPLETE
102,4206.41,2026-06-02 23:05:37.319844,2026-06-02 23:06:00.928019,0 days 00:00:23.608175,OXCrossover,0.75,0.10,InsertMutation,0.05,roulette_wheel,random,102,"{'crossover_name': ['PMXCrossover', 'CXCrossover', 'OXCrossover'], 'crossover_probability': [0.75, 0.8, 0.85, 0.9], 'elitism_rate': [0.1, 0.2], 'mutation_name': ['InsertMutation', 'SwapMutation'], 'mutation_probability': [0.01, 0.05, 0.1], 'selection_type': ['binary_tournament', 'roulette_wheel'], 'vehicle_construction': ['random', 'bellman_split']}",COMPLETE
103,4517.42,2026-06-02 23:06:00.928322,2026-06-02 23:06:21.145532,0 days 00:00:20.217210,CXCrossover,0.80,0.20,SwapMutation,0.05,roulette_wheel,random,103,"{'crossover_name': ['PMXCrossover', 'CXCrossover', 'OXCrossover'], 'crossover_probability': [0.75, 0.8, 0.85, 0.9], 'elitism_rate': [0.1, 0.2], 'mutation_name': ['InsertMutation', 'SwapMutation'], 'mutation_probability': [0.01, 0.05, 0.1], 'selection_type': ['binary_tournament', 'roulette_wheel'], 'vehicle_construction': ['random', 'bellman_split']}",COMPLETE
104,4237.77,2026-06-02 23:06:21.145824,2026-06-02 23:06:57.124589,0 days 00:00:35.978765,CXCrossover,0.85,0.10,InsertMutation,0.10,roulette_wheel,bellman_split,104,"{'crossover_name': ['PMXCrossover', 'CXCrossover', 'OXCrossover'], 'crossover_probability': [0.75, 0.8, 0.85, 0.9], 'elitism_rate': [0.1, 0.2], 'mutation_name': ['InsertMutation', 'SwapMutation'], 'mutation_probability': [0.01, 0.05, 0.1], 'selection_type': ['binary_tournament', 'roulette_wheel'], 'vehicle_construction': ['random', 'bellman_split']}",COMPLETE
105,4504.36,2026-06-02 23:06:57.124864,2026-06-02 23:07:12.148190,0 days 00:00:15.023326,CXCrossover,0.80,0.10,SwapMutation,0.10,binary_tournament,bellman_split,105,"{'crossover_name': ['PMXCrossover', 'CXCrossover', 'OXCrossover'], 'crossover_probability': [0.75, 0.8, 0.85, 0.9], 'elitism_rate': [0.1, 0.2], 'mutation_name': ['InsertMutation', 'SwapMutation'], 'mutation_probability': [0.01, 0.05, 0.1], 'selection_type': ['binary_tournament', 'roulette_wheel'], 'vehicle_construction': ['random', 'bellman_split']}",COMPLETE
106,4379.68,2026-06-02 23:07:12.148506,2026-06-02 23:07:35.929439,0 days 00:00:23.780933,OXCrossover,0.85,0.10,SwapMutation,0.01,roulette_wheel,random,106,"{'crossover_name': ['PMXCrossover', 'CXCrossover', 'OXCrossover'], 'crossover_probability': [0.75, 0.8, 0.85, 0.9], 'elitism_rate': [0.1, 0.2], 'mutation_name': ['InsertMutation', 'SwapMutation'], 'mutation_probability': [0.01, 0.05, 0.1], 'selection_type': ['binary_tournament', 'roulette_wheel'], 'vehicle_construction': ['random', 'bellman_split']}",COMPLETE
107,3988.38,2026-06-02 23:07:35.929737,2026-06-02 23:07:59.672520,0 days 00:00:23.742783,OXCrossover,0.80,0.10,InsertMutation,0.01,roulette_wheel,random,107,"{'crossover_name': ['PMXCrossover', 'CXCrossover', 'OXCrossover'], 'crossover_probability': [0.75, 0.8, 0.85, 0.9], 'elitism_rate': [0.1, 0.2], 'mutation_name': ['InsertMutation', 'SwapMutation'], 'mutation_probability': [0.01, 0.05, 0.1], 'selection_type': ['binary_tournament', 'roulette_wheel'], 'vehicle_construction': ['random', 'bellman_split']}",COMPLETE
108,4672.43,2026-06-02 23:07:59.672843,2026-06-02 23:08:14.428074,0 days 00:00:14.755231,CXCrossover,0.85,0.10,SwapMutation,0.01,binary_tournament,bellman_split,108,"{'crossover_name': ['PMXCrossover', 'CXCrossover', 'OXCrossover'], 'crossover_probability': [0.75, 0.8, 0.85, 0.9], 'elitism_rate': [0.1, 0.2], 'mutation_name': ['InsertMutation', 'SwapMutation'], 'mutation_probability': [0.01, 0.05, 0.1], 'selection_type': ['binary_tournament', 'roulette_wheel'], 'vehicle_construction': ['random', 'bellman_split']}",COMPLETE
109,4010.47,2026-06-02 23:08:14.428370,2026-06-02 23:08:48.093158,0 days 00:00:33.664788,PMXCrossover,0.80,0.10,SwapMutation,0.10,roulette_wheel,bellman_split,109,"{'crossover_name': ['PMXCrossover', 'CXCrossover', 'OXCrossover'], 'crossover_probability': [0.75, 0.8, 0.85, 0.9], 'elitism_rate': [0.1, 0.2], 'mutation_name': ['InsertMutation', 'SwapMutation'], 'mutation_probability': [0.01, 0.05, 0.1], 'selection_type': ['binary_tournament', 'roulette_wheel'], 'vehicle_construction': ['random', 'bellman_split']}",COMPLETE
110,4140.85,2026-06-02 23:08:48.093458,2026-06-02 23:08:52.584455,0 days 00:00:04.490997,OXCrossover,0.85,0.20,InsertMutation,0.05,binary_tournament,random,110,"{'crossover_name': ['PMXCrossover', 'CXCrossover', 'OXCrossover'], 'crossover_probability': [0.75, 0.8, 0.85, 0.9], 'elitism_rate': [0.1, 0.2], 'mutation_name': ['InsertMutation', 'SwapMutation'], 'mutation_probability': [0.01, 0.05, 0.1], 'selection_type': ['binary_tournament', 'roulette_wheel'], 'vehicle_construction': ['random', 'bellman_split']}",COMPLETE
111,3693.59,2026-06-02 23:08:52.584801,2026-06-02 23:09:15.114453,0 days 00:00:22.529652,PMXCrossover,0.85,0.10,InsertMutation,0.05,roulette_wheel,random,111,"{'crossover_name': ['PMXCrossover', 'CXCrossover', 'OXCrossover'], 'crossover_probability': [0.75, 0.8, 0.85, 0.9], 'elitism_rate': [0.1, 0.2], 'mutation_name': ['InsertMutation', 'SwapMutation'], 'mutation_probability': [0.01, 0.05, 0.1], 'selection_type': ['binary_tournament', 'roulette_wheel'], 'vehicle_construction': ['random', 'bellman_split']}",COMPLETE
112,4536.29,2026-06-02 23:09:15.114920,2026-06-02 23:09:47.113483,0 days 00:00:31.998563,CXCrossover,0.80,0.20,SwapMutation,0.05,roulette_wheel,bellman_split,112,"{'crossover_name': ['PMXCrossover', 'CXCrossover', 'OXCrossover'], 'crossover_probability': [0.75, 0.8, 0.85, 0.9], 'elitism_rate': [0.1, 0.2], 'mutation_name': ['InsertMutation', 'SwapMutation'], 'mutation_probability': [0.01, 0.05, 0.1], 'selection_type': ['binary_tournament', 'roulette_wheel'], 'vehicle_construction': ['random', 'bellman_split']}",COMPLETE
113,3892.90,2026-06-02 23:09:47.113797,2026-06-02 23:09:50.446045,0 days 00:00:03.332248,PMXCrossover,0.85,0.10,SwapMutation,0.01,binary_tournament,random,113,"{'crossover_name': ['PMXCrossover', 'CXCrossover', 'OXCrossover'], 'crossover_probability': [0.75, 0.8, 0.85, 0.9], 'elitism_rate': [0.1, 0.2], 'mutation_name': ['InsertMutation', 'SwapMutation'], 'mutation_probability': [0.01, 0.05, 0.1], 'selection_type': ['binary_tournament', 'roulette_wheel'], 'vehicle_construction': ['random', 'bellman_split']}",COMPLETE
114,3377.09,2026-06-02 23:09:50.446647,2026-06-02 23:10:04.324460,0 days 00:00:13.877813,OXCrossover,0.75,0.10,SwapMutation,0.01,binary_tournament,bellman_split,114,"{'crossover_name': ['PMXCrossover', 'CXCrossover', 'OXCrossover'], 'crossover_probability': [0.75, 0.8, 0.85, 0.9], 'elitism_rate': [0.1, 0.2], 'mutation_name': ['InsertMutation', 'SwapMutation'], 'mutation_probability': [0.01, 0.05, 0.1], 'selection_type': ['binary_tournament', 'roulette_wheel'], 'vehicle_construction': ['random', 'bellman_split']}",COMPLETE
115,3921.12,2026-06-02 23:10:04.324726,2026-06-02 23:10:17.275184,0 days 00:00:12.950458,PMXCrossover,0.80,0.20,SwapMutation,0.01,binary_tournament,bellman_split,115,"{'crossover_name': ['PMXCrossover', 'CXCrossover', 'OXCrossover'], 'crossover_probability': [0.75, 0.8, 0.85, 0.9], 'elitism_rate': [0.1, 0.2], 'mutation_name': ['InsertMutation', 'SwapMutation'], 'mutation_probability': [0.01, 0.05, 0.1], 'selection_type': ['binary_tournament', 'roulette_wheel'], 'vehicle_construction': ['random', 'bellman_split']}",COMPLETE
116,3964.65,2026-06-02 23:10:17.275488,2026-06-02 23:10:38.910908,0 days 00:00:21.635420,OXCrossover,0.75,0.20,SwapMutation,0.05,roulette_wheel,random,116,"{'crossover_name': ['PMXCrossover', 'CXCrossover', 'OXCrossover'], 'crossover_probability': [0.75, 0.8, 0.85, 0.9], 'elitism_rate': [0.1, 0.2], 'mutation_name': ['InsertMutation', 'SwapMutation'], 'mutation_probability': [0.01, 0.05, 0.1], 'selection_type': ['binary_tournament', 'roulette_wheel'], 'vehicle_construction': ['random', 'bellman_split']}",COMPLETE
117,4391.52,2026-06-02 23:10:38.911248,2026-06-02 23:10:58.792179,0 days 00:00:19.880931,PMXCrossover,0.85,0.20,InsertMutation,0.01,roulette_wheel,random,117,"{'crossover_name': ['PMXCrossover', 'CXCrossover', 'OXCrossover'], 'crossover_probability': [0.75, 0.8, 0.85, 0.9], 'elitism_rate': [0.1, 0.2], 'mutation_name': ['InsertMutation', 'SwapMutation'], 'mutation_probability': [0.01, 0.05, 0.1], 'selection_type': ['binary_tournament', 'roulette_wheel'], 'vehicle_construction': ['random', 'bellman_split']}",COMPLETE
118,3049.98,2026-06-02 23:10:58.792477,2026-06-02 23:11:14.499900,0 days 00:00:15.707423,OXCrossover,0.85,0.20,SwapMutation,0.10,binary_tournament,bellman_split,118,"{'crossover_name': ['PMXCrossover', 'CXCrossover', 'OXCrossover'], 'crossover_probability': [0.75, 0.8, 0.85, 0.9], 'elitism_rate': [0.1, 0.2], 'mutation_name': ['InsertMutation', 'SwapMutation'], 'mutation_probability': [0.01, 0.05, 0.1], 'selection_type': ['binary_tournament', 'roulette_wheel'], 'vehicle_construction': ['random', 'bellman_split']}",COMPLETE
119,3943.74,2026-06-02 23:11:14.500202,2026-06-02 23:11:37.386090,0 days 00:00:22.885888,PMXCrossover,0.85,0.10,SwapMutation,0.10,roulette_wheel,random,119,"{'crossover_name': ['PMXCrossover', 'CXCrossover', 'OXCrossover'], 'crossover_probability': [0.75, 0.8, 0.85, 0.9], 'elitism_rate': [0.1, 0.2], 'mutation_name': ['InsertMutation', 'SwapMutation'], 'mutation_probability': [0.01, 0.05, 0.1], 'selection_type': ['binary_tournament', 'roulette_wheel'], 'vehicle_construction': ['random', 'bellman_split']}",COMPLETE
120,4540.94,2026-06-02 23:11:37.386397,2026-06-02 23:12:00.022626,0 days 00:00:22.636229,CXCrossover,0.85,0.10,InsertMutation,0.10,roulette_wheel,random,120,"{'crossover_name': ['PMXCrossover', 'CXCrossover', 'OXCrossover'], 'crossover_probability': [0.75, 0.8, 0.85, 0.9], 'elitism_rate': [0.1, 0.2], 'mutation_name': ['InsertMutation', 'SwapMutation'], 'mutation_probability': [0.01, 0.05, 0.1], 'selection_type': ['binary_tournament', 'roulette_wheel'], 'vehicle_construction': ['random', 'bellman_split']}",COMPLETE
121,4644.08,2026-06-02 23:12:00.022906,2026-06-02 23:12:14.335509,0 days 00:00:14.312603,CXCrossover,0.80,0.10,InsertMutation,0.05,binary_tournament,bellman_split,121,"{'crossover_name': ['PMXCrossover', 'CXCrossover', 'OXCrossover'], 'crossover_probability': [0.75, 0.8, 0.85, 0.9], 'elitism_rate': [0.1, 0.2], 'mutation_name': ['InsertMutation', 'SwapMutation'], 'mutation_probability': [0.01, 0.05, 0.1], 'selection_type': ['binary_tournament', 'roulette_wheel'], 'vehicle_construction': ['random', 'bellman_split']}",COMPLETE
122,4144.70,2026-06-02 23:12:14.335839,2026-06-02 23:12:46.731042,0 days 00:00:32.395203,CXCrossover,0.85,0.20,InsertMutation,0.05,roulette_wheel,bellman_split,122,"{'crossover_name': ['PMXCrossover', 'CXCrossover', 'OXCrossover'], 'crossover_probability': [0.75, 0.8, 0.85, 0.9], 'elitism_rate': [0.1, 0.2], 'mutation_name': ['InsertMutation', 'SwapMutation'], 'mutation_probability': [0.01, 0.05, 0.1], 'selection_type': ['binary_tournament', 'roulette_wheel'], 'vehicle_construction': ['random', 'bellman_split']}",COMPLETE
