number,value,datetime_start,datetime_complete,duration,params_crossover_name,params_crossover_probability,params_elitism_rate,params_mutation_name,params_mutation_probability,params_selection_type,params_vehicle_construction,system_attrs_grid_id,system_attrs_search_space,state
450,25934.80,2026-06-03 06:28:05.551717,2026-06-03 06:28:12.387459,0 days 00:00:06.835742,PMXCrossover,0.90,0.20,SwapMutation,0.05,binary_tournament,random,450,"{'crossover_name': ['PMXCrossover', 'CXCrossover', 'OXCrossover'], 'crossover_probability': [0.75, 0.8, 0.85, 0.9], 'elitism_rate': [0.1, 0.2], 'mutation_name': ['InsertMutation', 'SwapMutation'], 'mutation_probability': [0.01, 0.05, 0.1], 'selection_type': ['binary_tournament', 'roulette_wheel'], 'vehicle_construction': ['random', 'bellman_split']}",COMPLETE
451,27716.60,2026-06-03 06:28:12.387784,2026-06-03 06:29:24.966167,0 days 00:01:12.578383,CXCrossover,0.90,0.20,InsertMutation,0.10,roulette_wheel,bellman_split,451,"{'crossover_name': ['PMXCrossover', 'CXCrossover', 'OXCrossover'], 'crossover_probability': [0.75, 0.8, 0.85, 0.9], 'elitism_rate': [0.1, 0.2], 'mutation_name': ['InsertMutation', 'SwapMutation'], 'mutation_probability': [0.01, 0.05, 0.1], 'selection_type': ['binary_tournament', 'roulette_wheel'], 'vehicle_construction': ['random', 'bellman_split']}",COMPLETE
452,25069.28,2026-06-03 06:29:24.966486,2026-06-03 06:30:12.798845,0 days 00:00:47.832359,OXCrossover,0.85,0.10,SwapMutation,0.10,binary_tournament,bellman_split,452,"{'crossover_name': ['PMXCrossover', 'CXCrossover', 'OXCrossover'], 'crossover_probability': [0.75, 0.8, 0.85, 0.9], 'elitism_rate': [0.1, 0.2], 'mutation_name': ['InsertMutation', 'SwapMutation'], 'mutation_probability': [0.01, 0.05, 0.1], 'selection_type': ['binary_tournament', 'roulette_wheel'], 'vehicle_construction': ['random', 'bellman_split']}",COMPLETE
453,24749.58,2026-06-03 06:30:12.799164,2026-06-03 06:31:30.129159,0 days 00:01:17.329995,OXCrossover,0.90,0.20,InsertMutation,0.10,roulette_wheel,bellman_split,453,"{'crossover_name': ['PMXCrossover', 'CXCrossover', 'OXCrossover'], 'crossover_probability': [0.75, 0.8, 0.85, 0.9], 'elitism_rate': [0.1, 0.2], 'mutation_name': ['InsertMutation', 'SwapMutation'], 'mutation_probability': [0.01, 0.05, 0.1], 'selection_type': ['binary_tournament', 'roulette_wheel'], 'vehicle_construction': ['random', 'bellman_split']}",COMPLETE
454,26964.06,2026-06-03 06:31:30.129479,2026-06-03 06:32:38.516563,0 days 00:01:08.387084,CXCrossover,0.80,0.20,InsertMutation,0.10,roulette_wheel,bellman_split,454,"{'crossover_name': ['PMXCrossover', 'CXCrossover', 'OXCrossover'], 'crossover_probability': [0.75, 0.8, 0.85, 0.9], 'elitism_rate': [0.1, 0.2], 'mutation_name': ['InsertMutation', 'SwapMutation'], 'mutation_probability': [0.01, 0.05, 0.1], 'selection_type': ['binary_tournament', 'roulette_wheel'], 'vehicle_construction': ['random', 'bellman_split']}",COMPLETE
455,28951.10,2026-06-03 06:32:38.516883,2026-06-03 06:33:14.117728,0 days 00:00:35.600845,CXCrossover,0.85,0.10,InsertMutation,0.05,roulette_wheel,random,455,"{'crossover_name': ['PMXCrossover', 'CXCrossover', 'OXCrossover'], 'crossover_probability': [0.75, 0.8, 0.85, 0.9], 'elitism_rate': [0.1, 0.2], 'mutation_name': ['InsertMutation', 'SwapMutation'], 'mutation_probability': [0.01, 0.05, 0.1], 'selection_type': ['binary_tournament', 'roulette_wheel'], 'vehicle_construction': ['random', 'bellman_split']}",COMPLETE
456,25822.01,2026-06-03 06:33:14.118025,2026-06-03 06:33:53.987607,0 days 00:00:39.869582,OXCrossover,0.90,0.10,SwapMutation,0.01,roulette_wheel,random,456,"{'crossover_name': ['PMXCrossover', 'CXCrossover', 'OXCrossover'], 'crossover_probability': [0.75, 0.8, 0.85, 0.9], 'elitism_rate': [0.1, 0.2], 'mutation_name': ['InsertMutation', 'SwapMutation'], 'mutation_probability': [0.01, 0.05, 0.1], 'selection_type': ['binary_tournament', 'roulette_wheel'], 'vehicle_construction': ['random', 'bellman_split']}",COMPLETE
457,29137.85,2026-06-03 06:33:53.987934,2026-06-03 06:34:24.953431,0 days 00:00:30.965497,PMXCrossover,0.90,0.20,SwapMutation,0.01,roulette_wheel,random,457,"{'crossover_name': ['PMXCrossover', 'CXCrossover', 'OXCrossover'], 'crossover_probability': [0.75, 0.8, 0.85, 0.9], 'elitism_rate': [0.1, 0.2], 'mutation_name': ['InsertMutation', 'SwapMutation'], 'mutation_probability': [0.01, 0.05, 0.1], 'selection_type': ['binary_tournament', 'roulette_wheel'], 'vehicle_construction': ['random', 'bellman_split']}",COMPLETE
458,27387.13,2026-06-03 06:34:24.953731,2026-06-03 06:34:31.386917,0 days 00:00:06.433186,PMXCrossover,0.75,0.20,InsertMutation,0.10,binary_tournament,random,458,"{'crossover_name': ['PMXCrossover', 'CXCrossover', 'OXCrossover'], 'crossover_probability': [0.75, 0.8, 0.85, 0.9], 'elitism_rate': [0.1, 0.2], 'mutation_name': ['InsertMutation', 'SwapMutation'], 'mutation_probability': [0.01, 0.05, 0.1], 'selection_type': ['binary_tournament', 'roulette_wheel'], 'vehicle_construction': ['random', 'bellman_split']}",COMPLETE
459,25845.65,2026-06-03 06:34:31.387241,2026-06-03 06:34:38.011723,0 days 00:00:06.624482,PMXCrossover,0.80,0.20,InsertMutation,0.10,binary_tournament,random,459,"{'crossover_name': ['PMXCrossover', 'CXCrossover', 'OXCrossover'], 'crossover_probability': [0.75, 0.8, 0.85, 0.9], 'elitism_rate': [0.1, 0.2], 'mutation_name': ['InsertMutation', 'SwapMutation'], 'mutation_probability': [0.01, 0.05, 0.1], 'selection_type': ['binary_tournament', 'roulette_wheel'], 'vehicle_construction': ['random', 'bellman_split']}",COMPLETE
460,27874.63,2026-06-03 06:34:38.012253,2026-06-03 06:35:52.809025,0 days 00:01:14.796772,CXCrossover,0.85,0.10,SwapMutation,0.05,roulette_wheel,bellman_split,460,"{'crossover_name': ['PMXCrossover', 'CXCrossover', 'OXCrossover'], 'crossover_probability': [0.75, 0.8, 0.85, 0.9], 'elitism_rate': [0.1, 0.2], 'mutation_name': ['InsertMutation', 'SwapMutation'], 'mutation_probability': [0.01, 0.05, 0.1], 'selection_type': ['binary_tournament', 'roulette_wheel'], 'vehicle_construction': ['random', 'bellman_split']}",COMPLETE
461,29039.46,2026-06-03 06:35:52.809344,2026-06-03 06:36:29.409760,0 days 00:00:36.600416,CXCrossover,0.80,0.10,SwapMutation,0.05,roulette_wheel,random,461,"{'crossover_name': ['PMXCrossover', 'CXCrossover', 'OXCrossover'], 'crossover_probability': [0.75, 0.8, 0.85, 0.9], 'elitism_rate': [0.1, 0.2], 'mutation_name': ['InsertMutation', 'SwapMutation'], 'mutation_probability': [0.01, 0.05, 0.1], 'selection_type': ['binary_tournament', 'roulette_wheel'], 'vehicle_construction': ['random', 'bellman_split']}",COMPLETE
462,26370.39,2026-06-03 06:36:29.410083,2026-06-03 06:37:36.142969,0 days 00:01:06.732886,PMXCrossover,0.75,0.10,InsertMutation,0.10,roulette_wheel,bellman_split,462,"{'crossover_name': ['PMXCrossover', 'CXCrossover', 'OXCrossover'], 'crossover_probability': [0.75, 0.8, 0.85, 0.9], 'elitism_rate': [0.1, 0.2], 'mutation_name': ['InsertMutation', 'SwapMutation'], 'mutation_probability': [0.01, 0.05, 0.1], 'selection_type': ['binary_tournament', 'roulette_wheel'], 'vehicle_construction': ['random', 'bellman_split']}",COMPLETE
463,30226.74,2026-06-03 06:37:36.143287,2026-06-03 06:37:44.457825,0 days 00:00:08.314538,CXCrossover,0.90,0.20,InsertMutation,0.01,binary_tournament,random,463,"{'crossover_name': ['PMXCrossover', 'CXCrossover', 'OXCrossover'], 'crossover_probability': [0.75, 0.8, 0.85, 0.9], 'elitism_rate': [0.1, 0.2], 'mutation_name': ['InsertMutation', 'SwapMutation'], 'mutation_probability': [0.01, 0.05, 0.1], 'selection_type': ['binary_tournament', 'roulette_wheel'], 'vehicle_construction': ['random', 'bellman_split']}",COMPLETE
464,25715.92,2026-06-03 06:37:44.458144,2026-06-03 06:39:03.416534,0 days 00:01:18.958390,OXCrossover,0.85,0.10,InsertMutation,0.10,roulette_wheel,bellman_split,464,"{'crossover_name': ['PMXCrossover', 'CXCrossover', 'OXCrossover'], 'crossover_probability': [0.75, 0.8, 0.85, 0.9], 'elitism_rate': [0.1, 0.2], 'mutation_name': ['InsertMutation', 'SwapMutation'], 'mutation_probability': [0.01, 0.05, 0.1], 'selection_type': ['binary_tournament', 'roulette_wheel'], 'vehicle_construction': ['random', 'bellman_split']}",COMPLETE
465,25511.74,2026-06-03 06:39:03.416855,2026-06-03 06:39:33.789224,0 days 00:00:30.372369,PMXCrossover,0.80,0.20,SwapMutation,0.01,roulette_wheel,random,465,"{'crossover_name': ['PMXCrossover', 'CXCrossover', 'OXCrossover'], 'crossover_probability': [0.75, 0.8, 0.85, 0.9], 'elitism_rate': [0.1, 0.2], 'mutation_name': ['InsertMutation', 'SwapMutation'], 'mutation_probability': [0.01, 0.05, 0.1], 'selection_type': ['binary_tournament', 'roulette_wheel'], 'vehicle_construction': ['random', 'bellman_split']}",COMPLETE
466,30155.75,2026-06-03 06:39:33.789547,2026-06-03 06:40:06.151348,0 days 00:00:32.361801,CXCrossover,0.80,0.20,InsertMutation,0.01,roulette_wheel,random,466,"{'crossover_name': ['PMXCrossover', 'CXCrossover', 'OXCrossover'], 'crossover_probability': [0.75, 0.8, 0.85, 0.9], 'elitism_rate': [0.1, 0.2], 'mutation_name': ['InsertMutation', 'SwapMutation'], 'mutation_probability': [0.01, 0.05, 0.1], 'selection_type': ['binary_tournament', 'roulette_wheel'], 'vehicle_construction': ['random', 'bellman_split']}",COMPLETE
467,26730.00,2026-06-03 06:40:06.151669,2026-06-03 06:40:11.669754,0 days 00:00:05.518085,PMXCrossover,0.75,0.20,SwapMutation,0.01,binary_tournament,random,467,"{'crossover_name': ['PMXCrossover', 'CXCrossover', 'OXCrossover'], 'crossover_probability': [0.75, 0.8, 0.85, 0.9], 'elitism_rate': [0.1, 0.2], 'mutation_name': ['InsertMutation', 'SwapMutation'], 'mutation_probability': [0.01, 0.05, 0.1], 'selection_type': ['binary_tournament', 'roulette_wheel'], 'vehicle_construction': ['random', 'bellman_split']}",COMPLETE
468,29007.50,2026-06-03 06:40:11.670085,2026-06-03 06:40:51.062667,0 days 00:00:39.392582,CXCrossover,0.75,0.10,InsertMutation,0.01,binary_tournament,bellman_split,468,"{'crossover_name': ['PMXCrossover', 'CXCrossover', 'OXCrossover'], 'crossover_probability': [0.75, 0.8, 0.85, 0.9], 'elitism_rate': [0.1, 0.2], 'mutation_name': ['InsertMutation', 'SwapMutation'], 'mutation_probability': [0.01, 0.05, 0.1], 'selection_type': ['binary_tournament', 'roulette_wheel'], 'vehicle_construction': ['random', 'bellman_split']}",COMPLETE
469,27323.09,2026-06-03 06:40:51.062988,2026-06-03 06:41:26.274898,0 days 00:00:35.211910,PMXCrossover,0.80,0.10,InsertMutation,0.10,roulette_wheel,random,469,"{'crossover_name': ['PMXCrossover', 'CXCrossover', 'OXCrossover'], 'crossover_probability': [0.75, 0.8, 0.85, 0.9], 'elitism_rate': [0.1, 0.2], 'mutation_name': ['InsertMutation', 'SwapMutation'], 'mutation_probability': [0.01, 0.05, 0.1], 'selection_type': ['binary_tournament', 'roulette_wheel'], 'vehicle_construction': ['random', 'bellman_split']}",COMPLETE
470,27553.01,2026-06-03 06:41:26.275193,2026-06-03 06:42:02.501701,0 days 00:00:36.226508,PMXCrossover,0.75,0.20,SwapMutation,0.05,binary_tournament,bellman_split,470,"{'crossover_name': ['PMXCrossover', 'CXCrossover', 'OXCrossover'], 'crossover_probability': [0.75, 0.8, 0.85, 0.9], 'elitism_rate': [0.1, 0.2], 'mutation_name': ['InsertMutation', 'SwapMutation'], 'mutation_probability': [0.01, 0.05, 0.1], 'selection_type': ['binary_tournament', 'roulette_wheel'], 'vehicle_construction': ['random', 'bellman_split']}",COMPLETE
471,29569.69,2026-06-03 06:42:02.502049,2026-06-03 06:42:34.851183,0 days 00:00:32.349134,CXCrossover,0.80,0.20,InsertMutation,0.05,roulette_wheel,random,471,"{'crossover_name': ['PMXCrossover', 'CXCrossover', 'OXCrossover'], 'crossover_probability': [0.75, 0.8, 0.85, 0.9], 'elitism_rate': [0.1, 0.2], 'mutation_name': ['InsertMutation', 'SwapMutation'], 'mutation_probability': [0.01, 0.05, 0.1], 'selection_type': ['binary_tournament', 'roulette_wheel'], 'vehicle_construction': ['random', 'bellman_split']}",COMPLETE
472,24992.85,2026-06-03 06:42:34.851504,2026-06-03 06:43:44.616169,0 days 00:01:09.764665,OXCrossover,0.75,0.20,InsertMutation,0.01,roulette_wheel,bellman_split,472,"{'crossover_name': ['PMXCrossover', 'CXCrossover', 'OXCrossover'], 'crossover_probability': [0.75, 0.8, 0.85, 0.9], 'elitism_rate': [0.1, 0.2], 'mutation_name': ['InsertMutation', 'SwapMutation'], 'mutation_probability': [0.01, 0.05, 0.1], 'selection_type': ['binary_tournament', 'roulette_wheel'], 'vehicle_construction': ['random', 'bellman_split']}",COMPLETE
473,28023.66,2026-06-03 06:43:44.616494,2026-06-03 06:44:18.146274,0 days 00:00:33.529780,PMXCrossover,0.80,0.10,InsertMutation,0.01,roulette_wheel,random,473,"{'crossover_name': ['PMXCrossover', 'CXCrossover', 'OXCrossover'], 'crossover_probability': [0.75, 0.8, 0.85, 0.9], 'elitism_rate': [0.1, 0.2], 'mutation_name': ['InsertMutation', 'SwapMutation'], 'mutation_probability': [0.01, 0.05, 0.1], 'selection_type': ['binary_tournament', 'roulette_wheel'], 'vehicle_construction': ['random', 'bellman_split']}",COMPLETE
474,28518.48,2026-06-03 06:44:18.146600,2026-06-03 06:44:57.591761,0 days 00:00:39.445161,CXCrossover,0.75,0.10,SwapMutation,0.05,binary_tournament,bellman_split,474,"{'crossover_name': ['PMXCrossover', 'CXCrossover', 'OXCrossover'], 'crossover_probability': [0.75, 0.8, 0.85, 0.9], 'elitism_rate': [0.1, 0.2], 'mutation_name': ['InsertMutation', 'SwapMutation'], 'mutation_probability': [0.01, 0.05, 0.1], 'selection_type': ['binary_tournament', 'roulette_wheel'], 'vehicle_construction': ['random', 'bellman_split']}",COMPLETE
475,27389.51,2026-06-03 06:44:57.592061,2026-06-03 06:45:04.230635,0 days 00:00:06.638574,PMXCrossover,0.90,0.10,InsertMutation,0.05,binary_tournament,random,475,"{'crossover_name': ['PMXCrossover', 'CXCrossover', 'OXCrossover'], 'crossover_probability': [0.75, 0.8, 0.85, 0.9], 'elitism_rate': [0.1, 0.2], 'mutation_name': ['InsertMutation', 'SwapMutation'], 'mutation_probability': [0.01, 0.05, 0.1], 'selection_type': ['binary_tournament', 'roulette_wheel'], 'vehicle_construction': ['random', 'bellman_split']}",COMPLETE
476,26267.50,2026-06-03 06:45:04.230931,2026-06-03 06:45:40.427234,0 days 00:00:36.196303,OXCrossover,0.85,0.20,SwapMutation,0.01,roulette_wheel,random,476,"{'crossover_name': ['PMXCrossover', 'CXCrossover', 'OXCrossover'], 'crossover_probability': [0.75, 0.8, 0.85, 0.9], 'elitism_rate': [0.1, 0.2], 'mutation_name': ['InsertMutation', 'SwapMutation'], 'mutation_probability': [0.01, 0.05, 0.1], 'selection_type': ['binary_tournament', 'roulette_wheel'], 'vehicle_construction': ['random', 'bellman_split']}",COMPLETE
477,24846.35,2026-06-03 06:45:40.427559,2026-06-03 06:46:28.855615,0 days 00:00:48.428056,OXCrossover,0.90,0.10,InsertMutation,0.01,binary_tournament,bellman_split,477,"{'crossover_name': ['PMXCrossover', 'CXCrossover', 'OXCrossover'], 'crossover_probability': [0.75, 0.8, 0.85, 0.9], 'elitism_rate': [0.1, 0.2], 'mutation_name': ['InsertMutation', 'SwapMutation'], 'mutation_probability': [0.01, 0.05, 0.1], 'selection_type': ['binary_tournament', 'roulette_wheel'], 'vehicle_construction': ['random', 'bellman_split']}",COMPLETE
478,25848.67,2026-06-03 06:46:28.855913,2026-06-03 06:46:41.329329,0 days 00:00:12.473416,OXCrossover,0.90,0.10,InsertMutation,0.01,binary_tournament,random,478,"{'crossover_name': ['PMXCrossover', 'CXCrossover', 'OXCrossover'], 'crossover_probability': [0.75, 0.8, 0.85, 0.9], 'elitism_rate': [0.1, 0.2], 'mutation_name': ['InsertMutation', 'SwapMutation'], 'mutation_probability': [0.01, 0.05, 0.1], 'selection_type': ['binary_tournament', 'roulette_wheel'], 'vehicle_construction': ['random', 'bellman_split']}",COMPLETE
479,25815.45,2026-06-03 06:46:41.329649,2026-06-03 06:47:56.141694,0 days 00:01:14.812045,OXCrossover,0.80,0.10,SwapMutation,0.05,roulette_wheel,bellman_split,479,"{'crossover_name': ['PMXCrossover', 'CXCrossover', 'OXCrossover'], 'crossover_probability': [0.75, 0.8, 0.85, 0.9], 'elitism_rate': [0.1, 0.2], 'mutation_name': ['InsertMutation', 'SwapMutation'], 'mutation_probability': [0.01, 0.05, 0.1], 'selection_type': ['binary_tournament', 'roulette_wheel'], 'vehicle_construction': ['random', 'bellman_split']}",COMPLETE
480,25792.32,2026-06-03 06:47:56.142016,2026-06-03 06:49:05.516402,0 days 00:01:09.374386,PMXCrossover,0.85,0.20,InsertMutation,0.01,roulette_wheel,bellman_split,480,"{'crossover_name': ['PMXCrossover', 'CXCrossover', 'OXCrossover'], 'crossover_probability': [0.75, 0.8, 0.85, 0.9], 'elitism_rate': [0.1, 0.2], 'mutation_name': ['InsertMutation', 'SwapMutation'], 'mutation_probability': [0.01, 0.05, 0.1], 'selection_type': ['binary_tournament', 'roulette_wheel'], 'vehicle_construction': ['random', 'bellman_split']}",COMPLETE
481,28046.16,2026-06-03 06:49:05.516725,2026-06-03 06:49:37.647599,0 days 00:00:32.130874,CXCrossover,0.75,0.20,InsertMutation,0.05,roulette_wheel,random,481,"{'crossover_name': ['PMXCrossover', 'CXCrossover', 'OXCrossover'], 'crossover_probability': [0.75, 0.8, 0.85, 0.9], 'elitism_rate': [0.1, 0.2], 'mutation_name': ['InsertMutation', 'SwapMutation'], 'mutation_probability': [0.01, 0.05, 0.1], 'selection_type': ['binary_tournament', 'roulette_wheel'], 'vehicle_construction': ['random', 'bellman_split']}",COMPLETE
482,25395.22,2026-06-03 06:49:37.647921,2026-06-03 06:50:46.767849,0 days 00:01:09.119928,OXCrossover,0.75,0.20,InsertMutation,0.10,roulette_wheel,bellman_split,482,"{'crossover_name': ['PMXCrossover', 'CXCrossover', 'OXCrossover'], 'crossover_probability': [0.75, 0.8, 0.85, 0.9], 'elitism_rate': [0.1, 0.2], 'mutation_name': ['InsertMutation', 'SwapMutation'], 'mutation_probability': [0.01, 0.05, 0.1], 'selection_type': ['binary_tournament', 'roulette_wheel'], 'vehicle_construction': ['random', 'bellman_split']}",COMPLETE
483,27369.78,2026-06-03 06:50:46.768145,2026-06-03 06:51:20.624200,0 days 00:00:33.856055,PMXCrossover,0.80,0.10,SwapMutation,0.01,roulette_wheel,random,483,"{'crossover_name': ['PMXCrossover', 'CXCrossover', 'OXCrossover'], 'crossover_probability': [0.75, 0.8, 0.85, 0.9], 'elitism_rate': [0.1, 0.2], 'mutation_name': ['InsertMutation', 'SwapMutation'], 'mutation_probability': [0.01, 0.05, 0.1], 'selection_type': ['binary_tournament', 'roulette_wheel'], 'vehicle_construction': ['random', 'bellman_split']}",COMPLETE
484,27171.44,2026-06-03 06:51:20.624524,2026-06-03 06:52:01.892135,0 days 00:00:41.267611,OXCrossover,0.85,0.10,SwapMutation,0.10,roulette_wheel,random,484,"{'crossover_name': ['PMXCrossover', 'CXCrossover', 'OXCrossover'], 'crossover_probability': [0.75, 0.8, 0.85, 0.9], 'elitism_rate': [0.1, 0.2], 'mutation_name': ['InsertMutation', 'SwapMutation'], 'mutation_probability': [0.01, 0.05, 0.1], 'selection_type': ['binary_tournament', 'roulette_wheel'], 'vehicle_construction': ['random', 'bellman_split']}",COMPLETE
485,27858.86,2026-06-03 06:52:01.892452,2026-06-03 06:52:49.924521,0 days 00:00:48.032069,CXCrossover,0.90,0.20,SwapMutation,0.05,binary_tournament,bellman_split,485,"{'crossover_name': ['PMXCrossover', 'CXCrossover', 'OXCrossover'], 'crossover_probability': [0.75, 0.8, 0.85, 0.9], 'elitism_rate': [0.1, 0.2], 'mutation_name': ['InsertMutation', 'SwapMutation'], 'mutation_probability': [0.01, 0.05, 0.1], 'selection_type': ['binary_tournament', 'roulette_wheel'], 'vehicle_construction': ['random', 'bellman_split']}",COMPLETE
486,26115.57,2026-06-03 06:52:49.924818,2026-06-03 06:53:22.001607,0 days 00:00:32.076789,PMXCrossover,0.85,0.20,InsertMutation,0.10,roulette_wheel,random,486,"{'crossover_name': ['PMXCrossover', 'CXCrossover', 'OXCrossover'], 'crossover_probability': [0.75, 0.8, 0.85, 0.9], 'elitism_rate': [0.1, 0.2], 'mutation_name': ['InsertMutation', 'SwapMutation'], 'mutation_probability': [0.01, 0.05, 0.1], 'selection_type': ['binary_tournament', 'roulette_wheel'], 'vehicle_construction': ['random', 'bellman_split']}",COMPLETE
487,25823.17,2026-06-03 06:53:22.001905,2026-06-03 06:54:34.153903,0 days 00:01:12.151998,PMXCrossover,0.90,0.20,SwapMutation,0.05,roulette_wheel,bellman_split,487,"{'crossover_name': ['PMXCrossover', 'CXCrossover', 'OXCrossover'], 'crossover_probability': [0.75, 0.8, 0.85, 0.9], 'elitism_rate': [0.1, 0.2], 'mutation_name': ['InsertMutation', 'SwapMutation'], 'mutation_probability': [0.01, 0.05, 0.1], 'selection_type': ['binary_tournament', 'roulette_wheel'], 'vehicle_construction': ['random', 'bellman_split']}",COMPLETE
488,25774.33,2026-06-03 06:54:34.154225,2026-06-03 06:55:42.120809,0 days 00:01:07.966584,PMXCrossover,0.75,0.10,SwapMutation,0.10,roulette_wheel,bellman_split,488,"{'crossover_name': ['PMXCrossover', 'CXCrossover', 'OXCrossover'], 'crossover_probability': [0.75, 0.8, 0.85, 0.9], 'elitism_rate': [0.1, 0.2], 'mutation_name': ['InsertMutation', 'SwapMutation'], 'mutation_probability': [0.01, 0.05, 0.1], 'selection_type': ['binary_tournament', 'roulette_wheel'], 'vehicle_construction': ['random', 'bellman_split']}",COMPLETE
489,25781.66,2026-06-03 06:55:42.121107,2026-06-03 06:56:58.818144,0 days 00:01:16.697037,OXCrossover,0.85,0.10,SwapMutation,0.01,roulette_wheel,bellman_split,489,"{'crossover_name': ['PMXCrossover', 'CXCrossover', 'OXCrossover'], 'crossover_probability': [0.75, 0.8, 0.85, 0.9], 'elitism_rate': [0.1, 0.2], 'mutation_name': ['InsertMutation', 'SwapMutation'], 'mutation_probability': [0.01, 0.05, 0.1], 'selection_type': ['binary_tournament', 'roulette_wheel'], 'vehicle_construction': ['random', 'bellman_split']}",COMPLETE
490,25980.64,2026-06-03 06:56:58.818466,2026-06-03 06:58:17.679819,0 days 00:01:18.861353,OXCrossover,0.90,0.10,InsertMutation,0.05,roulette_wheel,bellman_split,490,"{'crossover_name': ['PMXCrossover', 'CXCrossover', 'OXCrossover'], 'crossover_probability': [0.75, 0.8, 0.85, 0.9], 'elitism_rate': [0.1, 0.2], 'mutation_name': ['InsertMutation', 'SwapMutation'], 'mutation_probability': [0.01, 0.05, 0.1], 'selection_type': ['binary_tournament', 'roulette_wheel'], 'vehicle_construction': ['random', 'bellman_split']}",COMPLETE
