number,value,datetime_start,datetime_complete,duration,params_crossover_name,params_crossover_probability,params_elitism_rate,params_mutation_name,params_mutation_probability,params_selection_type,params_vehicle_construction,system_attrs_grid_id,system_attrs_search_space,state
122,28328.59,2026-06-03 02:56:17.302259,2026-06-03 02:57:27.977872,0 days 00:01:10.675613,CXCrossover,0.85,0.20,InsertMutation,0.05,roulette_wheel,bellman_split,122,"{'crossover_name': ['PMXCrossover', 'CXCrossover', 'OXCrossover'], 'crossover_probability': [0.75, 0.8, 0.85, 0.9], 'elitism_rate': [0.1, 0.2], 'mutation_name': ['InsertMutation', 'SwapMutation'], 'mutation_probability': [0.01, 0.05, 0.1], 'selection_type': ['binary_tournament', 'roulette_wheel'], 'vehicle_construction': ['random', 'bellman_split']}",COMPLETE
123,30043.50,2026-06-03 02:57:27.978170,2026-06-03 02:57:36.494717,0 days 00:00:08.516547,CXCrossover,0.90,0.10,InsertMutation,0.01,binary_tournament,random,123,"{'crossover_name': ['PMXCrossover', 'CXCrossover', 'OXCrossover'], 'crossover_probability': [0.75, 0.8, 0.85, 0.9], 'elitism_rate': [0.1, 0.2], 'mutation_name': ['InsertMutation', 'SwapMutation'], 'mutation_probability': [0.01, 0.05, 0.1], 'selection_type': ['binary_tournament', 'roulette_wheel'], 'vehicle_construction': ['random', 'bellman_split']}",COMPLETE
124,25506.28,2026-06-03 02:57:36.495019,2026-06-03 02:57:47.731081,0 days 00:00:11.236062,OXCrossover,0.75,0.20,SwapMutation,0.10,binary_tournament,random,124,"{'crossover_name': ['PMXCrossover', 'CXCrossover', 'OXCrossover'], 'crossover_probability': [0.75, 0.8, 0.85, 0.9], 'elitism_rate': [0.1, 0.2], 'mutation_name': ['InsertMutation', 'SwapMutation'], 'mutation_probability': [0.01, 0.05, 0.1], 'selection_type': ['binary_tournament', 'roulette_wheel'], 'vehicle_construction': ['random', 'bellman_split']}",COMPLETE
125,26225.45,2026-06-03 02:57:47.731381,2026-06-03 02:58:59.261749,0 days 00:01:11.530368,PMXCrossover,0.90,0.20,InsertMutation,0.10,roulette_wheel,bellman_split,125,"{'crossover_name': ['PMXCrossover', 'CXCrossover', 'OXCrossover'], 'crossover_probability': [0.75, 0.8, 0.85, 0.9], 'elitism_rate': [0.1, 0.2], 'mutation_name': ['InsertMutation', 'SwapMutation'], 'mutation_probability': [0.01, 0.05, 0.1], 'selection_type': ['binary_tournament', 'roulette_wheel'], 'vehicle_construction': ['random', 'bellman_split']}",COMPLETE
126,26355.29,2026-06-03 02:58:59.262045,2026-06-03 02:59:41.197059,0 days 00:00:41.935014,OXCrossover,0.90,0.20,InsertMutation,0.10,roulette_wheel,random,126,"{'crossover_name': ['PMXCrossover', 'CXCrossover', 'OXCrossover'], 'crossover_probability': [0.75, 0.8, 0.85, 0.9], 'elitism_rate': [0.1, 0.2], 'mutation_name': ['InsertMutation', 'SwapMutation'], 'mutation_probability': [0.01, 0.05, 0.1], 'selection_type': ['binary_tournament', 'roulette_wheel'], 'vehicle_construction': ['random', 'bellman_split']}",COMPLETE
127,29898.64,2026-06-03 02:59:41.197356,2026-06-03 02:59:48.917178,0 days 00:00:07.719822,CXCrossover,0.80,0.10,InsertMutation,0.01,binary_tournament,random,127,"{'crossover_name': ['PMXCrossover', 'CXCrossover', 'OXCrossover'], 'crossover_probability': [0.75, 0.8, 0.85, 0.9], 'elitism_rate': [0.1, 0.2], 'mutation_name': ['InsertMutation', 'SwapMutation'], 'mutation_probability': [0.01, 0.05, 0.1], 'selection_type': ['binary_tournament', 'roulette_wheel'], 'vehicle_construction': ['random', 'bellman_split']}",COMPLETE
128,26104.11,2026-06-03 02:59:48.917471,2026-06-03 02:59:58.525090,0 days 00:00:09.607619,OXCrossover,0.75,0.20,SwapMutation,0.01,binary_tournament,random,128,"{'crossover_name': ['PMXCrossover', 'CXCrossover', 'OXCrossover'], 'crossover_probability': [0.75, 0.8, 0.85, 0.9], 'elitism_rate': [0.1, 0.2], 'mutation_name': ['InsertMutation', 'SwapMutation'], 'mutation_probability': [0.01, 0.05, 0.1], 'selection_type': ['binary_tournament', 'roulette_wheel'], 'vehicle_construction': ['random', 'bellman_split']}",COMPLETE
129,29364.54,2026-06-03 02:59:58.525386,2026-06-03 03:00:06.854756,0 days 00:00:08.329370,CXCrossover,0.80,0.10,SwapMutation,0.01,binary_tournament,random,129,"{'crossover_name': ['PMXCrossover', 'CXCrossover', 'OXCrossover'], 'crossover_probability': [0.75, 0.8, 0.85, 0.9], 'elitism_rate': [0.1, 0.2], 'mutation_name': ['InsertMutation', 'SwapMutation'], 'mutation_probability': [0.01, 0.05, 0.1], 'selection_type': ['binary_tournament', 'roulette_wheel'], 'vehicle_construction': ['random', 'bellman_split']}",COMPLETE
130,29117.24,2026-06-03 03:00:06.855197,2026-06-03 03:00:50.967113,0 days 00:00:44.111916,CXCrossover,0.80,0.10,InsertMutation,0.10,binary_tournament,bellman_split,130,"{'crossover_name': ['PMXCrossover', 'CXCrossover', 'OXCrossover'], 'crossover_probability': [0.75, 0.8, 0.85, 0.9], 'elitism_rate': [0.1, 0.2], 'mutation_name': ['InsertMutation', 'SwapMutation'], 'mutation_probability': [0.01, 0.05, 0.1], 'selection_type': ['binary_tournament', 'roulette_wheel'], 'vehicle_construction': ['random', 'bellman_split']}",COMPLETE
131,29277.84,2026-06-03 03:00:50.967414,2026-06-03 03:00:59.858342,0 days 00:00:08.890928,CXCrossover,0.85,0.20,InsertMutation,0.10,binary_tournament,random,131,"{'crossover_name': ['PMXCrossover', 'CXCrossover', 'OXCrossover'], 'crossover_probability': [0.75, 0.8, 0.85, 0.9], 'elitism_rate': [0.1, 0.2], 'mutation_name': ['InsertMutation', 'SwapMutation'], 'mutation_probability': [0.01, 0.05, 0.1], 'selection_type': ['binary_tournament', 'roulette_wheel'], 'vehicle_construction': ['random', 'bellman_split']}",COMPLETE
132,30415.05,2026-06-03 03:00:59.858640,2026-06-03 03:01:08.149122,0 days 00:00:08.290482,CXCrossover,0.90,0.20,SwapMutation,0.01,binary_tournament,random,132,"{'crossover_name': ['PMXCrossover', 'CXCrossover', 'OXCrossover'], 'crossover_probability': [0.75, 0.8, 0.85, 0.9], 'elitism_rate': [0.1, 0.2], 'mutation_name': ['InsertMutation', 'SwapMutation'], 'mutation_probability': [0.01, 0.05, 0.1], 'selection_type': ['binary_tournament', 'roulette_wheel'], 'vehicle_construction': ['random', 'bellman_split']}",COMPLETE
133,28478.57,2026-06-03 03:01:08.149419,2026-06-03 03:02:19.958069,0 days 00:01:11.808650,CXCrossover,0.90,0.20,InsertMutation,0.05,roulette_wheel,bellman_split,133,"{'crossover_name': ['PMXCrossover', 'CXCrossover', 'OXCrossover'], 'crossover_probability': [0.75, 0.8, 0.85, 0.9], 'elitism_rate': [0.1, 0.2], 'mutation_name': ['InsertMutation', 'SwapMutation'], 'mutation_probability': [0.01, 0.05, 0.1], 'selection_type': ['binary_tournament', 'roulette_wheel'], 'vehicle_construction': ['random', 'bellman_split']}",COMPLETE
134,27104.94,2026-06-03 03:02:19.958375,2026-06-03 03:02:51.112126,0 days 00:00:31.153751,PMXCrossover,0.85,0.20,SwapMutation,0.01,roulette_wheel,random,134,"{'crossover_name': ['PMXCrossover', 'CXCrossover', 'OXCrossover'], 'crossover_probability': [0.75, 0.8, 0.85, 0.9], 'elitism_rate': [0.1, 0.2], 'mutation_name': ['InsertMutation', 'SwapMutation'], 'mutation_probability': [0.01, 0.05, 0.1], 'selection_type': ['binary_tournament', 'roulette_wheel'], 'vehicle_construction': ['random', 'bellman_split']}",COMPLETE
135,29464.32,2026-06-03 03:02:51.112539,2026-06-03 03:03:01.045580,0 days 00:00:09.933041,CXCrossover,0.90,0.10,SwapMutation,0.10,binary_tournament,random,135,"{'crossover_name': ['PMXCrossover', 'CXCrossover', 'OXCrossover'], 'crossover_probability': [0.75, 0.8, 0.85, 0.9], 'elitism_rate': [0.1, 0.2], 'mutation_name': ['InsertMutation', 'SwapMutation'], 'mutation_probability': [0.01, 0.05, 0.1], 'selection_type': ['binary_tournament', 'roulette_wheel'], 'vehicle_construction': ['random', 'bellman_split']}",COMPLETE
136,23602.64,2026-06-03 03:03:01.045897,2026-06-03 03:03:52.353275,0 days 00:00:51.307378,OXCrossover,0.90,0.20,InsertMutation,0.05,binary_tournament,bellman_split,136,"{'crossover_name': ['PMXCrossover', 'CXCrossover', 'OXCrossover'], 'crossover_probability': [0.75, 0.8, 0.85, 0.9], 'elitism_rate': [0.1, 0.2], 'mutation_name': ['InsertMutation', 'SwapMutation'], 'mutation_probability': [0.01, 0.05, 0.1], 'selection_type': ['binary_tournament', 'roulette_wheel'], 'vehicle_construction': ['random', 'bellman_split']}",COMPLETE
137,26968.57,2026-06-03 03:03:52.353692,2026-06-03 03:04:30.829783,0 days 00:00:38.476091,PMXCrossover,0.90,0.10,SwapMutation,0.05,roulette_wheel,random,137,"{'crossover_name': ['PMXCrossover', 'CXCrossover', 'OXCrossover'], 'crossover_probability': [0.75, 0.8, 0.85, 0.9], 'elitism_rate': [0.1, 0.2], 'mutation_name': ['InsertMutation', 'SwapMutation'], 'mutation_probability': [0.01, 0.05, 0.1], 'selection_type': ['binary_tournament', 'roulette_wheel'], 'vehicle_construction': ['random', 'bellman_split']}",COMPLETE
138,30231.87,2026-06-03 03:04:30.830082,2026-06-03 03:04:38.662434,0 days 00:00:07.832352,CXCrossover,0.75,0.10,InsertMutation,0.05,binary_tournament,random,138,"{'crossover_name': ['PMXCrossover', 'CXCrossover', 'OXCrossover'], 'crossover_probability': [0.75, 0.8, 0.85, 0.9], 'elitism_rate': [0.1, 0.2], 'mutation_name': ['InsertMutation', 'SwapMutation'], 'mutation_probability': [0.01, 0.05, 0.1], 'selection_type': ['binary_tournament', 'roulette_wheel'], 'vehicle_construction': ['random', 'bellman_split']}",COMPLETE
139,27323.75,2026-06-03 03:04:38.662733,2026-06-03 03:05:55.467624,0 days 00:01:16.804891,CXCrossover,0.90,0.10,InsertMutation,0.10,roulette_wheel,bellman_split,139,"{'crossover_name': ['PMXCrossover', 'CXCrossover', 'OXCrossover'], 'crossover_probability': [0.75, 0.8, 0.85, 0.9], 'elitism_rate': [0.1, 0.2], 'mutation_name': ['InsertMutation', 'SwapMutation'], 'mutation_probability': [0.01, 0.05, 0.1], 'selection_type': ['binary_tournament', 'roulette_wheel'], 'vehicle_construction': ['random', 'bellman_split']}",COMPLETE
140,28543.54,2026-06-03 03:05:55.467919,2026-06-03 03:06:35.155502,0 days 00:00:39.687583,CXCrossover,0.75,0.20,SwapMutation,0.05,binary_tournament,bellman_split,140,"{'crossover_name': ['PMXCrossover', 'CXCrossover', 'OXCrossover'], 'crossover_probability': [0.75, 0.8, 0.85, 0.9], 'elitism_rate': [0.1, 0.2], 'mutation_name': ['InsertMutation', 'SwapMutation'], 'mutation_probability': [0.01, 0.05, 0.1], 'selection_type': ['binary_tournament', 'roulette_wheel'], 'vehicle_construction': ['random', 'bellman_split']}",COMPLETE
141,27528.65,2026-06-03 03:06:35.155911,2026-06-03 03:07:16.984195,0 days 00:00:41.828284,OXCrossover,0.80,0.10,SwapMutation,0.10,roulette_wheel,random,141,"{'crossover_name': ['PMXCrossover', 'CXCrossover', 'OXCrossover'], 'crossover_probability': [0.75, 0.8, 0.85, 0.9], 'elitism_rate': [0.1, 0.2], 'mutation_name': ['InsertMutation', 'SwapMutation'], 'mutation_probability': [0.01, 0.05, 0.1], 'selection_type': ['binary_tournament', 'roulette_wheel'], 'vehicle_construction': ['random', 'bellman_split']}",COMPLETE
142,24108.27,2026-06-03 03:07:16.984493,2026-06-03 03:08:32.859176,0 days 00:01:15.874683,OXCrossover,0.85,0.20,SwapMutation,0.05,roulette_wheel,bellman_split,142,"{'crossover_name': ['PMXCrossover', 'CXCrossover', 'OXCrossover'], 'crossover_probability': [0.75, 0.8, 0.85, 0.9], 'elitism_rate': [0.1, 0.2], 'mutation_name': ['InsertMutation', 'SwapMutation'], 'mutation_probability': [0.01, 0.05, 0.1], 'selection_type': ['binary_tournament', 'roulette_wheel'], 'vehicle_construction': ['random', 'bellman_split']}",COMPLETE
143,29212.02,2026-06-03 03:08:32.859453,2026-06-03 03:09:18.960902,0 days 00:00:46.101449,CXCrossover,0.90,0.10,SwapMutation,0.10,binary_tournament,bellman_split,143,"{'crossover_name': ['PMXCrossover', 'CXCrossover', 'OXCrossover'], 'crossover_probability': [0.75, 0.8, 0.85, 0.9], 'elitism_rate': [0.1, 0.2], 'mutation_name': ['InsertMutation', 'SwapMutation'], 'mutation_probability': [0.01, 0.05, 0.1], 'selection_type': ['binary_tournament', 'roulette_wheel'], 'vehicle_construction': ['random', 'bellman_split']}",COMPLETE
144,27876.63,2026-06-03 03:09:18.961198,2026-06-03 03:09:26.532977,0 days 00:00:07.571779,PMXCrossover,0.85,0.20,SwapMutation,0.10,binary_tournament,random,144,"{'crossover_name': ['PMXCrossover', 'CXCrossover', 'OXCrossover'], 'crossover_probability': [0.75, 0.8, 0.85, 0.9], 'elitism_rate': [0.1, 0.2], 'mutation_name': ['InsertMutation', 'SwapMutation'], 'mutation_probability': [0.01, 0.05, 0.1], 'selection_type': ['binary_tournament', 'roulette_wheel'], 'vehicle_construction': ['random', 'bellman_split']}",COMPLETE
145,23739.27,2026-06-03 03:09:26.533275,2026-06-03 03:10:14.248478,0 days 00:00:47.715203,OXCrossover,0.85,0.20,SwapMutation,0.05,binary_tournament,bellman_split,145,"{'crossover_name': ['PMXCrossover', 'CXCrossover', 'OXCrossover'], 'crossover_probability': [0.75, 0.8, 0.85, 0.9], 'elitism_rate': [0.1, 0.2], 'mutation_name': ['InsertMutation', 'SwapMutation'], 'mutation_probability': [0.01, 0.05, 0.1], 'selection_type': ['binary_tournament', 'roulette_wheel'], 'vehicle_construction': ['random', 'bellman_split']}",COMPLETE
146,26210.32,2026-06-03 03:10:14.248774,2026-06-03 03:10:25.489276,0 days 00:00:11.240502,OXCrossover,0.75,0.10,SwapMutation,0.10,binary_tournament,random,146,"{'crossover_name': ['PMXCrossover', 'CXCrossover', 'OXCrossover'], 'crossover_probability': [0.75, 0.8, 0.85, 0.9], 'elitism_rate': [0.1, 0.2], 'mutation_name': ['InsertMutation', 'SwapMutation'], 'mutation_probability': [0.01, 0.05, 0.1], 'selection_type': ['binary_tournament', 'roulette_wheel'], 'vehicle_construction': ['random', 'bellman_split']}",COMPLETE
147,26476.05,2026-06-03 03:10:25.490005,2026-06-03 03:11:06.348702,0 days 00:00:40.858697,PMXCrossover,0.85,0.10,SwapMutation,0.05,binary_tournament,bellman_split,147,"{'crossover_name': ['PMXCrossover', 'CXCrossover', 'OXCrossover'], 'crossover_probability': [0.75, 0.8, 0.85, 0.9], 'elitism_rate': [0.1, 0.2], 'mutation_name': ['InsertMutation', 'SwapMutation'], 'mutation_probability': [0.01, 0.05, 0.1], 'selection_type': ['binary_tournament', 'roulette_wheel'], 'vehicle_construction': ['random', 'bellman_split']}",COMPLETE
148,28724.91,2026-06-03 03:11:06.348982,2026-06-03 03:11:40.970122,0 days 00:00:34.621140,CXCrossover,0.90,0.20,SwapMutation,0.05,roulette_wheel,random,148,"{'crossover_name': ['PMXCrossover', 'CXCrossover', 'OXCrossover'], 'crossover_probability': [0.75, 0.8, 0.85, 0.9], 'elitism_rate': [0.1, 0.2], 'mutation_name': ['InsertMutation', 'SwapMutation'], 'mutation_probability': [0.01, 0.05, 0.1], 'selection_type': ['binary_tournament', 'roulette_wheel'], 'vehicle_construction': ['random', 'bellman_split']}",COMPLETE
149,27009.30,2026-06-03 03:11:40.970419,2026-06-03 03:11:47.139089,0 days 00:00:06.168670,PMXCrossover,0.80,0.20,InsertMutation,0.05,binary_tournament,random,149,"{'crossover_name': ['PMXCrossover', 'CXCrossover', 'OXCrossover'], 'crossover_probability': [0.75, 0.8, 0.85, 0.9], 'elitism_rate': [0.1, 0.2], 'mutation_name': ['InsertMutation', 'SwapMutation'], 'mutation_probability': [0.01, 0.05, 0.1], 'selection_type': ['binary_tournament', 'roulette_wheel'], 'vehicle_construction': ['random', 'bellman_split']}",COMPLETE
150,27101.04,2026-06-03 03:11:47.139388,2026-06-03 03:11:53.506514,0 days 00:00:06.367126,PMXCrossover,0.90,0.20,InsertMutation,0.05,binary_tournament,random,150,"{'crossover_name': ['PMXCrossover', 'CXCrossover', 'OXCrossover'], 'crossover_probability': [0.75, 0.8, 0.85, 0.9], 'elitism_rate': [0.1, 0.2], 'mutation_name': ['InsertMutation', 'SwapMutation'], 'mutation_probability': [0.01, 0.05, 0.1], 'selection_type': ['binary_tournament', 'roulette_wheel'], 'vehicle_construction': ['random', 'bellman_split']}",COMPLETE
151,23905.26,2026-06-03 03:11:53.506834,2026-06-03 03:12:39.504928,0 days 00:00:45.998094,OXCrossover,0.85,0.20,InsertMutation,0.01,binary_tournament,bellman_split,151,"{'crossover_name': ['PMXCrossover', 'CXCrossover', 'OXCrossover'], 'crossover_probability': [0.75, 0.8, 0.85, 0.9], 'elitism_rate': [0.1, 0.2], 'mutation_name': ['InsertMutation', 'SwapMutation'], 'mutation_probability': [0.01, 0.05, 0.1], 'selection_type': ['binary_tournament', 'roulette_wheel'], 'vehicle_construction': ['random', 'bellman_split']}",COMPLETE
152,25368.22,2026-06-03 03:12:39.505205,2026-06-03 03:13:22.366136,0 days 00:00:42.860931,PMXCrossover,0.90,0.10,SwapMutation,0.01,binary_tournament,bellman_split,152,"{'crossover_name': ['PMXCrossover', 'CXCrossover', 'OXCrossover'], 'crossover_probability': [0.75, 0.8, 0.85, 0.9], 'elitism_rate': [0.1, 0.2], 'mutation_name': ['InsertMutation', 'SwapMutation'], 'mutation_probability': [0.01, 0.05, 0.1], 'selection_type': ['binary_tournament', 'roulette_wheel'], 'vehicle_construction': ['random', 'bellman_split']}",COMPLETE
153,25406.63,2026-06-03 03:13:22.366572,2026-06-03 03:13:35.098059,0 days 00:00:12.731487,OXCrossover,0.90,0.20,SwapMutation,0.10,binary_tournament,random,153,"{'crossover_name': ['PMXCrossover', 'CXCrossover', 'OXCrossover'], 'crossover_probability': [0.75, 0.8, 0.85, 0.9], 'elitism_rate': [0.1, 0.2], 'mutation_name': ['InsertMutation', 'SwapMutation'], 'mutation_probability': [0.01, 0.05, 0.1], 'selection_type': ['binary_tournament', 'roulette_wheel'], 'vehicle_construction': ['random', 'bellman_split']}",COMPLETE
154,24649.74,2026-06-03 03:13:35.098359,2026-06-03 03:14:49.087774,0 days 00:01:13.989415,OXCrossover,0.85,0.20,InsertMutation,0.10,roulette_wheel,bellman_split,154,"{'crossover_name': ['PMXCrossover', 'CXCrossover', 'OXCrossover'], 'crossover_probability': [0.75, 0.8, 0.85, 0.9], 'elitism_rate': [0.1, 0.2], 'mutation_name': ['InsertMutation', 'SwapMutation'], 'mutation_probability': [0.01, 0.05, 0.1], 'selection_type': ['binary_tournament', 'roulette_wheel'], 'vehicle_construction': ['random', 'bellman_split']}",COMPLETE
155,27407.38,2026-06-03 03:14:49.088071,2026-06-03 03:14:57.032633,0 days 00:00:07.944562,CXCrossover,0.85,0.20,InsertMutation,0.01,binary_tournament,random,155,"{'crossover_name': ['PMXCrossover', 'CXCrossover', 'OXCrossover'], 'crossover_probability': [0.75, 0.8, 0.85, 0.9], 'elitism_rate': [0.1, 0.2], 'mutation_name': ['InsertMutation', 'SwapMutation'], 'mutation_probability': [0.01, 0.05, 0.1], 'selection_type': ['binary_tournament', 'roulette_wheel'], 'vehicle_construction': ['random', 'bellman_split']}",COMPLETE
156,29414.82,2026-06-03 03:14:57.032925,2026-06-03 03:15:05.754107,0 days 00:00:08.721182,CXCrossover,0.90,0.10,SwapMutation,0.01,binary_tournament,random,156,"{'crossover_name': ['PMXCrossover', 'CXCrossover', 'OXCrossover'], 'crossover_probability': [0.75, 0.8, 0.85, 0.9], 'elitism_rate': [0.1, 0.2], 'mutation_name': ['InsertMutation', 'SwapMutation'], 'mutation_probability': [0.01, 0.05, 0.1], 'selection_type': ['binary_tournament', 'roulette_wheel'], 'vehicle_construction': ['random', 'bellman_split']}",COMPLETE
157,27884.20,2026-06-03 03:15:05.754447,2026-06-03 03:16:18.948357,0 days 00:01:13.193910,CXCrossover,0.85,0.10,SwapMutation,0.01,roulette_wheel,bellman_split,157,"{'crossover_name': ['PMXCrossover', 'CXCrossover', 'OXCrossover'], 'crossover_probability': [0.75, 0.8, 0.85, 0.9], 'elitism_rate': [0.1, 0.2], 'mutation_name': ['InsertMutation', 'SwapMutation'], 'mutation_probability': [0.01, 0.05, 0.1], 'selection_type': ['binary_tournament', 'roulette_wheel'], 'vehicle_construction': ['random', 'bellman_split']}",COMPLETE
158,26682.03,2026-06-03 03:16:18.948651,2026-06-03 03:16:58.356704,0 days 00:00:39.408053,OXCrossover,0.80,0.10,InsertMutation,0.05,roulette_wheel,random,158,"{'crossover_name': ['PMXCrossover', 'CXCrossover', 'OXCrossover'], 'crossover_probability': [0.75, 0.8, 0.85, 0.9], 'elitism_rate': [0.1, 0.2], 'mutation_name': ['InsertMutation', 'SwapMutation'], 'mutation_probability': [0.01, 0.05, 0.1], 'selection_type': ['binary_tournament', 'roulette_wheel'], 'vehicle_construction': ['random', 'bellman_split']}",COMPLETE
159,28209.40,2026-06-03 03:16:58.357072,2026-06-03 03:17:31.908524,0 days 00:00:33.551452,CXCrossover,0.90,0.20,InsertMutation,0.05,roulette_wheel,random,159,"{'crossover_name': ['PMXCrossover', 'CXCrossover', 'OXCrossover'], 'crossover_probability': [0.75, 0.8, 0.85, 0.9], 'elitism_rate': [0.1, 0.2], 'mutation_name': ['InsertMutation', 'SwapMutation'], 'mutation_probability': [0.01, 0.05, 0.1], 'selection_type': ['binary_tournament', 'roulette_wheel'], 'vehicle_construction': ['random', 'bellman_split']}",COMPLETE
160,26370.03,2026-06-03 03:17:31.908853,2026-06-03 03:17:38.567787,0 days 00:00:06.658934,PMXCrossover,0.85,0.10,SwapMutation,0.05,binary_tournament,random,160,"{'crossover_name': ['PMXCrossover', 'CXCrossover', 'OXCrossover'], 'crossover_probability': [0.75, 0.8, 0.85, 0.9], 'elitism_rate': [0.1, 0.2], 'mutation_name': ['InsertMutation', 'SwapMutation'], 'mutation_probability': [0.01, 0.05, 0.1], 'selection_type': ['binary_tournament', 'roulette_wheel'], 'vehicle_construction': ['random', 'bellman_split']}",COMPLETE
161,28727.71,2026-06-03 03:17:38.568113,2026-06-03 03:17:45.581074,0 days 00:00:07.012961,PMXCrossover,0.80,0.10,SwapMutation,0.10,binary_tournament,random,161,"{'crossover_name': ['PMXCrossover', 'CXCrossover', 'OXCrossover'], 'crossover_probability': [0.75, 0.8, 0.85, 0.9], 'elitism_rate': [0.1, 0.2], 'mutation_name': ['InsertMutation', 'SwapMutation'], 'mutation_probability': [0.01, 0.05, 0.1], 'selection_type': ['binary_tournament', 'roulette_wheel'], 'vehicle_construction': ['random', 'bellman_split']}",COMPLETE
162,29507.07,2026-06-03 03:17:45.581397,2026-06-03 03:17:55.502234,0 days 00:00:09.920837,CXCrossover,0.85,0.20,SwapMutation,0.10,binary_tournament,random,162,"{'crossover_name': ['PMXCrossover', 'CXCrossover', 'OXCrossover'], 'crossover_probability': [0.75, 0.8, 0.85, 0.9], 'elitism_rate': [0.1, 0.2], 'mutation_name': ['InsertMutation', 'SwapMutation'], 'mutation_probability': [0.01, 0.05, 0.1], 'selection_type': ['binary_tournament', 'roulette_wheel'], 'vehicle_construction': ['random', 'bellman_split']}",COMPLETE
