number,value,datetime_start,datetime_complete,duration,params_crossover_name,params_crossover_probability,params_elitism_rate,params_mutation_name,params_mutation_probability,params_selection_type,params_vehicle_construction,system_attrs_grid_id,system_attrs_search_space,state
164,870.77,2026-06-02 21:29:37.729754,2026-06-02 21:29:42.280821,0 days 00:00:04.551067,PMXCrossover,0.80,0.10,SwapMutation,0.05,binary_tournament,bellman_split,164,"{'crossover_name': ['PMXCrossover', 'CXCrossover', 'OXCrossover'], 'crossover_probability': [0.75, 0.8, 0.85, 0.9], 'elitism_rate': [0.1, 0.2], 'mutation_name': ['InsertMutation', 'SwapMutation'], 'mutation_probability': [0.01, 0.05, 0.1], 'selection_type': ['binary_tournament', 'roulette_wheel'], 'vehicle_construction': ['random', 'bellman_split']}",COMPLETE
165,961.07,2026-06-02 21:29:42.281360,2026-06-02 21:29:44.367309,0 days 00:00:02.085949,OXCrossover,0.80,0.10,SwapMutation,0.10,binary_tournament,random,165,"{'crossover_name': ['PMXCrossover', 'CXCrossover', 'OXCrossover'], 'crossover_probability': [0.75, 0.8, 0.85, 0.9], 'elitism_rate': [0.1, 0.2], 'mutation_name': ['InsertMutation', 'SwapMutation'], 'mutation_probability': [0.01, 0.05, 0.1], 'selection_type': ['binary_tournament', 'roulette_wheel'], 'vehicle_construction': ['random', 'bellman_split']}",COMPLETE
166,982.52,2026-06-02 21:29:44.367593,2026-06-02 21:29:56.197182,0 days 00:00:11.829589,PMXCrossover,0.85,0.20,InsertMutation,0.05,roulette_wheel,random,166,"{'crossover_name': ['PMXCrossover', 'CXCrossover', 'OXCrossover'], 'crossover_probability': [0.75, 0.8, 0.85, 0.9], 'elitism_rate': [0.1, 0.2], 'mutation_name': ['InsertMutation', 'SwapMutation'], 'mutation_probability': [0.01, 0.05, 0.1], 'selection_type': ['binary_tournament', 'roulette_wheel'], 'vehicle_construction': ['random', 'bellman_split']}",COMPLETE
167,889.02,2026-06-02 21:29:56.197481,2026-06-02 21:30:12.525910,0 days 00:00:16.328429,OXCrossover,0.80,0.10,InsertMutation,0.10,roulette_wheel,bellman_split,167,"{'crossover_name': ['PMXCrossover', 'CXCrossover', 'OXCrossover'], 'crossover_probability': [0.75, 0.8, 0.85, 0.9], 'elitism_rate': [0.1, 0.2], 'mutation_name': ['InsertMutation', 'SwapMutation'], 'mutation_probability': [0.01, 0.05, 0.1], 'selection_type': ['binary_tournament', 'roulette_wheel'], 'vehicle_construction': ['random', 'bellman_split']}",COMPLETE
168,1156.91,2026-06-02 21:30:12.526219,2026-06-02 21:30:25.387714,0 days 00:00:12.861495,CXCrossover,0.80,0.10,InsertMutation,0.01,roulette_wheel,random,168,"{'crossover_name': ['PMXCrossover', 'CXCrossover', 'OXCrossover'], 'crossover_probability': [0.75, 0.8, 0.85, 0.9], 'elitism_rate': [0.1, 0.2], 'mutation_name': ['InsertMutation', 'SwapMutation'], 'mutation_probability': [0.01, 0.05, 0.1], 'selection_type': ['binary_tournament', 'roulette_wheel'], 'vehicle_construction': ['random', 'bellman_split']}",COMPLETE
169,1093.60,2026-06-02 21:30:25.388024,2026-06-02 21:30:38.297536,0 days 00:00:12.909512,CXCrossover,0.90,0.10,SwapMutation,0.05,roulette_wheel,random,169,"{'crossover_name': ['PMXCrossover', 'CXCrossover', 'OXCrossover'], 'crossover_probability': [0.75, 0.8, 0.85, 0.9], 'elitism_rate': [0.1, 0.2], 'mutation_name': ['InsertMutation', 'SwapMutation'], 'mutation_probability': [0.01, 0.05, 0.1], 'selection_type': ['binary_tournament', 'roulette_wheel'], 'vehicle_construction': ['random', 'bellman_split']}",COMPLETE
170,1092.29,2026-06-02 21:30:38.297816,2026-06-02 21:30:53.271764,0 days 00:00:14.973948,CXCrossover,0.85,0.20,InsertMutation,0.01,roulette_wheel,bellman_split,170,"{'crossover_name': ['PMXCrossover', 'CXCrossover', 'OXCrossover'], 'crossover_probability': [0.75, 0.8, 0.85, 0.9], 'elitism_rate': [0.1, 0.2], 'mutation_name': ['InsertMutation', 'SwapMutation'], 'mutation_probability': [0.01, 0.05, 0.1], 'selection_type': ['binary_tournament', 'roulette_wheel'], 'vehicle_construction': ['random', 'bellman_split']}",COMPLETE
171,882.54,2026-06-02 21:30:53.272077,2026-06-02 21:31:09.348035,0 days 00:00:16.075958,OXCrossover,0.75,0.20,SwapMutation,0.05,roulette_wheel,bellman_split,171,"{'crossover_name': ['PMXCrossover', 'CXCrossover', 'OXCrossover'], 'crossover_probability': [0.75, 0.8, 0.85, 0.9], 'elitism_rate': [0.1, 0.2], 'mutation_name': ['InsertMutation', 'SwapMutation'], 'mutation_probability': [0.01, 0.05, 0.1], 'selection_type': ['binary_tournament', 'roulette_wheel'], 'vehicle_construction': ['random', 'bellman_split']}",COMPLETE
172,979.95,2026-06-02 21:31:09.348318,2026-06-02 21:31:25.447337,0 days 00:00:16.099019,CXCrossover,0.90,0.10,InsertMutation,0.05,roulette_wheel,bellman_split,172,"{'crossover_name': ['PMXCrossover', 'CXCrossover', 'OXCrossover'], 'crossover_probability': [0.75, 0.8, 0.85, 0.9], 'elitism_rate': [0.1, 0.2], 'mutation_name': ['InsertMutation', 'SwapMutation'], 'mutation_probability': [0.01, 0.05, 0.1], 'selection_type': ['binary_tournament', 'roulette_wheel'], 'vehicle_construction': ['random', 'bellman_split']}",COMPLETE
173,874.48,2026-06-02 21:31:25.447619,2026-06-02 21:31:27.377237,0 days 00:00:01.929618,OXCrossover,0.80,0.20,InsertMutation,0.01,binary_tournament,random,173,"{'crossover_name': ['PMXCrossover', 'CXCrossover', 'OXCrossover'], 'crossover_probability': [0.75, 0.8, 0.85, 0.9], 'elitism_rate': [0.1, 0.2], 'mutation_name': ['InsertMutation', 'SwapMutation'], 'mutation_probability': [0.01, 0.05, 0.1], 'selection_type': ['binary_tournament', 'roulette_wheel'], 'vehicle_construction': ['random', 'bellman_split']}",COMPLETE
174,855.55,2026-06-02 21:31:27.377538,2026-06-02 21:31:32.024592,0 days 00:00:04.647054,PMXCrossover,0.85,0.20,SwapMutation,0.05,binary_tournament,bellman_split,174,"{'crossover_name': ['PMXCrossover', 'CXCrossover', 'OXCrossover'], 'crossover_probability': [0.75, 0.8, 0.85, 0.9], 'elitism_rate': [0.1, 0.2], 'mutation_name': ['InsertMutation', 'SwapMutation'], 'mutation_probability': [0.01, 0.05, 0.1], 'selection_type': ['binary_tournament', 'roulette_wheel'], 'vehicle_construction': ['random', 'bellman_split']}",COMPLETE
175,794.43,2026-06-02 21:31:32.024903,2026-06-02 21:31:37.221832,0 days 00:00:05.196929,OXCrossover,0.90,0.10,SwapMutation,0.10,binary_tournament,bellman_split,175,"{'crossover_name': ['PMXCrossover', 'CXCrossover', 'OXCrossover'], 'crossover_probability': [0.75, 0.8, 0.85, 0.9], 'elitism_rate': [0.1, 0.2], 'mutation_name': ['InsertMutation', 'SwapMutation'], 'mutation_probability': [0.01, 0.05, 0.1], 'selection_type': ['binary_tournament', 'roulette_wheel'], 'vehicle_construction': ['random', 'bellman_split']}",COMPLETE
176,960.15,2026-06-02 21:31:37.222141,2026-06-02 21:31:52.909330,0 days 00:00:15.687189,PMXCrossover,0.75,0.10,InsertMutation,0.05,roulette_wheel,bellman_split,176,"{'crossover_name': ['PMXCrossover', 'CXCrossover', 'OXCrossover'], 'crossover_probability': [0.75, 0.8, 0.85, 0.9], 'elitism_rate': [0.1, 0.2], 'mutation_name': ['InsertMutation', 'SwapMutation'], 'mutation_probability': [0.01, 0.05, 0.1], 'selection_type': ['binary_tournament', 'roulette_wheel'], 'vehicle_construction': ['random', 'bellman_split']}",COMPLETE
177,1010.07,2026-06-02 21:31:52.909648,2026-06-02 21:32:04.729157,0 days 00:00:11.819509,OXCrossover,0.75,0.20,SwapMutation,0.01,roulette_wheel,random,177,"{'crossover_name': ['PMXCrossover', 'CXCrossover', 'OXCrossover'], 'crossover_probability': [0.75, 0.8, 0.85, 0.9], 'elitism_rate': [0.1, 0.2], 'mutation_name': ['InsertMutation', 'SwapMutation'], 'mutation_probability': [0.01, 0.05, 0.1], 'selection_type': ['binary_tournament', 'roulette_wheel'], 'vehicle_construction': ['random', 'bellman_split']}",COMPLETE
178,980.53,2026-06-02 21:32:04.729467,2026-06-02 21:32:18.034486,0 days 00:00:13.305019,OXCrossover,0.90,0.10,InsertMutation,0.01,roulette_wheel,random,178,"{'crossover_name': ['PMXCrossover', 'CXCrossover', 'OXCrossover'], 'crossover_probability': [0.75, 0.8, 0.85, 0.9], 'elitism_rate': [0.1, 0.2], 'mutation_name': ['InsertMutation', 'SwapMutation'], 'mutation_probability': [0.01, 0.05, 0.1], 'selection_type': ['binary_tournament', 'roulette_wheel'], 'vehicle_construction': ['random', 'bellman_split']}",COMPLETE
179,1130.87,2026-06-02 21:32:18.034868,2026-06-02 21:32:22.503271,0 days 00:00:04.468403,CXCrossover,0.75,0.20,SwapMutation,0.01,binary_tournament,bellman_split,179,"{'crossover_name': ['PMXCrossover', 'CXCrossover', 'OXCrossover'], 'crossover_probability': [0.75, 0.8, 0.85, 0.9], 'elitism_rate': [0.1, 0.2], 'mutation_name': ['InsertMutation', 'SwapMutation'], 'mutation_probability': [0.01, 0.05, 0.1], 'selection_type': ['binary_tournament', 'roulette_wheel'], 'vehicle_construction': ['random', 'bellman_split']}",COMPLETE
180,965.35,2026-06-02 21:32:22.503835,2026-06-02 21:32:24.689562,0 days 00:00:02.185727,OXCrossover,0.90,0.20,InsertMutation,0.10,binary_tournament,random,180,"{'crossover_name': ['PMXCrossover', 'CXCrossover', 'OXCrossover'], 'crossover_probability': [0.75, 0.8, 0.85, 0.9], 'elitism_rate': [0.1, 0.2], 'mutation_name': ['InsertMutation', 'SwapMutation'], 'mutation_probability': [0.01, 0.05, 0.1], 'selection_type': ['binary_tournament', 'roulette_wheel'], 'vehicle_construction': ['random', 'bellman_split']}",COMPLETE
181,914.60,2026-06-02 21:32:24.689864,2026-06-02 21:32:40.737737,0 days 00:00:16.047873,OXCrossover,0.75,0.10,SwapMutation,0.10,roulette_wheel,bellman_split,181,"{'crossover_name': ['PMXCrossover', 'CXCrossover', 'OXCrossover'], 'crossover_probability': [0.75, 0.8, 0.85, 0.9], 'elitism_rate': [0.1, 0.2], 'mutation_name': ['InsertMutation', 'SwapMutation'], 'mutation_probability': [0.01, 0.05, 0.1], 'selection_type': ['binary_tournament', 'roulette_wheel'], 'vehicle_construction': ['random', 'bellman_split']}",COMPLETE
182,832.29,2026-06-02 21:32:40.738049,2026-06-02 21:32:56.080324,0 days 00:00:15.342275,OXCrossover,0.90,0.20,SwapMutation,0.01,roulette_wheel,bellman_split,182,"{'crossover_name': ['PMXCrossover', 'CXCrossover', 'OXCrossover'], 'crossover_probability': [0.75, 0.8, 0.85, 0.9], 'elitism_rate': [0.1, 0.2], 'mutation_name': ['InsertMutation', 'SwapMutation'], 'mutation_probability': [0.01, 0.05, 0.1], 'selection_type': ['binary_tournament', 'roulette_wheel'], 'vehicle_construction': ['random', 'bellman_split']}",COMPLETE
183,849.10,2026-06-02 21:32:56.080646,2026-06-02 21:33:11.666618,0 days 00:00:15.585972,PMXCrossover,0.90,0.10,InsertMutation,0.10,roulette_wheel,bellman_split,183,"{'crossover_name': ['PMXCrossover', 'CXCrossover', 'OXCrossover'], 'crossover_probability': [0.75, 0.8, 0.85, 0.9], 'elitism_rate': [0.1, 0.2], 'mutation_name': ['InsertMutation', 'SwapMutation'], 'mutation_probability': [0.01, 0.05, 0.1], 'selection_type': ['binary_tournament', 'roulette_wheel'], 'vehicle_construction': ['random', 'bellman_split']}",COMPLETE
184,1103.72,2026-06-02 21:33:11.666934,2026-06-02 21:33:16.329126,0 days 00:00:04.662192,CXCrossover,0.85,0.20,SwapMutation,0.05,binary_tournament,bellman_split,184,"{'crossover_name': ['PMXCrossover', 'CXCrossover', 'OXCrossover'], 'crossover_probability': [0.75, 0.8, 0.85, 0.9], 'elitism_rate': [0.1, 0.2], 'mutation_name': ['InsertMutation', 'SwapMutation'], 'mutation_probability': [0.01, 0.05, 0.1], 'selection_type': ['binary_tournament', 'roulette_wheel'], 'vehicle_construction': ['random', 'bellman_split']}",COMPLETE
185,995.37,2026-06-02 21:33:16.329413,2026-06-02 21:33:21.018047,0 days 00:00:04.688634,PMXCrossover,0.90,0.20,SwapMutation,0.05,binary_tournament,bellman_split,185,"{'crossover_name': ['PMXCrossover', 'CXCrossover', 'OXCrossover'], 'crossover_probability': [0.75, 0.8, 0.85, 0.9], 'elitism_rate': [0.1, 0.2], 'mutation_name': ['InsertMutation', 'SwapMutation'], 'mutation_probability': [0.01, 0.05, 0.1], 'selection_type': ['binary_tournament', 'roulette_wheel'], 'vehicle_construction': ['random', 'bellman_split']}",COMPLETE
186,833.66,2026-06-02 21:33:21.018362,2026-06-02 21:33:25.591414,0 days 00:00:04.573052,PMXCrossover,0.85,0.10,InsertMutation,0.05,binary_tournament,bellman_split,186,"{'crossover_name': ['PMXCrossover', 'CXCrossover', 'OXCrossover'], 'crossover_probability': [0.75, 0.8, 0.85, 0.9], 'elitism_rate': [0.1, 0.2], 'mutation_name': ['InsertMutation', 'SwapMutation'], 'mutation_probability': [0.01, 0.05, 0.1], 'selection_type': ['binary_tournament', 'roulette_wheel'], 'vehicle_construction': ['random', 'bellman_split']}",COMPLETE
187,979.76,2026-06-02 21:33:25.591732,2026-06-02 21:33:30.215663,0 days 00:00:04.623931,PMXCrossover,0.85,0.10,InsertMutation,0.01,binary_tournament,bellman_split,187,"{'crossover_name': ['PMXCrossover', 'CXCrossover', 'OXCrossover'], 'crossover_probability': [0.75, 0.8, 0.85, 0.9], 'elitism_rate': [0.1, 0.2], 'mutation_name': ['InsertMutation', 'SwapMutation'], 'mutation_probability': [0.01, 0.05, 0.1], 'selection_type': ['binary_tournament', 'roulette_wheel'], 'vehicle_construction': ['random', 'bellman_split']}",COMPLETE
188,987.72,2026-06-02 21:33:30.215948,2026-06-02 21:33:31.980785,0 days 00:00:01.764837,PMXCrossover,0.75,0.10,SwapMutation,0.10,binary_tournament,random,188,"{'crossover_name': ['PMXCrossover', 'CXCrossover', 'OXCrossover'], 'crossover_probability': [0.75, 0.8, 0.85, 0.9], 'elitism_rate': [0.1, 0.2], 'mutation_name': ['InsertMutation', 'SwapMutation'], 'mutation_probability': [0.01, 0.05, 0.1], 'selection_type': ['binary_tournament', 'roulette_wheel'], 'vehicle_construction': ['random', 'bellman_split']}",COMPLETE
189,913.40,2026-06-02 21:33:31.981230,2026-06-02 21:33:36.891733,0 days 00:00:04.910503,PMXCrossover,0.90,0.10,InsertMutation,0.10,binary_tournament,bellman_split,189,"{'crossover_name': ['PMXCrossover', 'CXCrossover', 'OXCrossover'], 'crossover_probability': [0.75, 0.8, 0.85, 0.9], 'elitism_rate': [0.1, 0.2], 'mutation_name': ['InsertMutation', 'SwapMutation'], 'mutation_probability': [0.01, 0.05, 0.1], 'selection_type': ['binary_tournament', 'roulette_wheel'], 'vehicle_construction': ['random', 'bellman_split']}",COMPLETE
190,859.55,2026-06-02 21:33:36.892197,2026-06-02 21:33:49.651583,0 days 00:00:12.759386,PMXCrossover,0.80,0.10,InsertMutation,0.05,roulette_wheel,random,190,"{'crossover_name': ['PMXCrossover', 'CXCrossover', 'OXCrossover'], 'crossover_probability': [0.75, 0.8, 0.85, 0.9], 'elitism_rate': [0.1, 0.2], 'mutation_name': ['InsertMutation', 'SwapMutation'], 'mutation_probability': [0.01, 0.05, 0.1], 'selection_type': ['binary_tournament', 'roulette_wheel'], 'vehicle_construction': ['random', 'bellman_split']}",COMPLETE
191,972.39,2026-06-02 21:33:49.651890,2026-06-02 21:34:01.291970,0 days 00:00:11.640080,PMXCrossover,0.75,0.20,InsertMutation,0.05,roulette_wheel,random,191,"{'crossover_name': ['PMXCrossover', 'CXCrossover', 'OXCrossover'], 'crossover_probability': [0.75, 0.8, 0.85, 0.9], 'elitism_rate': [0.1, 0.2], 'mutation_name': ['InsertMutation', 'SwapMutation'], 'mutation_probability': [0.01, 0.05, 0.1], 'selection_type': ['binary_tournament', 'roulette_wheel'], 'vehicle_construction': ['random', 'bellman_split']}",COMPLETE
192,1036.16,2026-06-02 21:34:01.292251,2026-06-02 21:34:13.014860,0 days 00:00:11.722609,CXCrossover,0.85,0.20,SwapMutation,0.10,roulette_wheel,random,192,"{'crossover_name': ['PMXCrossover', 'CXCrossover', 'OXCrossover'], 'crossover_probability': [0.75, 0.8, 0.85, 0.9], 'elitism_rate': [0.1, 0.2], 'mutation_name': ['InsertMutation', 'SwapMutation'], 'mutation_probability': [0.01, 0.05, 0.1], 'selection_type': ['binary_tournament', 'roulette_wheel'], 'vehicle_construction': ['random', 'bellman_split']}",COMPLETE
193,945.40,2026-06-02 21:34:13.015177,2026-06-02 21:34:17.407952,0 days 00:00:04.392775,PMXCrossover,0.80,0.10,InsertMutation,0.01,binary_tournament,bellman_split,193,"{'crossover_name': ['PMXCrossover', 'CXCrossover', 'OXCrossover'], 'crossover_probability': [0.75, 0.8, 0.85, 0.9], 'elitism_rate': [0.1, 0.2], 'mutation_name': ['InsertMutation', 'SwapMutation'], 'mutation_probability': [0.01, 0.05, 0.1], 'selection_type': ['binary_tournament', 'roulette_wheel'], 'vehicle_construction': ['random', 'bellman_split']}",COMPLETE
194,1052.97,2026-06-02 21:34:17.408554,2026-06-02 21:34:19.154452,0 days 00:00:01.745898,PMXCrossover,0.85,0.10,InsertMutation,0.05,binary_tournament,random,194,"{'crossover_name': ['PMXCrossover', 'CXCrossover', 'OXCrossover'], 'crossover_probability': [0.75, 0.8, 0.85, 0.9], 'elitism_rate': [0.1, 0.2], 'mutation_name': ['InsertMutation', 'SwapMutation'], 'mutation_probability': [0.01, 0.05, 0.1], 'selection_type': ['binary_tournament', 'roulette_wheel'], 'vehicle_construction': ['random', 'bellman_split']}",COMPLETE
195,814.68,2026-06-02 21:34:19.154897,2026-06-02 21:34:23.530056,0 days 00:00:04.375159,OXCrossover,0.75,0.20,SwapMutation,0.05,binary_tournament,bellman_split,195,"{'crossover_name': ['PMXCrossover', 'CXCrossover', 'OXCrossover'], 'crossover_probability': [0.75, 0.8, 0.85, 0.9], 'elitism_rate': [0.1, 0.2], 'mutation_name': ['InsertMutation', 'SwapMutation'], 'mutation_probability': [0.01, 0.05, 0.1], 'selection_type': ['binary_tournament', 'roulette_wheel'], 'vehicle_construction': ['random', 'bellman_split']}",COMPLETE
196,1173.26,2026-06-02 21:34:23.530345,2026-06-02 21:34:25.502929,0 days 00:00:01.972584,CXCrossover,0.80,0.20,SwapMutation,0.10,binary_tournament,random,196,"{'crossover_name': ['PMXCrossover', 'CXCrossover', 'OXCrossover'], 'crossover_probability': [0.75, 0.8, 0.85, 0.9], 'elitism_rate': [0.1, 0.2], 'mutation_name': ['InsertMutation', 'SwapMutation'], 'mutation_probability': [0.01, 0.05, 0.1], 'selection_type': ['binary_tournament', 'roulette_wheel'], 'vehicle_construction': ['random', 'bellman_split']}",COMPLETE
197,1014.92,2026-06-02 21:34:25.503254,2026-06-02 21:34:38.465697,0 days 00:00:12.962443,CXCrossover,0.90,0.10,SwapMutation,0.10,roulette_wheel,random,197,"{'crossover_name': ['PMXCrossover', 'CXCrossover', 'OXCrossover'], 'crossover_probability': [0.75, 0.8, 0.85, 0.9], 'elitism_rate': [0.1, 0.2], 'mutation_name': ['InsertMutation', 'SwapMutation'], 'mutation_probability': [0.01, 0.05, 0.1], 'selection_type': ['binary_tournament', 'roulette_wheel'], 'vehicle_construction': ['random', 'bellman_split']}",COMPLETE
198,1075.71,2026-06-02 21:34:38.466050,2026-06-02 21:34:40.441786,0 days 00:00:01.975736,CXCrossover,0.85,0.20,InsertMutation,0.05,binary_tournament,random,198,"{'crossover_name': ['PMXCrossover', 'CXCrossover', 'OXCrossover'], 'crossover_probability': [0.75, 0.8, 0.85, 0.9], 'elitism_rate': [0.1, 0.2], 'mutation_name': ['InsertMutation', 'SwapMutation'], 'mutation_probability': [0.01, 0.05, 0.1], 'selection_type': ['binary_tournament', 'roulette_wheel'], 'vehicle_construction': ['random', 'bellman_split']}",COMPLETE
199,1038.04,2026-06-02 21:34:40.442134,2026-06-02 21:34:42.287574,0 days 00:00:01.845440,PMXCrossover,0.80,0.10,InsertMutation,0.10,binary_tournament,random,199,"{'crossover_name': ['PMXCrossover', 'CXCrossover', 'OXCrossover'], 'crossover_probability': [0.75, 0.8, 0.85, 0.9], 'elitism_rate': [0.1, 0.2], 'mutation_name': ['InsertMutation', 'SwapMutation'], 'mutation_probability': [0.01, 0.05, 0.1], 'selection_type': ['binary_tournament', 'roulette_wheel'], 'vehicle_construction': ['random', 'bellman_split']}",COMPLETE
200,1049.28,2026-06-02 21:34:42.287867,2026-06-02 21:34:43.968832,0 days 00:00:01.680965,PMXCrossover,0.90,0.10,InsertMutation,0.01,binary_tournament,random,200,"{'crossover_name': ['PMXCrossover', 'CXCrossover', 'OXCrossover'], 'crossover_probability': [0.75, 0.8, 0.85, 0.9], 'elitism_rate': [0.1, 0.2], 'mutation_name': ['InsertMutation', 'SwapMutation'], 'mutation_probability': [0.01, 0.05, 0.1], 'selection_type': ['binary_tournament', 'roulette_wheel'], 'vehicle_construction': ['random', 'bellman_split']}",COMPLETE
201,1068.60,2026-06-02 21:34:43.969158,2026-06-02 21:34:45.636627,0 days 00:00:01.667469,PMXCrossover,0.80,0.10,SwapMutation,0.01,binary_tournament,random,201,"{'crossover_name': ['PMXCrossover', 'CXCrossover', 'OXCrossover'], 'crossover_probability': [0.75, 0.8, 0.85, 0.9], 'elitism_rate': [0.1, 0.2], 'mutation_name': ['InsertMutation', 'SwapMutation'], 'mutation_probability': [0.01, 0.05, 0.1], 'selection_type': ['binary_tournament', 'roulette_wheel'], 'vehicle_construction': ['random', 'bellman_split']}",COMPLETE
202,1123.28,2026-06-02 21:34:45.636945,2026-06-02 21:34:58.225959,0 days 00:00:12.589014,CXCrossover,0.75,0.10,InsertMutation,0.01,roulette_wheel,random,202,"{'crossover_name': ['PMXCrossover', 'CXCrossover', 'OXCrossover'], 'crossover_probability': [0.75, 0.8, 0.85, 0.9], 'elitism_rate': [0.1, 0.2], 'mutation_name': ['InsertMutation', 'SwapMutation'], 'mutation_probability': [0.01, 0.05, 0.1], 'selection_type': ['binary_tournament', 'roulette_wheel'], 'vehicle_construction': ['random', 'bellman_split']}",COMPLETE
203,1083.88,2026-06-02 21:34:58.226271,2026-06-02 21:35:03.258004,0 days 00:00:05.031733,CXCrossover,0.90,0.10,InsertMutation,0.05,binary_tournament,bellman_split,203,"{'crossover_name': ['PMXCrossover', 'CXCrossover', 'OXCrossover'], 'crossover_probability': [0.75, 0.8, 0.85, 0.9], 'elitism_rate': [0.1, 0.2], 'mutation_name': ['InsertMutation', 'SwapMutation'], 'mutation_probability': [0.01, 0.05, 0.1], 'selection_type': ['binary_tournament', 'roulette_wheel'], 'vehicle_construction': ['random', 'bellman_split']}",COMPLETE
204,950.28,2026-06-02 21:35:03.258318,2026-06-02 21:35:15.936094,0 days 00:00:12.677776,PMXCrossover,0.75,0.10,InsertMutation,0.05,roulette_wheel,random,204,"{'crossover_name': ['PMXCrossover', 'CXCrossover', 'OXCrossover'], 'crossover_probability': [0.75, 0.8, 0.85, 0.9], 'elitism_rate': [0.1, 0.2], 'mutation_name': ['InsertMutation', 'SwapMutation'], 'mutation_probability': [0.01, 0.05, 0.1], 'selection_type': ['binary_tournament', 'roulette_wheel'], 'vehicle_construction': ['random', 'bellman_split']}",COMPLETE
