number,value,datetime_start,datetime_complete,duration,params_crossover_name,params_crossover_probability,params_elitism_rate,params_mutation_name,params_mutation_probability,params_selection_type,params_vehicle_construction,system_attrs_grid_id,system_attrs_search_space,state
245,26627.75,2026-06-03 04:09:58.150977,2026-06-03 04:10:35.118141,0 days 00:00:36.967164,OXCrossover,0.80,0.20,InsertMutation,0.10,roulette_wheel,random,245,"{'crossover_name': ['PMXCrossover', 'CXCrossover', 'OXCrossover'], 'crossover_probability': [0.75, 0.8, 0.85, 0.9], 'elitism_rate': [0.1, 0.2], 'mutation_name': ['InsertMutation', 'SwapMutation'], 'mutation_probability': [0.01, 0.05, 0.1], 'selection_type': ['binary_tournament', 'roulette_wheel'], 'vehicle_construction': ['random', 'bellman_split']}",COMPLETE
246,27735.82,2026-06-03 04:10:35.118439,2026-06-03 04:11:44.401051,0 days 00:01:09.282612,PMXCrossover,0.80,0.10,InsertMutation,0.01,roulette_wheel,bellman_split,246,"{'crossover_name': ['PMXCrossover', 'CXCrossover', 'OXCrossover'], 'crossover_probability': [0.75, 0.8, 0.85, 0.9], 'elitism_rate': [0.1, 0.2], 'mutation_name': ['InsertMutation', 'SwapMutation'], 'mutation_probability': [0.01, 0.05, 0.1], 'selection_type': ['binary_tournament', 'roulette_wheel'], 'vehicle_construction': ['random', 'bellman_split']}",COMPLETE
247,30532.85,2026-06-03 04:11:44.401346,2026-06-03 04:12:49.699230,0 days 00:01:05.297884,CXCrossover,0.75,0.20,InsertMutation,0.01,roulette_wheel,bellman_split,247,"{'crossover_name': ['PMXCrossover', 'CXCrossover', 'OXCrossover'], 'crossover_probability': [0.75, 0.8, 0.85, 0.9], 'elitism_rate': [0.1, 0.2], 'mutation_name': ['InsertMutation', 'SwapMutation'], 'mutation_probability': [0.01, 0.05, 0.1], 'selection_type': ['binary_tournament', 'roulette_wheel'], 'vehicle_construction': ['random', 'bellman_split']}",COMPLETE
248,25390.75,2026-06-03 04:12:49.699556,2026-06-03 04:13:01.049120,0 days 00:00:11.349564,OXCrossover,0.90,0.20,InsertMutation,0.05,binary_tournament,random,248,"{'crossover_name': ['PMXCrossover', 'CXCrossover', 'OXCrossover'], 'crossover_probability': [0.75, 0.8, 0.85, 0.9], 'elitism_rate': [0.1, 0.2], 'mutation_name': ['InsertMutation', 'SwapMutation'], 'mutation_probability': [0.01, 0.05, 0.1], 'selection_type': ['binary_tournament', 'roulette_wheel'], 'vehicle_construction': ['random', 'bellman_split']}",COMPLETE
249,29054.07,2026-06-03 04:13:01.049422,2026-06-03 04:13:33.437857,0 days 00:00:32.388435,CXCrossover,0.80,0.20,SwapMutation,0.01,roulette_wheel,random,249,"{'crossover_name': ['PMXCrossover', 'CXCrossover', 'OXCrossover'], 'crossover_probability': [0.75, 0.8, 0.85, 0.9], 'elitism_rate': [0.1, 0.2], 'mutation_name': ['InsertMutation', 'SwapMutation'], 'mutation_probability': [0.01, 0.05, 0.1], 'selection_type': ['binary_tournament', 'roulette_wheel'], 'vehicle_construction': ['random', 'bellman_split']}",COMPLETE
250,27687.98,2026-06-03 04:13:33.438133,2026-06-03 04:13:39.411951,0 days 00:00:05.973818,PMXCrossover,0.80,0.10,InsertMutation,0.05,binary_tournament,random,250,"{'crossover_name': ['PMXCrossover', 'CXCrossover', 'OXCrossover'], 'crossover_probability': [0.75, 0.8, 0.85, 0.9], 'elitism_rate': [0.1, 0.2], 'mutation_name': ['InsertMutation', 'SwapMutation'], 'mutation_probability': [0.01, 0.05, 0.1], 'selection_type': ['binary_tournament', 'roulette_wheel'], 'vehicle_construction': ['random', 'bellman_split']}",COMPLETE
251,28200.27,2026-06-03 04:13:39.412249,2026-06-03 04:14:09.967048,0 days 00:00:30.554799,PMXCrossover,0.80,0.20,InsertMutation,0.01,roulette_wheel,random,251,"{'crossover_name': ['PMXCrossover', 'CXCrossover', 'OXCrossover'], 'crossover_probability': [0.75, 0.8, 0.85, 0.9], 'elitism_rate': [0.1, 0.2], 'mutation_name': ['InsertMutation', 'SwapMutation'], 'mutation_probability': [0.01, 0.05, 0.1], 'selection_type': ['binary_tournament', 'roulette_wheel'], 'vehicle_construction': ['random', 'bellman_split']}",COMPLETE
252,25976.53,2026-06-03 04:14:09.967373,2026-06-03 04:14:40.458172,0 days 00:00:30.490799,PMXCrossover,0.75,0.20,InsertMutation,0.01,roulette_wheel,random,252,"{'crossover_name': ['PMXCrossover', 'CXCrossover', 'OXCrossover'], 'crossover_probability': [0.75, 0.8, 0.85, 0.9], 'elitism_rate': [0.1, 0.2], 'mutation_name': ['InsertMutation', 'SwapMutation'], 'mutation_probability': [0.01, 0.05, 0.1], 'selection_type': ['binary_tournament', 'roulette_wheel'], 'vehicle_construction': ['random', 'bellman_split']}",COMPLETE
253,26092.11,2026-06-03 04:14:40.458492,2026-06-03 04:15:25.417380,0 days 00:00:44.958888,PMXCrossover,0.90,0.20,InsertMutation,0.05,binary_tournament,bellman_split,253,"{'crossover_name': ['PMXCrossover', 'CXCrossover', 'OXCrossover'], 'crossover_probability': [0.75, 0.8, 0.85, 0.9], 'elitism_rate': [0.1, 0.2], 'mutation_name': ['InsertMutation', 'SwapMutation'], 'mutation_probability': [0.01, 0.05, 0.1], 'selection_type': ['binary_tournament', 'roulette_wheel'], 'vehicle_construction': ['random', 'bellman_split']}",COMPLETE
254,26129.77,2026-06-03 04:15:25.417701,2026-06-03 04:15:32.811147,0 days 00:00:07.393446,PMXCrossover,0.80,0.20,SwapMutation,0.10,binary_tournament,random,254,"{'crossover_name': ['PMXCrossover', 'CXCrossover', 'OXCrossover'], 'crossover_probability': [0.75, 0.8, 0.85, 0.9], 'elitism_rate': [0.1, 0.2], 'mutation_name': ['InsertMutation', 'SwapMutation'], 'mutation_probability': [0.01, 0.05, 0.1], 'selection_type': ['binary_tournament', 'roulette_wheel'], 'vehicle_construction': ['random', 'bellman_split']}",COMPLETE
255,25437.61,2026-06-03 04:15:32.811447,2026-06-03 04:16:48.191660,0 days 00:01:15.380213,PMXCrossover,0.90,0.10,SwapMutation,0.10,roulette_wheel,bellman_split,255,"{'crossover_name': ['PMXCrossover', 'CXCrossover', 'OXCrossover'], 'crossover_probability': [0.75, 0.8, 0.85, 0.9], 'elitism_rate': [0.1, 0.2], 'mutation_name': ['InsertMutation', 'SwapMutation'], 'mutation_probability': [0.01, 0.05, 0.1], 'selection_type': ['binary_tournament', 'roulette_wheel'], 'vehicle_construction': ['random', 'bellman_split']}",COMPLETE
256,26410.28,2026-06-03 04:16:48.191978,2026-06-03 04:16:54.256767,0 days 00:00:06.064789,PMXCrossover,0.75,0.10,InsertMutation,0.05,binary_tournament,random,256,"{'crossover_name': ['PMXCrossover', 'CXCrossover', 'OXCrossover'], 'crossover_probability': [0.75, 0.8, 0.85, 0.9], 'elitism_rate': [0.1, 0.2], 'mutation_name': ['InsertMutation', 'SwapMutation'], 'mutation_probability': [0.01, 0.05, 0.1], 'selection_type': ['binary_tournament', 'roulette_wheel'], 'vehicle_construction': ['random', 'bellman_split']}",COMPLETE
257,25790.01,2026-06-03 04:16:54.257125,2026-06-03 04:17:31.016022,0 days 00:00:36.758897,OXCrossover,0.90,0.20,InsertMutation,0.01,roulette_wheel,random,257,"{'crossover_name': ['PMXCrossover', 'CXCrossover', 'OXCrossover'], 'crossover_probability': [0.75, 0.8, 0.85, 0.9], 'elitism_rate': [0.1, 0.2], 'mutation_name': ['InsertMutation', 'SwapMutation'], 'mutation_probability': [0.01, 0.05, 0.1], 'selection_type': ['binary_tournament', 'roulette_wheel'], 'vehicle_construction': ['random', 'bellman_split']}",COMPLETE
258,25463.13,2026-06-03 04:17:31.016317,2026-06-03 04:17:41.511613,0 days 00:00:10.495296,OXCrossover,0.75,0.10,InsertMutation,0.10,binary_tournament,random,258,"{'crossover_name': ['PMXCrossover', 'CXCrossover', 'OXCrossover'], 'crossover_probability': [0.75, 0.8, 0.85, 0.9], 'elitism_rate': [0.1, 0.2], 'mutation_name': ['InsertMutation', 'SwapMutation'], 'mutation_probability': [0.01, 0.05, 0.1], 'selection_type': ['binary_tournament', 'roulette_wheel'], 'vehicle_construction': ['random', 'bellman_split']}",COMPLETE
259,26349.41,2026-06-03 04:17:41.511933,2026-06-03 04:18:20.967807,0 days 00:00:39.455874,OXCrossover,0.80,0.10,SwapMutation,0.01,roulette_wheel,random,259,"{'crossover_name': ['PMXCrossover', 'CXCrossover', 'OXCrossover'], 'crossover_probability': [0.75, 0.8, 0.85, 0.9], 'elitism_rate': [0.1, 0.2], 'mutation_name': ['InsertMutation', 'SwapMutation'], 'mutation_probability': [0.01, 0.05, 0.1], 'selection_type': ['binary_tournament', 'roulette_wheel'], 'vehicle_construction': ['random', 'bellman_split']}",COMPLETE
260,26168.16,2026-06-03 04:18:20.968129,2026-06-03 04:19:00.550163,0 days 00:00:39.582034,OXCrossover,0.85,0.10,InsertMutation,0.01,roulette_wheel,random,260,"{'crossover_name': ['PMXCrossover', 'CXCrossover', 'OXCrossover'], 'crossover_probability': [0.75, 0.8, 0.85, 0.9], 'elitism_rate': [0.1, 0.2], 'mutation_name': ['InsertMutation', 'SwapMutation'], 'mutation_probability': [0.01, 0.05, 0.1], 'selection_type': ['binary_tournament', 'roulette_wheel'], 'vehicle_construction': ['random', 'bellman_split']}",COMPLETE
261,25943.97,2026-06-03 04:19:00.550458,2026-06-03 04:19:38.979322,0 days 00:00:38.428864,PMXCrossover,0.75,0.10,InsertMutation,0.05,binary_tournament,bellman_split,261,"{'crossover_name': ['PMXCrossover', 'CXCrossover', 'OXCrossover'], 'crossover_probability': [0.75, 0.8, 0.85, 0.9], 'elitism_rate': [0.1, 0.2], 'mutation_name': ['InsertMutation', 'SwapMutation'], 'mutation_probability': [0.01, 0.05, 0.1], 'selection_type': ['binary_tournament', 'roulette_wheel'], 'vehicle_construction': ['random', 'bellman_split']}",COMPLETE
262,26800.35,2026-06-03 04:19:38.979635,2026-06-03 04:20:23.362983,0 days 00:00:44.383348,PMXCrossover,0.85,0.20,SwapMutation,0.10,binary_tournament,bellman_split,262,"{'crossover_name': ['PMXCrossover', 'CXCrossover', 'OXCrossover'], 'crossover_probability': [0.75, 0.8, 0.85, 0.9], 'elitism_rate': [0.1, 0.2], 'mutation_name': ['InsertMutation', 'SwapMutation'], 'mutation_probability': [0.01, 0.05, 0.1], 'selection_type': ['binary_tournament', 'roulette_wheel'], 'vehicle_construction': ['random', 'bellman_split']}",COMPLETE
263,30347.97,2026-06-03 04:20:23.363324,2026-06-03 04:20:33.475679,0 days 00:00:10.112355,CXCrossover,0.90,0.10,InsertMutation,0.05,binary_tournament,random,263,"{'crossover_name': ['PMXCrossover', 'CXCrossover', 'OXCrossover'], 'crossover_probability': [0.75, 0.8, 0.85, 0.9], 'elitism_rate': [0.1, 0.2], 'mutation_name': ['InsertMutation', 'SwapMutation'], 'mutation_probability': [0.01, 0.05, 0.1], 'selection_type': ['binary_tournament', 'roulette_wheel'], 'vehicle_construction': ['random', 'bellman_split']}",COMPLETE
264,25762.79,2026-06-03 04:20:33.476042,2026-06-03 04:21:44.549251,0 days 00:01:11.073209,PMXCrossover,0.85,0.20,SwapMutation,0.01,roulette_wheel,bellman_split,264,"{'crossover_name': ['PMXCrossover', 'CXCrossover', 'OXCrossover'], 'crossover_probability': [0.75, 0.8, 0.85, 0.9], 'elitism_rate': [0.1, 0.2], 'mutation_name': ['InsertMutation', 'SwapMutation'], 'mutation_probability': [0.01, 0.05, 0.1], 'selection_type': ['binary_tournament', 'roulette_wheel'], 'vehicle_construction': ['random', 'bellman_split']}",COMPLETE
265,23805.95,2026-06-03 04:21:44.549569,2026-06-03 04:22:27.670836,0 days 00:00:43.121267,OXCrossover,0.80,0.10,InsertMutation,0.05,binary_tournament,bellman_split,265,"{'crossover_name': ['PMXCrossover', 'CXCrossover', 'OXCrossover'], 'crossover_probability': [0.75, 0.8, 0.85, 0.9], 'elitism_rate': [0.1, 0.2], 'mutation_name': ['InsertMutation', 'SwapMutation'], 'mutation_probability': [0.01, 0.05, 0.1], 'selection_type': ['binary_tournament', 'roulette_wheel'], 'vehicle_construction': ['random', 'bellman_split']}",COMPLETE
266,25790.60,2026-06-03 04:22:27.671163,2026-06-03 04:22:39.501401,0 days 00:00:11.830238,OXCrossover,0.80,0.20,SwapMutation,0.10,binary_tournament,random,266,"{'crossover_name': ['PMXCrossover', 'CXCrossover', 'OXCrossover'], 'crossover_probability': [0.75, 0.8, 0.85, 0.9], 'elitism_rate': [0.1, 0.2], 'mutation_name': ['InsertMutation', 'SwapMutation'], 'mutation_probability': [0.01, 0.05, 0.1], 'selection_type': ['binary_tournament', 'roulette_wheel'], 'vehicle_construction': ['random', 'bellman_split']}",COMPLETE
267,27200.09,2026-06-03 04:22:39.501701,2026-06-03 04:23:15.787637,0 days 00:00:36.285936,PMXCrossover,0.75,0.10,SwapMutation,0.10,roulette_wheel,random,267,"{'crossover_name': ['PMXCrossover', 'CXCrossover', 'OXCrossover'], 'crossover_probability': [0.75, 0.8, 0.85, 0.9], 'elitism_rate': [0.1, 0.2], 'mutation_name': ['InsertMutation', 'SwapMutation'], 'mutation_probability': [0.01, 0.05, 0.1], 'selection_type': ['binary_tournament', 'roulette_wheel'], 'vehicle_construction': ['random', 'bellman_split']}",COMPLETE
268,31070.82,2026-06-03 04:23:15.787956,2026-06-03 04:23:23.539112,0 days 00:00:07.751156,CXCrossover,0.75,0.20,InsertMutation,0.05,binary_tournament,random,268,"{'crossover_name': ['PMXCrossover', 'CXCrossover', 'OXCrossover'], 'crossover_probability': [0.75, 0.8, 0.85, 0.9], 'elitism_rate': [0.1, 0.2], 'mutation_name': ['InsertMutation', 'SwapMutation'], 'mutation_probability': [0.01, 0.05, 0.1], 'selection_type': ['binary_tournament', 'roulette_wheel'], 'vehicle_construction': ['random', 'bellman_split']}",COMPLETE
269,25566.80,2026-06-03 04:23:23.539440,2026-06-03 04:23:36.132422,0 days 00:00:12.592982,OXCrossover,0.85,0.20,SwapMutation,0.10,binary_tournament,random,269,"{'crossover_name': ['PMXCrossover', 'CXCrossover', 'OXCrossover'], 'crossover_probability': [0.75, 0.8, 0.85, 0.9], 'elitism_rate': [0.1, 0.2], 'mutation_name': ['InsertMutation', 'SwapMutation'], 'mutation_probability': [0.01, 0.05, 0.1], 'selection_type': ['binary_tournament', 'roulette_wheel'], 'vehicle_construction': ['random', 'bellman_split']}",COMPLETE
270,28322.33,2026-06-03 04:23:36.132756,2026-06-03 04:23:41.848293,0 days 00:00:05.715537,PMXCrossover,0.85,0.20,InsertMutation,0.01,binary_tournament,random,270,"{'crossover_name': ['PMXCrossover', 'CXCrossover', 'OXCrossover'], 'crossover_probability': [0.75, 0.8, 0.85, 0.9], 'elitism_rate': [0.1, 0.2], 'mutation_name': ['InsertMutation', 'SwapMutation'], 'mutation_probability': [0.01, 0.05, 0.1], 'selection_type': ['binary_tournament', 'roulette_wheel'], 'vehicle_construction': ['random', 'bellman_split']}",COMPLETE
271,25143.46,2026-06-03 04:23:41.848588,2026-06-03 04:24:21.285318,0 days 00:00:39.436730,PMXCrossover,0.80,0.20,InsertMutation,0.10,binary_tournament,bellman_split,271,"{'crossover_name': ['PMXCrossover', 'CXCrossover', 'OXCrossover'], 'crossover_probability': [0.75, 0.8, 0.85, 0.9], 'elitism_rate': [0.1, 0.2], 'mutation_name': ['InsertMutation', 'SwapMutation'], 'mutation_probability': [0.01, 0.05, 0.1], 'selection_type': ['binary_tournament', 'roulette_wheel'], 'vehicle_construction': ['random', 'bellman_split']}",COMPLETE
272,25519.25,2026-06-03 04:24:21.285637,2026-06-03 04:24:31.508445,0 days 00:00:10.222808,OXCrossover,0.75,0.10,SwapMutation,0.05,binary_tournament,random,272,"{'crossover_name': ['PMXCrossover', 'CXCrossover', 'OXCrossover'], 'crossover_probability': [0.75, 0.8, 0.85, 0.9], 'elitism_rate': [0.1, 0.2], 'mutation_name': ['InsertMutation', 'SwapMutation'], 'mutation_probability': [0.01, 0.05, 0.1], 'selection_type': ['binary_tournament', 'roulette_wheel'], 'vehicle_construction': ['random', 'bellman_split']}",COMPLETE
273,24500.56,2026-06-03 04:24:31.508743,2026-06-03 04:25:49.317219,0 days 00:01:17.808476,OXCrossover,0.90,0.20,SwapMutation,0.05,roulette_wheel,bellman_split,273,"{'crossover_name': ['PMXCrossover', 'CXCrossover', 'OXCrossover'], 'crossover_probability': [0.75, 0.8, 0.85, 0.9], 'elitism_rate': [0.1, 0.2], 'mutation_name': ['InsertMutation', 'SwapMutation'], 'mutation_probability': [0.01, 0.05, 0.1], 'selection_type': ['binary_tournament', 'roulette_wheel'], 'vehicle_construction': ['random', 'bellman_split']}",COMPLETE
274,24294.74,2026-06-03 04:25:49.317513,2026-06-03 04:26:39.654825,0 days 00:00:50.337312,OXCrossover,0.90,0.20,InsertMutation,0.10,binary_tournament,bellman_split,274,"{'crossover_name': ['PMXCrossover', 'CXCrossover', 'OXCrossover'], 'crossover_probability': [0.75, 0.8, 0.85, 0.9], 'elitism_rate': [0.1, 0.2], 'mutation_name': ['InsertMutation', 'SwapMutation'], 'mutation_probability': [0.01, 0.05, 0.1], 'selection_type': ['binary_tournament', 'roulette_wheel'], 'vehicle_construction': ['random', 'bellman_split']}",COMPLETE
275,24539.91,2026-06-03 04:26:39.655229,2026-06-03 04:27:56.035618,0 days 00:01:16.380389,OXCrossover,0.90,0.20,InsertMutation,0.01,roulette_wheel,bellman_split,275,"{'crossover_name': ['PMXCrossover', 'CXCrossover', 'OXCrossover'], 'crossover_probability': [0.75, 0.8, 0.85, 0.9], 'elitism_rate': [0.1, 0.2], 'mutation_name': ['InsertMutation', 'SwapMutation'], 'mutation_probability': [0.01, 0.05, 0.1], 'selection_type': ['binary_tournament', 'roulette_wheel'], 'vehicle_construction': ['random', 'bellman_split']}",COMPLETE
276,26649.79,2026-06-03 04:27:56.036247,2026-06-03 04:28:03.127584,0 days 00:00:07.091337,PMXCrossover,0.90,0.10,SwapMutation,0.05,binary_tournament,random,276,"{'crossover_name': ['PMXCrossover', 'CXCrossover', 'OXCrossover'], 'crossover_probability': [0.75, 0.8, 0.85, 0.9], 'elitism_rate': [0.1, 0.2], 'mutation_name': ['InsertMutation', 'SwapMutation'], 'mutation_probability': [0.01, 0.05, 0.1], 'selection_type': ['binary_tournament', 'roulette_wheel'], 'vehicle_construction': ['random', 'bellman_split']}",COMPLETE
277,23858.67,2026-06-03 04:28:03.127908,2026-06-03 04:28:14.187623,0 days 00:00:11.059715,OXCrossover,0.90,0.20,SwapMutation,0.01,binary_tournament,random,277,"{'crossover_name': ['PMXCrossover', 'CXCrossover', 'OXCrossover'], 'crossover_probability': [0.75, 0.8, 0.85, 0.9], 'elitism_rate': [0.1, 0.2], 'mutation_name': ['InsertMutation', 'SwapMutation'], 'mutation_probability': [0.01, 0.05, 0.1], 'selection_type': ['binary_tournament', 'roulette_wheel'], 'vehicle_construction': ['random', 'bellman_split']}",COMPLETE
278,28316.18,2026-06-03 04:28:14.187905,2026-06-03 04:28:54.192714,0 days 00:00:40.004809,CXCrossover,0.75,0.20,SwapMutation,0.10,roulette_wheel,random,278,"{'crossover_name': ['PMXCrossover', 'CXCrossover', 'OXCrossover'], 'crossover_probability': [0.75, 0.8, 0.85, 0.9], 'elitism_rate': [0.1, 0.2], 'mutation_name': ['InsertMutation', 'SwapMutation'], 'mutation_probability': [0.01, 0.05, 0.1], 'selection_type': ['binary_tournament', 'roulette_wheel'], 'vehicle_construction': ['random', 'bellman_split']}",COMPLETE
279,29611.90,2026-06-03 04:28:54.193259,2026-06-03 04:29:37.565932,0 days 00:00:43.372673,CXCrossover,0.90,0.10,SwapMutation,0.01,roulette_wheel,random,279,"{'crossover_name': ['PMXCrossover', 'CXCrossover', 'OXCrossover'], 'crossover_probability': [0.75, 0.8, 0.85, 0.9], 'elitism_rate': [0.1, 0.2], 'mutation_name': ['InsertMutation', 'SwapMutation'], 'mutation_probability': [0.01, 0.05, 0.1], 'selection_type': ['binary_tournament', 'roulette_wheel'], 'vehicle_construction': ['random', 'bellman_split']}",COMPLETE
280,27214.87,2026-06-03 04:29:37.566281,2026-06-03 04:30:22.344275,0 days 00:00:44.777994,OXCrossover,0.75,0.10,SwapMutation,0.05,roulette_wheel,random,280,"{'crossover_name': ['PMXCrossover', 'CXCrossover', 'OXCrossover'], 'crossover_probability': [0.75, 0.8, 0.85, 0.9], 'elitism_rate': [0.1, 0.2], 'mutation_name': ['InsertMutation', 'SwapMutation'], 'mutation_probability': [0.01, 0.05, 0.1], 'selection_type': ['binary_tournament', 'roulette_wheel'], 'vehicle_construction': ['random', 'bellman_split']}",COMPLETE
281,28252.40,2026-06-03 04:30:22.344618,2026-06-03 04:31:48.763106,0 days 00:01:26.418488,CXCrossover,0.75,0.10,InsertMutation,0.01,roulette_wheel,bellman_split,281,"{'crossover_name': ['PMXCrossover', 'CXCrossover', 'OXCrossover'], 'crossover_probability': [0.75, 0.8, 0.85, 0.9], 'elitism_rate': [0.1, 0.2], 'mutation_name': ['InsertMutation', 'SwapMutation'], 'mutation_probability': [0.01, 0.05, 0.1], 'selection_type': ['binary_tournament', 'roulette_wheel'], 'vehicle_construction': ['random', 'bellman_split']}",COMPLETE
282,25031.62,2026-06-03 04:31:48.763529,2026-06-03 04:33:21.921162,0 days 00:01:33.157633,PMXCrossover,0.90,0.20,SwapMutation,0.10,roulette_wheel,bellman_split,282,"{'crossover_name': ['PMXCrossover', 'CXCrossover', 'OXCrossover'], 'crossover_probability': [0.75, 0.8, 0.85, 0.9], 'elitism_rate': [0.1, 0.2], 'mutation_name': ['InsertMutation', 'SwapMutation'], 'mutation_probability': [0.01, 0.05, 0.1], 'selection_type': ['binary_tournament', 'roulette_wheel'], 'vehicle_construction': ['random', 'bellman_split']}",COMPLETE
283,27251.45,2026-06-03 04:33:21.921479,2026-06-03 04:33:30.749957,0 days 00:00:08.828478,PMXCrossover,0.85,0.10,SwapMutation,0.10,binary_tournament,random,283,"{'crossover_name': ['PMXCrossover', 'CXCrossover', 'OXCrossover'], 'crossover_probability': [0.75, 0.8, 0.85, 0.9], 'elitism_rate': [0.1, 0.2], 'mutation_name': ['InsertMutation', 'SwapMutation'], 'mutation_probability': [0.01, 0.05, 0.1], 'selection_type': ['binary_tournament', 'roulette_wheel'], 'vehicle_construction': ['random', 'bellman_split']}",COMPLETE
284,26942.57,2026-06-03 04:33:30.750305,2026-06-03 04:34:15.766917,0 days 00:00:45.016612,CXCrossover,0.90,0.20,SwapMutation,0.10,roulette_wheel,random,284,"{'crossover_name': ['PMXCrossover', 'CXCrossover', 'OXCrossover'], 'crossover_probability': [0.75, 0.8, 0.85, 0.9], 'elitism_rate': [0.1, 0.2], 'mutation_name': ['InsertMutation', 'SwapMutation'], 'mutation_probability': [0.01, 0.05, 0.1], 'selection_type': ['binary_tournament', 'roulette_wheel'], 'vehicle_construction': ['random', 'bellman_split']}",COMPLETE
285,27186.15,2026-06-03 04:34:15.767274,2026-06-03 04:34:56.967164,0 days 00:00:41.199890,OXCrossover,0.85,0.10,InsertMutation,0.10,roulette_wheel,random,285,"{'crossover_name': ['PMXCrossover', 'CXCrossover', 'OXCrossover'], 'crossover_probability': [0.75, 0.8, 0.85, 0.9], 'elitism_rate': [0.1, 0.2], 'mutation_name': ['InsertMutation', 'SwapMutation'], 'mutation_probability': [0.01, 0.05, 0.1], 'selection_type': ['binary_tournament', 'roulette_wheel'], 'vehicle_construction': ['random', 'bellman_split']}",COMPLETE
