number,value,datetime_start,datetime_complete,duration,params_crossover_name,params_crossover_probability,params_elitism_rate,params_mutation_name,params_mutation_probability,params_selection_type,params_vehicle_construction,system_attrs_grid_id,system_attrs_search_space,state
205,4013.83,2026-06-02 23:34:41.047911,2026-06-02 23:34:44.890185,0 days 00:00:03.842274,PMXCrossover,0.75,0.10,InsertMutation,0.10,binary_tournament,random,205,"{'crossover_name': ['PMXCrossover', 'CXCrossover', 'OXCrossover'], 'crossover_probability': [0.75, 0.8, 0.85, 0.9], 'elitism_rate': [0.1, 0.2], 'mutation_name': ['InsertMutation', 'SwapMutation'], 'mutation_probability': [0.01, 0.05, 0.1], 'selection_type': ['binary_tournament', 'roulette_wheel'], 'vehicle_construction': ['random', 'bellman_split']}",COMPLETE
206,3452.97,2026-06-02 23:34:44.890494,2026-06-02 23:34:49.798051,0 days 00:00:04.907557,OXCrossover,0.90,0.20,SwapMutation,0.05,binary_tournament,random,206,"{'crossover_name': ['PMXCrossover', 'CXCrossover', 'OXCrossover'], 'crossover_probability': [0.75, 0.8, 0.85, 0.9], 'elitism_rate': [0.1, 0.2], 'mutation_name': ['InsertMutation', 'SwapMutation'], 'mutation_probability': [0.01, 0.05, 0.1], 'selection_type': ['binary_tournament', 'roulette_wheel'], 'vehicle_construction': ['random', 'bellman_split']}",COMPLETE
207,3618.26,2026-06-02 23:34:49.798516,2026-06-02 23:35:23.858942,0 days 00:00:34.060426,OXCrossover,0.75,0.10,InsertMutation,0.05,roulette_wheel,bellman_split,207,"{'crossover_name': ['PMXCrossover', 'CXCrossover', 'OXCrossover'], 'crossover_probability': [0.75, 0.8, 0.85, 0.9], 'elitism_rate': [0.1, 0.2], 'mutation_name': ['InsertMutation', 'SwapMutation'], 'mutation_probability': [0.01, 0.05, 0.1], 'selection_type': ['binary_tournament', 'roulette_wheel'], 'vehicle_construction': ['random', 'bellman_split']}",COMPLETE
208,5088.55,2026-06-02 23:35:23.859266,2026-06-02 23:35:27.856356,0 days 00:00:03.997090,CXCrossover,0.75,0.10,SwapMutation,0.05,binary_tournament,random,208,"{'crossover_name': ['PMXCrossover', 'CXCrossover', 'OXCrossover'], 'crossover_probability': [0.75, 0.8, 0.85, 0.9], 'elitism_rate': [0.1, 0.2], 'mutation_name': ['InsertMutation', 'SwapMutation'], 'mutation_probability': [0.01, 0.05, 0.1], 'selection_type': ['binary_tournament', 'roulette_wheel'], 'vehicle_construction': ['random', 'bellman_split']}",COMPLETE
209,5348.39,2026-06-02 23:35:27.856654,2026-06-02 23:35:31.598471,0 days 00:00:03.741817,CXCrossover,0.80,0.20,InsertMutation,0.01,binary_tournament,random,209,"{'crossover_name': ['PMXCrossover', 'CXCrossover', 'OXCrossover'], 'crossover_probability': [0.75, 0.8, 0.85, 0.9], 'elitism_rate': [0.1, 0.2], 'mutation_name': ['InsertMutation', 'SwapMutation'], 'mutation_probability': [0.01, 0.05, 0.1], 'selection_type': ['binary_tournament', 'roulette_wheel'], 'vehicle_construction': ['random', 'bellman_split']}",COMPLETE
210,3271.57,2026-06-02 23:35:31.598795,2026-06-02 23:35:47.465660,0 days 00:00:15.866865,OXCrossover,0.85,0.10,InsertMutation,0.10,binary_tournament,bellman_split,210,"{'crossover_name': ['PMXCrossover', 'CXCrossover', 'OXCrossover'], 'crossover_probability': [0.75, 0.8, 0.85, 0.9], 'elitism_rate': [0.1, 0.2], 'mutation_name': ['InsertMutation', 'SwapMutation'], 'mutation_probability': [0.01, 0.05, 0.1], 'selection_type': ['binary_tournament', 'roulette_wheel'], 'vehicle_construction': ['random', 'bellman_split']}",COMPLETE
211,4074.38,2026-06-02 23:35:47.465935,2026-06-02 23:36:03.747318,0 days 00:00:16.281383,CXCrossover,0.90,0.10,InsertMutation,0.10,binary_tournament,bellman_split,211,"{'crossover_name': ['PMXCrossover', 'CXCrossover', 'OXCrossover'], 'crossover_probability': [0.75, 0.8, 0.85, 0.9], 'elitism_rate': [0.1, 0.2], 'mutation_name': ['InsertMutation', 'SwapMutation'], 'mutation_probability': [0.01, 0.05, 0.1], 'selection_type': ['binary_tournament', 'roulette_wheel'], 'vehicle_construction': ['random', 'bellman_split']}",COMPLETE
212,4421.44,2026-06-02 23:36:03.747637,2026-06-02 23:36:19.600201,0 days 00:00:15.852564,CXCrossover,0.85,0.20,SwapMutation,0.10,binary_tournament,bellman_split,212,"{'crossover_name': ['PMXCrossover', 'CXCrossover', 'OXCrossover'], 'crossover_probability': [0.75, 0.8, 0.85, 0.9], 'elitism_rate': [0.1, 0.2], 'mutation_name': ['InsertMutation', 'SwapMutation'], 'mutation_probability': [0.01, 0.05, 0.1], 'selection_type': ['binary_tournament', 'roulette_wheel'], 'vehicle_construction': ['random', 'bellman_split']}",COMPLETE
213,3816.84,2026-06-02 23:36:19.600545,2026-06-02 23:36:40.626948,0 days 00:00:21.026403,PMXCrossover,0.75,0.20,SwapMutation,0.01,roulette_wheel,random,213,"{'crossover_name': ['PMXCrossover', 'CXCrossover', 'OXCrossover'], 'crossover_probability': [0.75, 0.8, 0.85, 0.9], 'elitism_rate': [0.1, 0.2], 'mutation_name': ['InsertMutation', 'SwapMutation'], 'mutation_probability': [0.01, 0.05, 0.1], 'selection_type': ['binary_tournament', 'roulette_wheel'], 'vehicle_construction': ['random', 'bellman_split']}",COMPLETE
214,4658.20,2026-06-02 23:36:40.627300,2026-06-02 23:37:01.228509,0 days 00:00:20.601209,CXCrossover,0.75,0.20,SwapMutation,0.01,roulette_wheel,random,214,"{'crossover_name': ['PMXCrossover', 'CXCrossover', 'OXCrossover'], 'crossover_probability': [0.75, 0.8, 0.85, 0.9], 'elitism_rate': [0.1, 0.2], 'mutation_name': ['InsertMutation', 'SwapMutation'], 'mutation_probability': [0.01, 0.05, 0.1], 'selection_type': ['binary_tournament', 'roulette_wheel'], 'vehicle_construction': ['random', 'bellman_split']}",COMPLETE
215,3483.69,2026-06-02 23:37:01.228819,2026-06-02 23:37:36.704307,0 days 00:00:35.475488,OXCrossover,0.75,0.10,SwapMutation,0.05,roulette_wheel,bellman_split,215,"{'crossover_name': ['PMXCrossover', 'CXCrossover', 'OXCrossover'], 'crossover_probability': [0.75, 0.8, 0.85, 0.9], 'elitism_rate': [0.1, 0.2], 'mutation_name': ['InsertMutation', 'SwapMutation'], 'mutation_probability': [0.01, 0.05, 0.1], 'selection_type': ['binary_tournament', 'roulette_wheel'], 'vehicle_construction': ['random', 'bellman_split']}",COMPLETE
216,4591.50,2026-06-02 23:37:36.704627,2026-06-02 23:37:40.817913,0 days 00:00:04.113286,CXCrossover,0.80,0.20,InsertMutation,0.10,binary_tournament,random,216,"{'crossover_name': ['PMXCrossover', 'CXCrossover', 'OXCrossover'], 'crossover_probability': [0.75, 0.8, 0.85, 0.9], 'elitism_rate': [0.1, 0.2], 'mutation_name': ['InsertMutation', 'SwapMutation'], 'mutation_probability': [0.01, 0.05, 0.1], 'selection_type': ['binary_tournament', 'roulette_wheel'], 'vehicle_construction': ['random', 'bellman_split']}",COMPLETE
217,4444.45,2026-06-02 23:37:40.818233,2026-06-02 23:38:03.424512,0 days 00:00:22.606279,CXCrossover,0.85,0.10,SwapMutation,0.05,roulette_wheel,random,217,"{'crossover_name': ['PMXCrossover', 'CXCrossover', 'OXCrossover'], 'crossover_probability': [0.75, 0.8, 0.85, 0.9], 'elitism_rate': [0.1, 0.2], 'mutation_name': ['InsertMutation', 'SwapMutation'], 'mutation_probability': [0.01, 0.05, 0.1], 'selection_type': ['binary_tournament', 'roulette_wheel'], 'vehicle_construction': ['random', 'bellman_split']}",COMPLETE
218,4227.34,2026-06-02 23:38:03.424857,2026-06-02 23:38:18.431027,0 days 00:00:15.006170,CXCrossover,0.85,0.10,InsertMutation,0.05,binary_tournament,bellman_split,218,"{'crossover_name': ['PMXCrossover', 'CXCrossover', 'OXCrossover'], 'crossover_probability': [0.75, 0.8, 0.85, 0.9], 'elitism_rate': [0.1, 0.2], 'mutation_name': ['InsertMutation', 'SwapMutation'], 'mutation_probability': [0.01, 0.05, 0.1], 'selection_type': ['binary_tournament', 'roulette_wheel'], 'vehicle_construction': ['random', 'bellman_split']}",COMPLETE
219,4564.64,2026-06-02 23:38:18.431329,2026-06-02 23:38:22.775638,0 days 00:00:04.344309,CXCrossover,0.90,0.10,InsertMutation,0.10,binary_tournament,random,219,"{'crossover_name': ['PMXCrossover', 'CXCrossover', 'OXCrossover'], 'crossover_probability': [0.75, 0.8, 0.85, 0.9], 'elitism_rate': [0.1, 0.2], 'mutation_name': ['InsertMutation', 'SwapMutation'], 'mutation_probability': [0.01, 0.05, 0.1], 'selection_type': ['binary_tournament', 'roulette_wheel'], 'vehicle_construction': ['random', 'bellman_split']}",COMPLETE
220,3562.17,2026-06-02 23:38:22.775961,2026-06-02 23:38:57.955846,0 days 00:00:35.179885,OXCrossover,0.90,0.20,SwapMutation,0.10,roulette_wheel,bellman_split,220,"{'crossover_name': ['PMXCrossover', 'CXCrossover', 'OXCrossover'], 'crossover_probability': [0.75, 0.8, 0.85, 0.9], 'elitism_rate': [0.1, 0.2], 'mutation_name': ['InsertMutation', 'SwapMutation'], 'mutation_probability': [0.01, 0.05, 0.1], 'selection_type': ['binary_tournament', 'roulette_wheel'], 'vehicle_construction': ['random', 'bellman_split']}",COMPLETE
221,3520.74,2026-06-02 23:38:57.956155,2026-06-02 23:39:02.240714,0 days 00:00:04.284559,OXCrossover,0.75,0.20,SwapMutation,0.05,binary_tournament,random,221,"{'crossover_name': ['PMXCrossover', 'CXCrossover', 'OXCrossover'], 'crossover_probability': [0.75, 0.8, 0.85, 0.9], 'elitism_rate': [0.1, 0.2], 'mutation_name': ['InsertMutation', 'SwapMutation'], 'mutation_probability': [0.01, 0.05, 0.1], 'selection_type': ['binary_tournament', 'roulette_wheel'], 'vehicle_construction': ['random', 'bellman_split']}",COMPLETE
222,4088.23,2026-06-02 23:39:02.241203,2026-06-02 23:39:36.849578,0 days 00:00:34.608375,PMXCrossover,0.90,0.10,SwapMutation,0.05,roulette_wheel,bellman_split,222,"{'crossover_name': ['PMXCrossover', 'CXCrossover', 'OXCrossover'], 'crossover_probability': [0.75, 0.8, 0.85, 0.9], 'elitism_rate': [0.1, 0.2], 'mutation_name': ['InsertMutation', 'SwapMutation'], 'mutation_probability': [0.01, 0.05, 0.1], 'selection_type': ['binary_tournament', 'roulette_wheel'], 'vehicle_construction': ['random', 'bellman_split']}",COMPLETE
223,3975.27,2026-06-02 23:39:36.849895,2026-06-02 23:39:40.145270,0 days 00:00:03.295375,PMXCrossover,0.85,0.20,InsertMutation,0.05,binary_tournament,random,223,"{'crossover_name': ['PMXCrossover', 'CXCrossover', 'OXCrossover'], 'crossover_probability': [0.75, 0.8, 0.85, 0.9], 'elitism_rate': [0.1, 0.2], 'mutation_name': ['InsertMutation', 'SwapMutation'], 'mutation_probability': [0.01, 0.05, 0.1], 'selection_type': ['binary_tournament', 'roulette_wheel'], 'vehicle_construction': ['random', 'bellman_split']}",COMPLETE
224,3925.65,2026-06-02 23:39:40.145802,2026-06-02 23:40:02.878625,0 days 00:00:22.732823,PMXCrossover,0.90,0.10,InsertMutation,0.10,roulette_wheel,random,224,"{'crossover_name': ['PMXCrossover', 'CXCrossover', 'OXCrossover'], 'crossover_probability': [0.75, 0.8, 0.85, 0.9], 'elitism_rate': [0.1, 0.2], 'mutation_name': ['InsertMutation', 'SwapMutation'], 'mutation_probability': [0.01, 0.05, 0.1], 'selection_type': ['binary_tournament', 'roulette_wheel'], 'vehicle_construction': ['random', 'bellman_split']}",COMPLETE
225,3385.95,2026-06-02 23:40:02.878948,2026-06-02 23:40:36.418010,0 days 00:00:33.539062,OXCrossover,0.75,0.10,SwapMutation,0.01,roulette_wheel,bellman_split,225,"{'crossover_name': ['PMXCrossover', 'CXCrossover', 'OXCrossover'], 'crossover_probability': [0.75, 0.8, 0.85, 0.9], 'elitism_rate': [0.1, 0.2], 'mutation_name': ['InsertMutation', 'SwapMutation'], 'mutation_probability': [0.01, 0.05, 0.1], 'selection_type': ['binary_tournament', 'roulette_wheel'], 'vehicle_construction': ['random', 'bellman_split']}",COMPLETE
226,3720.33,2026-06-02 23:40:36.418306,2026-06-02 23:41:09.864896,0 days 00:00:33.446590,PMXCrossover,0.80,0.10,InsertMutation,0.10,roulette_wheel,bellman_split,226,"{'crossover_name': ['PMXCrossover', 'CXCrossover', 'OXCrossover'], 'crossover_probability': [0.75, 0.8, 0.85, 0.9], 'elitism_rate': [0.1, 0.2], 'mutation_name': ['InsertMutation', 'SwapMutation'], 'mutation_probability': [0.01, 0.05, 0.1], 'selection_type': ['binary_tournament', 'roulette_wheel'], 'vehicle_construction': ['random', 'bellman_split']}",COMPLETE
227,3955.91,2026-06-02 23:41:09.865216,2026-06-02 23:41:23.839259,0 days 00:00:13.974043,CXCrossover,0.80,0.20,SwapMutation,0.10,binary_tournament,bellman_split,227,"{'crossover_name': ['PMXCrossover', 'CXCrossover', 'OXCrossover'], 'crossover_probability': [0.75, 0.8, 0.85, 0.9], 'elitism_rate': [0.1, 0.2], 'mutation_name': ['InsertMutation', 'SwapMutation'], 'mutation_probability': [0.01, 0.05, 0.1], 'selection_type': ['binary_tournament', 'roulette_wheel'], 'vehicle_construction': ['random', 'bellman_split']}",COMPLETE
228,4107.82,2026-06-02 23:41:23.839550,2026-06-02 23:41:26.916699,0 days 00:00:03.077149,PMXCrossover,0.80,0.10,InsertMutation,0.01,binary_tournament,random,228,"{'crossover_name': ['PMXCrossover', 'CXCrossover', 'OXCrossover'], 'crossover_probability': [0.75, 0.8, 0.85, 0.9], 'elitism_rate': [0.1, 0.2], 'mutation_name': ['InsertMutation', 'SwapMutation'], 'mutation_probability': [0.01, 0.05, 0.1], 'selection_type': ['binary_tournament', 'roulette_wheel'], 'vehicle_construction': ['random', 'bellman_split']}",COMPLETE
229,3228.56,2026-06-02 23:41:26.916997,2026-06-02 23:41:43.261711,0 days 00:00:16.344714,OXCrossover,0.90,0.10,SwapMutation,0.01,binary_tournament,bellman_split,229,"{'crossover_name': ['PMXCrossover', 'CXCrossover', 'OXCrossover'], 'crossover_probability': [0.75, 0.8, 0.85, 0.9], 'elitism_rate': [0.1, 0.2], 'mutation_name': ['InsertMutation', 'SwapMutation'], 'mutation_probability': [0.01, 0.05, 0.1], 'selection_type': ['binary_tournament', 'roulette_wheel'], 'vehicle_construction': ['random', 'bellman_split']}",COMPLETE
230,3952.58,2026-06-02 23:41:43.262034,2026-06-02 23:42:05.732799,0 days 00:00:22.470765,OXCrossover,0.90,0.20,SwapMutation,0.05,roulette_wheel,random,230,"{'crossover_name': ['PMXCrossover', 'CXCrossover', 'OXCrossover'], 'crossover_probability': [0.75, 0.8, 0.85, 0.9], 'elitism_rate': [0.1, 0.2], 'mutation_name': ['InsertMutation', 'SwapMutation'], 'mutation_probability': [0.01, 0.05, 0.1], 'selection_type': ['binary_tournament', 'roulette_wheel'], 'vehicle_construction': ['random', 'bellman_split']}",COMPLETE
231,3724.22,2026-06-02 23:42:05.733327,2026-06-02 23:42:10.065583,0 days 00:00:04.332256,OXCrossover,0.80,0.20,SwapMutation,0.01,binary_tournament,random,231,"{'crossover_name': ['PMXCrossover', 'CXCrossover', 'OXCrossover'], 'crossover_probability': [0.75, 0.8, 0.85, 0.9], 'elitism_rate': [0.1, 0.2], 'mutation_name': ['InsertMutation', 'SwapMutation'], 'mutation_probability': [0.01, 0.05, 0.1], 'selection_type': ['binary_tournament', 'roulette_wheel'], 'vehicle_construction': ['random', 'bellman_split']}",COMPLETE
232,4239.15,2026-06-02 23:42:10.066050,2026-06-02 23:42:32.957378,0 days 00:00:22.891328,CXCrossover,0.85,0.10,SwapMutation,0.10,roulette_wheel,random,232,"{'crossover_name': ['PMXCrossover', 'CXCrossover', 'OXCrossover'], 'crossover_probability': [0.75, 0.8, 0.85, 0.9], 'elitism_rate': [0.1, 0.2], 'mutation_name': ['InsertMutation', 'SwapMutation'], 'mutation_probability': [0.01, 0.05, 0.1], 'selection_type': ['binary_tournament', 'roulette_wheel'], 'vehicle_construction': ['random', 'bellman_split']}",COMPLETE
233,3581.03,2026-06-02 23:42:32.957764,2026-06-02 23:42:37.325159,0 days 00:00:04.367395,OXCrossover,0.85,0.20,SwapMutation,0.01,binary_tournament,random,233,"{'crossover_name': ['PMXCrossover', 'CXCrossover', 'OXCrossover'], 'crossover_probability': [0.75, 0.8, 0.85, 0.9], 'elitism_rate': [0.1, 0.2], 'mutation_name': ['InsertMutation', 'SwapMutation'], 'mutation_probability': [0.01, 0.05, 0.1], 'selection_type': ['binary_tournament', 'roulette_wheel'], 'vehicle_construction': ['random', 'bellman_split']}",COMPLETE
234,4501.14,2026-06-02 23:42:37.325754,2026-06-02 23:43:10.562601,0 days 00:00:33.236847,CXCrossover,0.80,0.10,InsertMutation,0.01,roulette_wheel,bellman_split,234,"{'crossover_name': ['PMXCrossover', 'CXCrossover', 'OXCrossover'], 'crossover_probability': [0.75, 0.8, 0.85, 0.9], 'elitism_rate': [0.1, 0.2], 'mutation_name': ['InsertMutation', 'SwapMutation'], 'mutation_probability': [0.01, 0.05, 0.1], 'selection_type': ['binary_tournament', 'roulette_wheel'], 'vehicle_construction': ['random', 'bellman_split']}",COMPLETE
235,3866.47,2026-06-02 23:43:10.562921,2026-06-02 23:43:43.257956,0 days 00:00:32.695035,PMXCrossover,0.80,0.10,InsertMutation,0.05,roulette_wheel,bellman_split,235,"{'crossover_name': ['PMXCrossover', 'CXCrossover', 'OXCrossover'], 'crossover_probability': [0.75, 0.8, 0.85, 0.9], 'elitism_rate': [0.1, 0.2], 'mutation_name': ['InsertMutation', 'SwapMutation'], 'mutation_probability': [0.01, 0.05, 0.1], 'selection_type': ['binary_tournament', 'roulette_wheel'], 'vehicle_construction': ['random', 'bellman_split']}",COMPLETE
236,3543.60,2026-06-02 23:43:43.258273,2026-06-02 23:44:15.614887,0 days 00:00:32.356614,PMXCrossover,0.90,0.20,InsertMutation,0.01,roulette_wheel,bellman_split,236,"{'crossover_name': ['PMXCrossover', 'CXCrossover', 'OXCrossover'], 'crossover_probability': [0.75, 0.8, 0.85, 0.9], 'elitism_rate': [0.1, 0.2], 'mutation_name': ['InsertMutation', 'SwapMutation'], 'mutation_probability': [0.01, 0.05, 0.1], 'selection_type': ['binary_tournament', 'roulette_wheel'], 'vehicle_construction': ['random', 'bellman_split']}",COMPLETE
237,3101.64,2026-06-02 23:44:15.615183,2026-06-02 23:44:30.718720,0 days 00:00:15.103537,OXCrossover,0.80,0.20,SwapMutation,0.01,binary_tournament,bellman_split,237,"{'crossover_name': ['PMXCrossover', 'CXCrossover', 'OXCrossover'], 'crossover_probability': [0.75, 0.8, 0.85, 0.9], 'elitism_rate': [0.1, 0.2], 'mutation_name': ['InsertMutation', 'SwapMutation'], 'mutation_probability': [0.01, 0.05, 0.1], 'selection_type': ['binary_tournament', 'roulette_wheel'], 'vehicle_construction': ['random', 'bellman_split']}",COMPLETE
238,3879.92,2026-06-02 23:44:30.719041,2026-06-02 23:44:45.261988,0 days 00:00:14.542947,PMXCrossover,0.90,0.20,SwapMutation,0.01,binary_tournament,bellman_split,238,"{'crossover_name': ['PMXCrossover', 'CXCrossover', 'OXCrossover'], 'crossover_probability': [0.75, 0.8, 0.85, 0.9], 'elitism_rate': [0.1, 0.2], 'mutation_name': ['InsertMutation', 'SwapMutation'], 'mutation_probability': [0.01, 0.05, 0.1], 'selection_type': ['binary_tournament', 'roulette_wheel'], 'vehicle_construction': ['random', 'bellman_split']}",COMPLETE
239,3789.69,2026-06-02 23:44:45.262304,2026-06-02 23:45:07.844612,0 days 00:00:22.582308,PMXCrossover,0.90,0.10,SwapMutation,0.01,roulette_wheel,random,239,"{'crossover_name': ['PMXCrossover', 'CXCrossover', 'OXCrossover'], 'crossover_probability': [0.75, 0.8, 0.85, 0.9], 'elitism_rate': [0.1, 0.2], 'mutation_name': ['InsertMutation', 'SwapMutation'], 'mutation_probability': [0.01, 0.05, 0.1], 'selection_type': ['binary_tournament', 'roulette_wheel'], 'vehicle_construction': ['random', 'bellman_split']}",COMPLETE
240,4528.99,2026-06-02 23:45:07.844887,2026-06-02 23:45:29.949089,0 days 00:00:22.104202,CXCrossover,0.80,0.10,InsertMutation,0.05,roulette_wheel,random,240,"{'crossover_name': ['PMXCrossover', 'CXCrossover', 'OXCrossover'], 'crossover_probability': [0.75, 0.8, 0.85, 0.9], 'elitism_rate': [0.1, 0.2], 'mutation_name': ['InsertMutation', 'SwapMutation'], 'mutation_probability': [0.01, 0.05, 0.1], 'selection_type': ['binary_tournament', 'roulette_wheel'], 'vehicle_construction': ['random', 'bellman_split']}",COMPLETE
241,3852.38,2026-06-02 23:45:29.949367,2026-06-02 23:45:49.901252,0 days 00:00:19.951885,PMXCrossover,0.75,0.20,InsertMutation,0.10,roulette_wheel,random,241,"{'crossover_name': ['PMXCrossover', 'CXCrossover', 'OXCrossover'], 'crossover_probability': [0.75, 0.8, 0.85, 0.9], 'elitism_rate': [0.1, 0.2], 'mutation_name': ['InsertMutation', 'SwapMutation'], 'mutation_probability': [0.01, 0.05, 0.1], 'selection_type': ['binary_tournament', 'roulette_wheel'], 'vehicle_construction': ['random', 'bellman_split']}",COMPLETE
242,3283.38,2026-06-02 23:45:49.901569,2026-06-02 23:46:03.234322,0 days 00:00:13.332753,OXCrossover,0.75,0.20,InsertMutation,0.01,binary_tournament,bellman_split,242,"{'crossover_name': ['PMXCrossover', 'CXCrossover', 'OXCrossover'], 'crossover_probability': [0.75, 0.8, 0.85, 0.9], 'elitism_rate': [0.1, 0.2], 'mutation_name': ['InsertMutation', 'SwapMutation'], 'mutation_probability': [0.01, 0.05, 0.1], 'selection_type': ['binary_tournament', 'roulette_wheel'], 'vehicle_construction': ['random', 'bellman_split']}",COMPLETE
243,4364.51,2026-06-02 23:46:03.234818,2026-06-02 23:46:25.051524,0 days 00:00:21.816706,PMXCrossover,0.75,0.10,SwapMutation,0.05,roulette_wheel,random,243,"{'crossover_name': ['PMXCrossover', 'CXCrossover', 'OXCrossover'], 'crossover_probability': [0.75, 0.8, 0.85, 0.9], 'elitism_rate': [0.1, 0.2], 'mutation_name': ['InsertMutation', 'SwapMutation'], 'mutation_probability': [0.01, 0.05, 0.1], 'selection_type': ['binary_tournament', 'roulette_wheel'], 'vehicle_construction': ['random', 'bellman_split']}",COMPLETE
244,4632.51,2026-06-02 23:46:25.051852,2026-06-02 23:46:47.389907,0 days 00:00:22.338055,CXCrossover,0.85,0.20,SwapMutation,0.05,roulette_wheel,random,244,"{'crossover_name': ['PMXCrossover', 'CXCrossover', 'OXCrossover'], 'crossover_probability': [0.75, 0.8, 0.85, 0.9], 'elitism_rate': [0.1, 0.2], 'mutation_name': ['InsertMutation', 'SwapMutation'], 'mutation_probability': [0.01, 0.05, 0.1], 'selection_type': ['binary_tournament', 'roulette_wheel'], 'vehicle_construction': ['random', 'bellman_split']}",COMPLETE
245,4055.13,2026-06-02 23:46:47.390270,2026-06-02 23:47:09.059491,0 days 00:00:21.669221,OXCrossover,0.80,0.20,InsertMutation,0.10,roulette_wheel,random,245,"{'crossover_name': ['PMXCrossover', 'CXCrossover', 'OXCrossover'], 'crossover_probability': [0.75, 0.8, 0.85, 0.9], 'elitism_rate': [0.1, 0.2], 'mutation_name': ['InsertMutation', 'SwapMutation'], 'mutation_probability': [0.01, 0.05, 0.1], 'selection_type': ['binary_tournament', 'roulette_wheel'], 'vehicle_construction': ['random', 'bellman_split']}",COMPLETE
