number,value,datetime_start,datetime_complete,duration,params_crossover_name,params_crossover_probability,params_elitism_rate,params_mutation_name,params_mutation_probability,params_selection_type,params_vehicle_construction,system_attrs_grid_id,system_attrs_search_space,state
409,25770.45,2026-06-03 06:01:57.572978,2026-06-03 06:02:40.654477,0 days 00:00:43.081499,PMXCrossover,0.85,0.10,SwapMutation,0.10,binary_tournament,bellman_split,409,"{'crossover_name': ['PMXCrossover', 'CXCrossover', 'OXCrossover'], 'crossover_probability': [0.75, 0.8, 0.85, 0.9], 'elitism_rate': [0.1, 0.2], 'mutation_name': ['InsertMutation', 'SwapMutation'], 'mutation_probability': [0.01, 0.05, 0.1], 'selection_type': ['binary_tournament', 'roulette_wheel'], 'vehicle_construction': ['random', 'bellman_split']}",COMPLETE
410,30418.19,2026-06-03 06:02:40.654773,2026-06-03 06:03:13.399758,0 days 00:00:32.744985,CXCrossover,0.90,0.20,SwapMutation,0.01,roulette_wheel,random,410,"{'crossover_name': ['PMXCrossover', 'CXCrossover', 'OXCrossover'], 'crossover_probability': [0.75, 0.8, 0.85, 0.9], 'elitism_rate': [0.1, 0.2], 'mutation_name': ['InsertMutation', 'SwapMutation'], 'mutation_probability': [0.01, 0.05, 0.1], 'selection_type': ['binary_tournament', 'roulette_wheel'], 'vehicle_construction': ['random', 'bellman_split']}",COMPLETE
411,23970.82,2026-06-03 06:03:13.400052,2026-06-03 06:03:54.490610,0 days 00:00:41.090558,OXCrossover,0.75,0.20,SwapMutation,0.01,binary_tournament,bellman_split,411,"{'crossover_name': ['PMXCrossover', 'CXCrossover', 'OXCrossover'], 'crossover_probability': [0.75, 0.8, 0.85, 0.9], 'elitism_rate': [0.1, 0.2], 'mutation_name': ['InsertMutation', 'SwapMutation'], 'mutation_probability': [0.01, 0.05, 0.1], 'selection_type': ['binary_tournament', 'roulette_wheel'], 'vehicle_construction': ['random', 'bellman_split']}",COMPLETE
412,27351.19,2026-06-03 06:03:54.490938,2026-06-03 06:04:30.993543,0 days 00:00:36.502605,PMXCrossover,0.75,0.20,InsertMutation,0.01,binary_tournament,bellman_split,412,"{'crossover_name': ['PMXCrossover', 'CXCrossover', 'OXCrossover'], 'crossover_probability': [0.75, 0.8, 0.85, 0.9], 'elitism_rate': [0.1, 0.2], 'mutation_name': ['InsertMutation', 'SwapMutation'], 'mutation_probability': [0.01, 0.05, 0.1], 'selection_type': ['binary_tournament', 'roulette_wheel'], 'vehicle_construction': ['random', 'bellman_split']}",COMPLETE
413,26536.10,2026-06-03 06:04:30.993876,2026-06-03 06:05:05.790245,0 days 00:00:34.796369,PMXCrossover,0.85,0.10,SwapMutation,0.01,roulette_wheel,random,413,"{'crossover_name': ['PMXCrossover', 'CXCrossover', 'OXCrossover'], 'crossover_probability': [0.75, 0.8, 0.85, 0.9], 'elitism_rate': [0.1, 0.2], 'mutation_name': ['InsertMutation', 'SwapMutation'], 'mutation_probability': [0.01, 0.05, 0.1], 'selection_type': ['binary_tournament', 'roulette_wheel'], 'vehicle_construction': ['random', 'bellman_split']}",COMPLETE
414,25164.74,2026-06-03 06:05:05.790543,2026-06-03 06:05:49.360360,0 days 00:00:43.569817,PMXCrossover,0.90,0.10,InsertMutation,0.05,binary_tournament,bellman_split,414,"{'crossover_name': ['PMXCrossover', 'CXCrossover', 'OXCrossover'], 'crossover_probability': [0.75, 0.8, 0.85, 0.9], 'elitism_rate': [0.1, 0.2], 'mutation_name': ['InsertMutation', 'SwapMutation'], 'mutation_probability': [0.01, 0.05, 0.1], 'selection_type': ['binary_tournament', 'roulette_wheel'], 'vehicle_construction': ['random', 'bellman_split']}",COMPLETE
415,22993.11,2026-06-03 06:05:49.360683,2026-06-03 06:06:29.701832,0 days 00:00:40.341149,OXCrossover,0.75,0.20,InsertMutation,0.05,binary_tournament,bellman_split,415,"{'crossover_name': ['PMXCrossover', 'CXCrossover', 'OXCrossover'], 'crossover_probability': [0.75, 0.8, 0.85, 0.9], 'elitism_rate': [0.1, 0.2], 'mutation_name': ['InsertMutation', 'SwapMutation'], 'mutation_probability': [0.01, 0.05, 0.1], 'selection_type': ['binary_tournament', 'roulette_wheel'], 'vehicle_construction': ['random', 'bellman_split']}",COMPLETE
416,25720.25,2026-06-03 06:06:29.702128,2026-06-03 06:06:37.357663,0 days 00:00:07.655535,PMXCrossover,0.90,0.10,InsertMutation,0.10,binary_tournament,random,416,"{'crossover_name': ['PMXCrossover', 'CXCrossover', 'OXCrossover'], 'crossover_probability': [0.75, 0.8, 0.85, 0.9], 'elitism_rate': [0.1, 0.2], 'mutation_name': ['InsertMutation', 'SwapMutation'], 'mutation_probability': [0.01, 0.05, 0.1], 'selection_type': ['binary_tournament', 'roulette_wheel'], 'vehicle_construction': ['random', 'bellman_split']}",COMPLETE
417,27104.63,2026-06-03 06:06:37.358102,2026-06-03 06:06:45.955212,0 days 00:00:08.597110,PMXCrossover,0.75,0.10,SwapMutation,0.05,binary_tournament,random,417,"{'crossover_name': ['PMXCrossover', 'CXCrossover', 'OXCrossover'], 'crossover_probability': [0.75, 0.8, 0.85, 0.9], 'elitism_rate': [0.1, 0.2], 'mutation_name': ['InsertMutation', 'SwapMutation'], 'mutation_probability': [0.01, 0.05, 0.1], 'selection_type': ['binary_tournament', 'roulette_wheel'], 'vehicle_construction': ['random', 'bellman_split']}",COMPLETE
418,27030.49,2026-06-03 06:06:45.955542,2026-06-03 06:07:30.864495,0 days 00:00:44.908953,OXCrossover,0.80,0.10,SwapMutation,0.05,roulette_wheel,random,418,"{'crossover_name': ['PMXCrossover', 'CXCrossover', 'OXCrossover'], 'crossover_probability': [0.75, 0.8, 0.85, 0.9], 'elitism_rate': [0.1, 0.2], 'mutation_name': ['InsertMutation', 'SwapMutation'], 'mutation_probability': [0.01, 0.05, 0.1], 'selection_type': ['binary_tournament', 'roulette_wheel'], 'vehicle_construction': ['random', 'bellman_split']}",COMPLETE
419,27246.63,2026-06-03 06:07:30.864804,2026-06-03 06:08:42.827575,0 days 00:01:11.962771,CXCrossover,0.85,0.20,SwapMutation,0.05,roulette_wheel,bellman_split,419,"{'crossover_name': ['PMXCrossover', 'CXCrossover', 'OXCrossover'], 'crossover_probability': [0.75, 0.8, 0.85, 0.9], 'elitism_rate': [0.1, 0.2], 'mutation_name': ['InsertMutation', 'SwapMutation'], 'mutation_probability': [0.01, 0.05, 0.1], 'selection_type': ['binary_tournament', 'roulette_wheel'], 'vehicle_construction': ['random', 'bellman_split']}",COMPLETE
420,27398.96,2026-06-03 06:08:42.827900,2026-06-03 06:09:24.836816,0 days 00:00:42.008916,PMXCrossover,0.85,0.10,SwapMutation,0.01,binary_tournament,bellman_split,420,"{'crossover_name': ['PMXCrossover', 'CXCrossover', 'OXCrossover'], 'crossover_probability': [0.75, 0.8, 0.85, 0.9], 'elitism_rate': [0.1, 0.2], 'mutation_name': ['InsertMutation', 'SwapMutation'], 'mutation_probability': [0.01, 0.05, 0.1], 'selection_type': ['binary_tournament', 'roulette_wheel'], 'vehicle_construction': ['random', 'bellman_split']}",COMPLETE
421,24752.37,2026-06-03 06:09:24.837140,2026-06-03 06:10:11.022009,0 days 00:00:46.184869,OXCrossover,0.85,0.10,InsertMutation,0.05,binary_tournament,bellman_split,421,"{'crossover_name': ['PMXCrossover', 'CXCrossover', 'OXCrossover'], 'crossover_probability': [0.75, 0.8, 0.85, 0.9], 'elitism_rate': [0.1, 0.2], 'mutation_name': ['InsertMutation', 'SwapMutation'], 'mutation_probability': [0.01, 0.05, 0.1], 'selection_type': ['binary_tournament', 'roulette_wheel'], 'vehicle_construction': ['random', 'bellman_split']}",COMPLETE
422,24475.54,2026-06-03 06:10:11.022329,2026-06-03 06:10:54.847494,0 days 00:00:43.825165,OXCrossover,0.80,0.20,InsertMutation,0.10,binary_tournament,bellman_split,422,"{'crossover_name': ['PMXCrossover', 'CXCrossover', 'OXCrossover'], 'crossover_probability': [0.75, 0.8, 0.85, 0.9], 'elitism_rate': [0.1, 0.2], 'mutation_name': ['InsertMutation', 'SwapMutation'], 'mutation_probability': [0.01, 0.05, 0.1], 'selection_type': ['binary_tournament', 'roulette_wheel'], 'vehicle_construction': ['random', 'bellman_split']}",COMPLETE
423,26763.05,2026-06-03 06:10:54.847822,2026-06-03 06:12:03.937287,0 days 00:01:09.089465,PMXCrossover,0.85,0.20,SwapMutation,0.05,roulette_wheel,bellman_split,423,"{'crossover_name': ['PMXCrossover', 'CXCrossover', 'OXCrossover'], 'crossover_probability': [0.75, 0.8, 0.85, 0.9], 'elitism_rate': [0.1, 0.2], 'mutation_name': ['InsertMutation', 'SwapMutation'], 'mutation_probability': [0.01, 0.05, 0.1], 'selection_type': ['binary_tournament', 'roulette_wheel'], 'vehicle_construction': ['random', 'bellman_split']}",COMPLETE
424,29390.40,2026-06-03 06:12:03.937615,2026-06-03 06:12:43.633315,0 days 00:00:39.695700,CXCrossover,0.75,0.20,SwapMutation,0.10,binary_tournament,bellman_split,424,"{'crossover_name': ['PMXCrossover', 'CXCrossover', 'OXCrossover'], 'crossover_probability': [0.75, 0.8, 0.85, 0.9], 'elitism_rate': [0.1, 0.2], 'mutation_name': ['InsertMutation', 'SwapMutation'], 'mutation_probability': [0.01, 0.05, 0.1], 'selection_type': ['binary_tournament', 'roulette_wheel'], 'vehicle_construction': ['random', 'bellman_split']}",COMPLETE
425,28300.70,2026-06-03 06:12:43.633615,2026-06-03 06:12:53.003293,0 days 00:00:09.369678,CXCrossover,0.80,0.10,SwapMutation,0.10,binary_tournament,random,425,"{'crossover_name': ['PMXCrossover', 'CXCrossover', 'OXCrossover'], 'crossover_probability': [0.75, 0.8, 0.85, 0.9], 'elitism_rate': [0.1, 0.2], 'mutation_name': ['InsertMutation', 'SwapMutation'], 'mutation_probability': [0.01, 0.05, 0.1], 'selection_type': ['binary_tournament', 'roulette_wheel'], 'vehicle_construction': ['random', 'bellman_split']}",COMPLETE
426,28744.33,2026-06-03 06:12:53.003666,2026-06-03 06:13:02.005019,0 days 00:00:09.001353,CXCrossover,0.90,0.10,SwapMutation,0.05,binary_tournament,random,426,"{'crossover_name': ['PMXCrossover', 'CXCrossover', 'OXCrossover'], 'crossover_probability': [0.75, 0.8, 0.85, 0.9], 'elitism_rate': [0.1, 0.2], 'mutation_name': ['InsertMutation', 'SwapMutation'], 'mutation_probability': [0.01, 0.05, 0.1], 'selection_type': ['binary_tournament', 'roulette_wheel'], 'vehicle_construction': ['random', 'bellman_split']}",COMPLETE
427,24241.49,2026-06-03 06:13:02.005542,2026-06-03 06:14:13.422415,0 days 00:01:11.416873,OXCrossover,0.80,0.20,SwapMutation,0.01,roulette_wheel,bellman_split,427,"{'crossover_name': ['PMXCrossover', 'CXCrossover', 'OXCrossover'], 'crossover_probability': [0.75, 0.8, 0.85, 0.9], 'elitism_rate': [0.1, 0.2], 'mutation_name': ['InsertMutation', 'SwapMutation'], 'mutation_probability': [0.01, 0.05, 0.1], 'selection_type': ['binary_tournament', 'roulette_wheel'], 'vehicle_construction': ['random', 'bellman_split']}",COMPLETE
428,28219.29,2026-06-03 06:14:13.422735,2026-06-03 06:14:57.307717,0 days 00:00:43.884982,CXCrossover,0.85,0.20,InsertMutation,0.05,binary_tournament,bellman_split,428,"{'crossover_name': ['PMXCrossover', 'CXCrossover', 'OXCrossover'], 'crossover_probability': [0.75, 0.8, 0.85, 0.9], 'elitism_rate': [0.1, 0.2], 'mutation_name': ['InsertMutation', 'SwapMutation'], 'mutation_probability': [0.01, 0.05, 0.1], 'selection_type': ['binary_tournament', 'roulette_wheel'], 'vehicle_construction': ['random', 'bellman_split']}",COMPLETE
429,26716.92,2026-06-03 06:14:57.308041,2026-06-03 06:16:07.508641,0 days 00:01:10.200600,CXCrossover,0.85,0.20,InsertMutation,0.10,roulette_wheel,bellman_split,429,"{'crossover_name': ['PMXCrossover', 'CXCrossover', 'OXCrossover'], 'crossover_probability': [0.75, 0.8, 0.85, 0.9], 'elitism_rate': [0.1, 0.2], 'mutation_name': ['InsertMutation', 'SwapMutation'], 'mutation_probability': [0.01, 0.05, 0.1], 'selection_type': ['binary_tournament', 'roulette_wheel'], 'vehicle_construction': ['random', 'bellman_split']}",COMPLETE
430,25420.46,2026-06-03 06:16:07.508962,2026-06-03 06:16:18.780982,0 days 00:00:11.272020,OXCrossover,0.85,0.20,SwapMutation,0.05,binary_tournament,random,430,"{'crossover_name': ['PMXCrossover', 'CXCrossover', 'OXCrossover'], 'crossover_probability': [0.75, 0.8, 0.85, 0.9], 'elitism_rate': [0.1, 0.2], 'mutation_name': ['InsertMutation', 'SwapMutation'], 'mutation_probability': [0.01, 0.05, 0.1], 'selection_type': ['binary_tournament', 'roulette_wheel'], 'vehicle_construction': ['random', 'bellman_split']}",COMPLETE
431,29538.55,2026-06-03 06:16:18.781283,2026-06-03 06:16:27.440641,0 days 00:00:08.659358,CXCrossover,0.80,0.10,InsertMutation,0.10,binary_tournament,random,431,"{'crossover_name': ['PMXCrossover', 'CXCrossover', 'OXCrossover'], 'crossover_probability': [0.75, 0.8, 0.85, 0.9], 'elitism_rate': [0.1, 0.2], 'mutation_name': ['InsertMutation', 'SwapMutation'], 'mutation_probability': [0.01, 0.05, 0.1], 'selection_type': ['binary_tournament', 'roulette_wheel'], 'vehicle_construction': ['random', 'bellman_split']}",COMPLETE
432,26813.72,2026-06-03 06:16:27.440946,2026-06-03 06:17:02.482738,0 days 00:00:35.041792,OXCrossover,0.75,0.20,InsertMutation,0.01,roulette_wheel,random,432,"{'crossover_name': ['PMXCrossover', 'CXCrossover', 'OXCrossover'], 'crossover_probability': [0.75, 0.8, 0.85, 0.9], 'elitism_rate': [0.1, 0.2], 'mutation_name': ['InsertMutation', 'SwapMutation'], 'mutation_probability': [0.01, 0.05, 0.1], 'selection_type': ['binary_tournament', 'roulette_wheel'], 'vehicle_construction': ['random', 'bellman_split']}",COMPLETE
433,25431.00,2026-06-03 06:17:02.483062,2026-06-03 06:17:12.921589,0 days 00:00:10.438527,OXCrossover,0.80,0.10,InsertMutation,0.05,binary_tournament,random,433,"{'crossover_name': ['PMXCrossover', 'CXCrossover', 'OXCrossover'], 'crossover_probability': [0.75, 0.8, 0.85, 0.9], 'elitism_rate': [0.1, 0.2], 'mutation_name': ['InsertMutation', 'SwapMutation'], 'mutation_probability': [0.01, 0.05, 0.1], 'selection_type': ['binary_tournament', 'roulette_wheel'], 'vehicle_construction': ['random', 'bellman_split']}",COMPLETE
434,24009.41,2026-06-03 06:17:12.921893,2026-06-03 06:18:00.571111,0 days 00:00:47.649218,OXCrossover,0.85,0.20,InsertMutation,0.10,binary_tournament,bellman_split,434,"{'crossover_name': ['PMXCrossover', 'CXCrossover', 'OXCrossover'], 'crossover_probability': [0.75, 0.8, 0.85, 0.9], 'elitism_rate': [0.1, 0.2], 'mutation_name': ['InsertMutation', 'SwapMutation'], 'mutation_probability': [0.01, 0.05, 0.1], 'selection_type': ['binary_tournament', 'roulette_wheel'], 'vehicle_construction': ['random', 'bellman_split']}",COMPLETE
435,25640.67,2026-06-03 06:18:00.571433,2026-06-03 06:19:08.920347,0 days 00:01:08.348914,PMXCrossover,0.75,0.10,SwapMutation,0.05,roulette_wheel,bellman_split,435,"{'crossover_name': ['PMXCrossover', 'CXCrossover', 'OXCrossover'], 'crossover_probability': [0.75, 0.8, 0.85, 0.9], 'elitism_rate': [0.1, 0.2], 'mutation_name': ['InsertMutation', 'SwapMutation'], 'mutation_probability': [0.01, 0.05, 0.1], 'selection_type': ['binary_tournament', 'roulette_wheel'], 'vehicle_construction': ['random', 'bellman_split']}",COMPLETE
436,29922.49,2026-06-03 06:19:08.920648,2026-06-03 06:19:17.540850,0 days 00:00:08.620202,CXCrossover,0.85,0.20,SwapMutation,0.05,binary_tournament,random,436,"{'crossover_name': ['PMXCrossover', 'CXCrossover', 'OXCrossover'], 'crossover_probability': [0.75, 0.8, 0.85, 0.9], 'elitism_rate': [0.1, 0.2], 'mutation_name': ['InsertMutation', 'SwapMutation'], 'mutation_probability': [0.01, 0.05, 0.1], 'selection_type': ['binary_tournament', 'roulette_wheel'], 'vehicle_construction': ['random', 'bellman_split']}",COMPLETE
437,30144.26,2026-06-03 06:19:17.541290,2026-06-03 06:19:27.583567,0 days 00:00:10.042277,CXCrossover,0.85,0.10,InsertMutation,0.10,binary_tournament,random,437,"{'crossover_name': ['PMXCrossover', 'CXCrossover', 'OXCrossover'], 'crossover_probability': [0.75, 0.8, 0.85, 0.9], 'elitism_rate': [0.1, 0.2], 'mutation_name': ['InsertMutation', 'SwapMutation'], 'mutation_probability': [0.01, 0.05, 0.1], 'selection_type': ['binary_tournament', 'roulette_wheel'], 'vehicle_construction': ['random', 'bellman_split']}",COMPLETE
438,26389.95,2026-06-03 06:19:27.584066,2026-06-03 06:20:47.537867,0 days 00:01:19.953801,OXCrossover,0.85,0.10,SwapMutation,0.05,roulette_wheel,bellman_split,438,"{'crossover_name': ['PMXCrossover', 'CXCrossover', 'OXCrossover'], 'crossover_probability': [0.75, 0.8, 0.85, 0.9], 'elitism_rate': [0.1, 0.2], 'mutation_name': ['InsertMutation', 'SwapMutation'], 'mutation_probability': [0.01, 0.05, 0.1], 'selection_type': ['binary_tournament', 'roulette_wheel'], 'vehicle_construction': ['random', 'bellman_split']}",COMPLETE
439,29405.38,2026-06-03 06:20:47.538190,2026-06-03 06:21:29.936078,0 days 00:00:42.397888,CXCrossover,0.80,0.20,InsertMutation,0.05,binary_tournament,bellman_split,439,"{'crossover_name': ['PMXCrossover', 'CXCrossover', 'OXCrossover'], 'crossover_probability': [0.75, 0.8, 0.85, 0.9], 'elitism_rate': [0.1, 0.2], 'mutation_name': ['InsertMutation', 'SwapMutation'], 'mutation_probability': [0.01, 0.05, 0.1], 'selection_type': ['binary_tournament', 'roulette_wheel'], 'vehicle_construction': ['random', 'bellman_split']}",COMPLETE
440,29880.12,2026-06-03 06:21:29.936450,2026-06-03 06:22:41.544519,0 days 00:01:11.608069,CXCrossover,0.90,0.20,InsertMutation,0.01,roulette_wheel,bellman_split,440,"{'crossover_name': ['PMXCrossover', 'CXCrossover', 'OXCrossover'], 'crossover_probability': [0.75, 0.8, 0.85, 0.9], 'elitism_rate': [0.1, 0.2], 'mutation_name': ['InsertMutation', 'SwapMutation'], 'mutation_probability': [0.01, 0.05, 0.1], 'selection_type': ['binary_tournament', 'roulette_wheel'], 'vehicle_construction': ['random', 'bellman_split']}",COMPLETE
441,28439.96,2026-06-03 06:22:41.544837,2026-06-03 06:23:14.562350,0 days 00:00:33.017513,CXCrossover,0.75,0.20,InsertMutation,0.10,roulette_wheel,random,441,"{'crossover_name': ['PMXCrossover', 'CXCrossover', 'OXCrossover'], 'crossover_probability': [0.75, 0.8, 0.85, 0.9], 'elitism_rate': [0.1, 0.2], 'mutation_name': ['InsertMutation', 'SwapMutation'], 'mutation_probability': [0.01, 0.05, 0.1], 'selection_type': ['binary_tournament', 'roulette_wheel'], 'vehicle_construction': ['random', 'bellman_split']}",COMPLETE
442,24437.76,2026-06-03 06:23:14.562648,2026-06-03 06:24:28.151733,0 days 00:01:13.589085,OXCrossover,0.85,0.20,InsertMutation,0.05,roulette_wheel,bellman_split,442,"{'crossover_name': ['PMXCrossover', 'CXCrossover', 'OXCrossover'], 'crossover_probability': [0.75, 0.8, 0.85, 0.9], 'elitism_rate': [0.1, 0.2], 'mutation_name': ['InsertMutation', 'SwapMutation'], 'mutation_probability': [0.01, 0.05, 0.1], 'selection_type': ['binary_tournament', 'roulette_wheel'], 'vehicle_construction': ['random', 'bellman_split']}",COMPLETE
443,26153.59,2026-06-03 06:24:28.152055,2026-06-03 06:25:36.095235,0 days 00:01:07.943180,PMXCrossover,0.75,0.10,InsertMutation,0.01,roulette_wheel,bellman_split,443,"{'crossover_name': ['PMXCrossover', 'CXCrossover', 'OXCrossover'], 'crossover_probability': [0.75, 0.8, 0.85, 0.9], 'elitism_rate': [0.1, 0.2], 'mutation_name': ['InsertMutation', 'SwapMutation'], 'mutation_probability': [0.01, 0.05, 0.1], 'selection_type': ['binary_tournament', 'roulette_wheel'], 'vehicle_construction': ['random', 'bellman_split']}",COMPLETE
444,25849.75,2026-06-03 06:25:36.095574,2026-06-03 06:25:48.666395,0 days 00:00:12.570821,OXCrossover,0.85,0.10,SwapMutation,0.10,binary_tournament,random,444,"{'crossover_name': ['PMXCrossover', 'CXCrossover', 'OXCrossover'], 'crossover_probability': [0.75, 0.8, 0.85, 0.9], 'elitism_rate': [0.1, 0.2], 'mutation_name': ['InsertMutation', 'SwapMutation'], 'mutation_probability': [0.01, 0.05, 0.1], 'selection_type': ['binary_tournament', 'roulette_wheel'], 'vehicle_construction': ['random', 'bellman_split']}",COMPLETE
445,25906.68,2026-06-03 06:25:48.666701,2026-06-03 06:26:30.058183,0 days 00:00:41.391482,PMXCrossover,0.85,0.20,InsertMutation,0.05,binary_tournament,bellman_split,445,"{'crossover_name': ['PMXCrossover', 'CXCrossover', 'OXCrossover'], 'crossover_probability': [0.75, 0.8, 0.85, 0.9], 'elitism_rate': [0.1, 0.2], 'mutation_name': ['InsertMutation', 'SwapMutation'], 'mutation_probability': [0.01, 0.05, 0.1], 'selection_type': ['binary_tournament', 'roulette_wheel'], 'vehicle_construction': ['random', 'bellman_split']}",COMPLETE
446,30434.06,2026-06-03 06:26:30.058506,2026-06-03 06:26:39.581688,0 days 00:00:09.523182,CXCrossover,0.80,0.20,SwapMutation,0.05,binary_tournament,random,446,"{'crossover_name': ['PMXCrossover', 'CXCrossover', 'OXCrossover'], 'crossover_probability': [0.75, 0.8, 0.85, 0.9], 'elitism_rate': [0.1, 0.2], 'mutation_name': ['InsertMutation', 'SwapMutation'], 'mutation_probability': [0.01, 0.05, 0.1], 'selection_type': ['binary_tournament', 'roulette_wheel'], 'vehicle_construction': ['random', 'bellman_split']}",COMPLETE
447,27217.52,2026-06-03 06:26:39.582023,2026-06-03 06:27:14.904554,0 days 00:00:35.322531,CXCrossover,0.80,0.20,SwapMutation,0.10,roulette_wheel,random,447,"{'crossover_name': ['PMXCrossover', 'CXCrossover', 'OXCrossover'], 'crossover_probability': [0.75, 0.8, 0.85, 0.9], 'elitism_rate': [0.1, 0.2], 'mutation_name': ['InsertMutation', 'SwapMutation'], 'mutation_probability': [0.01, 0.05, 0.1], 'selection_type': ['binary_tournament', 'roulette_wheel'], 'vehicle_construction': ['random', 'bellman_split']}",COMPLETE
448,25946.25,2026-06-03 06:27:14.904876,2026-06-03 06:27:54.975152,0 days 00:00:40.070276,PMXCrossover,0.80,0.20,InsertMutation,0.05,binary_tournament,bellman_split,448,"{'crossover_name': ['PMXCrossover', 'CXCrossover', 'OXCrossover'], 'crossover_probability': [0.75, 0.8, 0.85, 0.9], 'elitism_rate': [0.1, 0.2], 'mutation_name': ['InsertMutation', 'SwapMutation'], 'mutation_probability': [0.01, 0.05, 0.1], 'selection_type': ['binary_tournament', 'roulette_wheel'], 'vehicle_construction': ['random', 'bellman_split']}",COMPLETE
449,26557.52,2026-06-03 06:27:54.975470,2026-06-03 06:28:05.551398,0 days 00:00:10.575928,OXCrossover,0.80,0.10,SwapMutation,0.01,binary_tournament,random,449,"{'crossover_name': ['PMXCrossover', 'CXCrossover', 'OXCrossover'], 'crossover_probability': [0.75, 0.8, 0.85, 0.9], 'elitism_rate': [0.1, 0.2], 'mutation_name': ['InsertMutation', 'SwapMutation'], 'mutation_probability': [0.01, 0.05, 0.1], 'selection_type': ['binary_tournament', 'roulette_wheel'], 'vehicle_construction': ['random', 'bellman_split']}",COMPLETE
