number,value,datetime_start,datetime_complete,duration,params_crossover_name,params_crossover_probability,params_elitism_rate,params_mutation_name,params_mutation_probability,params_selection_type,params_vehicle_construction,system_attrs_grid_id,system_attrs_search_space,state
369,1016.33,2026-06-02 21:58:17.425433,2026-06-02 21:58:29.386532,0 days 00:00:11.961099,OXCrossover,0.80,0.20,InsertMutation,0.05,roulette_wheel,random,369,"{'crossover_name': ['PMXCrossover', 'CXCrossover', 'OXCrossover'], 'crossover_probability': [0.75, 0.8, 0.85, 0.9], 'elitism_rate': [0.1, 0.2], 'mutation_name': ['InsertMutation', 'SwapMutation'], 'mutation_probability': [0.01, 0.05, 0.1], 'selection_type': ['binary_tournament', 'roulette_wheel'], 'vehicle_construction': ['random', 'bellman_split']}",COMPLETE
370,941.19,2026-06-02 21:58:29.386851,2026-06-02 21:58:41.653845,0 days 00:00:12.266994,OXCrossover,0.80,0.20,InsertMutation,0.01,roulette_wheel,random,370,"{'crossover_name': ['PMXCrossover', 'CXCrossover', 'OXCrossover'], 'crossover_probability': [0.75, 0.8, 0.85, 0.9], 'elitism_rate': [0.1, 0.2], 'mutation_name': ['InsertMutation', 'SwapMutation'], 'mutation_probability': [0.01, 0.05, 0.1], 'selection_type': ['binary_tournament', 'roulette_wheel'], 'vehicle_construction': ['random', 'bellman_split']}",COMPLETE
371,903.96,2026-06-02 21:58:41.654158,2026-06-02 21:58:43.717779,0 days 00:00:02.063621,OXCrossover,0.80,0.20,InsertMutation,0.10,binary_tournament,random,371,"{'crossover_name': ['PMXCrossover', 'CXCrossover', 'OXCrossover'], 'crossover_probability': [0.75, 0.8, 0.85, 0.9], 'elitism_rate': [0.1, 0.2], 'mutation_name': ['InsertMutation', 'SwapMutation'], 'mutation_probability': [0.01, 0.05, 0.1], 'selection_type': ['binary_tournament', 'roulette_wheel'], 'vehicle_construction': ['random', 'bellman_split']}",COMPLETE
372,1047.27,2026-06-02 21:58:43.718131,2026-06-02 21:58:59.668016,0 days 00:00:15.949885,CXCrossover,0.75,0.10,SwapMutation,0.10,roulette_wheel,bellman_split,372,"{'crossover_name': ['PMXCrossover', 'CXCrossover', 'OXCrossover'], 'crossover_probability': [0.75, 0.8, 0.85, 0.9], 'elitism_rate': [0.1, 0.2], 'mutation_name': ['InsertMutation', 'SwapMutation'], 'mutation_probability': [0.01, 0.05, 0.1], 'selection_type': ['binary_tournament', 'roulette_wheel'], 'vehicle_construction': ['random', 'bellman_split']}",COMPLETE
373,887.83,2026-06-02 21:58:59.668330,2026-06-02 21:59:01.834994,0 days 00:00:02.166664,OXCrossover,0.85,0.20,InsertMutation,0.10,binary_tournament,random,373,"{'crossover_name': ['PMXCrossover', 'CXCrossover', 'OXCrossover'], 'crossover_probability': [0.75, 0.8, 0.85, 0.9], 'elitism_rate': [0.1, 0.2], 'mutation_name': ['InsertMutation', 'SwapMutation'], 'mutation_probability': [0.01, 0.05, 0.1], 'selection_type': ['binary_tournament', 'roulette_wheel'], 'vehicle_construction': ['random', 'bellman_split']}",COMPLETE
374,912.40,2026-06-02 21:59:01.835407,2026-06-02 21:59:06.863774,0 days 00:00:05.028367,PMXCrossover,0.90,0.20,SwapMutation,0.10,binary_tournament,bellman_split,374,"{'crossover_name': ['PMXCrossover', 'CXCrossover', 'OXCrossover'], 'crossover_probability': [0.75, 0.8, 0.85, 0.9], 'elitism_rate': [0.1, 0.2], 'mutation_name': ['InsertMutation', 'SwapMutation'], 'mutation_probability': [0.01, 0.05, 0.1], 'selection_type': ['binary_tournament', 'roulette_wheel'], 'vehicle_construction': ['random', 'bellman_split']}",COMPLETE
375,1116.28,2026-06-02 21:59:06.864088,2026-06-02 21:59:19.757290,0 days 00:00:12.893202,CXCrossover,0.75,0.10,SwapMutation,0.10,roulette_wheel,random,375,"{'crossover_name': ['PMXCrossover', 'CXCrossover', 'OXCrossover'], 'crossover_probability': [0.75, 0.8, 0.85, 0.9], 'elitism_rate': [0.1, 0.2], 'mutation_name': ['InsertMutation', 'SwapMutation'], 'mutation_probability': [0.01, 0.05, 0.1], 'selection_type': ['binary_tournament', 'roulette_wheel'], 'vehicle_construction': ['random', 'bellman_split']}",COMPLETE
376,923.81,2026-06-02 21:59:19.757608,2026-06-02 21:59:36.572177,0 days 00:00:16.814569,OXCrossover,0.90,0.10,InsertMutation,0.01,roulette_wheel,bellman_split,376,"{'crossover_name': ['PMXCrossover', 'CXCrossover', 'OXCrossover'], 'crossover_probability': [0.75, 0.8, 0.85, 0.9], 'elitism_rate': [0.1, 0.2], 'mutation_name': ['InsertMutation', 'SwapMutation'], 'mutation_probability': [0.01, 0.05, 0.1], 'selection_type': ['binary_tournament', 'roulette_wheel'], 'vehicle_construction': ['random', 'bellman_split']}",COMPLETE
377,1309.16,2026-06-02 21:59:36.572491,2026-06-02 21:59:38.429998,0 days 00:00:01.857507,CXCrossover,0.75,0.10,SwapMutation,0.01,binary_tournament,random,377,"{'crossover_name': ['PMXCrossover', 'CXCrossover', 'OXCrossover'], 'crossover_probability': [0.75, 0.8, 0.85, 0.9], 'elitism_rate': [0.1, 0.2], 'mutation_name': ['InsertMutation', 'SwapMutation'], 'mutation_probability': [0.01, 0.05, 0.1], 'selection_type': ['binary_tournament', 'roulette_wheel'], 'vehicle_construction': ['random', 'bellman_split']}",COMPLETE
378,1104.85,2026-06-02 21:59:38.430325,2026-06-02 21:59:50.097315,0 days 00:00:11.666990,CXCrossover,0.75,0.20,SwapMutation,0.05,roulette_wheel,random,378,"{'crossover_name': ['PMXCrossover', 'CXCrossover', 'OXCrossover'], 'crossover_probability': [0.75, 0.8, 0.85, 0.9], 'elitism_rate': [0.1, 0.2], 'mutation_name': ['InsertMutation', 'SwapMutation'], 'mutation_probability': [0.01, 0.05, 0.1], 'selection_type': ['binary_tournament', 'roulette_wheel'], 'vehicle_construction': ['random', 'bellman_split']}",COMPLETE
379,1056.00,2026-06-02 21:59:50.097640,2026-06-02 22:00:05.907495,0 days 00:00:15.809855,CXCrossover,0.80,0.10,SwapMutation,0.05,roulette_wheel,bellman_split,379,"{'crossover_name': ['PMXCrossover', 'CXCrossover', 'OXCrossover'], 'crossover_probability': [0.75, 0.8, 0.85, 0.9], 'elitism_rate': [0.1, 0.2], 'mutation_name': ['InsertMutation', 'SwapMutation'], 'mutation_probability': [0.01, 0.05, 0.1], 'selection_type': ['binary_tournament', 'roulette_wheel'], 'vehicle_construction': ['random', 'bellman_split']}",COMPLETE
380,938.66,2026-06-02 22:00:05.907781,2026-06-02 22:00:22.022215,0 days 00:00:16.114434,PMXCrossover,0.80,0.10,SwapMutation,0.05,roulette_wheel,bellman_split,380,"{'crossover_name': ['PMXCrossover', 'CXCrossover', 'OXCrossover'], 'crossover_probability': [0.75, 0.8, 0.85, 0.9], 'elitism_rate': [0.1, 0.2], 'mutation_name': ['InsertMutation', 'SwapMutation'], 'mutation_probability': [0.01, 0.05, 0.1], 'selection_type': ['binary_tournament', 'roulette_wheel'], 'vehicle_construction': ['random', 'bellman_split']}",COMPLETE
381,984.43,2026-06-02 22:00:22.022532,2026-06-02 22:00:23.645702,0 days 00:00:01.623170,PMXCrossover,0.75,0.20,InsertMutation,0.01,binary_tournament,random,381,"{'crossover_name': ['PMXCrossover', 'CXCrossover', 'OXCrossover'], 'crossover_probability': [0.75, 0.8, 0.85, 0.9], 'elitism_rate': [0.1, 0.2], 'mutation_name': ['InsertMutation', 'SwapMutation'], 'mutation_probability': [0.01, 0.05, 0.1], 'selection_type': ['binary_tournament', 'roulette_wheel'], 'vehicle_construction': ['random', 'bellman_split']}",COMPLETE
382,1058.34,2026-06-02 22:00:23.646023,2026-06-02 22:00:28.966314,0 days 00:00:05.320291,CXCrossover,0.90,0.20,SwapMutation,0.10,binary_tournament,bellman_split,382,"{'crossover_name': ['PMXCrossover', 'CXCrossover', 'OXCrossover'], 'crossover_probability': [0.75, 0.8, 0.85, 0.9], 'elitism_rate': [0.1, 0.2], 'mutation_name': ['InsertMutation', 'SwapMutation'], 'mutation_probability': [0.01, 0.05, 0.1], 'selection_type': ['binary_tournament', 'roulette_wheel'], 'vehicle_construction': ['random', 'bellman_split']}",COMPLETE
383,1239.65,2026-06-02 22:00:28.967023,2026-06-02 22:00:30.762597,0 days 00:00:01.795574,CXCrossover,0.75,0.20,InsertMutation,0.01,binary_tournament,random,383,"{'crossover_name': ['PMXCrossover', 'CXCrossover', 'OXCrossover'], 'crossover_probability': [0.75, 0.8, 0.85, 0.9], 'elitism_rate': [0.1, 0.2], 'mutation_name': ['InsertMutation', 'SwapMutation'], 'mutation_probability': [0.01, 0.05, 0.1], 'selection_type': ['binary_tournament', 'roulette_wheel'], 'vehicle_construction': ['random', 'bellman_split']}",COMPLETE
384,1223.05,2026-06-02 22:00:30.762943,2026-06-02 22:00:32.804344,0 days 00:00:02.041401,CXCrossover,0.85,0.10,SwapMutation,0.01,binary_tournament,random,384,"{'crossover_name': ['PMXCrossover', 'CXCrossover', 'OXCrossover'], 'crossover_probability': [0.75, 0.8, 0.85, 0.9], 'elitism_rate': [0.1, 0.2], 'mutation_name': ['InsertMutation', 'SwapMutation'], 'mutation_probability': [0.01, 0.05, 0.1], 'selection_type': ['binary_tournament', 'roulette_wheel'], 'vehicle_construction': ['random', 'bellman_split']}",COMPLETE
385,975.96,2026-06-02 22:00:32.804636,2026-06-02 22:00:34.726601,0 days 00:00:01.921965,OXCrossover,0.80,0.10,InsertMutation,0.01,binary_tournament,random,385,"{'crossover_name': ['PMXCrossover', 'CXCrossover', 'OXCrossover'], 'crossover_probability': [0.75, 0.8, 0.85, 0.9], 'elitism_rate': [0.1, 0.2], 'mutation_name': ['InsertMutation', 'SwapMutation'], 'mutation_probability': [0.01, 0.05, 0.1], 'selection_type': ['binary_tournament', 'roulette_wheel'], 'vehicle_construction': ['random', 'bellman_split']}",COMPLETE
386,1049.54,2026-06-02 22:00:34.726923,2026-06-02 22:00:49.651337,0 days 00:00:14.924414,CXCrossover,0.75,0.20,InsertMutation,0.05,roulette_wheel,bellman_split,386,"{'crossover_name': ['PMXCrossover', 'CXCrossover', 'OXCrossover'], 'crossover_probability': [0.75, 0.8, 0.85, 0.9], 'elitism_rate': [0.1, 0.2], 'mutation_name': ['InsertMutation', 'SwapMutation'], 'mutation_probability': [0.01, 0.05, 0.1], 'selection_type': ['binary_tournament', 'roulette_wheel'], 'vehicle_construction': ['random', 'bellman_split']}",COMPLETE
387,953.18,2026-06-02 22:00:49.651625,2026-06-02 22:00:54.223727,0 days 00:00:04.572102,PMXCrossover,0.85,0.20,InsertMutation,0.10,binary_tournament,bellman_split,387,"{'crossover_name': ['PMXCrossover', 'CXCrossover', 'OXCrossover'], 'crossover_probability': [0.75, 0.8, 0.85, 0.9], 'elitism_rate': [0.1, 0.2], 'mutation_name': ['InsertMutation', 'SwapMutation'], 'mutation_probability': [0.01, 0.05, 0.1], 'selection_type': ['binary_tournament', 'roulette_wheel'], 'vehicle_construction': ['random', 'bellman_split']}",COMPLETE
388,1019.55,2026-06-02 22:00:54.224156,2026-06-02 22:00:56.197478,0 days 00:00:01.973322,OXCrossover,0.85,0.20,InsertMutation,0.01,binary_tournament,random,388,"{'crossover_name': ['PMXCrossover', 'CXCrossover', 'OXCrossover'], 'crossover_probability': [0.75, 0.8, 0.85, 0.9], 'elitism_rate': [0.1, 0.2], 'mutation_name': ['InsertMutation', 'SwapMutation'], 'mutation_probability': [0.01, 0.05, 0.1], 'selection_type': ['binary_tournament', 'roulette_wheel'], 'vehicle_construction': ['random', 'bellman_split']}",COMPLETE
389,866.11,2026-06-02 22:00:56.197851,2026-06-02 22:01:12.607657,0 days 00:00:16.409806,PMXCrossover,0.85,0.10,SwapMutation,0.01,roulette_wheel,bellman_split,389,"{'crossover_name': ['PMXCrossover', 'CXCrossover', 'OXCrossover'], 'crossover_probability': [0.75, 0.8, 0.85, 0.9], 'elitism_rate': [0.1, 0.2], 'mutation_name': ['InsertMutation', 'SwapMutation'], 'mutation_probability': [0.01, 0.05, 0.1], 'selection_type': ['binary_tournament', 'roulette_wheel'], 'vehicle_construction': ['random', 'bellman_split']}",COMPLETE
390,976.98,2026-06-02 22:01:12.607968,2026-06-02 22:01:27.870015,0 days 00:00:15.262047,PMXCrossover,0.90,0.10,SwapMutation,0.10,roulette_wheel,random,390,"{'crossover_name': ['PMXCrossover', 'CXCrossover', 'OXCrossover'], 'crossover_probability': [0.75, 0.8, 0.85, 0.9], 'elitism_rate': [0.1, 0.2], 'mutation_name': ['InsertMutation', 'SwapMutation'], 'mutation_probability': [0.01, 0.05, 0.1], 'selection_type': ['binary_tournament', 'roulette_wheel'], 'vehicle_construction': ['random', 'bellman_split']}",COMPLETE
391,1104.25,2026-06-02 22:01:27.870333,2026-06-02 22:01:42.779480,0 days 00:00:14.909147,CXCrossover,0.80,0.20,InsertMutation,0.01,roulette_wheel,bellman_split,391,"{'crossover_name': ['PMXCrossover', 'CXCrossover', 'OXCrossover'], 'crossover_probability': [0.75, 0.8, 0.85, 0.9], 'elitism_rate': [0.1, 0.2], 'mutation_name': ['InsertMutation', 'SwapMutation'], 'mutation_probability': [0.01, 0.05, 0.1], 'selection_type': ['binary_tournament', 'roulette_wheel'], 'vehicle_construction': ['random', 'bellman_split']}",COMPLETE
392,1059.38,2026-06-02 22:01:42.779799,2026-06-02 22:01:58.619520,0 days 00:00:15.839721,CXCrossover,0.75,0.10,SwapMutation,0.01,roulette_wheel,bellman_split,392,"{'crossover_name': ['PMXCrossover', 'CXCrossover', 'OXCrossover'], 'crossover_probability': [0.75, 0.8, 0.85, 0.9], 'elitism_rate': [0.1, 0.2], 'mutation_name': ['InsertMutation', 'SwapMutation'], 'mutation_probability': [0.01, 0.05, 0.1], 'selection_type': ['binary_tournament', 'roulette_wheel'], 'vehicle_construction': ['random', 'bellman_split']}",COMPLETE
393,914.56,2026-06-02 22:01:58.619820,2026-06-02 22:02:00.331014,0 days 00:00:01.711194,PMXCrossover,0.75,0.20,SwapMutation,0.05,binary_tournament,random,393,"{'crossover_name': ['PMXCrossover', 'CXCrossover', 'OXCrossover'], 'crossover_probability': [0.75, 0.8, 0.85, 0.9], 'elitism_rate': [0.1, 0.2], 'mutation_name': ['InsertMutation', 'SwapMutation'], 'mutation_probability': [0.01, 0.05, 0.1], 'selection_type': ['binary_tournament', 'roulette_wheel'], 'vehicle_construction': ['random', 'bellman_split']}",COMPLETE
394,1052.83,2026-06-02 22:02:00.331564,2026-06-02 22:02:13.257233,0 days 00:00:12.925669,CXCrossover,0.80,0.20,InsertMutation,0.10,roulette_wheel,random,394,"{'crossover_name': ['PMXCrossover', 'CXCrossover', 'OXCrossover'], 'crossover_probability': [0.75, 0.8, 0.85, 0.9], 'elitism_rate': [0.1, 0.2], 'mutation_name': ['InsertMutation', 'SwapMutation'], 'mutation_probability': [0.01, 0.05, 0.1], 'selection_type': ['binary_tournament', 'roulette_wheel'], 'vehicle_construction': ['random', 'bellman_split']}",COMPLETE
395,926.39,2026-06-02 22:02:13.257547,2026-06-02 22:02:26.149184,0 days 00:00:12.891637,OXCrossover,0.80,0.20,SwapMutation,0.01,roulette_wheel,random,395,"{'crossover_name': ['PMXCrossover', 'CXCrossover', 'OXCrossover'], 'crossover_probability': [0.75, 0.8, 0.85, 0.9], 'elitism_rate': [0.1, 0.2], 'mutation_name': ['InsertMutation', 'SwapMutation'], 'mutation_probability': [0.01, 0.05, 0.1], 'selection_type': ['binary_tournament', 'roulette_wheel'], 'vehicle_construction': ['random', 'bellman_split']}",COMPLETE
396,896.46,2026-06-02 22:02:26.149509,2026-06-02 22:02:44.053767,0 days 00:00:17.904258,PMXCrossover,0.80,0.20,InsertMutation,0.05,roulette_wheel,bellman_split,396,"{'crossover_name': ['PMXCrossover', 'CXCrossover', 'OXCrossover'], 'crossover_probability': [0.75, 0.8, 0.85, 0.9], 'elitism_rate': [0.1, 0.2], 'mutation_name': ['InsertMutation', 'SwapMutation'], 'mutation_probability': [0.01, 0.05, 0.1], 'selection_type': ['binary_tournament', 'roulette_wheel'], 'vehicle_construction': ['random', 'bellman_split']}",COMPLETE
397,1001.63,2026-06-02 22:02:44.054201,2026-06-02 22:02:46.526469,0 days 00:00:02.472268,OXCrossover,0.75,0.20,InsertMutation,0.10,binary_tournament,random,397,"{'crossover_name': ['PMXCrossover', 'CXCrossover', 'OXCrossover'], 'crossover_probability': [0.75, 0.8, 0.85, 0.9], 'elitism_rate': [0.1, 0.2], 'mutation_name': ['InsertMutation', 'SwapMutation'], 'mutation_probability': [0.01, 0.05, 0.1], 'selection_type': ['binary_tournament', 'roulette_wheel'], 'vehicle_construction': ['random', 'bellman_split']}",COMPLETE
398,947.58,2026-06-02 22:02:46.526797,2026-06-02 22:03:00.500829,0 days 00:00:13.974032,OXCrossover,0.85,0.20,InsertMutation,0.01,roulette_wheel,random,398,"{'crossover_name': ['PMXCrossover', 'CXCrossover', 'OXCrossover'], 'crossover_probability': [0.75, 0.8, 0.85, 0.9], 'elitism_rate': [0.1, 0.2], 'mutation_name': ['InsertMutation', 'SwapMutation'], 'mutation_probability': [0.01, 0.05, 0.1], 'selection_type': ['binary_tournament', 'roulette_wheel'], 'vehicle_construction': ['random', 'bellman_split']}",COMPLETE
399,1140.60,2026-06-02 22:03:00.501143,2026-06-02 22:03:15.899915,0 days 00:00:15.398772,CXCrossover,0.85,0.20,SwapMutation,0.01,roulette_wheel,bellman_split,399,"{'crossover_name': ['PMXCrossover', 'CXCrossover', 'OXCrossover'], 'crossover_probability': [0.75, 0.8, 0.85, 0.9], 'elitism_rate': [0.1, 0.2], 'mutation_name': ['InsertMutation', 'SwapMutation'], 'mutation_probability': [0.01, 0.05, 0.1], 'selection_type': ['binary_tournament', 'roulette_wheel'], 'vehicle_construction': ['random', 'bellman_split']}",COMPLETE
400,1034.11,2026-06-02 22:03:15.900234,2026-06-02 22:03:19.997525,0 days 00:00:04.097291,PMXCrossover,0.75,0.10,SwapMutation,0.01,binary_tournament,bellman_split,400,"{'crossover_name': ['PMXCrossover', 'CXCrossover', 'OXCrossover'], 'crossover_probability': [0.75, 0.8, 0.85, 0.9], 'elitism_rate': [0.1, 0.2], 'mutation_name': ['InsertMutation', 'SwapMutation'], 'mutation_probability': [0.01, 0.05, 0.1], 'selection_type': ['binary_tournament', 'roulette_wheel'], 'vehicle_construction': ['random', 'bellman_split']}",COMPLETE
401,930.05,2026-06-02 22:03:19.997817,2026-06-02 22:03:34.842685,0 days 00:00:14.844868,CXCrossover,0.80,0.20,SwapMutation,0.10,roulette_wheel,bellman_split,401,"{'crossover_name': ['PMXCrossover', 'CXCrossover', 'OXCrossover'], 'crossover_probability': [0.75, 0.8, 0.85, 0.9], 'elitism_rate': [0.1, 0.2], 'mutation_name': ['InsertMutation', 'SwapMutation'], 'mutation_probability': [0.01, 0.05, 0.1], 'selection_type': ['binary_tournament', 'roulette_wheel'], 'vehicle_construction': ['random', 'bellman_split']}",COMPLETE
402,1233.55,2026-06-02 22:03:34.843000,2026-06-02 22:03:46.679245,0 days 00:00:11.836245,CXCrossover,0.85,0.20,SwapMutation,0.01,roulette_wheel,random,402,"{'crossover_name': ['PMXCrossover', 'CXCrossover', 'OXCrossover'], 'crossover_probability': [0.75, 0.8, 0.85, 0.9], 'elitism_rate': [0.1, 0.2], 'mutation_name': ['InsertMutation', 'SwapMutation'], 'mutation_probability': [0.01, 0.05, 0.1], 'selection_type': ['binary_tournament', 'roulette_wheel'], 'vehicle_construction': ['random', 'bellman_split']}",COMPLETE
403,959.97,2026-06-02 22:03:46.679559,2026-06-02 22:03:51.218683,0 days 00:00:04.539124,PMXCrossover,0.85,0.20,InsertMutation,0.01,binary_tournament,bellman_split,403,"{'crossover_name': ['PMXCrossover', 'CXCrossover', 'OXCrossover'], 'crossover_probability': [0.75, 0.8, 0.85, 0.9], 'elitism_rate': [0.1, 0.2], 'mutation_name': ['InsertMutation', 'SwapMutation'], 'mutation_probability': [0.01, 0.05, 0.1], 'selection_type': ['binary_tournament', 'roulette_wheel'], 'vehicle_construction': ['random', 'bellman_split']}",COMPLETE
404,1004.52,2026-06-02 22:03:51.219018,2026-06-02 22:04:06.786276,0 days 00:00:15.567258,CXCrossover,0.80,0.10,InsertMutation,0.10,roulette_wheel,bellman_split,404,"{'crossover_name': ['PMXCrossover', 'CXCrossover', 'OXCrossover'], 'crossover_probability': [0.75, 0.8, 0.85, 0.9], 'elitism_rate': [0.1, 0.2], 'mutation_name': ['InsertMutation', 'SwapMutation'], 'mutation_probability': [0.01, 0.05, 0.1], 'selection_type': ['binary_tournament', 'roulette_wheel'], 'vehicle_construction': ['random', 'bellman_split']}",COMPLETE
405,1305.65,2026-06-02 22:04:06.786560,2026-06-02 22:04:08.538701,0 days 00:00:01.752141,CXCrossover,0.75,0.20,SwapMutation,0.01,binary_tournament,random,405,"{'crossover_name': ['PMXCrossover', 'CXCrossover', 'OXCrossover'], 'crossover_probability': [0.75, 0.8, 0.85, 0.9], 'elitism_rate': [0.1, 0.2], 'mutation_name': ['InsertMutation', 'SwapMutation'], 'mutation_probability': [0.01, 0.05, 0.1], 'selection_type': ['binary_tournament', 'roulette_wheel'], 'vehicle_construction': ['random', 'bellman_split']}",COMPLETE
406,868.06,2026-06-02 22:04:08.539301,2026-06-02 22:04:23.537890,0 days 00:00:14.998589,OXCrossover,0.80,0.20,InsertMutation,0.05,roulette_wheel,bellman_split,406,"{'crossover_name': ['PMXCrossover', 'CXCrossover', 'OXCrossover'], 'crossover_probability': [0.75, 0.8, 0.85, 0.9], 'elitism_rate': [0.1, 0.2], 'mutation_name': ['InsertMutation', 'SwapMutation'], 'mutation_probability': [0.01, 0.05, 0.1], 'selection_type': ['binary_tournament', 'roulette_wheel'], 'vehicle_construction': ['random', 'bellman_split']}",COMPLETE
407,1013.08,2026-06-02 22:04:23.538178,2026-06-02 22:04:28.576432,0 days 00:00:05.038254,PMXCrossover,0.90,0.10,SwapMutation,0.05,binary_tournament,bellman_split,407,"{'crossover_name': ['PMXCrossover', 'CXCrossover', 'OXCrossover'], 'crossover_probability': [0.75, 0.8, 0.85, 0.9], 'elitism_rate': [0.1, 0.2], 'mutation_name': ['InsertMutation', 'SwapMutation'], 'mutation_probability': [0.01, 0.05, 0.1], 'selection_type': ['binary_tournament', 'roulette_wheel'], 'vehicle_construction': ['random', 'bellman_split']}",COMPLETE
408,952.87,2026-06-02 22:04:28.576749,2026-06-02 22:04:43.395252,0 days 00:00:14.818503,PMXCrossover,0.80,0.20,InsertMutation,0.10,roulette_wheel,bellman_split,408,"{'crossover_name': ['PMXCrossover', 'CXCrossover', 'OXCrossover'], 'crossover_probability': [0.75, 0.8, 0.85, 0.9], 'elitism_rate': [0.1, 0.2], 'mutation_name': ['InsertMutation', 'SwapMutation'], 'mutation_probability': [0.01, 0.05, 0.1], 'selection_type': ['binary_tournament', 'roulette_wheel'], 'vehicle_construction': ['random', 'bellman_split']}",COMPLETE
409,962.63,2026-06-02 22:04:43.395570,2026-06-02 22:04:48.008973,0 days 00:00:04.613403,PMXCrossover,0.85,0.10,SwapMutation,0.10,binary_tournament,bellman_split,409,"{'crossover_name': ['PMXCrossover', 'CXCrossover', 'OXCrossover'], 'crossover_probability': [0.75, 0.8, 0.85, 0.9], 'elitism_rate': [0.1, 0.2], 'mutation_name': ['InsertMutation', 'SwapMutation'], 'mutation_probability': [0.01, 0.05, 0.1], 'selection_type': ['binary_tournament', 'roulette_wheel'], 'vehicle_construction': ['random', 'bellman_split']}",COMPLETE
