number,value,datetime_start,datetime_complete,duration,params_crossover_name,params_crossover_probability,params_elitism_rate,params_mutation_name,params_mutation_probability,params_selection_type,params_vehicle_construction,system_attrs_grid_id,system_attrs_search_space,state
205,949.72,2026-06-02 21:35:15.936374,2026-06-02 21:35:17.707370,0 days 00:00:01.770996,PMXCrossover,0.75,0.10,InsertMutation,0.10,binary_tournament,random,205,"{'crossover_name': ['PMXCrossover', 'CXCrossover', 'OXCrossover'], 'crossover_probability': [0.75, 0.8, 0.85, 0.9], 'elitism_rate': [0.1, 0.2], 'mutation_name': ['InsertMutation', 'SwapMutation'], 'mutation_probability': [0.01, 0.05, 0.1], 'selection_type': ['binary_tournament', 'roulette_wheel'], 'vehicle_construction': ['random', 'bellman_split']}",COMPLETE
206,987.84,2026-06-02 21:35:17.707858,2026-06-02 21:35:19.810700,0 days 00:00:02.102842,OXCrossover,0.90,0.20,SwapMutation,0.05,binary_tournament,random,206,"{'crossover_name': ['PMXCrossover', 'CXCrossover', 'OXCrossover'], 'crossover_probability': [0.75, 0.8, 0.85, 0.9], 'elitism_rate': [0.1, 0.2], 'mutation_name': ['InsertMutation', 'SwapMutation'], 'mutation_probability': [0.01, 0.05, 0.1], 'selection_type': ['binary_tournament', 'roulette_wheel'], 'vehicle_construction': ['random', 'bellman_split']}",COMPLETE
207,877.94,2026-06-02 21:35:19.811201,2026-06-02 21:35:35.746162,0 days 00:00:15.934961,OXCrossover,0.75,0.10,InsertMutation,0.05,roulette_wheel,bellman_split,207,"{'crossover_name': ['PMXCrossover', 'CXCrossover', 'OXCrossover'], 'crossover_probability': [0.75, 0.8, 0.85, 0.9], 'elitism_rate': [0.1, 0.2], 'mutation_name': ['InsertMutation', 'SwapMutation'], 'mutation_probability': [0.01, 0.05, 0.1], 'selection_type': ['binary_tournament', 'roulette_wheel'], 'vehicle_construction': ['random', 'bellman_split']}",COMPLETE
208,1111.70,2026-06-02 21:35:35.746447,2026-06-02 21:35:37.618833,0 days 00:00:01.872386,CXCrossover,0.75,0.10,SwapMutation,0.05,binary_tournament,random,208,"{'crossover_name': ['PMXCrossover', 'CXCrossover', 'OXCrossover'], 'crossover_probability': [0.75, 0.8, 0.85, 0.9], 'elitism_rate': [0.1, 0.2], 'mutation_name': ['InsertMutation', 'SwapMutation'], 'mutation_probability': [0.01, 0.05, 0.1], 'selection_type': ['binary_tournament', 'roulette_wheel'], 'vehicle_construction': ['random', 'bellman_split']}",COMPLETE
209,1210.71,2026-06-02 21:35:37.619131,2026-06-02 21:35:39.452237,0 days 00:00:01.833106,CXCrossover,0.80,0.20,InsertMutation,0.01,binary_tournament,random,209,"{'crossover_name': ['PMXCrossover', 'CXCrossover', 'OXCrossover'], 'crossover_probability': [0.75, 0.8, 0.85, 0.9], 'elitism_rate': [0.1, 0.2], 'mutation_name': ['InsertMutation', 'SwapMutation'], 'mutation_probability': [0.01, 0.05, 0.1], 'selection_type': ['binary_tournament', 'roulette_wheel'], 'vehicle_construction': ['random', 'bellman_split']}",COMPLETE
210,878.73,2026-06-02 21:35:39.452738,2026-06-02 21:35:44.521477,0 days 00:00:05.068739,OXCrossover,0.85,0.10,InsertMutation,0.10,binary_tournament,bellman_split,210,"{'crossover_name': ['PMXCrossover', 'CXCrossover', 'OXCrossover'], 'crossover_probability': [0.75, 0.8, 0.85, 0.9], 'elitism_rate': [0.1, 0.2], 'mutation_name': ['InsertMutation', 'SwapMutation'], 'mutation_probability': [0.01, 0.05, 0.1], 'selection_type': ['binary_tournament', 'roulette_wheel'], 'vehicle_construction': ['random', 'bellman_split']}",COMPLETE
211,1053.81,2026-06-02 21:35:44.521791,2026-06-02 21:35:49.634687,0 days 00:00:05.112896,CXCrossover,0.90,0.10,InsertMutation,0.10,binary_tournament,bellman_split,211,"{'crossover_name': ['PMXCrossover', 'CXCrossover', 'OXCrossover'], 'crossover_probability': [0.75, 0.8, 0.85, 0.9], 'elitism_rate': [0.1, 0.2], 'mutation_name': ['InsertMutation', 'SwapMutation'], 'mutation_probability': [0.01, 0.05, 0.1], 'selection_type': ['binary_tournament', 'roulette_wheel'], 'vehicle_construction': ['random', 'bellman_split']}",COMPLETE
212,1120.17,2026-06-02 21:35:49.634968,2026-06-02 21:35:54.542577,0 days 00:00:04.907609,CXCrossover,0.85,0.20,SwapMutation,0.10,binary_tournament,bellman_split,212,"{'crossover_name': ['PMXCrossover', 'CXCrossover', 'OXCrossover'], 'crossover_probability': [0.75, 0.8, 0.85, 0.9], 'elitism_rate': [0.1, 0.2], 'mutation_name': ['InsertMutation', 'SwapMutation'], 'mutation_probability': [0.01, 0.05, 0.1], 'selection_type': ['binary_tournament', 'roulette_wheel'], 'vehicle_construction': ['random', 'bellman_split']}",COMPLETE
213,1018.65,2026-06-02 21:35:54.542908,2026-06-02 21:36:05.972884,0 days 00:00:11.429976,PMXCrossover,0.75,0.20,SwapMutation,0.01,roulette_wheel,random,213,"{'crossover_name': ['PMXCrossover', 'CXCrossover', 'OXCrossover'], 'crossover_probability': [0.75, 0.8, 0.85, 0.9], 'elitism_rate': [0.1, 0.2], 'mutation_name': ['InsertMutation', 'SwapMutation'], 'mutation_probability': [0.01, 0.05, 0.1], 'selection_type': ['binary_tournament', 'roulette_wheel'], 'vehicle_construction': ['random', 'bellman_split']}",COMPLETE
214,1247.76,2026-06-02 21:36:05.973182,2026-06-02 21:36:17.704859,0 days 00:00:11.731677,CXCrossover,0.75,0.20,SwapMutation,0.01,roulette_wheel,random,214,"{'crossover_name': ['PMXCrossover', 'CXCrossover', 'OXCrossover'], 'crossover_probability': [0.75, 0.8, 0.85, 0.9], 'elitism_rate': [0.1, 0.2], 'mutation_name': ['InsertMutation', 'SwapMutation'], 'mutation_probability': [0.01, 0.05, 0.1], 'selection_type': ['binary_tournament', 'roulette_wheel'], 'vehicle_construction': ['random', 'bellman_split']}",COMPLETE
215,959.10,2026-06-02 21:36:17.705166,2026-06-02 21:36:33.816376,0 days 00:00:16.111210,OXCrossover,0.75,0.10,SwapMutation,0.05,roulette_wheel,bellman_split,215,"{'crossover_name': ['PMXCrossover', 'CXCrossover', 'OXCrossover'], 'crossover_probability': [0.75, 0.8, 0.85, 0.9], 'elitism_rate': [0.1, 0.2], 'mutation_name': ['InsertMutation', 'SwapMutation'], 'mutation_probability': [0.01, 0.05, 0.1], 'selection_type': ['binary_tournament', 'roulette_wheel'], 'vehicle_construction': ['random', 'bellman_split']}",COMPLETE
216,1127.21,2026-06-02 21:36:33.816654,2026-06-02 21:36:35.751732,0 days 00:00:01.935078,CXCrossover,0.80,0.20,InsertMutation,0.10,binary_tournament,random,216,"{'crossover_name': ['PMXCrossover', 'CXCrossover', 'OXCrossover'], 'crossover_probability': [0.75, 0.8, 0.85, 0.9], 'elitism_rate': [0.1, 0.2], 'mutation_name': ['InsertMutation', 'SwapMutation'], 'mutation_probability': [0.01, 0.05, 0.1], 'selection_type': ['binary_tournament', 'roulette_wheel'], 'vehicle_construction': ['random', 'bellman_split']}",COMPLETE
217,1083.72,2026-06-02 21:36:35.752114,2026-06-02 21:36:49.573434,0 days 00:00:13.821320,CXCrossover,0.85,0.10,SwapMutation,0.05,roulette_wheel,random,217,"{'crossover_name': ['PMXCrossover', 'CXCrossover', 'OXCrossover'], 'crossover_probability': [0.75, 0.8, 0.85, 0.9], 'elitism_rate': [0.1, 0.2], 'mutation_name': ['InsertMutation', 'SwapMutation'], 'mutation_probability': [0.01, 0.05, 0.1], 'selection_type': ['binary_tournament', 'roulette_wheel'], 'vehicle_construction': ['random', 'bellman_split']}",COMPLETE
218,1036.13,2026-06-02 21:36:49.573743,2026-06-02 21:36:54.354551,0 days 00:00:04.780808,CXCrossover,0.85,0.10,InsertMutation,0.05,binary_tournament,bellman_split,218,"{'crossover_name': ['PMXCrossover', 'CXCrossover', 'OXCrossover'], 'crossover_probability': [0.75, 0.8, 0.85, 0.9], 'elitism_rate': [0.1, 0.2], 'mutation_name': ['InsertMutation', 'SwapMutation'], 'mutation_probability': [0.01, 0.05, 0.1], 'selection_type': ['binary_tournament', 'roulette_wheel'], 'vehicle_construction': ['random', 'bellman_split']}",COMPLETE
219,1060.01,2026-06-02 21:36:54.354838,2026-06-02 21:36:56.428391,0 days 00:00:02.073553,CXCrossover,0.90,0.10,InsertMutation,0.10,binary_tournament,random,219,"{'crossover_name': ['PMXCrossover', 'CXCrossover', 'OXCrossover'], 'crossover_probability': [0.75, 0.8, 0.85, 0.9], 'elitism_rate': [0.1, 0.2], 'mutation_name': ['InsertMutation', 'SwapMutation'], 'mutation_probability': [0.01, 0.05, 0.1], 'selection_type': ['binary_tournament', 'roulette_wheel'], 'vehicle_construction': ['random', 'bellman_split']}",COMPLETE
220,824.86,2026-06-02 21:36:56.428883,2026-06-02 21:37:12.156915,0 days 00:00:15.728032,OXCrossover,0.90,0.20,SwapMutation,0.10,roulette_wheel,bellman_split,220,"{'crossover_name': ['PMXCrossover', 'CXCrossover', 'OXCrossover'], 'crossover_probability': [0.75, 0.8, 0.85, 0.9], 'elitism_rate': [0.1, 0.2], 'mutation_name': ['InsertMutation', 'SwapMutation'], 'mutation_probability': [0.01, 0.05, 0.1], 'selection_type': ['binary_tournament', 'roulette_wheel'], 'vehicle_construction': ['random', 'bellman_split']}",COMPLETE
221,903.42,2026-06-02 21:37:12.157206,2026-06-02 21:37:14.043527,0 days 00:00:01.886321,OXCrossover,0.75,0.20,SwapMutation,0.05,binary_tournament,random,221,"{'crossover_name': ['PMXCrossover', 'CXCrossover', 'OXCrossover'], 'crossover_probability': [0.75, 0.8, 0.85, 0.9], 'elitism_rate': [0.1, 0.2], 'mutation_name': ['InsertMutation', 'SwapMutation'], 'mutation_probability': [0.01, 0.05, 0.1], 'selection_type': ['binary_tournament', 'roulette_wheel'], 'vehicle_construction': ['random', 'bellman_split']}",COMPLETE
222,893.23,2026-06-02 21:37:14.043843,2026-06-02 21:37:30.243863,0 days 00:00:16.200020,PMXCrossover,0.90,0.10,SwapMutation,0.05,roulette_wheel,bellman_split,222,"{'crossover_name': ['PMXCrossover', 'CXCrossover', 'OXCrossover'], 'crossover_probability': [0.75, 0.8, 0.85, 0.9], 'elitism_rate': [0.1, 0.2], 'mutation_name': ['InsertMutation', 'SwapMutation'], 'mutation_probability': [0.01, 0.05, 0.1], 'selection_type': ['binary_tournament', 'roulette_wheel'], 'vehicle_construction': ['random', 'bellman_split']}",COMPLETE
223,895.38,2026-06-02 21:37:30.244147,2026-06-02 21:37:31.960526,0 days 00:00:01.716379,PMXCrossover,0.85,0.20,InsertMutation,0.05,binary_tournament,random,223,"{'crossover_name': ['PMXCrossover', 'CXCrossover', 'OXCrossover'], 'crossover_probability': [0.75, 0.8, 0.85, 0.9], 'elitism_rate': [0.1, 0.2], 'mutation_name': ['InsertMutation', 'SwapMutation'], 'mutation_probability': [0.01, 0.05, 0.1], 'selection_type': ['binary_tournament', 'roulette_wheel'], 'vehicle_construction': ['random', 'bellman_split']}",COMPLETE
224,954.96,2026-06-02 21:37:31.961988,2026-06-02 21:37:45.229482,0 days 00:00:13.267494,PMXCrossover,0.90,0.10,InsertMutation,0.10,roulette_wheel,random,224,"{'crossover_name': ['PMXCrossover', 'CXCrossover', 'OXCrossover'], 'crossover_probability': [0.75, 0.8, 0.85, 0.9], 'elitism_rate': [0.1, 0.2], 'mutation_name': ['InsertMutation', 'SwapMutation'], 'mutation_probability': [0.01, 0.05, 0.1], 'selection_type': ['binary_tournament', 'roulette_wheel'], 'vehicle_construction': ['random', 'bellman_split']}",COMPLETE
225,825.42,2026-06-02 21:37:45.229790,2026-06-02 21:38:01.171903,0 days 00:00:15.942113,OXCrossover,0.75,0.10,SwapMutation,0.01,roulette_wheel,bellman_split,225,"{'crossover_name': ['PMXCrossover', 'CXCrossover', 'OXCrossover'], 'crossover_probability': [0.75, 0.8, 0.85, 0.9], 'elitism_rate': [0.1, 0.2], 'mutation_name': ['InsertMutation', 'SwapMutation'], 'mutation_probability': [0.01, 0.05, 0.1], 'selection_type': ['binary_tournament', 'roulette_wheel'], 'vehicle_construction': ['random', 'bellman_split']}",COMPLETE
226,898.31,2026-06-02 21:38:01.172220,2026-06-02 21:38:16.674204,0 days 00:00:15.501984,PMXCrossover,0.80,0.10,InsertMutation,0.10,roulette_wheel,bellman_split,226,"{'crossover_name': ['PMXCrossover', 'CXCrossover', 'OXCrossover'], 'crossover_probability': [0.75, 0.8, 0.85, 0.9], 'elitism_rate': [0.1, 0.2], 'mutation_name': ['InsertMutation', 'SwapMutation'], 'mutation_probability': [0.01, 0.05, 0.1], 'selection_type': ['binary_tournament', 'roulette_wheel'], 'vehicle_construction': ['random', 'bellman_split']}",COMPLETE
227,1023.03,2026-06-02 21:38:16.674511,2026-06-02 21:38:21.452091,0 days 00:00:04.777580,CXCrossover,0.80,0.20,SwapMutation,0.10,binary_tournament,bellman_split,227,"{'crossover_name': ['PMXCrossover', 'CXCrossover', 'OXCrossover'], 'crossover_probability': [0.75, 0.8, 0.85, 0.9], 'elitism_rate': [0.1, 0.2], 'mutation_name': ['InsertMutation', 'SwapMutation'], 'mutation_probability': [0.01, 0.05, 0.1], 'selection_type': ['binary_tournament', 'roulette_wheel'], 'vehicle_construction': ['random', 'bellman_split']}",COMPLETE
228,1069.86,2026-06-02 21:38:21.452376,2026-06-02 21:38:23.132548,0 days 00:00:01.680172,PMXCrossover,0.80,0.10,InsertMutation,0.01,binary_tournament,random,228,"{'crossover_name': ['PMXCrossover', 'CXCrossover', 'OXCrossover'], 'crossover_probability': [0.75, 0.8, 0.85, 0.9], 'elitism_rate': [0.1, 0.2], 'mutation_name': ['InsertMutation', 'SwapMutation'], 'mutation_probability': [0.01, 0.05, 0.1], 'selection_type': ['binary_tournament', 'roulette_wheel'], 'vehicle_construction': ['random', 'bellman_split']}",COMPLETE
229,808.69,2026-06-02 21:38:23.132913,2026-06-02 21:38:28.196316,0 days 00:00:05.063403,OXCrossover,0.90,0.10,SwapMutation,0.01,binary_tournament,bellman_split,229,"{'crossover_name': ['PMXCrossover', 'CXCrossover', 'OXCrossover'], 'crossover_probability': [0.75, 0.8, 0.85, 0.9], 'elitism_rate': [0.1, 0.2], 'mutation_name': ['InsertMutation', 'SwapMutation'], 'mutation_probability': [0.01, 0.05, 0.1], 'selection_type': ['binary_tournament', 'roulette_wheel'], 'vehicle_construction': ['random', 'bellman_split']}",COMPLETE
230,944.72,2026-06-02 21:38:28.196632,2026-06-02 21:38:40.638690,0 days 00:00:12.442058,OXCrossover,0.90,0.20,SwapMutation,0.05,roulette_wheel,random,230,"{'crossover_name': ['PMXCrossover', 'CXCrossover', 'OXCrossover'], 'crossover_probability': [0.75, 0.8, 0.85, 0.9], 'elitism_rate': [0.1, 0.2], 'mutation_name': ['InsertMutation', 'SwapMutation'], 'mutation_probability': [0.01, 0.05, 0.1], 'selection_type': ['binary_tournament', 'roulette_wheel'], 'vehicle_construction': ['random', 'bellman_split']}",COMPLETE
231,943.55,2026-06-02 21:38:40.639044,2026-06-02 21:38:42.556689,0 days 00:00:01.917645,OXCrossover,0.80,0.20,SwapMutation,0.01,binary_tournament,random,231,"{'crossover_name': ['PMXCrossover', 'CXCrossover', 'OXCrossover'], 'crossover_probability': [0.75, 0.8, 0.85, 0.9], 'elitism_rate': [0.1, 0.2], 'mutation_name': ['InsertMutation', 'SwapMutation'], 'mutation_probability': [0.01, 0.05, 0.1], 'selection_type': ['binary_tournament', 'roulette_wheel'], 'vehicle_construction': ['random', 'bellman_split']}",COMPLETE
232,1069.74,2026-06-02 21:38:42.557135,2026-06-02 21:38:55.542504,0 days 00:00:12.985369,CXCrossover,0.85,0.10,SwapMutation,0.10,roulette_wheel,random,232,"{'crossover_name': ['PMXCrossover', 'CXCrossover', 'OXCrossover'], 'crossover_probability': [0.75, 0.8, 0.85, 0.9], 'elitism_rate': [0.1, 0.2], 'mutation_name': ['InsertMutation', 'SwapMutation'], 'mutation_probability': [0.01, 0.05, 0.1], 'selection_type': ['binary_tournament', 'roulette_wheel'], 'vehicle_construction': ['random', 'bellman_split']}",COMPLETE
233,905.20,2026-06-02 21:38:55.542816,2026-06-02 21:38:57.471574,0 days 00:00:01.928758,OXCrossover,0.85,0.20,SwapMutation,0.01,binary_tournament,random,233,"{'crossover_name': ['PMXCrossover', 'CXCrossover', 'OXCrossover'], 'crossover_probability': [0.75, 0.8, 0.85, 0.9], 'elitism_rate': [0.1, 0.2], 'mutation_name': ['InsertMutation', 'SwapMutation'], 'mutation_probability': [0.01, 0.05, 0.1], 'selection_type': ['binary_tournament', 'roulette_wheel'], 'vehicle_construction': ['random', 'bellman_split']}",COMPLETE
234,1102.68,2026-06-02 21:38:57.471865,2026-06-02 21:39:13.360483,0 days 00:00:15.888618,CXCrossover,0.80,0.10,InsertMutation,0.01,roulette_wheel,bellman_split,234,"{'crossover_name': ['PMXCrossover', 'CXCrossover', 'OXCrossover'], 'crossover_probability': [0.75, 0.8, 0.85, 0.9], 'elitism_rate': [0.1, 0.2], 'mutation_name': ['InsertMutation', 'SwapMutation'], 'mutation_probability': [0.01, 0.05, 0.1], 'selection_type': ['binary_tournament', 'roulette_wheel'], 'vehicle_construction': ['random', 'bellman_split']}",COMPLETE
235,860.23,2026-06-02 21:39:13.360807,2026-06-02 21:39:28.970324,0 days 00:00:15.609517,PMXCrossover,0.80,0.10,InsertMutation,0.05,roulette_wheel,bellman_split,235,"{'crossover_name': ['PMXCrossover', 'CXCrossover', 'OXCrossover'], 'crossover_probability': [0.75, 0.8, 0.85, 0.9], 'elitism_rate': [0.1, 0.2], 'mutation_name': ['InsertMutation', 'SwapMutation'], 'mutation_probability': [0.01, 0.05, 0.1], 'selection_type': ['binary_tournament', 'roulette_wheel'], 'vehicle_construction': ['random', 'bellman_split']}",COMPLETE
236,855.03,2026-06-02 21:39:28.970642,2026-06-02 21:39:44.183515,0 days 00:00:15.212873,PMXCrossover,0.90,0.20,InsertMutation,0.01,roulette_wheel,bellman_split,236,"{'crossover_name': ['PMXCrossover', 'CXCrossover', 'OXCrossover'], 'crossover_probability': [0.75, 0.8, 0.85, 0.9], 'elitism_rate': [0.1, 0.2], 'mutation_name': ['InsertMutation', 'SwapMutation'], 'mutation_probability': [0.01, 0.05, 0.1], 'selection_type': ['binary_tournament', 'roulette_wheel'], 'vehicle_construction': ['random', 'bellman_split']}",COMPLETE
237,857.70,2026-06-02 21:39:44.183835,2026-06-02 21:39:49.004485,0 days 00:00:04.820650,OXCrossover,0.80,0.20,SwapMutation,0.01,binary_tournament,bellman_split,237,"{'crossover_name': ['PMXCrossover', 'CXCrossover', 'OXCrossover'], 'crossover_probability': [0.75, 0.8, 0.85, 0.9], 'elitism_rate': [0.1, 0.2], 'mutation_name': ['InsertMutation', 'SwapMutation'], 'mutation_probability': [0.01, 0.05, 0.1], 'selection_type': ['binary_tournament', 'roulette_wheel'], 'vehicle_construction': ['random', 'bellman_split']}",COMPLETE
238,1087.89,2026-06-02 21:39:49.004804,2026-06-02 21:39:53.894881,0 days 00:00:04.890077,PMXCrossover,0.90,0.20,SwapMutation,0.01,binary_tournament,bellman_split,238,"{'crossover_name': ['PMXCrossover', 'CXCrossover', 'OXCrossover'], 'crossover_probability': [0.75, 0.8, 0.85, 0.9], 'elitism_rate': [0.1, 0.2], 'mutation_name': ['InsertMutation', 'SwapMutation'], 'mutation_probability': [0.01, 0.05, 0.1], 'selection_type': ['binary_tournament', 'roulette_wheel'], 'vehicle_construction': ['random', 'bellman_split']}",COMPLETE
239,1006.09,2026-06-02 21:39:53.895200,2026-06-02 21:40:06.856161,0 days 00:00:12.960961,PMXCrossover,0.90,0.10,SwapMutation,0.01,roulette_wheel,random,239,"{'crossover_name': ['PMXCrossover', 'CXCrossover', 'OXCrossover'], 'crossover_probability': [0.75, 0.8, 0.85, 0.9], 'elitism_rate': [0.1, 0.2], 'mutation_name': ['InsertMutation', 'SwapMutation'], 'mutation_probability': [0.01, 0.05, 0.1], 'selection_type': ['binary_tournament', 'roulette_wheel'], 'vehicle_construction': ['random', 'bellman_split']}",COMPLETE
240,1122.47,2026-06-02 21:40:06.856476,2026-06-02 21:40:19.649303,0 days 00:00:12.792827,CXCrossover,0.80,0.10,InsertMutation,0.05,roulette_wheel,random,240,"{'crossover_name': ['PMXCrossover', 'CXCrossover', 'OXCrossover'], 'crossover_probability': [0.75, 0.8, 0.85, 0.9], 'elitism_rate': [0.1, 0.2], 'mutation_name': ['InsertMutation', 'SwapMutation'], 'mutation_probability': [0.01, 0.05, 0.1], 'selection_type': ['binary_tournament', 'roulette_wheel'], 'vehicle_construction': ['random', 'bellman_split']}",COMPLETE
241,992.98,2026-06-02 21:40:19.649605,2026-06-02 21:40:31.420577,0 days 00:00:11.770972,PMXCrossover,0.75,0.20,InsertMutation,0.10,roulette_wheel,random,241,"{'crossover_name': ['PMXCrossover', 'CXCrossover', 'OXCrossover'], 'crossover_probability': [0.75, 0.8, 0.85, 0.9], 'elitism_rate': [0.1, 0.2], 'mutation_name': ['InsertMutation', 'SwapMutation'], 'mutation_probability': [0.01, 0.05, 0.1], 'selection_type': ['binary_tournament', 'roulette_wheel'], 'vehicle_construction': ['random', 'bellman_split']}",COMPLETE
242,798.06,2026-06-02 21:40:31.420891,2026-06-02 21:40:35.716759,0 days 00:00:04.295868,OXCrossover,0.75,0.20,InsertMutation,0.01,binary_tournament,bellman_split,242,"{'crossover_name': ['PMXCrossover', 'CXCrossover', 'OXCrossover'], 'crossover_probability': [0.75, 0.8, 0.85, 0.9], 'elitism_rate': [0.1, 0.2], 'mutation_name': ['InsertMutation', 'SwapMutation'], 'mutation_probability': [0.01, 0.05, 0.1], 'selection_type': ['binary_tournament', 'roulette_wheel'], 'vehicle_construction': ['random', 'bellman_split']}",COMPLETE
243,1074.02,2026-06-02 21:40:35.717093,2026-06-02 21:40:48.211454,0 days 00:00:12.494361,PMXCrossover,0.75,0.10,SwapMutation,0.05,roulette_wheel,random,243,"{'crossover_name': ['PMXCrossover', 'CXCrossover', 'OXCrossover'], 'crossover_probability': [0.75, 0.8, 0.85, 0.9], 'elitism_rate': [0.1, 0.2], 'mutation_name': ['InsertMutation', 'SwapMutation'], 'mutation_probability': [0.01, 0.05, 0.1], 'selection_type': ['binary_tournament', 'roulette_wheel'], 'vehicle_construction': ['random', 'bellman_split']}",COMPLETE
244,1127.14,2026-06-02 21:40:48.211746,2026-06-02 21:41:00.138721,0 days 00:00:11.926975,CXCrossover,0.85,0.20,SwapMutation,0.05,roulette_wheel,random,244,"{'crossover_name': ['PMXCrossover', 'CXCrossover', 'OXCrossover'], 'crossover_probability': [0.75, 0.8, 0.85, 0.9], 'elitism_rate': [0.1, 0.2], 'mutation_name': ['InsertMutation', 'SwapMutation'], 'mutation_probability': [0.01, 0.05, 0.1], 'selection_type': ['binary_tournament', 'roulette_wheel'], 'vehicle_construction': ['random', 'bellman_split']}",COMPLETE
245,1000.86,2026-06-02 21:41:00.139059,2026-06-02 21:41:12.260048,0 days 00:00:12.120989,OXCrossover,0.80,0.20,InsertMutation,0.10,roulette_wheel,random,245,"{'crossover_name': ['PMXCrossover', 'CXCrossover', 'OXCrossover'], 'crossover_probability': [0.75, 0.8, 0.85, 0.9], 'elitism_rate': [0.1, 0.2], 'mutation_name': ['InsertMutation', 'SwapMutation'], 'mutation_probability': [0.01, 0.05, 0.1], 'selection_type': ['binary_tournament', 'roulette_wheel'], 'vehicle_construction': ['random', 'bellman_split']}",COMPLETE
