number,value,datetime_start,datetime_complete,duration,params_crossover_name,params_crossover_probability,params_elitism_rate,params_mutation_name,params_mutation_probability,params_selection_type,params_vehicle_construction,system_attrs_grid_id,system_attrs_search_space,state
328,5119.07,2026-06-03 00:12:03.730326,2026-06-03 00:12:26.111605,0 days 00:00:22.381279,CXCrossover,0.80,0.10,SwapMutation,0.01,roulette_wheel,random,328,"{'crossover_name': ['PMXCrossover', 'CXCrossover', 'OXCrossover'], 'crossover_probability': [0.75, 0.8, 0.85, 0.9], 'elitism_rate': [0.1, 0.2], 'mutation_name': ['InsertMutation', 'SwapMutation'], 'mutation_probability': [0.01, 0.05, 0.1], 'selection_type': ['binary_tournament', 'roulette_wheel'], 'vehicle_construction': ['random', 'bellman_split']}",COMPLETE
329,3253.22,2026-06-03 00:12:26.112196,2026-06-03 00:12:41.501183,0 days 00:00:15.388987,OXCrossover,0.85,0.20,SwapMutation,0.01,binary_tournament,bellman_split,329,"{'crossover_name': ['PMXCrossover', 'CXCrossover', 'OXCrossover'], 'crossover_probability': [0.75, 0.8, 0.85, 0.9], 'elitism_rate': [0.1, 0.2], 'mutation_name': ['InsertMutation', 'SwapMutation'], 'mutation_probability': [0.01, 0.05, 0.1], 'selection_type': ['binary_tournament', 'roulette_wheel'], 'vehicle_construction': ['random', 'bellman_split']}",COMPLETE
330,4800.91,2026-06-03 00:12:41.501507,2026-06-03 00:13:04.482053,0 days 00:00:22.980546,CXCrossover,0.90,0.10,InsertMutation,0.01,roulette_wheel,random,330,"{'crossover_name': ['PMXCrossover', 'CXCrossover', 'OXCrossover'], 'crossover_probability': [0.75, 0.8, 0.85, 0.9], 'elitism_rate': [0.1, 0.2], 'mutation_name': ['InsertMutation', 'SwapMutation'], 'mutation_probability': [0.01, 0.05, 0.1], 'selection_type': ['binary_tournament', 'roulette_wheel'], 'vehicle_construction': ['random', 'bellman_split']}",COMPLETE
331,3482.75,2026-06-03 00:13:04.482421,2026-06-03 00:13:41.179150,0 days 00:00:36.696729,OXCrossover,0.90,0.10,SwapMutation,0.05,roulette_wheel,bellman_split,331,"{'crossover_name': ['PMXCrossover', 'CXCrossover', 'OXCrossover'], 'crossover_probability': [0.75, 0.8, 0.85, 0.9], 'elitism_rate': [0.1, 0.2], 'mutation_name': ['InsertMutation', 'SwapMutation'], 'mutation_probability': [0.01, 0.05, 0.1], 'selection_type': ['binary_tournament', 'roulette_wheel'], 'vehicle_construction': ['random', 'bellman_split']}",COMPLETE
332,3559.18,2026-06-03 00:13:41.179470,2026-06-03 00:14:13.965087,0 days 00:00:32.785617,OXCrossover,0.80,0.20,InsertMutation,0.10,roulette_wheel,bellman_split,332,"{'crossover_name': ['PMXCrossover', 'CXCrossover', 'OXCrossover'], 'crossover_probability': [0.75, 0.8, 0.85, 0.9], 'elitism_rate': [0.1, 0.2], 'mutation_name': ['InsertMutation', 'SwapMutation'], 'mutation_probability': [0.01, 0.05, 0.1], 'selection_type': ['binary_tournament', 'roulette_wheel'], 'vehicle_construction': ['random', 'bellman_split']}",COMPLETE
333,4527.73,2026-06-03 00:14:13.965408,2026-06-03 00:14:47.431047,0 days 00:00:33.465639,CXCrossover,0.80,0.10,SwapMutation,0.01,roulette_wheel,bellman_split,333,"{'crossover_name': ['PMXCrossover', 'CXCrossover', 'OXCrossover'], 'crossover_probability': [0.75, 0.8, 0.85, 0.9], 'elitism_rate': [0.1, 0.2], 'mutation_name': ['InsertMutation', 'SwapMutation'], 'mutation_probability': [0.01, 0.05, 0.1], 'selection_type': ['binary_tournament', 'roulette_wheel'], 'vehicle_construction': ['random', 'bellman_split']}",COMPLETE
334,4418.74,2026-06-03 00:14:47.431365,2026-06-03 00:14:51.280633,0 days 00:00:03.849268,CXCrossover,0.75,0.20,SwapMutation,0.05,binary_tournament,random,334,"{'crossover_name': ['PMXCrossover', 'CXCrossover', 'OXCrossover'], 'crossover_probability': [0.75, 0.8, 0.85, 0.9], 'elitism_rate': [0.1, 0.2], 'mutation_name': ['InsertMutation', 'SwapMutation'], 'mutation_probability': [0.01, 0.05, 0.1], 'selection_type': ['binary_tournament', 'roulette_wheel'], 'vehicle_construction': ['random', 'bellman_split']}",COMPLETE
335,4271.38,2026-06-03 00:14:51.280958,2026-06-03 00:15:05.146697,0 days 00:00:13.865739,PMXCrossover,0.85,0.20,SwapMutation,0.01,binary_tournament,bellman_split,335,"{'crossover_name': ['PMXCrossover', 'CXCrossover', 'OXCrossover'], 'crossover_probability': [0.75, 0.8, 0.85, 0.9], 'elitism_rate': [0.1, 0.2], 'mutation_name': ['InsertMutation', 'SwapMutation'], 'mutation_probability': [0.01, 0.05, 0.1], 'selection_type': ['binary_tournament', 'roulette_wheel'], 'vehicle_construction': ['random', 'bellman_split']}",COMPLETE
336,3361.79,2026-06-03 00:15:05.147062,2026-06-03 00:15:18.126064,0 days 00:00:12.979002,PMXCrossover,0.75,0.20,InsertMutation,0.10,binary_tournament,bellman_split,336,"{'crossover_name': ['PMXCrossover', 'CXCrossover', 'OXCrossover'], 'crossover_probability': [0.75, 0.8, 0.85, 0.9], 'elitism_rate': [0.1, 0.2], 'mutation_name': ['InsertMutation', 'SwapMutation'], 'mutation_probability': [0.01, 0.05, 0.1], 'selection_type': ['binary_tournament', 'roulette_wheel'], 'vehicle_construction': ['random', 'bellman_split']}",COMPLETE
337,4319.13,2026-06-03 00:15:18.126362,2026-06-03 00:15:21.472773,0 days 00:00:03.346411,PMXCrossover,0.80,0.20,SwapMutation,0.05,binary_tournament,random,337,"{'crossover_name': ['PMXCrossover', 'CXCrossover', 'OXCrossover'], 'crossover_probability': [0.75, 0.8, 0.85, 0.9], 'elitism_rate': [0.1, 0.2], 'mutation_name': ['InsertMutation', 'SwapMutation'], 'mutation_probability': [0.01, 0.05, 0.1], 'selection_type': ['binary_tournament', 'roulette_wheel'], 'vehicle_construction': ['random', 'bellman_split']}",COMPLETE
338,4559.80,2026-06-03 00:15:21.473105,2026-06-03 00:15:47.488191,0 days 00:00:26.015086,CXCrossover,0.85,0.10,InsertMutation,0.01,roulette_wheel,random,338,"{'crossover_name': ['PMXCrossover', 'CXCrossover', 'OXCrossover'], 'crossover_probability': [0.75, 0.8, 0.85, 0.9], 'elitism_rate': [0.1, 0.2], 'mutation_name': ['InsertMutation', 'SwapMutation'], 'mutation_probability': [0.01, 0.05, 0.1], 'selection_type': ['binary_tournament', 'roulette_wheel'], 'vehicle_construction': ['random', 'bellman_split']}",COMPLETE
339,4423.80,2026-06-03 00:15:47.488516,2026-06-03 00:15:51.153802,0 days 00:00:03.665286,PMXCrossover,0.75,0.20,SwapMutation,0.10,binary_tournament,random,339,"{'crossover_name': ['PMXCrossover', 'CXCrossover', 'OXCrossover'], 'crossover_probability': [0.75, 0.8, 0.85, 0.9], 'elitism_rate': [0.1, 0.2], 'mutation_name': ['InsertMutation', 'SwapMutation'], 'mutation_probability': [0.01, 0.05, 0.1], 'selection_type': ['binary_tournament', 'roulette_wheel'], 'vehicle_construction': ['random', 'bellman_split']}",COMPLETE
340,4058.89,2026-06-03 00:15:51.154269,2026-06-03 00:16:05.874289,0 days 00:00:14.720020,PMXCrossover,0.80,0.10,SwapMutation,0.01,binary_tournament,bellman_split,340,"{'crossover_name': ['PMXCrossover', 'CXCrossover', 'OXCrossover'], 'crossover_probability': [0.75, 0.8, 0.85, 0.9], 'elitism_rate': [0.1, 0.2], 'mutation_name': ['InsertMutation', 'SwapMutation'], 'mutation_probability': [0.01, 0.05, 0.1], 'selection_type': ['binary_tournament', 'roulette_wheel'], 'vehicle_construction': ['random', 'bellman_split']}",COMPLETE
341,4197.07,2026-06-03 00:16:05.874592,2026-06-03 00:16:39.824432,0 days 00:00:33.949840,CXCrossover,0.75,0.10,InsertMutation,0.05,roulette_wheel,bellman_split,341,"{'crossover_name': ['PMXCrossover', 'CXCrossover', 'OXCrossover'], 'crossover_probability': [0.75, 0.8, 0.85, 0.9], 'elitism_rate': [0.1, 0.2], 'mutation_name': ['InsertMutation', 'SwapMutation'], 'mutation_probability': [0.01, 0.05, 0.1], 'selection_type': ['binary_tournament', 'roulette_wheel'], 'vehicle_construction': ['random', 'bellman_split']}",COMPLETE
342,4183.93,2026-06-03 00:16:39.824751,2026-06-03 00:17:03.749610,0 days 00:00:23.924859,OXCrossover,0.75,0.10,SwapMutation,0.10,roulette_wheel,random,342,"{'crossover_name': ['PMXCrossover', 'CXCrossover', 'OXCrossover'], 'crossover_probability': [0.75, 0.8, 0.85, 0.9], 'elitism_rate': [0.1, 0.2], 'mutation_name': ['InsertMutation', 'SwapMutation'], 'mutation_probability': [0.01, 0.05, 0.1], 'selection_type': ['binary_tournament', 'roulette_wheel'], 'vehicle_construction': ['random', 'bellman_split']}",COMPLETE
343,3838.71,2026-06-03 00:17:03.749938,2026-06-03 00:17:08.877391,0 days 00:00:05.127453,OXCrossover,0.90,0.20,InsertMutation,0.01,binary_tournament,random,343,"{'crossover_name': ['PMXCrossover', 'CXCrossover', 'OXCrossover'], 'crossover_probability': [0.75, 0.8, 0.85, 0.9], 'elitism_rate': [0.1, 0.2], 'mutation_name': ['InsertMutation', 'SwapMutation'], 'mutation_probability': [0.01, 0.05, 0.1], 'selection_type': ['binary_tournament', 'roulette_wheel'], 'vehicle_construction': ['random', 'bellman_split']}",COMPLETE
344,3224.01,2026-06-03 00:17:08.877714,2026-06-03 00:17:23.115408,0 days 00:00:14.237694,OXCrossover,0.75,0.10,SwapMutation,0.05,binary_tournament,bellman_split,344,"{'crossover_name': ['PMXCrossover', 'CXCrossover', 'OXCrossover'], 'crossover_probability': [0.75, 0.8, 0.85, 0.9], 'elitism_rate': [0.1, 0.2], 'mutation_name': ['InsertMutation', 'SwapMutation'], 'mutation_probability': [0.01, 0.05, 0.1], 'selection_type': ['binary_tournament', 'roulette_wheel'], 'vehicle_construction': ['random', 'bellman_split']}",COMPLETE
345,4119.50,2026-06-03 00:17:23.115753,2026-06-03 00:17:57.209772,0 days 00:00:34.094019,CXCrossover,0.90,0.20,SwapMutation,0.05,roulette_wheel,bellman_split,345,"{'crossover_name': ['PMXCrossover', 'CXCrossover', 'OXCrossover'], 'crossover_probability': [0.75, 0.8, 0.85, 0.9], 'elitism_rate': [0.1, 0.2], 'mutation_name': ['InsertMutation', 'SwapMutation'], 'mutation_probability': [0.01, 0.05, 0.1], 'selection_type': ['binary_tournament', 'roulette_wheel'], 'vehicle_construction': ['random', 'bellman_split']}",COMPLETE
346,5121.71,2026-06-03 00:17:57.210096,2026-06-03 00:18:17.546127,0 days 00:00:20.336031,CXCrossover,0.75,0.20,InsertMutation,0.01,roulette_wheel,random,346,"{'crossover_name': ['PMXCrossover', 'CXCrossover', 'OXCrossover'], 'crossover_probability': [0.75, 0.8, 0.85, 0.9], 'elitism_rate': [0.1, 0.2], 'mutation_name': ['InsertMutation', 'SwapMutation'], 'mutation_probability': [0.01, 0.05, 0.1], 'selection_type': ['binary_tournament', 'roulette_wheel'], 'vehicle_construction': ['random', 'bellman_split']}",COMPLETE
347,4697.77,2026-06-03 00:18:17.546441,2026-06-03 00:18:40.118351,0 days 00:00:22.571910,CXCrossover,0.85,0.10,SwapMutation,0.01,roulette_wheel,random,347,"{'crossover_name': ['PMXCrossover', 'CXCrossover', 'OXCrossover'], 'crossover_probability': [0.75, 0.8, 0.85, 0.9], 'elitism_rate': [0.1, 0.2], 'mutation_name': ['InsertMutation', 'SwapMutation'], 'mutation_probability': [0.01, 0.05, 0.1], 'selection_type': ['binary_tournament', 'roulette_wheel'], 'vehicle_construction': ['random', 'bellman_split']}",COMPLETE
348,4380.92,2026-06-03 00:18:40.118632,2026-06-03 00:18:55.106257,0 days 00:00:14.987625,CXCrossover,0.85,0.10,InsertMutation,0.10,binary_tournament,bellman_split,348,"{'crossover_name': ['PMXCrossover', 'CXCrossover', 'OXCrossover'], 'crossover_probability': [0.75, 0.8, 0.85, 0.9], 'elitism_rate': [0.1, 0.2], 'mutation_name': ['InsertMutation', 'SwapMutation'], 'mutation_probability': [0.01, 0.05, 0.1], 'selection_type': ['binary_tournament', 'roulette_wheel'], 'vehicle_construction': ['random', 'bellman_split']}",COMPLETE
349,3745.39,2026-06-03 00:18:55.106562,2026-06-03 00:19:08.487025,0 days 00:00:13.380463,PMXCrossover,0.80,0.20,InsertMutation,0.01,binary_tournament,bellman_split,349,"{'crossover_name': ['PMXCrossover', 'CXCrossover', 'OXCrossover'], 'crossover_probability': [0.75, 0.8, 0.85, 0.9], 'elitism_rate': [0.1, 0.2], 'mutation_name': ['InsertMutation', 'SwapMutation'], 'mutation_probability': [0.01, 0.05, 0.1], 'selection_type': ['binary_tournament', 'roulette_wheel'], 'vehicle_construction': ['random', 'bellman_split']}",COMPLETE
350,4590.03,2026-06-03 00:19:08.487344,2026-06-03 00:19:44.893873,0 days 00:00:36.406529,CXCrossover,0.85,0.10,InsertMutation,0.05,roulette_wheel,bellman_split,350,"{'crossover_name': ['PMXCrossover', 'CXCrossover', 'OXCrossover'], 'crossover_probability': [0.75, 0.8, 0.85, 0.9], 'elitism_rate': [0.1, 0.2], 'mutation_name': ['InsertMutation', 'SwapMutation'], 'mutation_probability': [0.01, 0.05, 0.1], 'selection_type': ['binary_tournament', 'roulette_wheel'], 'vehicle_construction': ['random', 'bellman_split']}",COMPLETE
351,3712.14,2026-06-03 00:19:44.894197,2026-06-03 00:20:15.382677,0 days 00:00:30.488480,PMXCrossover,0.75,0.20,InsertMutation,0.10,roulette_wheel,bellman_split,351,"{'crossover_name': ['PMXCrossover', 'CXCrossover', 'OXCrossover'], 'crossover_probability': [0.75, 0.8, 0.85, 0.9], 'elitism_rate': [0.1, 0.2], 'mutation_name': ['InsertMutation', 'SwapMutation'], 'mutation_probability': [0.01, 0.05, 0.1], 'selection_type': ['binary_tournament', 'roulette_wheel'], 'vehicle_construction': ['random', 'bellman_split']}",COMPLETE
352,4234.40,2026-06-03 00:20:15.382975,2026-06-03 00:20:19.890930,0 days 00:00:04.507955,CXCrossover,0.90,0.20,SwapMutation,0.10,binary_tournament,random,352,"{'crossover_name': ['PMXCrossover', 'CXCrossover', 'OXCrossover'], 'crossover_probability': [0.75, 0.8, 0.85, 0.9], 'elitism_rate': [0.1, 0.2], 'mutation_name': ['InsertMutation', 'SwapMutation'], 'mutation_probability': [0.01, 0.05, 0.1], 'selection_type': ['binary_tournament', 'roulette_wheel'], 'vehicle_construction': ['random', 'bellman_split']}",COMPLETE
353,3971.33,2026-06-03 00:20:19.891320,2026-06-03 00:20:32.699253,0 days 00:00:12.807933,PMXCrossover,0.75,0.20,InsertMutation,0.05,binary_tournament,bellman_split,353,"{'crossover_name': ['PMXCrossover', 'CXCrossover', 'OXCrossover'], 'crossover_probability': [0.75, 0.8, 0.85, 0.9], 'elitism_rate': [0.1, 0.2], 'mutation_name': ['InsertMutation', 'SwapMutation'], 'mutation_probability': [0.01, 0.05, 0.1], 'selection_type': ['binary_tournament', 'roulette_wheel'], 'vehicle_construction': ['random', 'bellman_split']}",COMPLETE
354,3565.17,2026-06-03 00:20:32.699558,2026-06-03 00:21:05.410937,0 days 00:00:32.711379,OXCrossover,0.80,0.20,SwapMutation,0.05,roulette_wheel,bellman_split,354,"{'crossover_name': ['PMXCrossover', 'CXCrossover', 'OXCrossover'], 'crossover_probability': [0.75, 0.8, 0.85, 0.9], 'elitism_rate': [0.1, 0.2], 'mutation_name': ['InsertMutation', 'SwapMutation'], 'mutation_probability': [0.01, 0.05, 0.1], 'selection_type': ['binary_tournament', 'roulette_wheel'], 'vehicle_construction': ['random', 'bellman_split']}",COMPLETE
355,3322.84,2026-06-03 00:21:05.411253,2026-06-03 00:21:20.271581,0 days 00:00:14.860328,OXCrossover,0.80,0.10,SwapMutation,0.10,binary_tournament,bellman_split,355,"{'crossover_name': ['PMXCrossover', 'CXCrossover', 'OXCrossover'], 'crossover_probability': [0.75, 0.8, 0.85, 0.9], 'elitism_rate': [0.1, 0.2], 'mutation_name': ['InsertMutation', 'SwapMutation'], 'mutation_probability': [0.01, 0.05, 0.1], 'selection_type': ['binary_tournament', 'roulette_wheel'], 'vehicle_construction': ['random', 'bellman_split']}",COMPLETE
356,3801.04,2026-06-03 00:21:20.271876,2026-06-03 00:21:24.699010,0 days 00:00:04.427134,OXCrossover,0.80,0.20,InsertMutation,0.05,binary_tournament,random,356,"{'crossover_name': ['PMXCrossover', 'CXCrossover', 'OXCrossover'], 'crossover_probability': [0.75, 0.8, 0.85, 0.9], 'elitism_rate': [0.1, 0.2], 'mutation_name': ['InsertMutation', 'SwapMutation'], 'mutation_probability': [0.01, 0.05, 0.1], 'selection_type': ['binary_tournament', 'roulette_wheel'], 'vehicle_construction': ['random', 'bellman_split']}",COMPLETE
357,4048.68,2026-06-03 00:21:24.699331,2026-06-03 00:21:39.863223,0 days 00:00:15.163892,CXCrossover,0.85,0.10,SwapMutation,0.10,binary_tournament,bellman_split,357,"{'crossover_name': ['PMXCrossover', 'CXCrossover', 'OXCrossover'], 'crossover_probability': [0.75, 0.8, 0.85, 0.9], 'elitism_rate': [0.1, 0.2], 'mutation_name': ['InsertMutation', 'SwapMutation'], 'mutation_probability': [0.01, 0.05, 0.1], 'selection_type': ['binary_tournament', 'roulette_wheel'], 'vehicle_construction': ['random', 'bellman_split']}",COMPLETE
358,3951.29,2026-06-03 00:21:39.863516,2026-06-03 00:21:45.246248,0 days 00:00:05.382732,OXCrossover,0.90,0.10,SwapMutation,0.10,binary_tournament,random,358,"{'crossover_name': ['PMXCrossover', 'CXCrossover', 'OXCrossover'], 'crossover_probability': [0.75, 0.8, 0.85, 0.9], 'elitism_rate': [0.1, 0.2], 'mutation_name': ['InsertMutation', 'SwapMutation'], 'mutation_probability': [0.01, 0.05, 0.1], 'selection_type': ['binary_tournament', 'roulette_wheel'], 'vehicle_construction': ['random', 'bellman_split']}",COMPLETE
359,4408.90,2026-06-03 00:21:45.246623,2026-06-03 00:21:58.745091,0 days 00:00:13.498468,CXCrossover,0.75,0.20,InsertMutation,0.01,binary_tournament,bellman_split,359,"{'crossover_name': ['PMXCrossover', 'CXCrossover', 'OXCrossover'], 'crossover_probability': [0.75, 0.8, 0.85, 0.9], 'elitism_rate': [0.1, 0.2], 'mutation_name': ['InsertMutation', 'SwapMutation'], 'mutation_probability': [0.01, 0.05, 0.1], 'selection_type': ['binary_tournament', 'roulette_wheel'], 'vehicle_construction': ['random', 'bellman_split']}",COMPLETE
360,3904.31,2026-06-03 00:21:58.745386,2026-06-03 00:22:29.211497,0 days 00:00:30.466111,PMXCrossover,0.75,0.20,InsertMutation,0.01,roulette_wheel,bellman_split,360,"{'crossover_name': ['PMXCrossover', 'CXCrossover', 'OXCrossover'], 'crossover_probability': [0.75, 0.8, 0.85, 0.9], 'elitism_rate': [0.1, 0.2], 'mutation_name': ['InsertMutation', 'SwapMutation'], 'mutation_probability': [0.01, 0.05, 0.1], 'selection_type': ['binary_tournament', 'roulette_wheel'], 'vehicle_construction': ['random', 'bellman_split']}",COMPLETE
361,3294.92,2026-06-03 00:22:29.211812,2026-06-03 00:22:43.903417,0 days 00:00:14.691605,OXCrossover,0.80,0.10,SwapMutation,0.05,binary_tournament,bellman_split,361,"{'crossover_name': ['PMXCrossover', 'CXCrossover', 'OXCrossover'], 'crossover_probability': [0.75, 0.8, 0.85, 0.9], 'elitism_rate': [0.1, 0.2], 'mutation_name': ['InsertMutation', 'SwapMutation'], 'mutation_probability': [0.01, 0.05, 0.1], 'selection_type': ['binary_tournament', 'roulette_wheel'], 'vehicle_construction': ['random', 'bellman_split']}",COMPLETE
362,3410.08,2026-06-03 00:22:43.903741,2026-06-03 00:22:57.613854,0 days 00:00:13.710113,OXCrossover,0.75,0.10,InsertMutation,0.05,binary_tournament,bellman_split,362,"{'crossover_name': ['PMXCrossover', 'CXCrossover', 'OXCrossover'], 'crossover_probability': [0.75, 0.8, 0.85, 0.9], 'elitism_rate': [0.1, 0.2], 'mutation_name': ['InsertMutation', 'SwapMutation'], 'mutation_probability': [0.01, 0.05, 0.1], 'selection_type': ['binary_tournament', 'roulette_wheel'], 'vehicle_construction': ['random', 'bellman_split']}",COMPLETE
363,4164.91,2026-06-03 00:22:57.614149,2026-06-03 00:23:00.994553,0 days 00:00:03.380404,PMXCrossover,0.90,0.10,SwapMutation,0.01,binary_tournament,random,363,"{'crossover_name': ['PMXCrossover', 'CXCrossover', 'OXCrossover'], 'crossover_probability': [0.75, 0.8, 0.85, 0.9], 'elitism_rate': [0.1, 0.2], 'mutation_name': ['InsertMutation', 'SwapMutation'], 'mutation_probability': [0.01, 0.05, 0.1], 'selection_type': ['binary_tournament', 'roulette_wheel'], 'vehicle_construction': ['random', 'bellman_split']}",COMPLETE
364,3489.85,2026-06-03 00:23:00.994870,2026-06-03 00:23:15.288067,0 days 00:00:14.293197,OXCrossover,0.80,0.10,SwapMutation,0.01,binary_tournament,bellman_split,364,"{'crossover_name': ['PMXCrossover', 'CXCrossover', 'OXCrossover'], 'crossover_probability': [0.75, 0.8, 0.85, 0.9], 'elitism_rate': [0.1, 0.2], 'mutation_name': ['InsertMutation', 'SwapMutation'], 'mutation_probability': [0.01, 0.05, 0.1], 'selection_type': ['binary_tournament', 'roulette_wheel'], 'vehicle_construction': ['random', 'bellman_split']}",COMPLETE
365,3268.53,2026-06-03 00:23:15.288367,2026-06-03 00:23:30.111140,0 days 00:00:14.822773,OXCrossover,0.80,0.20,InsertMutation,0.01,binary_tournament,bellman_split,365,"{'crossover_name': ['PMXCrossover', 'CXCrossover', 'OXCrossover'], 'crossover_probability': [0.75, 0.8, 0.85, 0.9], 'elitism_rate': [0.1, 0.2], 'mutation_name': ['InsertMutation', 'SwapMutation'], 'mutation_probability': [0.01, 0.05, 0.1], 'selection_type': ['binary_tournament', 'roulette_wheel'], 'vehicle_construction': ['random', 'bellman_split']}",COMPLETE
366,4322.39,2026-06-03 00:23:30.111433,2026-06-03 00:23:50.801796,0 days 00:00:20.690363,PMXCrossover,0.85,0.20,SwapMutation,0.05,roulette_wheel,random,366,"{'crossover_name': ['PMXCrossover', 'CXCrossover', 'OXCrossover'], 'crossover_probability': [0.75, 0.8, 0.85, 0.9], 'elitism_rate': [0.1, 0.2], 'mutation_name': ['InsertMutation', 'SwapMutation'], 'mutation_probability': [0.01, 0.05, 0.1], 'selection_type': ['binary_tournament', 'roulette_wheel'], 'vehicle_construction': ['random', 'bellman_split']}",COMPLETE
367,4671.37,2026-06-03 00:23:50.802437,2026-06-03 00:23:55.004510,0 days 00:00:04.202073,CXCrossover,0.75,0.10,SwapMutation,0.10,binary_tournament,random,367,"{'crossover_name': ['PMXCrossover', 'CXCrossover', 'OXCrossover'], 'crossover_probability': [0.75, 0.8, 0.85, 0.9], 'elitism_rate': [0.1, 0.2], 'mutation_name': ['InsertMutation', 'SwapMutation'], 'mutation_probability': [0.01, 0.05, 0.1], 'selection_type': ['binary_tournament', 'roulette_wheel'], 'vehicle_construction': ['random', 'bellman_split']}",COMPLETE
368,3954.87,2026-06-03 00:23:55.004830,2026-06-03 00:23:58.589241,0 days 00:00:03.584411,PMXCrossover,0.85,0.10,InsertMutation,0.10,binary_tournament,random,368,"{'crossover_name': ['PMXCrossover', 'CXCrossover', 'OXCrossover'], 'crossover_probability': [0.75, 0.8, 0.85, 0.9], 'elitism_rate': [0.1, 0.2], 'mutation_name': ['InsertMutation', 'SwapMutation'], 'mutation_probability': [0.01, 0.05, 0.1], 'selection_type': ['binary_tournament', 'roulette_wheel'], 'vehicle_construction': ['random', 'bellman_split']}",COMPLETE
