number,value,datetime_start,datetime_complete,duration,params_crossover_name,params_crossover_probability,params_elitism_rate,params_mutation_name,params_mutation_probability,params_selection_type,params_vehicle_construction,system_attrs_grid_id,system_attrs_search_space,state
286,27803.89,2026-06-03 04:34:56.967484,2026-06-03 04:35:04.819621,0 days 00:00:07.852137,PMXCrossover,0.90,0.10,SwapMutation,0.10,binary_tournament,random,286,"{'crossover_name': ['PMXCrossover', 'CXCrossover', 'OXCrossover'], 'crossover_probability': [0.75, 0.8, 0.85, 0.9], 'elitism_rate': [0.1, 0.2], 'mutation_name': ['InsertMutation', 'SwapMutation'], 'mutation_probability': [0.01, 0.05, 0.1], 'selection_type': ['binary_tournament', 'roulette_wheel'], 'vehicle_construction': ['random', 'bellman_split']}",COMPLETE
287,27155.55,2026-06-03 04:35:04.820162,2026-06-03 04:35:39.984507,0 days 00:00:35.164345,PMXCrossover,0.85,0.10,InsertMutation,0.10,roulette_wheel,random,287,"{'crossover_name': ['PMXCrossover', 'CXCrossover', 'OXCrossover'], 'crossover_probability': [0.75, 0.8, 0.85, 0.9], 'elitism_rate': [0.1, 0.2], 'mutation_name': ['InsertMutation', 'SwapMutation'], 'mutation_probability': [0.01, 0.05, 0.1], 'selection_type': ['binary_tournament', 'roulette_wheel'], 'vehicle_construction': ['random', 'bellman_split']}",COMPLETE
288,23785.91,2026-06-03 04:35:39.984804,2026-06-03 04:36:21.800500,0 days 00:00:41.815696,OXCrossover,0.75,0.20,InsertMutation,0.10,binary_tournament,bellman_split,288,"{'crossover_name': ['PMXCrossover', 'CXCrossover', 'OXCrossover'], 'crossover_probability': [0.75, 0.8, 0.85, 0.9], 'elitism_rate': [0.1, 0.2], 'mutation_name': ['InsertMutation', 'SwapMutation'], 'mutation_probability': [0.01, 0.05, 0.1], 'selection_type': ['binary_tournament', 'roulette_wheel'], 'vehicle_construction': ['random', 'bellman_split']}",COMPLETE
289,26234.26,2026-06-03 04:36:21.800826,2026-06-03 04:37:31.566619,0 days 00:01:09.765793,PMXCrossover,0.80,0.10,SwapMutation,0.01,roulette_wheel,bellman_split,289,"{'crossover_name': ['PMXCrossover', 'CXCrossover', 'OXCrossover'], 'crossover_probability': [0.75, 0.8, 0.85, 0.9], 'elitism_rate': [0.1, 0.2], 'mutation_name': ['InsertMutation', 'SwapMutation'], 'mutation_probability': [0.01, 0.05, 0.1], 'selection_type': ['binary_tournament', 'roulette_wheel'], 'vehicle_construction': ['random', 'bellman_split']}",COMPLETE
290,24891.92,2026-06-03 04:37:31.566915,2026-06-03 04:38:13.952024,0 days 00:00:42.385109,PMXCrossover,0.85,0.10,InsertMutation,0.10,binary_tournament,bellman_split,290,"{'crossover_name': ['PMXCrossover', 'CXCrossover', 'OXCrossover'], 'crossover_probability': [0.75, 0.8, 0.85, 0.9], 'elitism_rate': [0.1, 0.2], 'mutation_name': ['InsertMutation', 'SwapMutation'], 'mutation_probability': [0.01, 0.05, 0.1], 'selection_type': ['binary_tournament', 'roulette_wheel'], 'vehicle_construction': ['random', 'bellman_split']}",COMPLETE
291,24016.93,2026-06-03 04:38:13.952384,2026-06-03 04:38:57.607789,0 days 00:00:43.655405,OXCrossover,0.75,0.20,SwapMutation,0.10,binary_tournament,bellman_split,291,"{'crossover_name': ['PMXCrossover', 'CXCrossover', 'OXCrossover'], 'crossover_probability': [0.75, 0.8, 0.85, 0.9], 'elitism_rate': [0.1, 0.2], 'mutation_name': ['InsertMutation', 'SwapMutation'], 'mutation_probability': [0.01, 0.05, 0.1], 'selection_type': ['binary_tournament', 'roulette_wheel'], 'vehicle_construction': ['random', 'bellman_split']}",COMPLETE
292,23634.43,2026-06-03 04:38:57.608119,2026-06-03 04:39:45.966709,0 days 00:00:48.358590,OXCrossover,0.90,0.20,SwapMutation,0.01,binary_tournament,bellman_split,292,"{'crossover_name': ['PMXCrossover', 'CXCrossover', 'OXCrossover'], 'crossover_probability': [0.75, 0.8, 0.85, 0.9], 'elitism_rate': [0.1, 0.2], 'mutation_name': ['InsertMutation', 'SwapMutation'], 'mutation_probability': [0.01, 0.05, 0.1], 'selection_type': ['binary_tournament', 'roulette_wheel'], 'vehicle_construction': ['random', 'bellman_split']}",COMPLETE
293,24967.43,2026-06-03 04:39:45.967034,2026-06-03 04:39:57.518670,0 days 00:00:11.551636,OXCrossover,0.85,0.10,SwapMutation,0.05,binary_tournament,random,293,"{'crossover_name': ['PMXCrossover', 'CXCrossover', 'OXCrossover'], 'crossover_probability': [0.75, 0.8, 0.85, 0.9], 'elitism_rate': [0.1, 0.2], 'mutation_name': ['InsertMutation', 'SwapMutation'], 'mutation_probability': [0.01, 0.05, 0.1], 'selection_type': ['binary_tournament', 'roulette_wheel'], 'vehicle_construction': ['random', 'bellman_split']}",COMPLETE
294,26945.38,2026-06-03 04:39:57.519120,2026-06-03 04:41:12.596431,0 days 00:01:15.077311,CXCrossover,0.90,0.10,SwapMutation,0.05,roulette_wheel,bellman_split,294,"{'crossover_name': ['PMXCrossover', 'CXCrossover', 'OXCrossover'], 'crossover_probability': [0.75, 0.8, 0.85, 0.9], 'elitism_rate': [0.1, 0.2], 'mutation_name': ['InsertMutation', 'SwapMutation'], 'mutation_probability': [0.01, 0.05, 0.1], 'selection_type': ['binary_tournament', 'roulette_wheel'], 'vehicle_construction': ['random', 'bellman_split']}",COMPLETE
295,25189.60,2026-06-03 04:41:12.596734,2026-06-03 04:41:51.948450,0 days 00:00:39.351716,PMXCrossover,0.80,0.20,SwapMutation,0.10,binary_tournament,bellman_split,295,"{'crossover_name': ['PMXCrossover', 'CXCrossover', 'OXCrossover'], 'crossover_probability': [0.75, 0.8, 0.85, 0.9], 'elitism_rate': [0.1, 0.2], 'mutation_name': ['InsertMutation', 'SwapMutation'], 'mutation_probability': [0.01, 0.05, 0.1], 'selection_type': ['binary_tournament', 'roulette_wheel'], 'vehicle_construction': ['random', 'bellman_split']}",COMPLETE
296,25515.34,2026-06-03 04:41:51.948771,2026-06-03 04:42:01.381866,0 days 00:00:09.433095,OXCrossover,0.75,0.20,InsertMutation,0.01,binary_tournament,random,296,"{'crossover_name': ['PMXCrossover', 'CXCrossover', 'OXCrossover'], 'crossover_probability': [0.75, 0.8, 0.85, 0.9], 'elitism_rate': [0.1, 0.2], 'mutation_name': ['InsertMutation', 'SwapMutation'], 'mutation_probability': [0.01, 0.05, 0.1], 'selection_type': ['binary_tournament', 'roulette_wheel'], 'vehicle_construction': ['random', 'bellman_split']}",COMPLETE
297,25691.32,2026-06-03 04:42:01.382166,2026-06-03 04:43:13.213821,0 days 00:01:11.831655,OXCrossover,0.80,0.20,SwapMutation,0.10,roulette_wheel,bellman_split,297,"{'crossover_name': ['PMXCrossover', 'CXCrossover', 'OXCrossover'], 'crossover_probability': [0.75, 0.8, 0.85, 0.9], 'elitism_rate': [0.1, 0.2], 'mutation_name': ['InsertMutation', 'SwapMutation'], 'mutation_probability': [0.01, 0.05, 0.1], 'selection_type': ['binary_tournament', 'roulette_wheel'], 'vehicle_construction': ['random', 'bellman_split']}",COMPLETE
298,24374.95,2026-06-03 04:43:13.214149,2026-06-03 04:43:59.076316,0 days 00:00:45.862167,OXCrossover,0.85,0.10,SwapMutation,0.01,binary_tournament,bellman_split,298,"{'crossover_name': ['PMXCrossover', 'CXCrossover', 'OXCrossover'], 'crossover_probability': [0.75, 0.8, 0.85, 0.9], 'elitism_rate': [0.1, 0.2], 'mutation_name': ['InsertMutation', 'SwapMutation'], 'mutation_probability': [0.01, 0.05, 0.1], 'selection_type': ['binary_tournament', 'roulette_wheel'], 'vehicle_construction': ['random', 'bellman_split']}",COMPLETE
299,28412.52,2026-06-03 04:43:59.076637,2026-06-03 04:44:34.005566,0 days 00:00:34.928929,CXCrossover,0.75,0.10,InsertMutation,0.05,roulette_wheel,random,299,"{'crossover_name': ['PMXCrossover', 'CXCrossover', 'OXCrossover'], 'crossover_probability': [0.75, 0.8, 0.85, 0.9], 'elitism_rate': [0.1, 0.2], 'mutation_name': ['InsertMutation', 'SwapMutation'], 'mutation_probability': [0.01, 0.05, 0.1], 'selection_type': ['binary_tournament', 'roulette_wheel'], 'vehicle_construction': ['random', 'bellman_split']}",COMPLETE
300,24941.76,2026-06-03 04:44:34.005861,2026-06-03 04:45:17.745859,0 days 00:00:43.739998,PMXCrossover,0.90,0.10,InsertMutation,0.01,binary_tournament,bellman_split,300,"{'crossover_name': ['PMXCrossover', 'CXCrossover', 'OXCrossover'], 'crossover_probability': [0.75, 0.8, 0.85, 0.9], 'elitism_rate': [0.1, 0.2], 'mutation_name': ['InsertMutation', 'SwapMutation'], 'mutation_probability': [0.01, 0.05, 0.1], 'selection_type': ['binary_tournament', 'roulette_wheel'], 'vehicle_construction': ['random', 'bellman_split']}",COMPLETE
301,26075.32,2026-06-03 04:45:17.746155,2026-06-03 04:45:52.533447,0 days 00:00:34.787292,PMXCrossover,0.90,0.10,InsertMutation,0.05,roulette_wheel,random,301,"{'crossover_name': ['PMXCrossover', 'CXCrossover', 'OXCrossover'], 'crossover_probability': [0.75, 0.8, 0.85, 0.9], 'elitism_rate': [0.1, 0.2], 'mutation_name': ['InsertMutation', 'SwapMutation'], 'mutation_probability': [0.01, 0.05, 0.1], 'selection_type': ['binary_tournament', 'roulette_wheel'], 'vehicle_construction': ['random', 'bellman_split']}",COMPLETE
302,26463.69,2026-06-03 04:45:52.533771,2026-06-03 04:46:56.845580,0 days 00:01:04.311809,PMXCrossover,0.75,0.20,SwapMutation,0.01,roulette_wheel,bellman_split,302,"{'crossover_name': ['PMXCrossover', 'CXCrossover', 'OXCrossover'], 'crossover_probability': [0.75, 0.8, 0.85, 0.9], 'elitism_rate': [0.1, 0.2], 'mutation_name': ['InsertMutation', 'SwapMutation'], 'mutation_probability': [0.01, 0.05, 0.1], 'selection_type': ['binary_tournament', 'roulette_wheel'], 'vehicle_construction': ['random', 'bellman_split']}",COMPLETE
303,25337.39,2026-06-03 04:46:56.845903,2026-06-03 04:48:11.719798,0 days 00:01:14.873895,OXCrossover,0.85,0.20,SwapMutation,0.10,roulette_wheel,bellman_split,303,"{'crossover_name': ['PMXCrossover', 'CXCrossover', 'OXCrossover'], 'crossover_probability': [0.75, 0.8, 0.85, 0.9], 'elitism_rate': [0.1, 0.2], 'mutation_name': ['InsertMutation', 'SwapMutation'], 'mutation_probability': [0.01, 0.05, 0.1], 'selection_type': ['binary_tournament', 'roulette_wheel'], 'vehicle_construction': ['random', 'bellman_split']}",COMPLETE
304,29037.50,2026-06-03 04:48:11.720116,2026-06-03 04:48:45.075005,0 days 00:00:33.354889,CXCrossover,0.90,0.20,InsertMutation,0.01,roulette_wheel,random,304,"{'crossover_name': ['PMXCrossover', 'CXCrossover', 'OXCrossover'], 'crossover_probability': [0.75, 0.8, 0.85, 0.9], 'elitism_rate': [0.1, 0.2], 'mutation_name': ['InsertMutation', 'SwapMutation'], 'mutation_probability': [0.01, 0.05, 0.1], 'selection_type': ['binary_tournament', 'roulette_wheel'], 'vehicle_construction': ['random', 'bellman_split']}",COMPLETE
305,31023.48,2026-06-03 04:48:45.075331,2026-06-03 04:49:26.977469,0 days 00:00:41.902138,CXCrossover,0.80,0.10,SwapMutation,0.01,binary_tournament,bellman_split,305,"{'crossover_name': ['PMXCrossover', 'CXCrossover', 'OXCrossover'], 'crossover_probability': [0.75, 0.8, 0.85, 0.9], 'elitism_rate': [0.1, 0.2], 'mutation_name': ['InsertMutation', 'SwapMutation'], 'mutation_probability': [0.01, 0.05, 0.1], 'selection_type': ['binary_tournament', 'roulette_wheel'], 'vehicle_construction': ['random', 'bellman_split']}",COMPLETE
306,28195.00,2026-06-03 04:49:26.977765,2026-06-03 04:50:42.327701,0 days 00:01:15.349936,CXCrossover,0.90,0.10,InsertMutation,0.01,roulette_wheel,bellman_split,306,"{'crossover_name': ['PMXCrossover', 'CXCrossover', 'OXCrossover'], 'crossover_probability': [0.75, 0.8, 0.85, 0.9], 'elitism_rate': [0.1, 0.2], 'mutation_name': ['InsertMutation', 'SwapMutation'], 'mutation_probability': [0.01, 0.05, 0.1], 'selection_type': ['binary_tournament', 'roulette_wheel'], 'vehicle_construction': ['random', 'bellman_split']}",COMPLETE
307,26461.47,2026-06-03 04:50:42.328021,2026-06-03 04:51:22.526771,0 days 00:00:40.198750,PMXCrossover,0.80,0.10,SwapMutation,0.10,binary_tournament,bellman_split,307,"{'crossover_name': ['PMXCrossover', 'CXCrossover', 'OXCrossover'], 'crossover_probability': [0.75, 0.8, 0.85, 0.9], 'elitism_rate': [0.1, 0.2], 'mutation_name': ['InsertMutation', 'SwapMutation'], 'mutation_probability': [0.01, 0.05, 0.1], 'selection_type': ['binary_tournament', 'roulette_wheel'], 'vehicle_construction': ['random', 'bellman_split']}",COMPLETE
308,26672.69,2026-06-03 04:51:22.527092,2026-06-03 04:51:56.033512,0 days 00:00:33.506420,PMXCrossover,0.75,0.10,InsertMutation,0.01,roulette_wheel,random,308,"{'crossover_name': ['PMXCrossover', 'CXCrossover', 'OXCrossover'], 'crossover_probability': [0.75, 0.8, 0.85, 0.9], 'elitism_rate': [0.1, 0.2], 'mutation_name': ['InsertMutation', 'SwapMutation'], 'mutation_probability': [0.01, 0.05, 0.1], 'selection_type': ['binary_tournament', 'roulette_wheel'], 'vehicle_construction': ['random', 'bellman_split']}",COMPLETE
309,28582.68,2026-06-03 04:51:56.033837,2026-06-03 04:52:34.958934,0 days 00:00:38.925097,CXCrossover,0.75,0.20,InsertMutation,0.05,binary_tournament,bellman_split,309,"{'crossover_name': ['PMXCrossover', 'CXCrossover', 'OXCrossover'], 'crossover_probability': [0.75, 0.8, 0.85, 0.9], 'elitism_rate': [0.1, 0.2], 'mutation_name': ['InsertMutation', 'SwapMutation'], 'mutation_probability': [0.01, 0.05, 0.1], 'selection_type': ['binary_tournament', 'roulette_wheel'], 'vehicle_construction': ['random', 'bellman_split']}",COMPLETE
310,24625.24,2026-06-03 04:52:34.959228,2026-06-03 04:53:53.934809,0 days 00:01:18.975581,OXCrossover,0.90,0.10,InsertMutation,0.10,roulette_wheel,bellman_split,310,"{'crossover_name': ['PMXCrossover', 'CXCrossover', 'OXCrossover'], 'crossover_probability': [0.75, 0.8, 0.85, 0.9], 'elitism_rate': [0.1, 0.2], 'mutation_name': ['InsertMutation', 'SwapMutation'], 'mutation_probability': [0.01, 0.05, 0.1], 'selection_type': ['binary_tournament', 'roulette_wheel'], 'vehicle_construction': ['random', 'bellman_split']}",COMPLETE
311,26848.50,2026-06-03 04:53:53.935134,2026-06-03 04:54:28.401143,0 days 00:00:34.466009,PMXCrossover,0.90,0.10,InsertMutation,0.01,roulette_wheel,random,311,"{'crossover_name': ['PMXCrossover', 'CXCrossover', 'OXCrossover'], 'crossover_probability': [0.75, 0.8, 0.85, 0.9], 'elitism_rate': [0.1, 0.2], 'mutation_name': ['InsertMutation', 'SwapMutation'], 'mutation_probability': [0.01, 0.05, 0.1], 'selection_type': ['binary_tournament', 'roulette_wheel'], 'vehicle_construction': ['random', 'bellman_split']}",COMPLETE
312,28465.67,2026-06-03 04:54:28.401464,2026-06-03 04:55:11.826689,0 days 00:00:43.425225,CXCrossover,0.85,0.10,InsertMutation,0.01,binary_tournament,bellman_split,312,"{'crossover_name': ['PMXCrossover', 'CXCrossover', 'OXCrossover'], 'crossover_probability': [0.75, 0.8, 0.85, 0.9], 'elitism_rate': [0.1, 0.2], 'mutation_name': ['InsertMutation', 'SwapMutation'], 'mutation_probability': [0.01, 0.05, 0.1], 'selection_type': ['binary_tournament', 'roulette_wheel'], 'vehicle_construction': ['random', 'bellman_split']}",COMPLETE
313,28214.00,2026-06-03 04:55:11.827015,2026-06-03 04:55:51.714775,0 days 00:00:39.887760,CXCrossover,0.80,0.10,InsertMutation,0.01,binary_tournament,bellman_split,313,"{'crossover_name': ['PMXCrossover', 'CXCrossover', 'OXCrossover'], 'crossover_probability': [0.75, 0.8, 0.85, 0.9], 'elitism_rate': [0.1, 0.2], 'mutation_name': ['InsertMutation', 'SwapMutation'], 'mutation_probability': [0.01, 0.05, 0.1], 'selection_type': ['binary_tournament', 'roulette_wheel'], 'vehicle_construction': ['random', 'bellman_split']}",COMPLETE
314,27352.98,2026-06-03 04:55:51.715075,2026-06-03 04:56:38.972650,0 days 00:00:47.257575,CXCrossover,0.90,0.10,SwapMutation,0.05,binary_tournament,bellman_split,314,"{'crossover_name': ['PMXCrossover', 'CXCrossover', 'OXCrossover'], 'crossover_probability': [0.75, 0.8, 0.85, 0.9], 'elitism_rate': [0.1, 0.2], 'mutation_name': ['InsertMutation', 'SwapMutation'], 'mutation_probability': [0.01, 0.05, 0.1], 'selection_type': ['binary_tournament', 'roulette_wheel'], 'vehicle_construction': ['random', 'bellman_split']}",COMPLETE
315,25873.70,2026-06-03 04:56:38.972975,2026-06-03 04:57:53.563559,0 days 00:01:14.590584,OXCrossover,0.80,0.10,SwapMutation,0.01,roulette_wheel,bellman_split,315,"{'crossover_name': ['PMXCrossover', 'CXCrossover', 'OXCrossover'], 'crossover_probability': [0.75, 0.8, 0.85, 0.9], 'elitism_rate': [0.1, 0.2], 'mutation_name': ['InsertMutation', 'SwapMutation'], 'mutation_probability': [0.01, 0.05, 0.1], 'selection_type': ['binary_tournament', 'roulette_wheel'], 'vehicle_construction': ['random', 'bellman_split']}",COMPLETE
316,28192.21,2026-06-03 04:57:53.564002,2026-06-03 04:58:29.073051,0 days 00:00:35.509049,PMXCrossover,0.85,0.10,SwapMutation,0.05,roulette_wheel,random,316,"{'crossover_name': ['PMXCrossover', 'CXCrossover', 'OXCrossover'], 'crossover_probability': [0.75, 0.8, 0.85, 0.9], 'elitism_rate': [0.1, 0.2], 'mutation_name': ['InsertMutation', 'SwapMutation'], 'mutation_probability': [0.01, 0.05, 0.1], 'selection_type': ['binary_tournament', 'roulette_wheel'], 'vehicle_construction': ['random', 'bellman_split']}",COMPLETE
317,27900.46,2026-06-03 04:58:29.073375,2026-06-03 04:59:02.999689,0 days 00:00:33.926314,CXCrossover,0.85,0.20,InsertMutation,0.10,roulette_wheel,random,317,"{'crossover_name': ['PMXCrossover', 'CXCrossover', 'OXCrossover'], 'crossover_probability': [0.75, 0.8, 0.85, 0.9], 'elitism_rate': [0.1, 0.2], 'mutation_name': ['InsertMutation', 'SwapMutation'], 'mutation_probability': [0.01, 0.05, 0.1], 'selection_type': ['binary_tournament', 'roulette_wheel'], 'vehicle_construction': ['random', 'bellman_split']}",COMPLETE
318,25868.24,2026-06-03 04:59:03.000013,2026-06-03 04:59:12.953411,0 days 00:00:09.953398,OXCrossover,0.75,0.20,InsertMutation,0.05,binary_tournament,random,318,"{'crossover_name': ['PMXCrossover', 'CXCrossover', 'OXCrossover'], 'crossover_probability': [0.75, 0.8, 0.85, 0.9], 'elitism_rate': [0.1, 0.2], 'mutation_name': ['InsertMutation', 'SwapMutation'], 'mutation_probability': [0.01, 0.05, 0.1], 'selection_type': ['binary_tournament', 'roulette_wheel'], 'vehicle_construction': ['random', 'bellman_split']}",COMPLETE
319,25805.27,2026-06-03 04:59:12.953736,2026-06-03 04:59:20.766969,0 days 00:00:07.813233,PMXCrossover,0.90,0.20,InsertMutation,0.10,binary_tournament,random,319,"{'crossover_name': ['PMXCrossover', 'CXCrossover', 'OXCrossover'], 'crossover_probability': [0.75, 0.8, 0.85, 0.9], 'elitism_rate': [0.1, 0.2], 'mutation_name': ['InsertMutation', 'SwapMutation'], 'mutation_probability': [0.01, 0.05, 0.1], 'selection_type': ['binary_tournament', 'roulette_wheel'], 'vehicle_construction': ['random', 'bellman_split']}",COMPLETE
320,23351.56,2026-06-03 04:59:20.767294,2026-06-03 05:00:40.647324,0 days 00:01:19.880030,OXCrossover,0.85,0.20,InsertMutation,0.01,roulette_wheel,bellman_split,320,"{'crossover_name': ['PMXCrossover', 'CXCrossover', 'OXCrossover'], 'crossover_probability': [0.75, 0.8, 0.85, 0.9], 'elitism_rate': [0.1, 0.2], 'mutation_name': ['InsertMutation', 'SwapMutation'], 'mutation_probability': [0.01, 0.05, 0.1], 'selection_type': ['binary_tournament', 'roulette_wheel'], 'vehicle_construction': ['random', 'bellman_split']}",COMPLETE
321,26760.67,2026-06-03 05:00:40.647632,2026-06-03 05:00:46.738774,0 days 00:00:06.091142,PMXCrossover,0.90,0.20,InsertMutation,0.01,binary_tournament,random,321,"{'crossover_name': ['PMXCrossover', 'CXCrossover', 'OXCrossover'], 'crossover_probability': [0.75, 0.8, 0.85, 0.9], 'elitism_rate': [0.1, 0.2], 'mutation_name': ['InsertMutation', 'SwapMutation'], 'mutation_probability': [0.01, 0.05, 0.1], 'selection_type': ['binary_tournament', 'roulette_wheel'], 'vehicle_construction': ['random', 'bellman_split']}",COMPLETE
322,29020.86,2026-06-03 05:00:46.739095,2026-06-03 05:00:55.853347,0 days 00:00:09.114252,CXCrossover,0.90,0.20,SwapMutation,0.05,binary_tournament,random,322,"{'crossover_name': ['PMXCrossover', 'CXCrossover', 'OXCrossover'], 'crossover_probability': [0.75, 0.8, 0.85, 0.9], 'elitism_rate': [0.1, 0.2], 'mutation_name': ['InsertMutation', 'SwapMutation'], 'mutation_probability': [0.01, 0.05, 0.1], 'selection_type': ['binary_tournament', 'roulette_wheel'], 'vehicle_construction': ['random', 'bellman_split']}",COMPLETE
323,25356.60,2026-06-03 05:00:55.853785,2026-06-03 05:01:32.853190,0 days 00:00:36.999405,OXCrossover,0.80,0.20,SwapMutation,0.05,roulette_wheel,random,323,"{'crossover_name': ['PMXCrossover', 'CXCrossover', 'OXCrossover'], 'crossover_probability': [0.75, 0.8, 0.85, 0.9], 'elitism_rate': [0.1, 0.2], 'mutation_name': ['InsertMutation', 'SwapMutation'], 'mutation_probability': [0.01, 0.05, 0.1], 'selection_type': ['binary_tournament', 'roulette_wheel'], 'vehicle_construction': ['random', 'bellman_split']}",COMPLETE
324,25439.22,2026-06-03 05:01:32.853483,2026-06-03 05:02:50.527159,0 days 00:01:17.673676,OXCrossover,0.85,0.10,SwapMutation,0.10,roulette_wheel,bellman_split,324,"{'crossover_name': ['PMXCrossover', 'CXCrossover', 'OXCrossover'], 'crossover_probability': [0.75, 0.8, 0.85, 0.9], 'elitism_rate': [0.1, 0.2], 'mutation_name': ['InsertMutation', 'SwapMutation'], 'mutation_probability': [0.01, 0.05, 0.1], 'selection_type': ['binary_tournament', 'roulette_wheel'], 'vehicle_construction': ['random', 'bellman_split']}",COMPLETE
325,24376.23,2026-06-03 05:02:50.527480,2026-06-03 05:03:32.640423,0 days 00:00:42.112943,OXCrossover,0.75,0.10,InsertMutation,0.01,binary_tournament,bellman_split,325,"{'crossover_name': ['PMXCrossover', 'CXCrossover', 'OXCrossover'], 'crossover_probability': [0.75, 0.8, 0.85, 0.9], 'elitism_rate': [0.1, 0.2], 'mutation_name': ['InsertMutation', 'SwapMutation'], 'mutation_probability': [0.01, 0.05, 0.1], 'selection_type': ['binary_tournament', 'roulette_wheel'], 'vehicle_construction': ['random', 'bellman_split']}",COMPLETE
326,25891.99,2026-06-03 05:03:32.640720,2026-06-03 05:03:39.271522,0 days 00:00:06.630802,PMXCrossover,0.85,0.20,SwapMutation,0.05,binary_tournament,random,326,"{'crossover_name': ['PMXCrossover', 'CXCrossover', 'OXCrossover'], 'crossover_probability': [0.75, 0.8, 0.85, 0.9], 'elitism_rate': [0.1, 0.2], 'mutation_name': ['InsertMutation', 'SwapMutation'], 'mutation_probability': [0.01, 0.05, 0.1], 'selection_type': ['binary_tournament', 'roulette_wheel'], 'vehicle_construction': ['random', 'bellman_split']}",COMPLETE
