number,value,datetime_start,datetime_complete,duration,params_crossover_name,params_crossover_probability,params_elitism_rate,params_mutation_name,params_mutation_probability,params_selection_type,params_vehicle_construction,system_attrs_grid_id,system_attrs_search_space,state
328,1194.73,2026-06-02 21:52:50.496932,2026-06-02 21:53:03.422878,0 days 00:00:12.925946,CXCrossover,0.80,0.10,SwapMutation,0.01,roulette_wheel,random,328,"{'crossover_name': ['PMXCrossover', 'CXCrossover', 'OXCrossover'], 'crossover_probability': [0.75, 0.8, 0.85, 0.9], 'elitism_rate': [0.1, 0.2], 'mutation_name': ['InsertMutation', 'SwapMutation'], 'mutation_probability': [0.01, 0.05, 0.1], 'selection_type': ['binary_tournament', 'roulette_wheel'], 'vehicle_construction': ['random', 'bellman_split']}",COMPLETE
329,749.19,2026-06-02 21:53:03.423197,2026-06-02 21:53:08.281947,0 days 00:00:04.858750,OXCrossover,0.85,0.20,SwapMutation,0.01,binary_tournament,bellman_split,329,"{'crossover_name': ['PMXCrossover', 'CXCrossover', 'OXCrossover'], 'crossover_probability': [0.75, 0.8, 0.85, 0.9], 'elitism_rate': [0.1, 0.2], 'mutation_name': ['InsertMutation', 'SwapMutation'], 'mutation_probability': [0.01, 0.05, 0.1], 'selection_type': ['binary_tournament', 'roulette_wheel'], 'vehicle_construction': ['random', 'bellman_split']}",COMPLETE
330,1209.77,2026-06-02 21:53:08.282266,2026-06-02 21:53:21.293380,0 days 00:00:13.011114,CXCrossover,0.90,0.10,InsertMutation,0.01,roulette_wheel,random,330,"{'crossover_name': ['PMXCrossover', 'CXCrossover', 'OXCrossover'], 'crossover_probability': [0.75, 0.8, 0.85, 0.9], 'elitism_rate': [0.1, 0.2], 'mutation_name': ['InsertMutation', 'SwapMutation'], 'mutation_probability': [0.01, 0.05, 0.1], 'selection_type': ['binary_tournament', 'roulette_wheel'], 'vehicle_construction': ['random', 'bellman_split']}",COMPLETE
331,917.78,2026-06-02 21:53:21.293700,2026-06-02 21:53:38.164596,0 days 00:00:16.870896,OXCrossover,0.90,0.10,SwapMutation,0.05,roulette_wheel,bellman_split,331,"{'crossover_name': ['PMXCrossover', 'CXCrossover', 'OXCrossover'], 'crossover_probability': [0.75, 0.8, 0.85, 0.9], 'elitism_rate': [0.1, 0.2], 'mutation_name': ['InsertMutation', 'SwapMutation'], 'mutation_probability': [0.01, 0.05, 0.1], 'selection_type': ['binary_tournament', 'roulette_wheel'], 'vehicle_construction': ['random', 'bellman_split']}",COMPLETE
332,890.38,2026-06-02 21:53:38.164885,2026-06-02 21:53:53.176577,0 days 00:00:15.011692,OXCrossover,0.80,0.20,InsertMutation,0.10,roulette_wheel,bellman_split,332,"{'crossover_name': ['PMXCrossover', 'CXCrossover', 'OXCrossover'], 'crossover_probability': [0.75, 0.8, 0.85, 0.9], 'elitism_rate': [0.1, 0.2], 'mutation_name': ['InsertMutation', 'SwapMutation'], 'mutation_probability': [0.01, 0.05, 0.1], 'selection_type': ['binary_tournament', 'roulette_wheel'], 'vehicle_construction': ['random', 'bellman_split']}",COMPLETE
333,959.10,2026-06-02 21:53:53.176874,2026-06-02 21:54:09.079511,0 days 00:00:15.902637,CXCrossover,0.80,0.10,SwapMutation,0.01,roulette_wheel,bellman_split,333,"{'crossover_name': ['PMXCrossover', 'CXCrossover', 'OXCrossover'], 'crossover_probability': [0.75, 0.8, 0.85, 0.9], 'elitism_rate': [0.1, 0.2], 'mutation_name': ['InsertMutation', 'SwapMutation'], 'mutation_probability': [0.01, 0.05, 0.1], 'selection_type': ['binary_tournament', 'roulette_wheel'], 'vehicle_construction': ['random', 'bellman_split']}",COMPLETE
334,1053.02,2026-06-02 21:54:09.079794,2026-06-02 21:54:10.905787,0 days 00:00:01.825993,CXCrossover,0.75,0.20,SwapMutation,0.05,binary_tournament,random,334,"{'crossover_name': ['PMXCrossover', 'CXCrossover', 'OXCrossover'], 'crossover_probability': [0.75, 0.8, 0.85, 0.9], 'elitism_rate': [0.1, 0.2], 'mutation_name': ['InsertMutation', 'SwapMutation'], 'mutation_probability': [0.01, 0.05, 0.1], 'selection_type': ['binary_tournament', 'roulette_wheel'], 'vehicle_construction': ['random', 'bellman_split']}",COMPLETE
335,816.61,2026-06-02 21:54:10.906184,2026-06-02 21:54:15.439863,0 days 00:00:04.533679,PMXCrossover,0.85,0.20,SwapMutation,0.01,binary_tournament,bellman_split,335,"{'crossover_name': ['PMXCrossover', 'CXCrossover', 'OXCrossover'], 'crossover_probability': [0.75, 0.8, 0.85, 0.9], 'elitism_rate': [0.1, 0.2], 'mutation_name': ['InsertMutation', 'SwapMutation'], 'mutation_probability': [0.01, 0.05, 0.1], 'selection_type': ['binary_tournament', 'roulette_wheel'], 'vehicle_construction': ['random', 'bellman_split']}",COMPLETE
336,939.84,2026-06-02 21:54:15.440189,2026-06-02 21:54:19.678305,0 days 00:00:04.238116,PMXCrossover,0.75,0.20,InsertMutation,0.10,binary_tournament,bellman_split,336,"{'crossover_name': ['PMXCrossover', 'CXCrossover', 'OXCrossover'], 'crossover_probability': [0.75, 0.8, 0.85, 0.9], 'elitism_rate': [0.1, 0.2], 'mutation_name': ['InsertMutation', 'SwapMutation'], 'mutation_probability': [0.01, 0.05, 0.1], 'selection_type': ['binary_tournament', 'roulette_wheel'], 'vehicle_construction': ['random', 'bellman_split']}",COMPLETE
337,1065.08,2026-06-02 21:54:19.678624,2026-06-02 21:54:21.312230,0 days 00:00:01.633606,PMXCrossover,0.80,0.20,SwapMutation,0.05,binary_tournament,random,337,"{'crossover_name': ['PMXCrossover', 'CXCrossover', 'OXCrossover'], 'crossover_probability': [0.75, 0.8, 0.85, 0.9], 'elitism_rate': [0.1, 0.2], 'mutation_name': ['InsertMutation', 'SwapMutation'], 'mutation_probability': [0.01, 0.05, 0.1], 'selection_type': ['binary_tournament', 'roulette_wheel'], 'vehicle_construction': ['random', 'bellman_split']}",COMPLETE
338,1142.21,2026-06-02 21:54:21.312542,2026-06-02 21:54:34.421118,0 days 00:00:13.108576,CXCrossover,0.85,0.10,InsertMutation,0.01,roulette_wheel,random,338,"{'crossover_name': ['PMXCrossover', 'CXCrossover', 'OXCrossover'], 'crossover_probability': [0.75, 0.8, 0.85, 0.9], 'elitism_rate': [0.1, 0.2], 'mutation_name': ['InsertMutation', 'SwapMutation'], 'mutation_probability': [0.01, 0.05, 0.1], 'selection_type': ['binary_tournament', 'roulette_wheel'], 'vehicle_construction': ['random', 'bellman_split']}",COMPLETE
339,1111.95,2026-06-02 21:54:34.421430,2026-06-02 21:54:36.156906,0 days 00:00:01.735476,PMXCrossover,0.75,0.20,SwapMutation,0.10,binary_tournament,random,339,"{'crossover_name': ['PMXCrossover', 'CXCrossover', 'OXCrossover'], 'crossover_probability': [0.75, 0.8, 0.85, 0.9], 'elitism_rate': [0.1, 0.2], 'mutation_name': ['InsertMutation', 'SwapMutation'], 'mutation_probability': [0.01, 0.05, 0.1], 'selection_type': ['binary_tournament', 'roulette_wheel'], 'vehicle_construction': ['random', 'bellman_split']}",COMPLETE
340,940.14,2026-06-02 21:54:36.157233,2026-06-02 21:54:40.491716,0 days 00:00:04.334483,PMXCrossover,0.80,0.10,SwapMutation,0.01,binary_tournament,bellman_split,340,"{'crossover_name': ['PMXCrossover', 'CXCrossover', 'OXCrossover'], 'crossover_probability': [0.75, 0.8, 0.85, 0.9], 'elitism_rate': [0.1, 0.2], 'mutation_name': ['InsertMutation', 'SwapMutation'], 'mutation_probability': [0.01, 0.05, 0.1], 'selection_type': ['binary_tournament', 'roulette_wheel'], 'vehicle_construction': ['random', 'bellman_split']}",COMPLETE
341,1025.32,2026-06-02 21:54:40.492014,2026-06-02 21:54:56.823130,0 days 00:00:16.331116,CXCrossover,0.75,0.10,InsertMutation,0.05,roulette_wheel,bellman_split,341,"{'crossover_name': ['PMXCrossover', 'CXCrossover', 'OXCrossover'], 'crossover_probability': [0.75, 0.8, 0.85, 0.9], 'elitism_rate': [0.1, 0.2], 'mutation_name': ['InsertMutation', 'SwapMutation'], 'mutation_probability': [0.01, 0.05, 0.1], 'selection_type': ['binary_tournament', 'roulette_wheel'], 'vehicle_construction': ['random', 'bellman_split']}",COMPLETE
342,1064.13,2026-06-02 21:54:56.823457,2026-06-02 21:55:09.893517,0 days 00:00:13.070060,OXCrossover,0.75,0.10,SwapMutation,0.10,roulette_wheel,random,342,"{'crossover_name': ['PMXCrossover', 'CXCrossover', 'OXCrossover'], 'crossover_probability': [0.75, 0.8, 0.85, 0.9], 'elitism_rate': [0.1, 0.2], 'mutation_name': ['InsertMutation', 'SwapMutation'], 'mutation_probability': [0.01, 0.05, 0.1], 'selection_type': ['binary_tournament', 'roulette_wheel'], 'vehicle_construction': ['random', 'bellman_split']}",COMPLETE
343,888.08,2026-06-02 21:55:09.893840,2026-06-02 21:55:11.882691,0 days 00:00:01.988851,OXCrossover,0.90,0.20,InsertMutation,0.01,binary_tournament,random,343,"{'crossover_name': ['PMXCrossover', 'CXCrossover', 'OXCrossover'], 'crossover_probability': [0.75, 0.8, 0.85, 0.9], 'elitism_rate': [0.1, 0.2], 'mutation_name': ['InsertMutation', 'SwapMutation'], 'mutation_probability': [0.01, 0.05, 0.1], 'selection_type': ['binary_tournament', 'roulette_wheel'], 'vehicle_construction': ['random', 'bellman_split']}",COMPLETE
344,827.97,2026-06-02 21:55:11.882993,2026-06-02 21:55:16.402613,0 days 00:00:04.519620,OXCrossover,0.75,0.10,SwapMutation,0.05,binary_tournament,bellman_split,344,"{'crossover_name': ['PMXCrossover', 'CXCrossover', 'OXCrossover'], 'crossover_probability': [0.75, 0.8, 0.85, 0.9], 'elitism_rate': [0.1, 0.2], 'mutation_name': ['InsertMutation', 'SwapMutation'], 'mutation_probability': [0.01, 0.05, 0.1], 'selection_type': ['binary_tournament', 'roulette_wheel'], 'vehicle_construction': ['random', 'bellman_split']}",COMPLETE
345,1012.04,2026-06-02 21:55:16.402924,2026-06-02 21:55:31.779228,0 days 00:00:15.376304,CXCrossover,0.90,0.20,SwapMutation,0.05,roulette_wheel,bellman_split,345,"{'crossover_name': ['PMXCrossover', 'CXCrossover', 'OXCrossover'], 'crossover_probability': [0.75, 0.8, 0.85, 0.9], 'elitism_rate': [0.1, 0.2], 'mutation_name': ['InsertMutation', 'SwapMutation'], 'mutation_probability': [0.01, 0.05, 0.1], 'selection_type': ['binary_tournament', 'roulette_wheel'], 'vehicle_construction': ['random', 'bellman_split']}",COMPLETE
346,1233.96,2026-06-02 21:55:31.779541,2026-06-02 21:55:48.301657,0 days 00:00:16.522116,CXCrossover,0.75,0.20,InsertMutation,0.01,roulette_wheel,random,346,"{'crossover_name': ['PMXCrossover', 'CXCrossover', 'OXCrossover'], 'crossover_probability': [0.75, 0.8, 0.85, 0.9], 'elitism_rate': [0.1, 0.2], 'mutation_name': ['InsertMutation', 'SwapMutation'], 'mutation_probability': [0.01, 0.05, 0.1], 'selection_type': ['binary_tournament', 'roulette_wheel'], 'vehicle_construction': ['random', 'bellman_split']}",COMPLETE
347,1245.19,2026-06-02 21:55:48.301976,2026-06-02 21:56:07.076548,0 days 00:00:18.774572,CXCrossover,0.85,0.10,SwapMutation,0.01,roulette_wheel,random,347,"{'crossover_name': ['PMXCrossover', 'CXCrossover', 'OXCrossover'], 'crossover_probability': [0.75, 0.8, 0.85, 0.9], 'elitism_rate': [0.1, 0.2], 'mutation_name': ['InsertMutation', 'SwapMutation'], 'mutation_probability': [0.01, 0.05, 0.1], 'selection_type': ['binary_tournament', 'roulette_wheel'], 'vehicle_construction': ['random', 'bellman_split']}",COMPLETE
348,1039.18,2026-06-02 21:56:07.076862,2026-06-02 21:56:11.775493,0 days 00:00:04.698631,CXCrossover,0.85,0.10,InsertMutation,0.10,binary_tournament,bellman_split,348,"{'crossover_name': ['PMXCrossover', 'CXCrossover', 'OXCrossover'], 'crossover_probability': [0.75, 0.8, 0.85, 0.9], 'elitism_rate': [0.1, 0.2], 'mutation_name': ['InsertMutation', 'SwapMutation'], 'mutation_probability': [0.01, 0.05, 0.1], 'selection_type': ['binary_tournament', 'roulette_wheel'], 'vehicle_construction': ['random', 'bellman_split']}",COMPLETE
349,1078.15,2026-06-02 21:56:11.775807,2026-06-02 21:56:16.083391,0 days 00:00:04.307584,PMXCrossover,0.80,0.20,InsertMutation,0.01,binary_tournament,bellman_split,349,"{'crossover_name': ['PMXCrossover', 'CXCrossover', 'OXCrossover'], 'crossover_probability': [0.75, 0.8, 0.85, 0.9], 'elitism_rate': [0.1, 0.2], 'mutation_name': ['InsertMutation', 'SwapMutation'], 'mutation_probability': [0.01, 0.05, 0.1], 'selection_type': ['binary_tournament', 'roulette_wheel'], 'vehicle_construction': ['random', 'bellman_split']}",COMPLETE
350,1058.80,2026-06-02 21:56:16.084050,2026-06-02 21:56:32.725923,0 days 00:00:16.641873,CXCrossover,0.85,0.10,InsertMutation,0.05,roulette_wheel,bellman_split,350,"{'crossover_name': ['PMXCrossover', 'CXCrossover', 'OXCrossover'], 'crossover_probability': [0.75, 0.8, 0.85, 0.9], 'elitism_rate': [0.1, 0.2], 'mutation_name': ['InsertMutation', 'SwapMutation'], 'mutation_probability': [0.01, 0.05, 0.1], 'selection_type': ['binary_tournament', 'roulette_wheel'], 'vehicle_construction': ['random', 'bellman_split']}",COMPLETE
351,827.33,2026-06-02 21:56:32.726239,2026-06-02 21:56:46.865233,0 days 00:00:14.138994,PMXCrossover,0.75,0.20,InsertMutation,0.10,roulette_wheel,bellman_split,351,"{'crossover_name': ['PMXCrossover', 'CXCrossover', 'OXCrossover'], 'crossover_probability': [0.75, 0.8, 0.85, 0.9], 'elitism_rate': [0.1, 0.2], 'mutation_name': ['InsertMutation', 'SwapMutation'], 'mutation_probability': [0.01, 0.05, 0.1], 'selection_type': ['binary_tournament', 'roulette_wheel'], 'vehicle_construction': ['random', 'bellman_split']}",COMPLETE
352,1112.50,2026-06-02 21:56:46.865551,2026-06-02 21:56:49.064520,0 days 00:00:02.198969,CXCrossover,0.90,0.20,SwapMutation,0.10,binary_tournament,random,352,"{'crossover_name': ['PMXCrossover', 'CXCrossover', 'OXCrossover'], 'crossover_probability': [0.75, 0.8, 0.85, 0.9], 'elitism_rate': [0.1, 0.2], 'mutation_name': ['InsertMutation', 'SwapMutation'], 'mutation_probability': [0.01, 0.05, 0.1], 'selection_type': ['binary_tournament', 'roulette_wheel'], 'vehicle_construction': ['random', 'bellman_split']}",COMPLETE
353,968.85,2026-06-02 21:56:49.064799,2026-06-02 21:56:54.233900,0 days 00:00:05.169101,PMXCrossover,0.75,0.20,InsertMutation,0.05,binary_tournament,bellman_split,353,"{'crossover_name': ['PMXCrossover', 'CXCrossover', 'OXCrossover'], 'crossover_probability': [0.75, 0.8, 0.85, 0.9], 'elitism_rate': [0.1, 0.2], 'mutation_name': ['InsertMutation', 'SwapMutation'], 'mutation_probability': [0.01, 0.05, 0.1], 'selection_type': ['binary_tournament', 'roulette_wheel'], 'vehicle_construction': ['random', 'bellman_split']}",COMPLETE
354,907.59,2026-06-02 21:56:54.234315,2026-06-02 21:57:09.451183,0 days 00:00:15.216868,OXCrossover,0.80,0.20,SwapMutation,0.05,roulette_wheel,bellman_split,354,"{'crossover_name': ['PMXCrossover', 'CXCrossover', 'OXCrossover'], 'crossover_probability': [0.75, 0.8, 0.85, 0.9], 'elitism_rate': [0.1, 0.2], 'mutation_name': ['InsertMutation', 'SwapMutation'], 'mutation_probability': [0.01, 0.05, 0.1], 'selection_type': ['binary_tournament', 'roulette_wheel'], 'vehicle_construction': ['random', 'bellman_split']}",COMPLETE
355,872.21,2026-06-02 21:57:09.451495,2026-06-02 21:57:14.112848,0 days 00:00:04.661353,OXCrossover,0.80,0.10,SwapMutation,0.10,binary_tournament,bellman_split,355,"{'crossover_name': ['PMXCrossover', 'CXCrossover', 'OXCrossover'], 'crossover_probability': [0.75, 0.8, 0.85, 0.9], 'elitism_rate': [0.1, 0.2], 'mutation_name': ['InsertMutation', 'SwapMutation'], 'mutation_probability': [0.01, 0.05, 0.1], 'selection_type': ['binary_tournament', 'roulette_wheel'], 'vehicle_construction': ['random', 'bellman_split']}",COMPLETE
356,868.49,2026-06-02 21:57:14.113225,2026-06-02 21:57:16.087228,0 days 00:00:01.974003,OXCrossover,0.80,0.20,InsertMutation,0.05,binary_tournament,random,356,"{'crossover_name': ['PMXCrossover', 'CXCrossover', 'OXCrossover'], 'crossover_probability': [0.75, 0.8, 0.85, 0.9], 'elitism_rate': [0.1, 0.2], 'mutation_name': ['InsertMutation', 'SwapMutation'], 'mutation_probability': [0.01, 0.05, 0.1], 'selection_type': ['binary_tournament', 'roulette_wheel'], 'vehicle_construction': ['random', 'bellman_split']}",COMPLETE
357,1058.82,2026-06-02 21:57:16.087527,2026-06-02 21:57:20.986737,0 days 00:00:04.899210,CXCrossover,0.85,0.10,SwapMutation,0.10,binary_tournament,bellman_split,357,"{'crossover_name': ['PMXCrossover', 'CXCrossover', 'OXCrossover'], 'crossover_probability': [0.75, 0.8, 0.85, 0.9], 'elitism_rate': [0.1, 0.2], 'mutation_name': ['InsertMutation', 'SwapMutation'], 'mutation_probability': [0.01, 0.05, 0.1], 'selection_type': ['binary_tournament', 'roulette_wheel'], 'vehicle_construction': ['random', 'bellman_split']}",COMPLETE
358,905.04,2026-06-02 21:57:20.987051,2026-06-02 21:57:23.175780,0 days 00:00:02.188729,OXCrossover,0.90,0.10,SwapMutation,0.10,binary_tournament,random,358,"{'crossover_name': ['PMXCrossover', 'CXCrossover', 'OXCrossover'], 'crossover_probability': [0.75, 0.8, 0.85, 0.9], 'elitism_rate': [0.1, 0.2], 'mutation_name': ['InsertMutation', 'SwapMutation'], 'mutation_probability': [0.01, 0.05, 0.1], 'selection_type': ['binary_tournament', 'roulette_wheel'], 'vehicle_construction': ['random', 'bellman_split']}",COMPLETE
359,1190.03,2026-06-02 21:57:23.176150,2026-06-02 21:57:27.591190,0 days 00:00:04.415040,CXCrossover,0.75,0.20,InsertMutation,0.01,binary_tournament,bellman_split,359,"{'crossover_name': ['PMXCrossover', 'CXCrossover', 'OXCrossover'], 'crossover_probability': [0.75, 0.8, 0.85, 0.9], 'elitism_rate': [0.1, 0.2], 'mutation_name': ['InsertMutation', 'SwapMutation'], 'mutation_probability': [0.01, 0.05, 0.1], 'selection_type': ['binary_tournament', 'roulette_wheel'], 'vehicle_construction': ['random', 'bellman_split']}",COMPLETE
360,983.27,2026-06-02 21:57:27.591512,2026-06-02 21:57:41.827283,0 days 00:00:14.235771,PMXCrossover,0.75,0.20,InsertMutation,0.01,roulette_wheel,bellman_split,360,"{'crossover_name': ['PMXCrossover', 'CXCrossover', 'OXCrossover'], 'crossover_probability': [0.75, 0.8, 0.85, 0.9], 'elitism_rate': [0.1, 0.2], 'mutation_name': ['InsertMutation', 'SwapMutation'], 'mutation_probability': [0.01, 0.05, 0.1], 'selection_type': ['binary_tournament', 'roulette_wheel'], 'vehicle_construction': ['random', 'bellman_split']}",COMPLETE
361,889.42,2026-06-02 21:57:41.827605,2026-06-02 21:57:46.633205,0 days 00:00:04.805600,OXCrossover,0.80,0.10,SwapMutation,0.05,binary_tournament,bellman_split,361,"{'crossover_name': ['PMXCrossover', 'CXCrossover', 'OXCrossover'], 'crossover_probability': [0.75, 0.8, 0.85, 0.9], 'elitism_rate': [0.1, 0.2], 'mutation_name': ['InsertMutation', 'SwapMutation'], 'mutation_probability': [0.01, 0.05, 0.1], 'selection_type': ['binary_tournament', 'roulette_wheel'], 'vehicle_construction': ['random', 'bellman_split']}",COMPLETE
362,829.26,2026-06-02 21:57:46.633524,2026-06-02 21:57:51.053685,0 days 00:00:04.420161,OXCrossover,0.75,0.10,InsertMutation,0.05,binary_tournament,bellman_split,362,"{'crossover_name': ['PMXCrossover', 'CXCrossover', 'OXCrossover'], 'crossover_probability': [0.75, 0.8, 0.85, 0.9], 'elitism_rate': [0.1, 0.2], 'mutation_name': ['InsertMutation', 'SwapMutation'], 'mutation_probability': [0.01, 0.05, 0.1], 'selection_type': ['binary_tournament', 'roulette_wheel'], 'vehicle_construction': ['random', 'bellman_split']}",COMPLETE
363,1027.43,2026-06-02 21:57:51.053980,2026-06-02 21:57:52.770431,0 days 00:00:01.716451,PMXCrossover,0.90,0.10,SwapMutation,0.01,binary_tournament,random,363,"{'crossover_name': ['PMXCrossover', 'CXCrossover', 'OXCrossover'], 'crossover_probability': [0.75, 0.8, 0.85, 0.9], 'elitism_rate': [0.1, 0.2], 'mutation_name': ['InsertMutation', 'SwapMutation'], 'mutation_probability': [0.01, 0.05, 0.1], 'selection_type': ['binary_tournament', 'roulette_wheel'], 'vehicle_construction': ['random', 'bellman_split']}",COMPLETE
364,784.24,2026-06-02 21:57:52.770726,2026-06-02 21:57:57.398147,0 days 00:00:04.627421,OXCrossover,0.80,0.10,SwapMutation,0.01,binary_tournament,bellman_split,364,"{'crossover_name': ['PMXCrossover', 'CXCrossover', 'OXCrossover'], 'crossover_probability': [0.75, 0.8, 0.85, 0.9], 'elitism_rate': [0.1, 0.2], 'mutation_name': ['InsertMutation', 'SwapMutation'], 'mutation_probability': [0.01, 0.05, 0.1], 'selection_type': ['binary_tournament', 'roulette_wheel'], 'vehicle_construction': ['random', 'bellman_split']}",COMPLETE
365,768.81,2026-06-02 21:57:57.398846,2026-06-02 21:58:02.082017,0 days 00:00:04.683171,OXCrossover,0.80,0.20,InsertMutation,0.01,binary_tournament,bellman_split,365,"{'crossover_name': ['PMXCrossover', 'CXCrossover', 'OXCrossover'], 'crossover_probability': [0.75, 0.8, 0.85, 0.9], 'elitism_rate': [0.1, 0.2], 'mutation_name': ['InsertMutation', 'SwapMutation'], 'mutation_probability': [0.01, 0.05, 0.1], 'selection_type': ['binary_tournament', 'roulette_wheel'], 'vehicle_construction': ['random', 'bellman_split']}",COMPLETE
366,991.33,2026-06-02 21:58:02.082309,2026-06-02 21:58:13.575358,0 days 00:00:11.493049,PMXCrossover,0.85,0.20,SwapMutation,0.05,roulette_wheel,random,366,"{'crossover_name': ['PMXCrossover', 'CXCrossover', 'OXCrossover'], 'crossover_probability': [0.75, 0.8, 0.85, 0.9], 'elitism_rate': [0.1, 0.2], 'mutation_name': ['InsertMutation', 'SwapMutation'], 'mutation_probability': [0.01, 0.05, 0.1], 'selection_type': ['binary_tournament', 'roulette_wheel'], 'vehicle_construction': ['random', 'bellman_split']}",COMPLETE
367,1165.38,2026-06-02 21:58:13.575676,2026-06-02 21:58:15.599778,0 days 00:00:02.024102,CXCrossover,0.75,0.10,SwapMutation,0.10,binary_tournament,random,367,"{'crossover_name': ['PMXCrossover', 'CXCrossover', 'OXCrossover'], 'crossover_probability': [0.75, 0.8, 0.85, 0.9], 'elitism_rate': [0.1, 0.2], 'mutation_name': ['InsertMutation', 'SwapMutation'], 'mutation_probability': [0.01, 0.05, 0.1], 'selection_type': ['binary_tournament', 'roulette_wheel'], 'vehicle_construction': ['random', 'bellman_split']}",COMPLETE
368,1058.13,2026-06-02 21:58:15.600107,2026-06-02 21:58:17.423252,0 days 00:00:01.823145,PMXCrossover,0.85,0.10,InsertMutation,0.10,binary_tournament,random,368,"{'crossover_name': ['PMXCrossover', 'CXCrossover', 'OXCrossover'], 'crossover_probability': [0.75, 0.8, 0.85, 0.9], 'elitism_rate': [0.1, 0.2], 'mutation_name': ['InsertMutation', 'SwapMutation'], 'mutation_probability': [0.01, 0.05, 0.1], 'selection_type': ['binary_tournament', 'roulette_wheel'], 'vehicle_construction': ['random', 'bellman_split']}",COMPLETE
