number,value,datetime_start,datetime_complete,duration,params_crossover_name,params_crossover_probability,params_elitism_rate,params_mutation_name,params_mutation_probability,params_selection_type,params_vehicle_construction,system_attrs_grid_id,system_attrs_search_space,state
81,26448.43,2026-06-03 02:28:22.008927,2026-06-03 02:28:33.340829,0 days 00:00:11.331902,OXCrossover,0.90,0.10,InsertMutation,0.05,binary_tournament,random,81,"{'crossover_name': ['PMXCrossover', 'CXCrossover', 'OXCrossover'], 'crossover_probability': [0.75, 0.8, 0.85, 0.9], 'elitism_rate': [0.1, 0.2], 'mutation_name': ['InsertMutation', 'SwapMutation'], 'mutation_probability': [0.01, 0.05, 0.1], 'selection_type': ['binary_tournament', 'roulette_wheel'], 'vehicle_construction': ['random', 'bellman_split']}",COMPLETE
82,25372.42,2026-06-03 02:28:33.341126,2026-06-03 02:29:18.652881,0 days 00:00:45.311755,OXCrossover,0.80,0.10,InsertMutation,0.10,binary_tournament,bellman_split,82,"{'crossover_name': ['PMXCrossover', 'CXCrossover', 'OXCrossover'], 'crossover_probability': [0.75, 0.8, 0.85, 0.9], 'elitism_rate': [0.1, 0.2], 'mutation_name': ['InsertMutation', 'SwapMutation'], 'mutation_probability': [0.01, 0.05, 0.1], 'selection_type': ['binary_tournament', 'roulette_wheel'], 'vehicle_construction': ['random', 'bellman_split']}",COMPLETE
83,24236.80,2026-06-03 02:29:18.653184,2026-06-03 02:30:09.359293,0 days 00:00:50.706109,OXCrossover,0.90,0.20,SwapMutation,0.10,binary_tournament,bellman_split,83,"{'crossover_name': ['PMXCrossover', 'CXCrossover', 'OXCrossover'], 'crossover_probability': [0.75, 0.8, 0.85, 0.9], 'elitism_rate': [0.1, 0.2], 'mutation_name': ['InsertMutation', 'SwapMutation'], 'mutation_probability': [0.01, 0.05, 0.1], 'selection_type': ['binary_tournament', 'roulette_wheel'], 'vehicle_construction': ['random', 'bellman_split']}",COMPLETE
84,28773.55,2026-06-03 02:30:09.359593,2026-06-03 02:31:21.106489,0 days 00:01:11.746896,CXCrossover,0.90,0.20,SwapMutation,0.01,roulette_wheel,bellman_split,84,"{'crossover_name': ['PMXCrossover', 'CXCrossover', 'OXCrossover'], 'crossover_probability': [0.75, 0.8, 0.85, 0.9], 'elitism_rate': [0.1, 0.2], 'mutation_name': ['InsertMutation', 'SwapMutation'], 'mutation_probability': [0.01, 0.05, 0.1], 'selection_type': ['binary_tournament', 'roulette_wheel'], 'vehicle_construction': ['random', 'bellman_split']}",COMPLETE
85,24153.62,2026-06-03 02:31:21.106873,2026-06-03 02:31:31.647990,0 days 00:00:10.541117,OXCrossover,0.85,0.10,SwapMutation,0.01,binary_tournament,random,85,"{'crossover_name': ['PMXCrossover', 'CXCrossover', 'OXCrossover'], 'crossover_probability': [0.75, 0.8, 0.85, 0.9], 'elitism_rate': [0.1, 0.2], 'mutation_name': ['InsertMutation', 'SwapMutation'], 'mutation_probability': [0.01, 0.05, 0.1], 'selection_type': ['binary_tournament', 'roulette_wheel'], 'vehicle_construction': ['random', 'bellman_split']}",COMPLETE
86,27035.14,2026-06-03 02:31:31.648486,2026-06-03 02:32:03.030902,0 days 00:00:31.382416,PMXCrossover,0.80,0.20,InsertMutation,0.05,roulette_wheel,random,86,"{'crossover_name': ['PMXCrossover', 'CXCrossover', 'OXCrossover'], 'crossover_probability': [0.75, 0.8, 0.85, 0.9], 'elitism_rate': [0.1, 0.2], 'mutation_name': ['InsertMutation', 'SwapMutation'], 'mutation_probability': [0.01, 0.05, 0.1], 'selection_type': ['binary_tournament', 'roulette_wheel'], 'vehicle_construction': ['random', 'bellman_split']}",COMPLETE
87,27192.29,2026-06-03 02:32:03.031203,2026-06-03 02:32:37.212985,0 days 00:00:34.181782,PMXCrossover,0.85,0.20,SwapMutation,0.10,roulette_wheel,random,87,"{'crossover_name': ['PMXCrossover', 'CXCrossover', 'OXCrossover'], 'crossover_probability': [0.75, 0.8, 0.85, 0.9], 'elitism_rate': [0.1, 0.2], 'mutation_name': ['InsertMutation', 'SwapMutation'], 'mutation_probability': [0.01, 0.05, 0.1], 'selection_type': ['binary_tournament', 'roulette_wheel'], 'vehicle_construction': ['random', 'bellman_split']}",COMPLETE
88,25793.52,2026-06-03 02:32:37.213281,2026-06-03 02:33:09.635046,0 days 00:00:32.421765,PMXCrossover,0.90,0.20,SwapMutation,0.05,roulette_wheel,random,88,"{'crossover_name': ['PMXCrossover', 'CXCrossover', 'OXCrossover'], 'crossover_probability': [0.75, 0.8, 0.85, 0.9], 'elitism_rate': [0.1, 0.2], 'mutation_name': ['InsertMutation', 'SwapMutation'], 'mutation_probability': [0.01, 0.05, 0.1], 'selection_type': ['binary_tournament', 'roulette_wheel'], 'vehicle_construction': ['random', 'bellman_split']}",COMPLETE
89,25912.12,2026-06-03 02:33:09.635319,2026-06-03 02:33:48.105058,0 days 00:00:38.469739,OXCrossover,0.90,0.20,SwapMutation,0.10,roulette_wheel,random,89,"{'crossover_name': ['PMXCrossover', 'CXCrossover', 'OXCrossover'], 'crossover_probability': [0.75, 0.8, 0.85, 0.9], 'elitism_rate': [0.1, 0.2], 'mutation_name': ['InsertMutation', 'SwapMutation'], 'mutation_probability': [0.01, 0.05, 0.1], 'selection_type': ['binary_tournament', 'roulette_wheel'], 'vehicle_construction': ['random', 'bellman_split']}",COMPLETE
90,27112.85,2026-06-03 02:33:48.105364,2026-06-03 02:35:02.382532,0 days 00:01:14.277168,CXCrossover,0.85,0.10,SwapMutation,0.10,roulette_wheel,bellman_split,90,"{'crossover_name': ['PMXCrossover', 'CXCrossover', 'OXCrossover'], 'crossover_probability': [0.75, 0.8, 0.85, 0.9], 'elitism_rate': [0.1, 0.2], 'mutation_name': ['InsertMutation', 'SwapMutation'], 'mutation_probability': [0.01, 0.05, 0.1], 'selection_type': ['binary_tournament', 'roulette_wheel'], 'vehicle_construction': ['random', 'bellman_split']}",COMPLETE
91,27672.53,2026-06-03 02:35:02.382850,2026-06-03 02:35:41.471269,0 days 00:00:39.088419,PMXCrossover,0.80,0.20,SwapMutation,0.05,binary_tournament,bellman_split,91,"{'crossover_name': ['PMXCrossover', 'CXCrossover', 'OXCrossover'], 'crossover_probability': [0.75, 0.8, 0.85, 0.9], 'elitism_rate': [0.1, 0.2], 'mutation_name': ['InsertMutation', 'SwapMutation'], 'mutation_probability': [0.01, 0.05, 0.1], 'selection_type': ['binary_tournament', 'roulette_wheel'], 'vehicle_construction': ['random', 'bellman_split']}",COMPLETE
92,27777.94,2026-06-03 02:35:41.471568,2026-06-03 02:36:21.633741,0 days 00:00:40.162173,CXCrossover,0.75,0.10,SwapMutation,0.10,binary_tournament,bellman_split,92,"{'crossover_name': ['PMXCrossover', 'CXCrossover', 'OXCrossover'], 'crossover_probability': [0.75, 0.8, 0.85, 0.9], 'elitism_rate': [0.1, 0.2], 'mutation_name': ['InsertMutation', 'SwapMutation'], 'mutation_probability': [0.01, 0.05, 0.1], 'selection_type': ['binary_tournament', 'roulette_wheel'], 'vehicle_construction': ['random', 'bellman_split']}",COMPLETE
93,26155.72,2026-06-03 02:36:21.634037,2026-06-03 02:37:29.676727,0 days 00:01:08.042690,PMXCrossover,0.85,0.20,InsertMutation,0.05,roulette_wheel,bellman_split,93,"{'crossover_name': ['PMXCrossover', 'CXCrossover', 'OXCrossover'], 'crossover_probability': [0.75, 0.8, 0.85, 0.9], 'elitism_rate': [0.1, 0.2], 'mutation_name': ['InsertMutation', 'SwapMutation'], 'mutation_probability': [0.01, 0.05, 0.1], 'selection_type': ['binary_tournament', 'roulette_wheel'], 'vehicle_construction': ['random', 'bellman_split']}",COMPLETE
94,29042.09,2026-06-03 02:37:29.677022,2026-06-03 02:38:41.005502,0 days 00:01:11.328480,CXCrossover,0.80,0.10,InsertMutation,0.05,roulette_wheel,bellman_split,94,"{'crossover_name': ['PMXCrossover', 'CXCrossover', 'OXCrossover'], 'crossover_probability': [0.75, 0.8, 0.85, 0.9], 'elitism_rate': [0.1, 0.2], 'mutation_name': ['InsertMutation', 'SwapMutation'], 'mutation_probability': [0.01, 0.05, 0.1], 'selection_type': ['binary_tournament', 'roulette_wheel'], 'vehicle_construction': ['random', 'bellman_split']}",COMPLETE
95,27601.53,2026-06-03 02:38:41.005806,2026-06-03 02:39:13.066361,0 days 00:00:32.060555,PMXCrossover,0.75,0.20,SwapMutation,0.10,roulette_wheel,random,95,"{'crossover_name': ['PMXCrossover', 'CXCrossover', 'OXCrossover'], 'crossover_probability': [0.75, 0.8, 0.85, 0.9], 'elitism_rate': [0.1, 0.2], 'mutation_name': ['InsertMutation', 'SwapMutation'], 'mutation_probability': [0.01, 0.05, 0.1], 'selection_type': ['binary_tournament', 'roulette_wheel'], 'vehicle_construction': ['random', 'bellman_split']}",COMPLETE
96,26828.09,2026-06-03 02:39:13.066635,2026-06-03 02:39:23.991391,0 days 00:00:10.924756,OXCrossover,0.80,0.10,InsertMutation,0.10,binary_tournament,random,96,"{'crossover_name': ['PMXCrossover', 'CXCrossover', 'OXCrossover'], 'crossover_probability': [0.75, 0.8, 0.85, 0.9], 'elitism_rate': [0.1, 0.2], 'mutation_name': ['InsertMutation', 'SwapMutation'], 'mutation_probability': [0.01, 0.05, 0.1], 'selection_type': ['binary_tournament', 'roulette_wheel'], 'vehicle_construction': ['random', 'bellman_split']}",COMPLETE
97,29062.46,2026-06-03 02:39:23.991696,2026-06-03 02:40:01.844492,0 days 00:00:37.852796,CXCrossover,0.75,0.10,SwapMutation,0.01,binary_tournament,bellman_split,97,"{'crossover_name': ['PMXCrossover', 'CXCrossover', 'OXCrossover'], 'crossover_probability': [0.75, 0.8, 0.85, 0.9], 'elitism_rate': [0.1, 0.2], 'mutation_name': ['InsertMutation', 'SwapMutation'], 'mutation_probability': [0.01, 0.05, 0.1], 'selection_type': ['binary_tournament', 'roulette_wheel'], 'vehicle_construction': ['random', 'bellman_split']}",COMPLETE
98,25020.00,2026-06-03 02:40:01.844790,2026-06-03 02:40:45.880262,0 days 00:00:44.035472,OXCrossover,0.80,0.10,InsertMutation,0.01,binary_tournament,bellman_split,98,"{'crossover_name': ['PMXCrossover', 'CXCrossover', 'OXCrossover'], 'crossover_probability': [0.75, 0.8, 0.85, 0.9], 'elitism_rate': [0.1, 0.2], 'mutation_name': ['InsertMutation', 'SwapMutation'], 'mutation_probability': [0.01, 0.05, 0.1], 'selection_type': ['binary_tournament', 'roulette_wheel'], 'vehicle_construction': ['random', 'bellman_split']}",COMPLETE
99,26318.47,2026-06-03 02:40:45.880533,2026-06-03 02:41:23.407851,0 days 00:00:37.527318,PMXCrossover,0.75,0.10,SwapMutation,0.10,binary_tournament,bellman_split,99,"{'crossover_name': ['PMXCrossover', 'CXCrossover', 'OXCrossover'], 'crossover_probability': [0.75, 0.8, 0.85, 0.9], 'elitism_rate': [0.1, 0.2], 'mutation_name': ['InsertMutation', 'SwapMutation'], 'mutation_probability': [0.01, 0.05, 0.1], 'selection_type': ['binary_tournament', 'roulette_wheel'], 'vehicle_construction': ['random', 'bellman_split']}",COMPLETE
100,24381.02,2026-06-03 02:41:23.408191,2026-06-03 02:42:12.777961,0 days 00:00:49.369770,OXCrossover,0.90,0.10,InsertMutation,0.05,binary_tournament,bellman_split,100,"{'crossover_name': ['PMXCrossover', 'CXCrossover', 'OXCrossover'], 'crossover_probability': [0.75, 0.8, 0.85, 0.9], 'elitism_rate': [0.1, 0.2], 'mutation_name': ['InsertMutation', 'SwapMutation'], 'mutation_probability': [0.01, 0.05, 0.1], 'selection_type': ['binary_tournament', 'roulette_wheel'], 'vehicle_construction': ['random', 'bellman_split']}",COMPLETE
101,28639.77,2026-06-03 02:42:12.778239,2026-06-03 02:42:49.853393,0 days 00:00:37.075154,CXCrossover,0.80,0.10,SwapMutation,0.10,roulette_wheel,random,101,"{'crossover_name': ['PMXCrossover', 'CXCrossover', 'OXCrossover'], 'crossover_probability': [0.75, 0.8, 0.85, 0.9], 'elitism_rate': [0.1, 0.2], 'mutation_name': ['InsertMutation', 'SwapMutation'], 'mutation_probability': [0.01, 0.05, 0.1], 'selection_type': ['binary_tournament', 'roulette_wheel'], 'vehicle_construction': ['random', 'bellman_split']}",COMPLETE
102,26027.37,2026-06-03 02:42:49.853821,2026-06-03 02:43:28.328938,0 days 00:00:38.475117,OXCrossover,0.75,0.10,InsertMutation,0.05,roulette_wheel,random,102,"{'crossover_name': ['PMXCrossover', 'CXCrossover', 'OXCrossover'], 'crossover_probability': [0.75, 0.8, 0.85, 0.9], 'elitism_rate': [0.1, 0.2], 'mutation_name': ['InsertMutation', 'SwapMutation'], 'mutation_probability': [0.01, 0.05, 0.1], 'selection_type': ['binary_tournament', 'roulette_wheel'], 'vehicle_construction': ['random', 'bellman_split']}",COMPLETE
103,28000.77,2026-06-03 02:43:28.329232,2026-06-03 02:44:01.463118,0 days 00:00:33.133886,CXCrossover,0.80,0.20,SwapMutation,0.05,roulette_wheel,random,103,"{'crossover_name': ['PMXCrossover', 'CXCrossover', 'OXCrossover'], 'crossover_probability': [0.75, 0.8, 0.85, 0.9], 'elitism_rate': [0.1, 0.2], 'mutation_name': ['InsertMutation', 'SwapMutation'], 'mutation_probability': [0.01, 0.05, 0.1], 'selection_type': ['binary_tournament', 'roulette_wheel'], 'vehicle_construction': ['random', 'bellman_split']}",COMPLETE
104,27557.28,2026-06-03 02:44:01.463410,2026-06-03 02:45:14.243887,0 days 00:01:12.780477,CXCrossover,0.85,0.10,InsertMutation,0.10,roulette_wheel,bellman_split,104,"{'crossover_name': ['PMXCrossover', 'CXCrossover', 'OXCrossover'], 'crossover_probability': [0.75, 0.8, 0.85, 0.9], 'elitism_rate': [0.1, 0.2], 'mutation_name': ['InsertMutation', 'SwapMutation'], 'mutation_probability': [0.01, 0.05, 0.1], 'selection_type': ['binary_tournament', 'roulette_wheel'], 'vehicle_construction': ['random', 'bellman_split']}",COMPLETE
105,28241.95,2026-06-03 02:45:14.244160,2026-06-03 02:45:56.488855,0 days 00:00:42.244695,CXCrossover,0.80,0.10,SwapMutation,0.10,binary_tournament,bellman_split,105,"{'crossover_name': ['PMXCrossover', 'CXCrossover', 'OXCrossover'], 'crossover_probability': [0.75, 0.8, 0.85, 0.9], 'elitism_rate': [0.1, 0.2], 'mutation_name': ['InsertMutation', 'SwapMutation'], 'mutation_probability': [0.01, 0.05, 0.1], 'selection_type': ['binary_tournament', 'roulette_wheel'], 'vehicle_construction': ['random', 'bellman_split']}",COMPLETE
106,26379.25,2026-06-03 02:45:56.489157,2026-06-03 02:46:36.043495,0 days 00:00:39.554338,OXCrossover,0.85,0.10,SwapMutation,0.01,roulette_wheel,random,106,"{'crossover_name': ['PMXCrossover', 'CXCrossover', 'OXCrossover'], 'crossover_probability': [0.75, 0.8, 0.85, 0.9], 'elitism_rate': [0.1, 0.2], 'mutation_name': ['InsertMutation', 'SwapMutation'], 'mutation_probability': [0.01, 0.05, 0.1], 'selection_type': ['binary_tournament', 'roulette_wheel'], 'vehicle_construction': ['random', 'bellman_split']}",COMPLETE
107,25787.61,2026-06-03 02:46:36.043950,2026-06-03 02:47:16.545636,0 days 00:00:40.501686,OXCrossover,0.80,0.10,InsertMutation,0.01,roulette_wheel,random,107,"{'crossover_name': ['PMXCrossover', 'CXCrossover', 'OXCrossover'], 'crossover_probability': [0.75, 0.8, 0.85, 0.9], 'elitism_rate': [0.1, 0.2], 'mutation_name': ['InsertMutation', 'SwapMutation'], 'mutation_probability': [0.01, 0.05, 0.1], 'selection_type': ['binary_tournament', 'roulette_wheel'], 'vehicle_construction': ['random', 'bellman_split']}",COMPLETE
108,29112.51,2026-06-03 02:47:16.545934,2026-06-03 02:48:00.994075,0 days 00:00:44.448141,CXCrossover,0.85,0.10,SwapMutation,0.01,binary_tournament,bellman_split,108,"{'crossover_name': ['PMXCrossover', 'CXCrossover', 'OXCrossover'], 'crossover_probability': [0.75, 0.8, 0.85, 0.9], 'elitism_rate': [0.1, 0.2], 'mutation_name': ['InsertMutation', 'SwapMutation'], 'mutation_probability': [0.01, 0.05, 0.1], 'selection_type': ['binary_tournament', 'roulette_wheel'], 'vehicle_construction': ['random', 'bellman_split']}",COMPLETE
109,27324.49,2026-06-03 02:48:00.994374,2026-06-03 02:49:11.112792,0 days 00:01:10.118418,PMXCrossover,0.80,0.10,SwapMutation,0.10,roulette_wheel,bellman_split,109,"{'crossover_name': ['PMXCrossover', 'CXCrossover', 'OXCrossover'], 'crossover_probability': [0.75, 0.8, 0.85, 0.9], 'elitism_rate': [0.1, 0.2], 'mutation_name': ['InsertMutation', 'SwapMutation'], 'mutation_probability': [0.01, 0.05, 0.1], 'selection_type': ['binary_tournament', 'roulette_wheel'], 'vehicle_construction': ['random', 'bellman_split']}",COMPLETE
110,24825.68,2026-06-03 02:49:11.113137,2026-06-03 02:49:22.288188,0 days 00:00:11.175051,OXCrossover,0.85,0.20,InsertMutation,0.05,binary_tournament,random,110,"{'crossover_name': ['PMXCrossover', 'CXCrossover', 'OXCrossover'], 'crossover_probability': [0.75, 0.8, 0.85, 0.9], 'elitism_rate': [0.1, 0.2], 'mutation_name': ['InsertMutation', 'SwapMutation'], 'mutation_probability': [0.01, 0.05, 0.1], 'selection_type': ['binary_tournament', 'roulette_wheel'], 'vehicle_construction': ['random', 'bellman_split']}",COMPLETE
111,27386.13,2026-06-03 02:49:22.288461,2026-06-03 02:49:56.683291,0 days 00:00:34.394830,PMXCrossover,0.85,0.10,InsertMutation,0.05,roulette_wheel,random,111,"{'crossover_name': ['PMXCrossover', 'CXCrossover', 'OXCrossover'], 'crossover_probability': [0.75, 0.8, 0.85, 0.9], 'elitism_rate': [0.1, 0.2], 'mutation_name': ['InsertMutation', 'SwapMutation'], 'mutation_probability': [0.01, 0.05, 0.1], 'selection_type': ['binary_tournament', 'roulette_wheel'], 'vehicle_construction': ['random', 'bellman_split']}",COMPLETE
112,27271.51,2026-06-03 02:49:56.683588,2026-06-03 02:51:04.385306,0 days 00:01:07.701718,CXCrossover,0.80,0.20,SwapMutation,0.05,roulette_wheel,bellman_split,112,"{'crossover_name': ['PMXCrossover', 'CXCrossover', 'OXCrossover'], 'crossover_probability': [0.75, 0.8, 0.85, 0.9], 'elitism_rate': [0.1, 0.2], 'mutation_name': ['InsertMutation', 'SwapMutation'], 'mutation_probability': [0.01, 0.05, 0.1], 'selection_type': ['binary_tournament', 'roulette_wheel'], 'vehicle_construction': ['random', 'bellman_split']}",COMPLETE
113,26284.82,2026-06-03 02:51:04.385581,2026-06-03 02:51:10.351146,0 days 00:00:05.965565,PMXCrossover,0.85,0.10,SwapMutation,0.01,binary_tournament,random,113,"{'crossover_name': ['PMXCrossover', 'CXCrossover', 'OXCrossover'], 'crossover_probability': [0.75, 0.8, 0.85, 0.9], 'elitism_rate': [0.1, 0.2], 'mutation_name': ['InsertMutation', 'SwapMutation'], 'mutation_probability': [0.01, 0.05, 0.1], 'selection_type': ['binary_tournament', 'roulette_wheel'], 'vehicle_construction': ['random', 'bellman_split']}",COMPLETE
114,23845.32,2026-06-03 02:51:10.351443,2026-06-03 02:51:51.251384,0 days 00:00:40.899941,OXCrossover,0.75,0.10,SwapMutation,0.01,binary_tournament,bellman_split,114,"{'crossover_name': ['PMXCrossover', 'CXCrossover', 'OXCrossover'], 'crossover_probability': [0.75, 0.8, 0.85, 0.9], 'elitism_rate': [0.1, 0.2], 'mutation_name': ['InsertMutation', 'SwapMutation'], 'mutation_probability': [0.01, 0.05, 0.1], 'selection_type': ['binary_tournament', 'roulette_wheel'], 'vehicle_construction': ['random', 'bellman_split']}",COMPLETE
115,26263.86,2026-06-03 02:51:51.251873,2026-06-03 02:52:29.731141,0 days 00:00:38.479268,PMXCrossover,0.80,0.20,SwapMutation,0.01,binary_tournament,bellman_split,115,"{'crossover_name': ['PMXCrossover', 'CXCrossover', 'OXCrossover'], 'crossover_probability': [0.75, 0.8, 0.85, 0.9], 'elitism_rate': [0.1, 0.2], 'mutation_name': ['InsertMutation', 'SwapMutation'], 'mutation_probability': [0.01, 0.05, 0.1], 'selection_type': ['binary_tournament', 'roulette_wheel'], 'vehicle_construction': ['random', 'bellman_split']}",COMPLETE
116,25811.78,2026-06-03 02:52:29.731444,2026-06-03 02:53:05.505066,0 days 00:00:35.773622,OXCrossover,0.75,0.20,SwapMutation,0.05,roulette_wheel,random,116,"{'crossover_name': ['PMXCrossover', 'CXCrossover', 'OXCrossover'], 'crossover_probability': [0.75, 0.8, 0.85, 0.9], 'elitism_rate': [0.1, 0.2], 'mutation_name': ['InsertMutation', 'SwapMutation'], 'mutation_probability': [0.01, 0.05, 0.1], 'selection_type': ['binary_tournament', 'roulette_wheel'], 'vehicle_construction': ['random', 'bellman_split']}",COMPLETE
117,25409.02,2026-06-03 02:53:05.505363,2026-06-03 02:53:36.152520,0 days 00:00:30.647157,PMXCrossover,0.85,0.20,InsertMutation,0.01,roulette_wheel,random,117,"{'crossover_name': ['PMXCrossover', 'CXCrossover', 'OXCrossover'], 'crossover_probability': [0.75, 0.8, 0.85, 0.9], 'elitism_rate': [0.1, 0.2], 'mutation_name': ['InsertMutation', 'SwapMutation'], 'mutation_probability': [0.01, 0.05, 0.1], 'selection_type': ['binary_tournament', 'roulette_wheel'], 'vehicle_construction': ['random', 'bellman_split']}",COMPLETE
118,23760.64,2026-06-03 02:53:36.152817,2026-06-03 02:54:23.537930,0 days 00:00:47.385113,OXCrossover,0.85,0.20,SwapMutation,0.10,binary_tournament,bellman_split,118,"{'crossover_name': ['PMXCrossover', 'CXCrossover', 'OXCrossover'], 'crossover_probability': [0.75, 0.8, 0.85, 0.9], 'elitism_rate': [0.1, 0.2], 'mutation_name': ['InsertMutation', 'SwapMutation'], 'mutation_probability': [0.01, 0.05, 0.1], 'selection_type': ['binary_tournament', 'roulette_wheel'], 'vehicle_construction': ['random', 'bellman_split']}",COMPLETE
119,27559.38,2026-06-03 02:54:23.538206,2026-06-03 02:54:59.445301,0 days 00:00:35.907095,PMXCrossover,0.85,0.10,SwapMutation,0.10,roulette_wheel,random,119,"{'crossover_name': ['PMXCrossover', 'CXCrossover', 'OXCrossover'], 'crossover_probability': [0.75, 0.8, 0.85, 0.9], 'elitism_rate': [0.1, 0.2], 'mutation_name': ['InsertMutation', 'SwapMutation'], 'mutation_probability': [0.01, 0.05, 0.1], 'selection_type': ['binary_tournament', 'roulette_wheel'], 'vehicle_construction': ['random', 'bellman_split']}",COMPLETE
120,29543.77,2026-06-03 02:54:59.445599,2026-06-03 02:55:36.327012,0 days 00:00:36.881413,CXCrossover,0.85,0.10,InsertMutation,0.10,roulette_wheel,random,120,"{'crossover_name': ['PMXCrossover', 'CXCrossover', 'OXCrossover'], 'crossover_probability': [0.75, 0.8, 0.85, 0.9], 'elitism_rate': [0.1, 0.2], 'mutation_name': ['InsertMutation', 'SwapMutation'], 'mutation_probability': [0.01, 0.05, 0.1], 'selection_type': ['binary_tournament', 'roulette_wheel'], 'vehicle_construction': ['random', 'bellman_split']}",COMPLETE
121,30021.86,2026-06-03 02:55:36.327313,2026-06-03 02:56:17.301962,0 days 00:00:40.974649,CXCrossover,0.80,0.10,InsertMutation,0.05,binary_tournament,bellman_split,121,"{'crossover_name': ['PMXCrossover', 'CXCrossover', 'OXCrossover'], 'crossover_probability': [0.75, 0.8, 0.85, 0.9], 'elitism_rate': [0.1, 0.2], 'mutation_name': ['InsertMutation', 'SwapMutation'], 'mutation_probability': [0.01, 0.05, 0.1], 'selection_type': ['binary_tournament', 'roulette_wheel'], 'vehicle_construction': ['random', 'bellman_split']}",COMPLETE
