number,value,datetime_start,datetime_complete,duration,params_crossover_name,params_crossover_probability,params_elitism_rate,params_mutation_name,params_mutation_probability,params_selection_type,params_vehicle_construction,system_attrs_grid_id,system_attrs_search_space,state
491,27238.54,2026-06-03 06:58:17.680115,2026-06-03 06:59:21.812628,0 days 00:01:04.132513,PMXCrossover,0.75,0.20,SwapMutation,0.05,roulette_wheel,bellman_split,491,"{'crossover_name': ['PMXCrossover', 'CXCrossover', 'OXCrossover'], 'crossover_probability': [0.75, 0.8, 0.85, 0.9], 'elitism_rate': [0.1, 0.2], 'mutation_name': ['InsertMutation', 'SwapMutation'], 'mutation_probability': [0.01, 0.05, 0.1], 'selection_type': ['binary_tournament', 'roulette_wheel'], 'vehicle_construction': ['random', 'bellman_split']}",COMPLETE
492,28891.43,2026-06-03 06:59:21.812943,2026-06-03 06:59:57.903049,0 days 00:00:36.090106,CXCrossover,0.90,0.20,InsertMutation,0.10,roulette_wheel,random,492,"{'crossover_name': ['PMXCrossover', 'CXCrossover', 'OXCrossover'], 'crossover_probability': [0.75, 0.8, 0.85, 0.9], 'elitism_rate': [0.1, 0.2], 'mutation_name': ['InsertMutation', 'SwapMutation'], 'mutation_probability': [0.01, 0.05, 0.1], 'selection_type': ['binary_tournament', 'roulette_wheel'], 'vehicle_construction': ['random', 'bellman_split']}",COMPLETE
493,26511.46,2026-06-03 06:59:57.903381,2026-06-03 07:00:38.995230,0 days 00:00:41.091849,OXCrossover,0.75,0.10,InsertMutation,0.10,roulette_wheel,random,493,"{'crossover_name': ['PMXCrossover', 'CXCrossover', 'OXCrossover'], 'crossover_probability': [0.75, 0.8, 0.85, 0.9], 'elitism_rate': [0.1, 0.2], 'mutation_name': ['InsertMutation', 'SwapMutation'], 'mutation_probability': [0.01, 0.05, 0.1], 'selection_type': ['binary_tournament', 'roulette_wheel'], 'vehicle_construction': ['random', 'bellman_split']}",COMPLETE
494,26331.58,2026-06-03 07:00:38.995548,2026-06-03 07:00:44.753706,0 days 00:00:05.758158,PMXCrossover,0.75,0.10,InsertMutation,0.01,binary_tournament,random,494,"{'crossover_name': ['PMXCrossover', 'CXCrossover', 'OXCrossover'], 'crossover_probability': [0.75, 0.8, 0.85, 0.9], 'elitism_rate': [0.1, 0.2], 'mutation_name': ['InsertMutation', 'SwapMutation'], 'mutation_probability': [0.01, 0.05, 0.1], 'selection_type': ['binary_tournament', 'roulette_wheel'], 'vehicle_construction': ['random', 'bellman_split']}",COMPLETE
495,26625.80,2026-06-03 07:00:44.754017,2026-06-03 07:02:00.821184,0 days 00:01:16.067167,CXCrossover,0.90,0.20,SwapMutation,0.10,roulette_wheel,bellman_split,495,"{'crossover_name': ['PMXCrossover', 'CXCrossover', 'OXCrossover'], 'crossover_probability': [0.75, 0.8, 0.85, 0.9], 'elitism_rate': [0.1, 0.2], 'mutation_name': ['InsertMutation', 'SwapMutation'], 'mutation_probability': [0.01, 0.05, 0.1], 'selection_type': ['binary_tournament', 'roulette_wheel'], 'vehicle_construction': ['random', 'bellman_split']}",COMPLETE
496,29790.11,2026-06-03 07:02:00.821483,2026-06-03 07:02:47.758305,0 days 00:00:46.936822,CXCrossover,0.75,0.10,InsertMutation,0.10,binary_tournament,bellman_split,496,"{'crossover_name': ['PMXCrossover', 'CXCrossover', 'OXCrossover'], 'crossover_probability': [0.75, 0.8, 0.85, 0.9], 'elitism_rate': [0.1, 0.2], 'mutation_name': ['InsertMutation', 'SwapMutation'], 'mutation_probability': [0.01, 0.05, 0.1], 'selection_type': ['binary_tournament', 'roulette_wheel'], 'vehicle_construction': ['random', 'bellman_split']}",COMPLETE
497,24838.79,2026-06-03 07:02:47.758730,2026-06-03 07:03:30.757236,0 days 00:00:42.998506,OXCrossover,0.75,0.10,SwapMutation,0.10,binary_tournament,bellman_split,497,"{'crossover_name': ['PMXCrossover', 'CXCrossover', 'OXCrossover'], 'crossover_probability': [0.75, 0.8, 0.85, 0.9], 'elitism_rate': [0.1, 0.2], 'mutation_name': ['InsertMutation', 'SwapMutation'], 'mutation_probability': [0.01, 0.05, 0.1], 'selection_type': ['binary_tournament', 'roulette_wheel'], 'vehicle_construction': ['random', 'bellman_split']}",COMPLETE
498,25873.35,2026-06-03 07:03:30.757557,2026-06-03 07:04:48.347655,0 days 00:01:17.590098,OXCrossover,0.85,0.10,InsertMutation,0.05,roulette_wheel,bellman_split,498,"{'crossover_name': ['PMXCrossover', 'CXCrossover', 'OXCrossover'], 'crossover_probability': [0.75, 0.8, 0.85, 0.9], 'elitism_rate': [0.1, 0.2], 'mutation_name': ['InsertMutation', 'SwapMutation'], 'mutation_probability': [0.01, 0.05, 0.1], 'selection_type': ['binary_tournament', 'roulette_wheel'], 'vehicle_construction': ['random', 'bellman_split']}",COMPLETE
499,28920.46,2026-06-03 07:04:48.347977,2026-06-03 07:04:57.526023,0 days 00:00:09.178046,CXCrossover,0.90,0.20,InsertMutation,0.10,binary_tournament,random,499,"{'crossover_name': ['PMXCrossover', 'CXCrossover', 'OXCrossover'], 'crossover_probability': [0.75, 0.8, 0.85, 0.9], 'elitism_rate': [0.1, 0.2], 'mutation_name': ['InsertMutation', 'SwapMutation'], 'mutation_probability': [0.01, 0.05, 0.1], 'selection_type': ['binary_tournament', 'roulette_wheel'], 'vehicle_construction': ['random', 'bellman_split']}",COMPLETE
500,23540.05,2026-06-03 07:04:57.526345,2026-06-03 07:05:40.873090,0 days 00:00:43.346745,OXCrossover,0.80,0.20,InsertMutation,0.05,binary_tournament,bellman_split,500,"{'crossover_name': ['PMXCrossover', 'CXCrossover', 'OXCrossover'], 'crossover_probability': [0.75, 0.8, 0.85, 0.9], 'elitism_rate': [0.1, 0.2], 'mutation_name': ['InsertMutation', 'SwapMutation'], 'mutation_probability': [0.01, 0.05, 0.1], 'selection_type': ['binary_tournament', 'roulette_wheel'], 'vehicle_construction': ['random', 'bellman_split']}",COMPLETE
501,26713.15,2026-06-03 07:05:40.873408,2026-06-03 07:05:52.975044,0 days 00:00:12.101636,OXCrossover,0.90,0.10,InsertMutation,0.10,binary_tournament,random,501,"{'crossover_name': ['PMXCrossover', 'CXCrossover', 'OXCrossover'], 'crossover_probability': [0.75, 0.8, 0.85, 0.9], 'elitism_rate': [0.1, 0.2], 'mutation_name': ['InsertMutation', 'SwapMutation'], 'mutation_probability': [0.01, 0.05, 0.1], 'selection_type': ['binary_tournament', 'roulette_wheel'], 'vehicle_construction': ['random', 'bellman_split']}",COMPLETE
502,28774.84,2026-06-03 07:05:52.975339,2026-06-03 07:06:26.375132,0 days 00:00:33.399793,PMXCrossover,0.85,0.10,InsertMutation,0.01,roulette_wheel,random,502,"{'crossover_name': ['PMXCrossover', 'CXCrossover', 'OXCrossover'], 'crossover_probability': [0.75, 0.8, 0.85, 0.9], 'elitism_rate': [0.1, 0.2], 'mutation_name': ['InsertMutation', 'SwapMutation'], 'mutation_probability': [0.01, 0.05, 0.1], 'selection_type': ['binary_tournament', 'roulette_wheel'], 'vehicle_construction': ['random', 'bellman_split']}",COMPLETE
503,25098.38,2026-06-03 07:06:26.375428,2026-06-03 07:07:38.961036,0 days 00:01:12.585608,OXCrossover,0.75,0.10,InsertMutation,0.01,roulette_wheel,bellman_split,503,"{'crossover_name': ['PMXCrossover', 'CXCrossover', 'OXCrossover'], 'crossover_probability': [0.75, 0.8, 0.85, 0.9], 'elitism_rate': [0.1, 0.2], 'mutation_name': ['InsertMutation', 'SwapMutation'], 'mutation_probability': [0.01, 0.05, 0.1], 'selection_type': ['binary_tournament', 'roulette_wheel'], 'vehicle_construction': ['random', 'bellman_split']}",COMPLETE
504,29269.16,2026-06-03 07:07:38.961331,2026-06-03 07:08:26.485146,0 days 00:00:47.523815,CXCrossover,0.90,0.10,SwapMutation,0.01,binary_tournament,bellman_split,504,"{'crossover_name': ['PMXCrossover', 'CXCrossover', 'OXCrossover'], 'crossover_probability': [0.75, 0.8, 0.85, 0.9], 'elitism_rate': [0.1, 0.2], 'mutation_name': ['InsertMutation', 'SwapMutation'], 'mutation_probability': [0.01, 0.05, 0.1], 'selection_type': ['binary_tournament', 'roulette_wheel'], 'vehicle_construction': ['random', 'bellman_split']}",COMPLETE
505,29818.99,2026-06-03 07:08:26.485443,2026-06-03 07:08:35.206721,0 days 00:00:08.721278,CXCrossover,0.85,0.10,SwapMutation,0.05,binary_tournament,random,505,"{'crossover_name': ['PMXCrossover', 'CXCrossover', 'OXCrossover'], 'crossover_probability': [0.75, 0.8, 0.85, 0.9], 'elitism_rate': [0.1, 0.2], 'mutation_name': ['InsertMutation', 'SwapMutation'], 'mutation_probability': [0.01, 0.05, 0.1], 'selection_type': ['binary_tournament', 'roulette_wheel'], 'vehicle_construction': ['random', 'bellman_split']}",COMPLETE
506,26311.08,2026-06-03 07:08:35.207044,2026-06-03 07:09:12.068365,0 days 00:00:36.861321,OXCrossover,0.75,0.20,InsertMutation,0.10,roulette_wheel,random,506,"{'crossover_name': ['PMXCrossover', 'CXCrossover', 'OXCrossover'], 'crossover_probability': [0.75, 0.8, 0.85, 0.9], 'elitism_rate': [0.1, 0.2], 'mutation_name': ['InsertMutation', 'SwapMutation'], 'mutation_probability': [0.01, 0.05, 0.1], 'selection_type': ['binary_tournament', 'roulette_wheel'], 'vehicle_construction': ['random', 'bellman_split']}",COMPLETE
507,29225.09,2026-06-03 07:09:12.068694,2026-06-03 07:09:20.370701,0 days 00:00:08.302007,CXCrossover,0.85,0.10,InsertMutation,0.05,binary_tournament,random,507,"{'crossover_name': ['PMXCrossover', 'CXCrossover', 'OXCrossover'], 'crossover_probability': [0.75, 0.8, 0.85, 0.9], 'elitism_rate': [0.1, 0.2], 'mutation_name': ['InsertMutation', 'SwapMutation'], 'mutation_probability': [0.01, 0.05, 0.1], 'selection_type': ['binary_tournament', 'roulette_wheel'], 'vehicle_construction': ['random', 'bellman_split']}",COMPLETE
508,26932.23,2026-06-03 07:09:20.371029,2026-06-03 07:09:52.933875,0 days 00:00:32.562846,PMXCrossover,0.90,0.20,InsertMutation,0.10,roulette_wheel,random,508,"{'crossover_name': ['PMXCrossover', 'CXCrossover', 'OXCrossover'], 'crossover_probability': [0.75, 0.8, 0.85, 0.9], 'elitism_rate': [0.1, 0.2], 'mutation_name': ['InsertMutation', 'SwapMutation'], 'mutation_probability': [0.01, 0.05, 0.1], 'selection_type': ['binary_tournament', 'roulette_wheel'], 'vehicle_construction': ['random', 'bellman_split']}",COMPLETE
509,27723.65,2026-06-03 07:09:52.934192,2026-06-03 07:10:39.518111,0 days 00:00:46.583919,CXCrossover,0.90,0.20,InsertMutation,0.10,binary_tournament,bellman_split,509,"{'crossover_name': ['PMXCrossover', 'CXCrossover', 'OXCrossover'], 'crossover_probability': [0.75, 0.8, 0.85, 0.9], 'elitism_rate': [0.1, 0.2], 'mutation_name': ['InsertMutation', 'SwapMutation'], 'mutation_probability': [0.01, 0.05, 0.1], 'selection_type': ['binary_tournament', 'roulette_wheel'], 'vehicle_construction': ['random', 'bellman_split']}",COMPLETE
510,30155.65,2026-06-03 07:10:39.518432,2026-06-03 07:10:48.024212,0 days 00:00:08.505780,CXCrossover,0.80,0.10,SwapMutation,0.05,binary_tournament,random,510,"{'crossover_name': ['PMXCrossover', 'CXCrossover', 'OXCrossover'], 'crossover_probability': [0.75, 0.8, 0.85, 0.9], 'elitism_rate': [0.1, 0.2], 'mutation_name': ['InsertMutation', 'SwapMutation'], 'mutation_probability': [0.01, 0.05, 0.1], 'selection_type': ['binary_tournament', 'roulette_wheel'], 'vehicle_construction': ['random', 'bellman_split']}",COMPLETE
511,26677.13,2026-06-03 07:10:48.024526,2026-06-03 07:11:20.586913,0 days 00:00:32.562387,PMXCrossover,0.80,0.20,SwapMutation,0.10,roulette_wheel,random,511,"{'crossover_name': ['PMXCrossover', 'CXCrossover', 'OXCrossover'], 'crossover_probability': [0.75, 0.8, 0.85, 0.9], 'elitism_rate': [0.1, 0.2], 'mutation_name': ['InsertMutation', 'SwapMutation'], 'mutation_probability': [0.01, 0.05, 0.1], 'selection_type': ['binary_tournament', 'roulette_wheel'], 'vehicle_construction': ['random', 'bellman_split']}",COMPLETE
512,29810.59,2026-06-03 07:11:20.587209,2026-06-03 07:11:59.810465,0 days 00:00:39.223256,CXCrossover,0.75,0.10,InsertMutation,0.05,binary_tournament,bellman_split,512,"{'crossover_name': ['PMXCrossover', 'CXCrossover', 'OXCrossover'], 'crossover_probability': [0.75, 0.8, 0.85, 0.9], 'elitism_rate': [0.1, 0.2], 'mutation_name': ['InsertMutation', 'SwapMutation'], 'mutation_probability': [0.01, 0.05, 0.1], 'selection_type': ['binary_tournament', 'roulette_wheel'], 'vehicle_construction': ['random', 'bellman_split']}",COMPLETE
513,26472.71,2026-06-03 07:11:59.810760,2026-06-03 07:13:07.504194,0 days 00:01:07.693434,PMXCrossover,0.80,0.20,SwapMutation,0.10,roulette_wheel,bellman_split,513,"{'crossover_name': ['PMXCrossover', 'CXCrossover', 'OXCrossover'], 'crossover_probability': [0.75, 0.8, 0.85, 0.9], 'elitism_rate': [0.1, 0.2], 'mutation_name': ['InsertMutation', 'SwapMutation'], 'mutation_probability': [0.01, 0.05, 0.1], 'selection_type': ['binary_tournament', 'roulette_wheel'], 'vehicle_construction': ['random', 'bellman_split']}",COMPLETE
514,27234.81,2026-06-03 07:13:07.504515,2026-06-03 07:13:44.818522,0 days 00:00:37.314007,OXCrossover,0.90,0.20,InsertMutation,0.05,roulette_wheel,random,514,"{'crossover_name': ['PMXCrossover', 'CXCrossover', 'OXCrossover'], 'crossover_probability': [0.75, 0.8, 0.85, 0.9], 'elitism_rate': [0.1, 0.2], 'mutation_name': ['InsertMutation', 'SwapMutation'], 'mutation_probability': [0.01, 0.05, 0.1], 'selection_type': ['binary_tournament', 'roulette_wheel'], 'vehicle_construction': ['random', 'bellman_split']}",COMPLETE
515,27085.80,2026-06-03 07:13:44.818844,2026-06-03 07:14:28.169982,0 days 00:00:43.351138,PMXCrossover,0.90,0.20,InsertMutation,0.01,binary_tournament,bellman_split,515,"{'crossover_name': ['PMXCrossover', 'CXCrossover', 'OXCrossover'], 'crossover_probability': [0.75, 0.8, 0.85, 0.9], 'elitism_rate': [0.1, 0.2], 'mutation_name': ['InsertMutation', 'SwapMutation'], 'mutation_probability': [0.01, 0.05, 0.1], 'selection_type': ['binary_tournament', 'roulette_wheel'], 'vehicle_construction': ['random', 'bellman_split']}",COMPLETE
516,28161.25,2026-06-03 07:14:28.170318,2026-06-03 07:15:13.493998,0 days 00:00:45.323680,CXCrossover,0.85,0.10,SwapMutation,0.05,binary_tournament,bellman_split,516,"{'crossover_name': ['PMXCrossover', 'CXCrossover', 'OXCrossover'], 'crossover_probability': [0.75, 0.8, 0.85, 0.9], 'elitism_rate': [0.1, 0.2], 'mutation_name': ['InsertMutation', 'SwapMutation'], 'mutation_probability': [0.01, 0.05, 0.1], 'selection_type': ['binary_tournament', 'roulette_wheel'], 'vehicle_construction': ['random', 'bellman_split']}",COMPLETE
517,27365.41,2026-06-03 07:15:13.494293,2026-06-03 07:16:00.456468,0 days 00:00:46.962175,CXCrossover,0.90,0.20,SwapMutation,0.01,binary_tournament,bellman_split,517,"{'crossover_name': ['PMXCrossover', 'CXCrossover', 'OXCrossover'], 'crossover_probability': [0.75, 0.8, 0.85, 0.9], 'elitism_rate': [0.1, 0.2], 'mutation_name': ['InsertMutation', 'SwapMutation'], 'mutation_probability': [0.01, 0.05, 0.1], 'selection_type': ['binary_tournament', 'roulette_wheel'], 'vehicle_construction': ['random', 'bellman_split']}",COMPLETE
518,28200.95,2026-06-03 07:16:00.456793,2026-06-03 07:17:07.053882,0 days 00:01:06.597089,CXCrossover,0.75,0.20,InsertMutation,0.10,roulette_wheel,bellman_split,518,"{'crossover_name': ['PMXCrossover', 'CXCrossover', 'OXCrossover'], 'crossover_probability': [0.75, 0.8, 0.85, 0.9], 'elitism_rate': [0.1, 0.2], 'mutation_name': ['InsertMutation', 'SwapMutation'], 'mutation_probability': [0.01, 0.05, 0.1], 'selection_type': ['binary_tournament', 'roulette_wheel'], 'vehicle_construction': ['random', 'bellman_split']}",COMPLETE
519,27350.50,2026-06-03 07:17:07.054205,2026-06-03 07:18:15.565598,0 days 00:01:08.511393,PMXCrossover,0.85,0.20,SwapMutation,0.10,roulette_wheel,bellman_split,519,"{'crossover_name': ['PMXCrossover', 'CXCrossover', 'OXCrossover'], 'crossover_probability': [0.75, 0.8, 0.85, 0.9], 'elitism_rate': [0.1, 0.2], 'mutation_name': ['InsertMutation', 'SwapMutation'], 'mutation_probability': [0.01, 0.05, 0.1], 'selection_type': ['binary_tournament', 'roulette_wheel'], 'vehicle_construction': ['random', 'bellman_split']}",COMPLETE
520,26673.94,2026-06-03 07:18:15.565920,2026-06-03 07:18:21.715019,0 days 00:00:06.149099,PMXCrossover,0.90,0.20,SwapMutation,0.01,binary_tournament,random,520,"{'crossover_name': ['PMXCrossover', 'CXCrossover', 'OXCrossover'], 'crossover_probability': [0.75, 0.8, 0.85, 0.9], 'elitism_rate': [0.1, 0.2], 'mutation_name': ['InsertMutation', 'SwapMutation'], 'mutation_probability': [0.01, 0.05, 0.1], 'selection_type': ['binary_tournament', 'roulette_wheel'], 'vehicle_construction': ['random', 'bellman_split']}",COMPLETE
521,25795.70,2026-06-03 07:18:21.715336,2026-06-03 07:19:34.135399,0 days 00:01:12.420063,PMXCrossover,0.85,0.20,InsertMutation,0.10,roulette_wheel,bellman_split,521,"{'crossover_name': ['PMXCrossover', 'CXCrossover', 'OXCrossover'], 'crossover_probability': [0.75, 0.8, 0.85, 0.9], 'elitism_rate': [0.1, 0.2], 'mutation_name': ['InsertMutation', 'SwapMutation'], 'mutation_probability': [0.01, 0.05, 0.1], 'selection_type': ['binary_tournament', 'roulette_wheel'], 'vehicle_construction': ['random', 'bellman_split']}",COMPLETE
522,26782.04,2026-06-03 07:19:34.135725,2026-06-03 07:20:44.322133,0 days 00:01:10.186408,PMXCrossover,0.75,0.20,SwapMutation,0.10,roulette_wheel,bellman_split,522,"{'crossover_name': ['PMXCrossover', 'CXCrossover', 'OXCrossover'], 'crossover_probability': [0.75, 0.8, 0.85, 0.9], 'elitism_rate': [0.1, 0.2], 'mutation_name': ['InsertMutation', 'SwapMutation'], 'mutation_probability': [0.01, 0.05, 0.1], 'selection_type': ['binary_tournament', 'roulette_wheel'], 'vehicle_construction': ['random', 'bellman_split']}",COMPLETE
523,29653.20,2026-06-03 07:20:44.322453,2026-06-03 07:20:52.518003,0 days 00:00:08.195550,CXCrossover,0.85,0.20,SwapMutation,0.01,binary_tournament,random,523,"{'crossover_name': ['PMXCrossover', 'CXCrossover', 'OXCrossover'], 'crossover_probability': [0.75, 0.8, 0.85, 0.9], 'elitism_rate': [0.1, 0.2], 'mutation_name': ['InsertMutation', 'SwapMutation'], 'mutation_probability': [0.01, 0.05, 0.1], 'selection_type': ['binary_tournament', 'roulette_wheel'], 'vehicle_construction': ['random', 'bellman_split']}",COMPLETE
524,27855.54,2026-06-03 07:20:52.518326,2026-06-03 07:22:01.734558,0 days 00:01:09.216232,CXCrossover,0.75,0.10,InsertMutation,0.10,roulette_wheel,bellman_split,524,"{'crossover_name': ['PMXCrossover', 'CXCrossover', 'OXCrossover'], 'crossover_probability': [0.75, 0.8, 0.85, 0.9], 'elitism_rate': [0.1, 0.2], 'mutation_name': ['InsertMutation', 'SwapMutation'], 'mutation_probability': [0.01, 0.05, 0.1], 'selection_type': ['binary_tournament', 'roulette_wheel'], 'vehicle_construction': ['random', 'bellman_split']}",COMPLETE
525,27764.03,2026-06-03 07:22:01.734877,2026-06-03 07:22:07.401415,0 days 00:00:05.666538,PMXCrossover,0.80,0.20,SwapMutation,0.01,binary_tournament,random,525,"{'crossover_name': ['PMXCrossover', 'CXCrossover', 'OXCrossover'], 'crossover_probability': [0.75, 0.8, 0.85, 0.9], 'elitism_rate': [0.1, 0.2], 'mutation_name': ['InsertMutation', 'SwapMutation'], 'mutation_probability': [0.01, 0.05, 0.1], 'selection_type': ['binary_tournament', 'roulette_wheel'], 'vehicle_construction': ['random', 'bellman_split']}",COMPLETE
526,26336.52,2026-06-03 07:22:07.401738,2026-06-03 07:22:45.933412,0 days 00:00:38.531674,OXCrossover,0.75,0.10,SwapMutation,0.01,roulette_wheel,random,526,"{'crossover_name': ['PMXCrossover', 'CXCrossover', 'OXCrossover'], 'crossover_probability': [0.75, 0.8, 0.85, 0.9], 'elitism_rate': [0.1, 0.2], 'mutation_name': ['InsertMutation', 'SwapMutation'], 'mutation_probability': [0.01, 0.05, 0.1], 'selection_type': ['binary_tournament', 'roulette_wheel'], 'vehicle_construction': ['random', 'bellman_split']}",COMPLETE
527,27358.59,2026-06-03 07:22:45.933704,2026-06-03 07:23:52.774689,0 days 00:01:06.840985,PMXCrossover,0.80,0.20,SwapMutation,0.05,roulette_wheel,bellman_split,527,"{'crossover_name': ['PMXCrossover', 'CXCrossover', 'OXCrossover'], 'crossover_probability': [0.75, 0.8, 0.85, 0.9], 'elitism_rate': [0.1, 0.2], 'mutation_name': ['InsertMutation', 'SwapMutation'], 'mutation_probability': [0.01, 0.05, 0.1], 'selection_type': ['binary_tournament', 'roulette_wheel'], 'vehicle_construction': ['random', 'bellman_split']}",COMPLETE
528,25612.24,2026-06-03 07:23:52.775008,2026-06-03 07:24:24.597914,0 days 00:00:31.822906,PMXCrossover,0.80,0.20,InsertMutation,0.10,roulette_wheel,random,528,"{'crossover_name': ['PMXCrossover', 'CXCrossover', 'OXCrossover'], 'crossover_probability': [0.75, 0.8, 0.85, 0.9], 'elitism_rate': [0.1, 0.2], 'mutation_name': ['InsertMutation', 'SwapMutation'], 'mutation_probability': [0.01, 0.05, 0.1], 'selection_type': ['binary_tournament', 'roulette_wheel'], 'vehicle_construction': ['random', 'bellman_split']}",COMPLETE
529,26185.49,2026-06-03 07:24:24.598236,2026-06-03 07:25:01.137606,0 days 00:00:36.539370,OXCrossover,0.75,0.20,SwapMutation,0.10,roulette_wheel,random,529,"{'crossover_name': ['PMXCrossover', 'CXCrossover', 'OXCrossover'], 'crossover_probability': [0.75, 0.8, 0.85, 0.9], 'elitism_rate': [0.1, 0.2], 'mutation_name': ['InsertMutation', 'SwapMutation'], 'mutation_probability': [0.01, 0.05, 0.1], 'selection_type': ['binary_tournament', 'roulette_wheel'], 'vehicle_construction': ['random', 'bellman_split']}",COMPLETE
530,26663.10,2026-06-03 07:25:01.137933,2026-06-03 07:26:12.598064,0 days 00:01:11.460131,PMXCrossover,0.85,0.10,SwapMutation,0.10,roulette_wheel,bellman_split,530,"{'crossover_name': ['PMXCrossover', 'CXCrossover', 'OXCrossover'], 'crossover_probability': [0.75, 0.8, 0.85, 0.9], 'elitism_rate': [0.1, 0.2], 'mutation_name': ['InsertMutation', 'SwapMutation'], 'mutation_probability': [0.01, 0.05, 0.1], 'selection_type': ['binary_tournament', 'roulette_wheel'], 'vehicle_construction': ['random', 'bellman_split']}",COMPLETE
531,28082.80,2026-06-03 07:26:12.598361,2026-06-03 07:27:27.474633,0 days 00:01:14.876272,CXCrossover,0.85,0.10,InsertMutation,0.01,roulette_wheel,bellman_split,531,"{'crossover_name': ['PMXCrossover', 'CXCrossover', 'OXCrossover'], 'crossover_probability': [0.75, 0.8, 0.85, 0.9], 'elitism_rate': [0.1, 0.2], 'mutation_name': ['InsertMutation', 'SwapMutation'], 'mutation_probability': [0.01, 0.05, 0.1], 'selection_type': ['binary_tournament', 'roulette_wheel'], 'vehicle_construction': ['random', 'bellman_split']}",COMPLETE
