number,value,datetime_start,datetime_complete,duration,params_crossover_name,params_crossover_probability,params_elitism_rate,params_mutation_name,params_mutation_probability,params_selection_type,params_vehicle_construction,system_attrs_grid_id,system_attrs_search_space,state
246,3677.84,2026-06-02 23:47:09.059848,2026-06-02 23:47:42.783456,0 days 00:00:33.723608,PMXCrossover,0.80,0.10,InsertMutation,0.01,roulette_wheel,bellman_split,246,"{'crossover_name': ['PMXCrossover', 'CXCrossover', 'OXCrossover'], 'crossover_probability': [0.75, 0.8, 0.85, 0.9], 'elitism_rate': [0.1, 0.2], 'mutation_name': ['InsertMutation', 'SwapMutation'], 'mutation_probability': [0.01, 0.05, 0.1], 'selection_type': ['binary_tournament', 'roulette_wheel'], 'vehicle_construction': ['random', 'bellman_split']}",COMPLETE
247,4930.12,2026-06-02 23:47:42.783777,2026-06-02 23:48:13.909701,0 days 00:00:31.125924,CXCrossover,0.75,0.20,InsertMutation,0.01,roulette_wheel,bellman_split,247,"{'crossover_name': ['PMXCrossover', 'CXCrossover', 'OXCrossover'], 'crossover_probability': [0.75, 0.8, 0.85, 0.9], 'elitism_rate': [0.1, 0.2], 'mutation_name': ['InsertMutation', 'SwapMutation'], 'mutation_probability': [0.01, 0.05, 0.1], 'selection_type': ['binary_tournament', 'roulette_wheel'], 'vehicle_construction': ['random', 'bellman_split']}",COMPLETE
248,3815.20,2026-06-02 23:48:13.909998,2026-06-02 23:48:18.629359,0 days 00:00:04.719361,OXCrossover,0.90,0.20,InsertMutation,0.05,binary_tournament,random,248,"{'crossover_name': ['PMXCrossover', 'CXCrossover', 'OXCrossover'], 'crossover_probability': [0.75, 0.8, 0.85, 0.9], 'elitism_rate': [0.1, 0.2], 'mutation_name': ['InsertMutation', 'SwapMutation'], 'mutation_probability': [0.01, 0.05, 0.1], 'selection_type': ['binary_tournament', 'roulette_wheel'], 'vehicle_construction': ['random', 'bellman_split']}",COMPLETE
249,4985.95,2026-06-02 23:48:18.629634,2026-06-02 23:48:38.922746,0 days 00:00:20.293112,CXCrossover,0.80,0.20,SwapMutation,0.01,roulette_wheel,random,249,"{'crossover_name': ['PMXCrossover', 'CXCrossover', 'OXCrossover'], 'crossover_probability': [0.75, 0.8, 0.85, 0.9], 'elitism_rate': [0.1, 0.2], 'mutation_name': ['InsertMutation', 'SwapMutation'], 'mutation_probability': [0.01, 0.05, 0.1], 'selection_type': ['binary_tournament', 'roulette_wheel'], 'vehicle_construction': ['random', 'bellman_split']}",COMPLETE
250,4503.62,2026-06-02 23:48:38.923065,2026-06-02 23:48:42.217410,0 days 00:00:03.294345,PMXCrossover,0.80,0.10,InsertMutation,0.05,binary_tournament,random,250,"{'crossover_name': ['PMXCrossover', 'CXCrossover', 'OXCrossover'], 'crossover_probability': [0.75, 0.8, 0.85, 0.9], 'elitism_rate': [0.1, 0.2], 'mutation_name': ['InsertMutation', 'SwapMutation'], 'mutation_probability': [0.01, 0.05, 0.1], 'selection_type': ['binary_tournament', 'roulette_wheel'], 'vehicle_construction': ['random', 'bellman_split']}",COMPLETE
251,4399.83,2026-06-02 23:48:42.218277,2026-06-02 23:49:02.480048,0 days 00:00:20.261771,PMXCrossover,0.80,0.20,InsertMutation,0.01,roulette_wheel,random,251,"{'crossover_name': ['PMXCrossover', 'CXCrossover', 'OXCrossover'], 'crossover_probability': [0.75, 0.8, 0.85, 0.9], 'elitism_rate': [0.1, 0.2], 'mutation_name': ['InsertMutation', 'SwapMutation'], 'mutation_probability': [0.01, 0.05, 0.1], 'selection_type': ['binary_tournament', 'roulette_wheel'], 'vehicle_construction': ['random', 'bellman_split']}",COMPLETE
252,4292.43,2026-06-02 23:49:02.480366,2026-06-02 23:49:22.112066,0 days 00:00:19.631700,PMXCrossover,0.75,0.20,InsertMutation,0.01,roulette_wheel,random,252,"{'crossover_name': ['PMXCrossover', 'CXCrossover', 'OXCrossover'], 'crossover_probability': [0.75, 0.8, 0.85, 0.9], 'elitism_rate': [0.1, 0.2], 'mutation_name': ['InsertMutation', 'SwapMutation'], 'mutation_probability': [0.01, 0.05, 0.1], 'selection_type': ['binary_tournament', 'roulette_wheel'], 'vehicle_construction': ['random', 'bellman_split']}",COMPLETE
253,3410.52,2026-06-02 23:49:22.112372,2026-06-02 23:49:36.940828,0 days 00:00:14.828456,PMXCrossover,0.90,0.20,InsertMutation,0.05,binary_tournament,bellman_split,253,"{'crossover_name': ['PMXCrossover', 'CXCrossover', 'OXCrossover'], 'crossover_probability': [0.75, 0.8, 0.85, 0.9], 'elitism_rate': [0.1, 0.2], 'mutation_name': ['InsertMutation', 'SwapMutation'], 'mutation_probability': [0.01, 0.05, 0.1], 'selection_type': ['binary_tournament', 'roulette_wheel'], 'vehicle_construction': ['random', 'bellman_split']}",COMPLETE
254,4531.40,2026-06-02 23:49:36.941121,2026-06-02 23:49:40.410838,0 days 00:00:03.469717,PMXCrossover,0.80,0.20,SwapMutation,0.10,binary_tournament,random,254,"{'crossover_name': ['PMXCrossover', 'CXCrossover', 'OXCrossover'], 'crossover_probability': [0.75, 0.8, 0.85, 0.9], 'elitism_rate': [0.1, 0.2], 'mutation_name': ['InsertMutation', 'SwapMutation'], 'mutation_probability': [0.01, 0.05, 0.1], 'selection_type': ['binary_tournament', 'roulette_wheel'], 'vehicle_construction': ['random', 'bellman_split']}",COMPLETE
255,3881.56,2026-06-02 23:49:40.411150,2026-06-02 23:50:15.232385,0 days 00:00:34.821235,PMXCrossover,0.90,0.10,SwapMutation,0.10,roulette_wheel,bellman_split,255,"{'crossover_name': ['PMXCrossover', 'CXCrossover', 'OXCrossover'], 'crossover_probability': [0.75, 0.8, 0.85, 0.9], 'elitism_rate': [0.1, 0.2], 'mutation_name': ['InsertMutation', 'SwapMutation'], 'mutation_probability': [0.01, 0.05, 0.1], 'selection_type': ['binary_tournament', 'roulette_wheel'], 'vehicle_construction': ['random', 'bellman_split']}",COMPLETE
256,4141.77,2026-06-02 23:50:15.232695,2026-06-02 23:50:18.416692,0 days 00:00:03.183997,PMXCrossover,0.75,0.10,InsertMutation,0.05,binary_tournament,random,256,"{'crossover_name': ['PMXCrossover', 'CXCrossover', 'OXCrossover'], 'crossover_probability': [0.75, 0.8, 0.85, 0.9], 'elitism_rate': [0.1, 0.2], 'mutation_name': ['InsertMutation', 'SwapMutation'], 'mutation_probability': [0.01, 0.05, 0.1], 'selection_type': ['binary_tournament', 'roulette_wheel'], 'vehicle_construction': ['random', 'bellman_split']}",COMPLETE
257,3782.15,2026-06-02 23:50:18.417017,2026-06-02 23:50:40.391667,0 days 00:00:21.974650,OXCrossover,0.90,0.20,InsertMutation,0.01,roulette_wheel,random,257,"{'crossover_name': ['PMXCrossover', 'CXCrossover', 'OXCrossover'], 'crossover_probability': [0.75, 0.8, 0.85, 0.9], 'elitism_rate': [0.1, 0.2], 'mutation_name': ['InsertMutation', 'SwapMutation'], 'mutation_probability': [0.01, 0.05, 0.1], 'selection_type': ['binary_tournament', 'roulette_wheel'], 'vehicle_construction': ['random', 'bellman_split']}",COMPLETE
258,3824.70,2026-06-02 23:50:40.391958,2026-06-02 23:50:44.837936,0 days 00:00:04.445978,OXCrossover,0.75,0.10,InsertMutation,0.10,binary_tournament,random,258,"{'crossover_name': ['PMXCrossover', 'CXCrossover', 'OXCrossover'], 'crossover_probability': [0.75, 0.8, 0.85, 0.9], 'elitism_rate': [0.1, 0.2], 'mutation_name': ['InsertMutation', 'SwapMutation'], 'mutation_probability': [0.01, 0.05, 0.1], 'selection_type': ['binary_tournament', 'roulette_wheel'], 'vehicle_construction': ['random', 'bellman_split']}",COMPLETE
259,4155.07,2026-06-02 23:50:44.838259,2026-06-02 23:51:08.883673,0 days 00:00:24.045414,OXCrossover,0.80,0.10,SwapMutation,0.01,roulette_wheel,random,259,"{'crossover_name': ['PMXCrossover', 'CXCrossover', 'OXCrossover'], 'crossover_probability': [0.75, 0.8, 0.85, 0.9], 'elitism_rate': [0.1, 0.2], 'mutation_name': ['InsertMutation', 'SwapMutation'], 'mutation_probability': [0.01, 0.05, 0.1], 'selection_type': ['binary_tournament', 'roulette_wheel'], 'vehicle_construction': ['random', 'bellman_split']}",COMPLETE
260,4291.18,2026-06-02 23:51:08.883951,2026-06-02 23:51:33.054596,0 days 00:00:24.170645,OXCrossover,0.85,0.10,InsertMutation,0.01,roulette_wheel,random,260,"{'crossover_name': ['PMXCrossover', 'CXCrossover', 'OXCrossover'], 'crossover_probability': [0.75, 0.8, 0.85, 0.9], 'elitism_rate': [0.1, 0.2], 'mutation_name': ['InsertMutation', 'SwapMutation'], 'mutation_probability': [0.01, 0.05, 0.1], 'selection_type': ['binary_tournament', 'roulette_wheel'], 'vehicle_construction': ['random', 'bellman_split']}",COMPLETE
261,3730.23,2026-06-02 23:51:33.054877,2026-06-02 23:51:46.164744,0 days 00:00:13.109867,PMXCrossover,0.75,0.10,InsertMutation,0.05,binary_tournament,bellman_split,261,"{'crossover_name': ['PMXCrossover', 'CXCrossover', 'OXCrossover'], 'crossover_probability': [0.75, 0.8, 0.85, 0.9], 'elitism_rate': [0.1, 0.2], 'mutation_name': ['InsertMutation', 'SwapMutation'], 'mutation_probability': [0.01, 0.05, 0.1], 'selection_type': ['binary_tournament', 'roulette_wheel'], 'vehicle_construction': ['random', 'bellman_split']}",COMPLETE
262,3459.86,2026-06-02 23:51:46.165068,2026-06-02 23:52:00.999942,0 days 00:00:14.834874,PMXCrossover,0.85,0.20,SwapMutation,0.10,binary_tournament,bellman_split,262,"{'crossover_name': ['PMXCrossover', 'CXCrossover', 'OXCrossover'], 'crossover_probability': [0.75, 0.8, 0.85, 0.9], 'elitism_rate': [0.1, 0.2], 'mutation_name': ['InsertMutation', 'SwapMutation'], 'mutation_probability': [0.01, 0.05, 0.1], 'selection_type': ['binary_tournament', 'roulette_wheel'], 'vehicle_construction': ['random', 'bellman_split']}",COMPLETE
263,4244.33,2026-06-02 23:52:01.000261,2026-06-02 23:52:05.104798,0 days 00:00:04.104537,CXCrossover,0.90,0.10,InsertMutation,0.05,binary_tournament,random,263,"{'crossover_name': ['PMXCrossover', 'CXCrossover', 'OXCrossover'], 'crossover_probability': [0.75, 0.8, 0.85, 0.9], 'elitism_rate': [0.1, 0.2], 'mutation_name': ['InsertMutation', 'SwapMutation'], 'mutation_probability': [0.01, 0.05, 0.1], 'selection_type': ['binary_tournament', 'roulette_wheel'], 'vehicle_construction': ['random', 'bellman_split']}",COMPLETE
264,3888.21,2026-06-02 23:52:05.105099,2026-06-02 23:52:37.140260,0 days 00:00:32.035161,PMXCrossover,0.85,0.20,SwapMutation,0.01,roulette_wheel,bellman_split,264,"{'crossover_name': ['PMXCrossover', 'CXCrossover', 'OXCrossover'], 'crossover_probability': [0.75, 0.8, 0.85, 0.9], 'elitism_rate': [0.1, 0.2], 'mutation_name': ['InsertMutation', 'SwapMutation'], 'mutation_probability': [0.01, 0.05, 0.1], 'selection_type': ['binary_tournament', 'roulette_wheel'], 'vehicle_construction': ['random', 'bellman_split']}",COMPLETE
265,3226.49,2026-06-02 23:52:37.140599,2026-06-02 23:52:52.387035,0 days 00:00:15.246436,OXCrossover,0.80,0.10,InsertMutation,0.05,binary_tournament,bellman_split,265,"{'crossover_name': ['PMXCrossover', 'CXCrossover', 'OXCrossover'], 'crossover_probability': [0.75, 0.8, 0.85, 0.9], 'elitism_rate': [0.1, 0.2], 'mutation_name': ['InsertMutation', 'SwapMutation'], 'mutation_probability': [0.01, 0.05, 0.1], 'selection_type': ['binary_tournament', 'roulette_wheel'], 'vehicle_construction': ['random', 'bellman_split']}",COMPLETE
266,3892.42,2026-06-02 23:52:52.387456,2026-06-02 23:52:57.255776,0 days 00:00:04.868320,OXCrossover,0.80,0.20,SwapMutation,0.10,binary_tournament,random,266,"{'crossover_name': ['PMXCrossover', 'CXCrossover', 'OXCrossover'], 'crossover_probability': [0.75, 0.8, 0.85, 0.9], 'elitism_rate': [0.1, 0.2], 'mutation_name': ['InsertMutation', 'SwapMutation'], 'mutation_probability': [0.01, 0.05, 0.1], 'selection_type': ['binary_tournament', 'roulette_wheel'], 'vehicle_construction': ['random', 'bellman_split']}",COMPLETE
267,3928.21,2026-06-02 23:52:57.256136,2026-06-02 23:53:20.078508,0 days 00:00:22.822372,PMXCrossover,0.75,0.10,SwapMutation,0.10,roulette_wheel,random,267,"{'crossover_name': ['PMXCrossover', 'CXCrossover', 'OXCrossover'], 'crossover_probability': [0.75, 0.8, 0.85, 0.9], 'elitism_rate': [0.1, 0.2], 'mutation_name': ['InsertMutation', 'SwapMutation'], 'mutation_probability': [0.01, 0.05, 0.1], 'selection_type': ['binary_tournament', 'roulette_wheel'], 'vehicle_construction': ['random', 'bellman_split']}",COMPLETE
268,5005.02,2026-06-02 23:53:20.078784,2026-06-02 23:53:23.864627,0 days 00:00:03.785843,CXCrossover,0.75,0.20,InsertMutation,0.05,binary_tournament,random,268,"{'crossover_name': ['PMXCrossover', 'CXCrossover', 'OXCrossover'], 'crossover_probability': [0.75, 0.8, 0.85, 0.9], 'elitism_rate': [0.1, 0.2], 'mutation_name': ['InsertMutation', 'SwapMutation'], 'mutation_probability': [0.01, 0.05, 0.1], 'selection_type': ['binary_tournament', 'roulette_wheel'], 'vehicle_construction': ['random', 'bellman_split']}",COMPLETE
269,3871.78,2026-06-02 23:53:23.864941,2026-06-02 23:53:28.899204,0 days 00:00:05.034263,OXCrossover,0.85,0.20,SwapMutation,0.10,binary_tournament,random,269,"{'crossover_name': ['PMXCrossover', 'CXCrossover', 'OXCrossover'], 'crossover_probability': [0.75, 0.8, 0.85, 0.9], 'elitism_rate': [0.1, 0.2], 'mutation_name': ['InsertMutation', 'SwapMutation'], 'mutation_probability': [0.01, 0.05, 0.1], 'selection_type': ['binary_tournament', 'roulette_wheel'], 'vehicle_construction': ['random', 'bellman_split']}",COMPLETE
270,4321.94,2026-06-02 23:53:28.899558,2026-06-02 23:53:32.060628,0 days 00:00:03.161070,PMXCrossover,0.85,0.20,InsertMutation,0.01,binary_tournament,random,270,"{'crossover_name': ['PMXCrossover', 'CXCrossover', 'OXCrossover'], 'crossover_probability': [0.75, 0.8, 0.85, 0.9], 'elitism_rate': [0.1, 0.2], 'mutation_name': ['InsertMutation', 'SwapMutation'], 'mutation_probability': [0.01, 0.05, 0.1], 'selection_type': ['binary_tournament', 'roulette_wheel'], 'vehicle_construction': ['random', 'bellman_split']}",COMPLETE
271,3721.14,2026-06-02 23:53:32.060987,2026-06-02 23:53:45.790103,0 days 00:00:13.729116,PMXCrossover,0.80,0.20,InsertMutation,0.10,binary_tournament,bellman_split,271,"{'crossover_name': ['PMXCrossover', 'CXCrossover', 'OXCrossover'], 'crossover_probability': [0.75, 0.8, 0.85, 0.9], 'elitism_rate': [0.1, 0.2], 'mutation_name': ['InsertMutation', 'SwapMutation'], 'mutation_probability': [0.01, 0.05, 0.1], 'selection_type': ['binary_tournament', 'roulette_wheel'], 'vehicle_construction': ['random', 'bellman_split']}",COMPLETE
272,3921.91,2026-06-02 23:53:45.790395,2026-06-02 23:53:50.232246,0 days 00:00:04.441851,OXCrossover,0.75,0.10,SwapMutation,0.05,binary_tournament,random,272,"{'crossover_name': ['PMXCrossover', 'CXCrossover', 'OXCrossover'], 'crossover_probability': [0.75, 0.8, 0.85, 0.9], 'elitism_rate': [0.1, 0.2], 'mutation_name': ['InsertMutation', 'SwapMutation'], 'mutation_probability': [0.01, 0.05, 0.1], 'selection_type': ['binary_tournament', 'roulette_wheel'], 'vehicle_construction': ['random', 'bellman_split']}",COMPLETE
273,3314.76,2026-06-02 23:53:50.232567,2026-06-02 23:54:24.282286,0 days 00:00:34.049719,OXCrossover,0.90,0.20,SwapMutation,0.05,roulette_wheel,bellman_split,273,"{'crossover_name': ['PMXCrossover', 'CXCrossover', 'OXCrossover'], 'crossover_probability': [0.75, 0.8, 0.85, 0.9], 'elitism_rate': [0.1, 0.2], 'mutation_name': ['InsertMutation', 'SwapMutation'], 'mutation_probability': [0.01, 0.05, 0.1], 'selection_type': ['binary_tournament', 'roulette_wheel'], 'vehicle_construction': ['random', 'bellman_split']}",COMPLETE
274,3340.23,2026-06-02 23:54:24.282576,2026-06-02 23:54:40.602411,0 days 00:00:16.319835,OXCrossover,0.90,0.20,InsertMutation,0.10,binary_tournament,bellman_split,274,"{'crossover_name': ['PMXCrossover', 'CXCrossover', 'OXCrossover'], 'crossover_probability': [0.75, 0.8, 0.85, 0.9], 'elitism_rate': [0.1, 0.2], 'mutation_name': ['InsertMutation', 'SwapMutation'], 'mutation_probability': [0.01, 0.05, 0.1], 'selection_type': ['binary_tournament', 'roulette_wheel'], 'vehicle_construction': ['random', 'bellman_split']}",COMPLETE
275,3665.14,2026-06-02 23:54:40.602730,2026-06-02 23:55:15.478607,0 days 00:00:34.875877,OXCrossover,0.90,0.20,InsertMutation,0.01,roulette_wheel,bellman_split,275,"{'crossover_name': ['PMXCrossover', 'CXCrossover', 'OXCrossover'], 'crossover_probability': [0.75, 0.8, 0.85, 0.9], 'elitism_rate': [0.1, 0.2], 'mutation_name': ['InsertMutation', 'SwapMutation'], 'mutation_probability': [0.01, 0.05, 0.1], 'selection_type': ['binary_tournament', 'roulette_wheel'], 'vehicle_construction': ['random', 'bellman_split']}",COMPLETE
276,3914.06,2026-06-02 23:55:15.478899,2026-06-02 23:55:18.971986,0 days 00:00:03.493087,PMXCrossover,0.90,0.10,SwapMutation,0.05,binary_tournament,random,276,"{'crossover_name': ['PMXCrossover', 'CXCrossover', 'OXCrossover'], 'crossover_probability': [0.75, 0.8, 0.85, 0.9], 'elitism_rate': [0.1, 0.2], 'mutation_name': ['InsertMutation', 'SwapMutation'], 'mutation_probability': [0.01, 0.05, 0.1], 'selection_type': ['binary_tournament', 'roulette_wheel'], 'vehicle_construction': ['random', 'bellman_split']}",COMPLETE
277,4181.96,2026-06-02 23:55:18.972263,2026-06-02 23:55:23.591023,0 days 00:00:04.618760,OXCrossover,0.90,0.20,SwapMutation,0.01,binary_tournament,random,277,"{'crossover_name': ['PMXCrossover', 'CXCrossover', 'OXCrossover'], 'crossover_probability': [0.75, 0.8, 0.85, 0.9], 'elitism_rate': [0.1, 0.2], 'mutation_name': ['InsertMutation', 'SwapMutation'], 'mutation_probability': [0.01, 0.05, 0.1], 'selection_type': ['binary_tournament', 'roulette_wheel'], 'vehicle_construction': ['random', 'bellman_split']}",COMPLETE
278,4313.03,2026-06-02 23:55:23.591343,2026-06-02 23:55:44.473922,0 days 00:00:20.882579,CXCrossover,0.75,0.20,SwapMutation,0.10,roulette_wheel,random,278,"{'crossover_name': ['PMXCrossover', 'CXCrossover', 'OXCrossover'], 'crossover_probability': [0.75, 0.8, 0.85, 0.9], 'elitism_rate': [0.1, 0.2], 'mutation_name': ['InsertMutation', 'SwapMutation'], 'mutation_probability': [0.01, 0.05, 0.1], 'selection_type': ['binary_tournament', 'roulette_wheel'], 'vehicle_construction': ['random', 'bellman_split']}",COMPLETE
279,4659.15,2026-06-02 23:55:44.474251,2026-06-02 23:56:07.495091,0 days 00:00:23.020840,CXCrossover,0.90,0.10,SwapMutation,0.01,roulette_wheel,random,279,"{'crossover_name': ['PMXCrossover', 'CXCrossover', 'OXCrossover'], 'crossover_probability': [0.75, 0.8, 0.85, 0.9], 'elitism_rate': [0.1, 0.2], 'mutation_name': ['InsertMutation', 'SwapMutation'], 'mutation_probability': [0.01, 0.05, 0.1], 'selection_type': ['binary_tournament', 'roulette_wheel'], 'vehicle_construction': ['random', 'bellman_split']}",COMPLETE
280,4325.81,2026-06-02 23:56:07.495387,2026-06-02 23:56:32.766778,0 days 00:00:25.271391,OXCrossover,0.75,0.10,SwapMutation,0.05,roulette_wheel,random,280,"{'crossover_name': ['PMXCrossover', 'CXCrossover', 'OXCrossover'], 'crossover_probability': [0.75, 0.8, 0.85, 0.9], 'elitism_rate': [0.1, 0.2], 'mutation_name': ['InsertMutation', 'SwapMutation'], 'mutation_probability': [0.01, 0.05, 0.1], 'selection_type': ['binary_tournament', 'roulette_wheel'], 'vehicle_construction': ['random', 'bellman_split']}",COMPLETE
281,4823.91,2026-06-02 23:56:32.767150,2026-06-02 23:57:12.112872,0 days 00:00:39.345722,CXCrossover,0.75,0.10,InsertMutation,0.01,roulette_wheel,bellman_split,281,"{'crossover_name': ['PMXCrossover', 'CXCrossover', 'OXCrossover'], 'crossover_probability': [0.75, 0.8, 0.85, 0.9], 'elitism_rate': [0.1, 0.2], 'mutation_name': ['InsertMutation', 'SwapMutation'], 'mutation_probability': [0.01, 0.05, 0.1], 'selection_type': ['binary_tournament', 'roulette_wheel'], 'vehicle_construction': ['random', 'bellman_split']}",COMPLETE
282,3468.37,2026-06-02 23:57:12.113170,2026-06-02 23:57:47.604143,0 days 00:00:35.490973,PMXCrossover,0.90,0.20,SwapMutation,0.10,roulette_wheel,bellman_split,282,"{'crossover_name': ['PMXCrossover', 'CXCrossover', 'OXCrossover'], 'crossover_probability': [0.75, 0.8, 0.85, 0.9], 'elitism_rate': [0.1, 0.2], 'mutation_name': ['InsertMutation', 'SwapMutation'], 'mutation_probability': [0.01, 0.05, 0.1], 'selection_type': ['binary_tournament', 'roulette_wheel'], 'vehicle_construction': ['random', 'bellman_split']}",COMPLETE
283,3802.11,2026-06-02 23:57:47.604472,2026-06-02 23:57:52.411209,0 days 00:00:04.806737,PMXCrossover,0.85,0.10,SwapMutation,0.10,binary_tournament,random,283,"{'crossover_name': ['PMXCrossover', 'CXCrossover', 'OXCrossover'], 'crossover_probability': [0.75, 0.8, 0.85, 0.9], 'elitism_rate': [0.1, 0.2], 'mutation_name': ['InsertMutation', 'SwapMutation'], 'mutation_probability': [0.01, 0.05, 0.1], 'selection_type': ['binary_tournament', 'roulette_wheel'], 'vehicle_construction': ['random', 'bellman_split']}",COMPLETE
284,4181.79,2026-06-02 23:57:52.411540,2026-06-02 23:58:14.984968,0 days 00:00:22.573428,CXCrossover,0.90,0.20,SwapMutation,0.10,roulette_wheel,random,284,"{'crossover_name': ['PMXCrossover', 'CXCrossover', 'OXCrossover'], 'crossover_probability': [0.75, 0.8, 0.85, 0.9], 'elitism_rate': [0.1, 0.2], 'mutation_name': ['InsertMutation', 'SwapMutation'], 'mutation_probability': [0.01, 0.05, 0.1], 'selection_type': ['binary_tournament', 'roulette_wheel'], 'vehicle_construction': ['random', 'bellman_split']}",COMPLETE
285,4184.37,2026-06-02 23:58:14.985256,2026-06-02 23:58:40.310329,0 days 00:00:25.325073,OXCrossover,0.85,0.10,InsertMutation,0.10,roulette_wheel,random,285,"{'crossover_name': ['PMXCrossover', 'CXCrossover', 'OXCrossover'], 'crossover_probability': [0.75, 0.8, 0.85, 0.9], 'elitism_rate': [0.1, 0.2], 'mutation_name': ['InsertMutation', 'SwapMutation'], 'mutation_probability': [0.01, 0.05, 0.1], 'selection_type': ['binary_tournament', 'roulette_wheel'], 'vehicle_construction': ['random', 'bellman_split']}",COMPLETE
286,4344.47,2026-06-02 23:58:40.310649,2026-06-02 23:58:44.059471,0 days 00:00:03.748822,PMXCrossover,0.90,0.10,SwapMutation,0.10,binary_tournament,random,286,"{'crossover_name': ['PMXCrossover', 'CXCrossover', 'OXCrossover'], 'crossover_probability': [0.75, 0.8, 0.85, 0.9], 'elitism_rate': [0.1, 0.2], 'mutation_name': ['InsertMutation', 'SwapMutation'], 'mutation_probability': [0.01, 0.05, 0.1], 'selection_type': ['binary_tournament', 'roulette_wheel'], 'vehicle_construction': ['random', 'bellman_split']}",COMPLETE
