number,value,datetime_start,datetime_complete,duration,params_crossover_name,params_crossover_probability,params_elitism_rate,params_mutation_name,params_mutation_probability,params_selection_type,params_vehicle_construction,system_attrs_grid_id,system_attrs_search_space,state
533,1041.09,2026-06-02 22:23:36.411464,2026-06-02 22:23:41.301729,0 days 00:00:04.890265,CXCrossover,0.85,0.20,InsertMutation,0.10,binary_tournament,bellman_split,533,"{'crossover_name': ['PMXCrossover', 'CXCrossover', 'OXCrossover'], 'crossover_probability': [0.75, 0.8, 0.85, 0.9], 'elitism_rate': [0.1, 0.2], 'mutation_name': ['InsertMutation', 'SwapMutation'], 'mutation_probability': [0.01, 0.05, 0.1], 'selection_type': ['binary_tournament', 'roulette_wheel'], 'vehicle_construction': ['random', 'bellman_split']}",COMPLETE
534,1136.10,2026-06-02 22:23:41.302046,2026-06-02 22:23:46.112796,0 days 00:00:04.810750,CXCrossover,0.80,0.10,SwapMutation,0.05,binary_tournament,bellman_split,534,"{'crossover_name': ['PMXCrossover', 'CXCrossover', 'OXCrossover'], 'crossover_probability': [0.75, 0.8, 0.85, 0.9], 'elitism_rate': [0.1, 0.2], 'mutation_name': ['InsertMutation', 'SwapMutation'], 'mutation_probability': [0.01, 0.05, 0.1], 'selection_type': ['binary_tournament', 'roulette_wheel'], 'vehicle_construction': ['random', 'bellman_split']}",COMPLETE
535,1050.45,2026-06-02 22:23:46.113157,2026-06-02 22:23:59.317427,0 days 00:00:13.204270,OXCrossover,0.80,0.10,InsertMutation,0.10,roulette_wheel,random,535,"{'crossover_name': ['PMXCrossover', 'CXCrossover', 'OXCrossover'], 'crossover_probability': [0.75, 0.8, 0.85, 0.9], 'elitism_rate': [0.1, 0.2], 'mutation_name': ['InsertMutation', 'SwapMutation'], 'mutation_probability': [0.01, 0.05, 0.1], 'selection_type': ['binary_tournament', 'roulette_wheel'], 'vehicle_construction': ['random', 'bellman_split']}",COMPLETE
536,950.34,2026-06-02 22:23:59.317745,2026-06-02 22:24:10.832405,0 days 00:00:11.514660,PMXCrossover,0.75,0.20,SwapMutation,0.05,roulette_wheel,random,536,"{'crossover_name': ['PMXCrossover', 'CXCrossover', 'OXCrossover'], 'crossover_probability': [0.75, 0.8, 0.85, 0.9], 'elitism_rate': [0.1, 0.2], 'mutation_name': ['InsertMutation', 'SwapMutation'], 'mutation_probability': [0.01, 0.05, 0.1], 'selection_type': ['binary_tournament', 'roulette_wheel'], 'vehicle_construction': ['random', 'bellman_split']}",COMPLETE
537,1042.59,2026-06-02 22:24:10.832739,2026-06-02 22:24:12.744514,0 days 00:00:01.911775,OXCrossover,0.75,0.10,InsertMutation,0.05,binary_tournament,random,537,"{'crossover_name': ['PMXCrossover', 'CXCrossover', 'OXCrossover'], 'crossover_probability': [0.75, 0.8, 0.85, 0.9], 'elitism_rate': [0.1, 0.2], 'mutation_name': ['InsertMutation', 'SwapMutation'], 'mutation_probability': [0.01, 0.05, 0.1], 'selection_type': ['binary_tournament', 'roulette_wheel'], 'vehicle_construction': ['random', 'bellman_split']}",COMPLETE
538,1002.92,2026-06-02 22:24:12.744852,2026-06-02 22:24:27.657093,0 days 00:00:14.912241,CXCrossover,0.85,0.20,SwapMutation,0.10,roulette_wheel,bellman_split,538,"{'crossover_name': ['PMXCrossover', 'CXCrossover', 'OXCrossover'], 'crossover_probability': [0.75, 0.8, 0.85, 0.9], 'elitism_rate': [0.1, 0.2], 'mutation_name': ['InsertMutation', 'SwapMutation'], 'mutation_probability': [0.01, 0.05, 0.1], 'selection_type': ['binary_tournament', 'roulette_wheel'], 'vehicle_construction': ['random', 'bellman_split']}",COMPLETE
539,996.07,2026-06-02 22:24:27.657411,2026-06-02 22:24:32.517767,0 days 00:00:04.860356,CXCrossover,0.80,0.20,InsertMutation,0.10,binary_tournament,bellman_split,539,"{'crossover_name': ['PMXCrossover', 'CXCrossover', 'OXCrossover'], 'crossover_probability': [0.75, 0.8, 0.85, 0.9], 'elitism_rate': [0.1, 0.2], 'mutation_name': ['InsertMutation', 'SwapMutation'], 'mutation_probability': [0.01, 0.05, 0.1], 'selection_type': ['binary_tournament', 'roulette_wheel'], 'vehicle_construction': ['random', 'bellman_split']}",COMPLETE
540,906.70,2026-06-02 22:24:32.518090,2026-06-02 22:24:34.687982,0 days 00:00:02.169892,OXCrossover,0.85,0.10,InsertMutation,0.10,binary_tournament,random,540,"{'crossover_name': ['PMXCrossover', 'CXCrossover', 'OXCrossover'], 'crossover_probability': [0.75, 0.8, 0.85, 0.9], 'elitism_rate': [0.1, 0.2], 'mutation_name': ['InsertMutation', 'SwapMutation'], 'mutation_probability': [0.01, 0.05, 0.1], 'selection_type': ['binary_tournament', 'roulette_wheel'], 'vehicle_construction': ['random', 'bellman_split']}",COMPLETE
541,1004.40,2026-06-02 22:24:34.688270,2026-06-02 22:24:39.035918,0 days 00:00:04.347648,PMXCrossover,0.80,0.10,InsertMutation,0.05,binary_tournament,bellman_split,541,"{'crossover_name': ['PMXCrossover', 'CXCrossover', 'OXCrossover'], 'crossover_probability': [0.75, 0.8, 0.85, 0.9], 'elitism_rate': [0.1, 0.2], 'mutation_name': ['InsertMutation', 'SwapMutation'], 'mutation_probability': [0.01, 0.05, 0.1], 'selection_type': ['binary_tournament', 'roulette_wheel'], 'vehicle_construction': ['random', 'bellman_split']}",COMPLETE
542,1018.78,2026-06-02 22:24:39.036320,2026-06-02 22:24:52.366872,0 days 00:00:13.330552,OXCrossover,0.90,0.10,SwapMutation,0.10,roulette_wheel,random,542,"{'crossover_name': ['PMXCrossover', 'CXCrossover', 'OXCrossover'], 'crossover_probability': [0.75, 0.8, 0.85, 0.9], 'elitism_rate': [0.1, 0.2], 'mutation_name': ['InsertMutation', 'SwapMutation'], 'mutation_probability': [0.01, 0.05, 0.1], 'selection_type': ['binary_tournament', 'roulette_wheel'], 'vehicle_construction': ['random', 'bellman_split']}",COMPLETE
543,860.61,2026-06-02 22:24:52.367165,2026-06-02 22:24:54.197834,0 days 00:00:01.830669,PMXCrossover,0.85,0.20,InsertMutation,0.10,binary_tournament,random,543,"{'crossover_name': ['PMXCrossover', 'CXCrossover', 'OXCrossover'], 'crossover_probability': [0.75, 0.8, 0.85, 0.9], 'elitism_rate': [0.1, 0.2], 'mutation_name': ['InsertMutation', 'SwapMutation'], 'mutation_probability': [0.01, 0.05, 0.1], 'selection_type': ['binary_tournament', 'roulette_wheel'], 'vehicle_construction': ['random', 'bellman_split']}",COMPLETE
544,1005.87,2026-06-02 22:24:54.198154,2026-06-02 22:24:55.866733,0 days 00:00:01.668579,PMXCrossover,0.75,0.20,InsertMutation,0.05,binary_tournament,random,544,"{'crossover_name': ['PMXCrossover', 'CXCrossover', 'OXCrossover'], 'crossover_probability': [0.75, 0.8, 0.85, 0.9], 'elitism_rate': [0.1, 0.2], 'mutation_name': ['InsertMutation', 'SwapMutation'], 'mutation_probability': [0.01, 0.05, 0.1], 'selection_type': ['binary_tournament', 'roulette_wheel'], 'vehicle_construction': ['random', 'bellman_split']}",COMPLETE
545,978.24,2026-06-02 22:24:55.867024,2026-06-02 22:25:10.913611,0 days 00:00:15.046587,PMXCrossover,0.90,0.20,SwapMutation,0.01,roulette_wheel,bellman_split,545,"{'crossover_name': ['PMXCrossover', 'CXCrossover', 'OXCrossover'], 'crossover_probability': [0.75, 0.8, 0.85, 0.9], 'elitism_rate': [0.1, 0.2], 'mutation_name': ['InsertMutation', 'SwapMutation'], 'mutation_probability': [0.01, 0.05, 0.1], 'selection_type': ['binary_tournament', 'roulette_wheel'], 'vehicle_construction': ['random', 'bellman_split']}",COMPLETE
546,890.25,2026-06-02 22:25:10.913932,2026-06-02 22:25:25.990870,0 days 00:00:15.076938,OXCrossover,0.80,0.20,InsertMutation,0.01,roulette_wheel,bellman_split,546,"{'crossover_name': ['PMXCrossover', 'CXCrossover', 'OXCrossover'], 'crossover_probability': [0.75, 0.8, 0.85, 0.9], 'elitism_rate': [0.1, 0.2], 'mutation_name': ['InsertMutation', 'SwapMutation'], 'mutation_probability': [0.01, 0.05, 0.1], 'selection_type': ['binary_tournament', 'roulette_wheel'], 'vehicle_construction': ['random', 'bellman_split']}",COMPLETE
547,923.42,2026-06-02 22:25:25.991187,2026-06-02 22:25:38.017381,0 days 00:00:12.026194,OXCrossover,0.85,0.20,InsertMutation,0.05,roulette_wheel,random,547,"{'crossover_name': ['PMXCrossover', 'CXCrossover', 'OXCrossover'], 'crossover_probability': [0.75, 0.8, 0.85, 0.9], 'elitism_rate': [0.1, 0.2], 'mutation_name': ['InsertMutation', 'SwapMutation'], 'mutation_probability': [0.01, 0.05, 0.1], 'selection_type': ['binary_tournament', 'roulette_wheel'], 'vehicle_construction': ['random', 'bellman_split']}",COMPLETE
548,895.11,2026-06-02 22:25:38.017717,2026-06-02 22:25:54.403882,0 days 00:00:16.386165,PMXCrossover,0.90,0.10,InsertMutation,0.05,roulette_wheel,bellman_split,548,"{'crossover_name': ['PMXCrossover', 'CXCrossover', 'OXCrossover'], 'crossover_probability': [0.75, 0.8, 0.85, 0.9], 'elitism_rate': [0.1, 0.2], 'mutation_name': ['InsertMutation', 'SwapMutation'], 'mutation_probability': [0.01, 0.05, 0.1], 'selection_type': ['binary_tournament', 'roulette_wheel'], 'vehicle_construction': ['random', 'bellman_split']}",COMPLETE
549,1153.00,2026-06-02 22:25:54.404172,2026-06-02 22:25:56.302199,0 days 00:00:01.898027,CXCrossover,0.80,0.10,InsertMutation,0.05,binary_tournament,random,549,"{'crossover_name': ['PMXCrossover', 'CXCrossover', 'OXCrossover'], 'crossover_probability': [0.75, 0.8, 0.85, 0.9], 'elitism_rate': [0.1, 0.2], 'mutation_name': ['InsertMutation', 'SwapMutation'], 'mutation_probability': [0.01, 0.05, 0.1], 'selection_type': ['binary_tournament', 'roulette_wheel'], 'vehicle_construction': ['random', 'bellman_split']}",COMPLETE
550,904.71,2026-06-02 22:25:56.302541,2026-06-02 22:26:12.843110,0 days 00:00:16.540569,OXCrossover,0.90,0.10,SwapMutation,0.01,roulette_wheel,bellman_split,550,"{'crossover_name': ['PMXCrossover', 'CXCrossover', 'OXCrossover'], 'crossover_probability': [0.75, 0.8, 0.85, 0.9], 'elitism_rate': [0.1, 0.2], 'mutation_name': ['InsertMutation', 'SwapMutation'], 'mutation_probability': [0.01, 0.05, 0.1], 'selection_type': ['binary_tournament', 'roulette_wheel'], 'vehicle_construction': ['random', 'bellman_split']}",COMPLETE
551,885.25,2026-06-02 22:26:12.843424,2026-06-02 22:26:14.942602,0 days 00:00:02.099178,OXCrossover,0.90,0.10,SwapMutation,0.05,binary_tournament,random,551,"{'crossover_name': ['PMXCrossover', 'CXCrossover', 'OXCrossover'], 'crossover_probability': [0.75, 0.8, 0.85, 0.9], 'elitism_rate': [0.1, 0.2], 'mutation_name': ['InsertMutation', 'SwapMutation'], 'mutation_probability': [0.01, 0.05, 0.1], 'selection_type': ['binary_tournament', 'roulette_wheel'], 'vehicle_construction': ['random', 'bellman_split']}",COMPLETE
552,1202.13,2026-06-02 22:26:14.942935,2026-06-02 22:26:19.704917,0 days 00:00:04.761982,CXCrossover,0.80,0.20,InsertMutation,0.01,binary_tournament,bellman_split,552,"{'crossover_name': ['PMXCrossover', 'CXCrossover', 'OXCrossover'], 'crossover_probability': [0.75, 0.8, 0.85, 0.9], 'elitism_rate': [0.1, 0.2], 'mutation_name': ['InsertMutation', 'SwapMutation'], 'mutation_probability': [0.01, 0.05, 0.1], 'selection_type': ['binary_tournament', 'roulette_wheel'], 'vehicle_construction': ['random', 'bellman_split']}",COMPLETE
553,1194.09,2026-06-02 22:26:19.705236,2026-06-02 22:26:21.680287,0 days 00:00:01.975051,CXCrossover,0.85,0.10,InsertMutation,0.01,binary_tournament,random,553,"{'crossover_name': ['PMXCrossover', 'CXCrossover', 'OXCrossover'], 'crossover_probability': [0.75, 0.8, 0.85, 0.9], 'elitism_rate': [0.1, 0.2], 'mutation_name': ['InsertMutation', 'SwapMutation'], 'mutation_probability': [0.01, 0.05, 0.1], 'selection_type': ['binary_tournament', 'roulette_wheel'], 'vehicle_construction': ['random', 'bellman_split']}",COMPLETE
554,905.37,2026-06-02 22:26:21.680583,2026-06-02 22:26:36.993254,0 days 00:00:15.312671,OXCrossover,0.75,0.20,SwapMutation,0.01,roulette_wheel,bellman_split,554,"{'crossover_name': ['PMXCrossover', 'CXCrossover', 'OXCrossover'], 'crossover_probability': [0.75, 0.8, 0.85, 0.9], 'elitism_rate': [0.1, 0.2], 'mutation_name': ['InsertMutation', 'SwapMutation'], 'mutation_probability': [0.01, 0.05, 0.1], 'selection_type': ['binary_tournament', 'roulette_wheel'], 'vehicle_construction': ['random', 'bellman_split']}",COMPLETE
555,906.97,2026-06-02 22:26:36.993716,2026-06-02 22:26:54.148312,0 days 00:00:17.154596,PMXCrossover,0.90,0.10,InsertMutation,0.01,roulette_wheel,bellman_split,555,"{'crossover_name': ['PMXCrossover', 'CXCrossover', 'OXCrossover'], 'crossover_probability': [0.75, 0.8, 0.85, 0.9], 'elitism_rate': [0.1, 0.2], 'mutation_name': ['InsertMutation', 'SwapMutation'], 'mutation_probability': [0.01, 0.05, 0.1], 'selection_type': ['binary_tournament', 'roulette_wheel'], 'vehicle_construction': ['random', 'bellman_split']}",COMPLETE
556,882.88,2026-06-02 22:26:54.148629,2026-06-02 22:26:59.752235,0 days 00:00:05.603606,PMXCrossover,0.90,0.20,InsertMutation,0.10,binary_tournament,bellman_split,556,"{'crossover_name': ['PMXCrossover', 'CXCrossover', 'OXCrossover'], 'crossover_probability': [0.75, 0.8, 0.85, 0.9], 'elitism_rate': [0.1, 0.2], 'mutation_name': ['InsertMutation', 'SwapMutation'], 'mutation_probability': [0.01, 0.05, 0.1], 'selection_type': ['binary_tournament', 'roulette_wheel'], 'vehicle_construction': ['random', 'bellman_split']}",COMPLETE
557,854.14,2026-06-02 22:26:59.753453,2026-06-02 22:27:15.490301,0 days 00:00:15.736848,PMXCrossover,0.85,0.10,InsertMutation,0.01,roulette_wheel,bellman_split,557,"{'crossover_name': ['PMXCrossover', 'CXCrossover', 'OXCrossover'], 'crossover_probability': [0.75, 0.8, 0.85, 0.9], 'elitism_rate': [0.1, 0.2], 'mutation_name': ['InsertMutation', 'SwapMutation'], 'mutation_probability': [0.01, 0.05, 0.1], 'selection_type': ['binary_tournament', 'roulette_wheel'], 'vehicle_construction': ['random', 'bellman_split']}",COMPLETE
558,1038.68,2026-06-02 22:27:15.490621,2026-06-02 22:27:17.462337,0 days 00:00:01.971716,OXCrossover,0.80,0.10,SwapMutation,0.05,binary_tournament,random,558,"{'crossover_name': ['PMXCrossover', 'CXCrossover', 'OXCrossover'], 'crossover_probability': [0.75, 0.8, 0.85, 0.9], 'elitism_rate': [0.1, 0.2], 'mutation_name': ['InsertMutation', 'SwapMutation'], 'mutation_probability': [0.01, 0.05, 0.1], 'selection_type': ['binary_tournament', 'roulette_wheel'], 'vehicle_construction': ['random', 'bellman_split']}",COMPLETE
559,864.72,2026-06-02 22:27:17.462635,2026-06-02 22:27:32.457101,0 days 00:00:14.994466,OXCrossover,0.75,0.20,SwapMutation,0.10,roulette_wheel,bellman_split,559,"{'crossover_name': ['PMXCrossover', 'CXCrossover', 'OXCrossover'], 'crossover_probability': [0.75, 0.8, 0.85, 0.9], 'elitism_rate': [0.1, 0.2], 'mutation_name': ['InsertMutation', 'SwapMutation'], 'mutation_probability': [0.01, 0.05, 0.1], 'selection_type': ['binary_tournament', 'roulette_wheel'], 'vehicle_construction': ['random', 'bellman_split']}",COMPLETE
560,953.52,2026-06-02 22:27:32.457420,2026-06-02 22:27:48.695123,0 days 00:00:16.237703,PMXCrossover,0.85,0.10,SwapMutation,0.05,roulette_wheel,bellman_split,560,"{'crossover_name': ['PMXCrossover', 'CXCrossover', 'OXCrossover'], 'crossover_probability': [0.75, 0.8, 0.85, 0.9], 'elitism_rate': [0.1, 0.2], 'mutation_name': ['InsertMutation', 'SwapMutation'], 'mutation_probability': [0.01, 0.05, 0.1], 'selection_type': ['binary_tournament', 'roulette_wheel'], 'vehicle_construction': ['random', 'bellman_split']}",COMPLETE
561,953.79,2026-06-02 22:27:48.695415,2026-06-02 22:27:50.348651,0 days 00:00:01.653236,PMXCrossover,0.80,0.20,InsertMutation,0.01,binary_tournament,random,561,"{'crossover_name': ['PMXCrossover', 'CXCrossover', 'OXCrossover'], 'crossover_probability': [0.75, 0.8, 0.85, 0.9], 'elitism_rate': [0.1, 0.2], 'mutation_name': ['InsertMutation', 'SwapMutation'], 'mutation_probability': [0.01, 0.05, 0.1], 'selection_type': ['binary_tournament', 'roulette_wheel'], 'vehicle_construction': ['random', 'bellman_split']}",COMPLETE
562,865.76,2026-06-02 22:27:50.348994,2026-06-02 22:27:55.494446,0 days 00:00:05.145452,OXCrossover,0.90,0.10,InsertMutation,0.10,binary_tournament,bellman_split,562,"{'crossover_name': ['PMXCrossover', 'CXCrossover', 'OXCrossover'], 'crossover_probability': [0.75, 0.8, 0.85, 0.9], 'elitism_rate': [0.1, 0.2], 'mutation_name': ['InsertMutation', 'SwapMutation'], 'mutation_probability': [0.01, 0.05, 0.1], 'selection_type': ['binary_tournament', 'roulette_wheel'], 'vehicle_construction': ['random', 'bellman_split']}",COMPLETE
563,950.30,2026-06-02 22:27:55.494763,2026-06-02 22:28:07.389078,0 days 00:00:11.894315,PMXCrossover,0.90,0.20,InsertMutation,0.05,roulette_wheel,random,563,"{'crossover_name': ['PMXCrossover', 'CXCrossover', 'OXCrossover'], 'crossover_probability': [0.75, 0.8, 0.85, 0.9], 'elitism_rate': [0.1, 0.2], 'mutation_name': ['InsertMutation', 'SwapMutation'], 'mutation_probability': [0.01, 0.05, 0.1], 'selection_type': ['binary_tournament', 'roulette_wheel'], 'vehicle_construction': ['random', 'bellman_split']}",COMPLETE
564,1011.84,2026-06-02 22:28:07.389372,2026-06-02 22:28:22.135431,0 days 00:00:14.746059,PMXCrossover,0.80,0.20,SwapMutation,0.01,roulette_wheel,bellman_split,564,"{'crossover_name': ['PMXCrossover', 'CXCrossover', 'OXCrossover'], 'crossover_probability': [0.75, 0.8, 0.85, 0.9], 'elitism_rate': [0.1, 0.2], 'mutation_name': ['InsertMutation', 'SwapMutation'], 'mutation_probability': [0.01, 0.05, 0.1], 'selection_type': ['binary_tournament', 'roulette_wheel'], 'vehicle_construction': ['random', 'bellman_split']}",COMPLETE
565,896.28,2026-06-02 22:28:22.135746,2026-06-02 22:28:39.549118,0 days 00:00:17.413372,OXCrossover,0.90,0.10,SwapMutation,0.10,roulette_wheel,bellman_split,565,"{'crossover_name': ['PMXCrossover', 'CXCrossover', 'OXCrossover'], 'crossover_probability': [0.75, 0.8, 0.85, 0.9], 'elitism_rate': [0.1, 0.2], 'mutation_name': ['InsertMutation', 'SwapMutation'], 'mutation_probability': [0.01, 0.05, 0.1], 'selection_type': ['binary_tournament', 'roulette_wheel'], 'vehicle_construction': ['random', 'bellman_split']}",COMPLETE
566,1041.58,2026-06-02 22:28:39.549437,2026-06-02 22:28:52.975393,0 days 00:00:13.425956,OXCrossover,0.85,0.10,InsertMutation,0.05,roulette_wheel,random,566,"{'crossover_name': ['PMXCrossover', 'CXCrossover', 'OXCrossover'], 'crossover_probability': [0.75, 0.8, 0.85, 0.9], 'elitism_rate': [0.1, 0.2], 'mutation_name': ['InsertMutation', 'SwapMutation'], 'mutation_probability': [0.01, 0.05, 0.1], 'selection_type': ['binary_tournament', 'roulette_wheel'], 'vehicle_construction': ['random', 'bellman_split']}",COMPLETE
567,1146.24,2026-06-02 22:28:52.975715,2026-06-02 22:29:04.863381,0 days 00:00:11.887666,CXCrossover,0.85,0.20,InsertMutation,0.01,roulette_wheel,random,567,"{'crossover_name': ['PMXCrossover', 'CXCrossover', 'OXCrossover'], 'crossover_probability': [0.75, 0.8, 0.85, 0.9], 'elitism_rate': [0.1, 0.2], 'mutation_name': ['InsertMutation', 'SwapMutation'], 'mutation_probability': [0.01, 0.05, 0.1], 'selection_type': ['binary_tournament', 'roulette_wheel'], 'vehicle_construction': ['random', 'bellman_split']}",COMPLETE
568,876.84,2026-06-02 22:29:04.863768,2026-06-02 22:29:06.733439,0 days 00:00:01.869671,OXCrossover,0.75,0.10,SwapMutation,0.01,binary_tournament,random,568,"{'crossover_name': ['PMXCrossover', 'CXCrossover', 'OXCrossover'], 'crossover_probability': [0.75, 0.8, 0.85, 0.9], 'elitism_rate': [0.1, 0.2], 'mutation_name': ['InsertMutation', 'SwapMutation'], 'mutation_probability': [0.01, 0.05, 0.1], 'selection_type': ['binary_tournament', 'roulette_wheel'], 'vehicle_construction': ['random', 'bellman_split']}",COMPLETE
569,1065.33,2026-06-02 22:29:06.733918,2026-06-02 22:29:08.787368,0 days 00:00:02.053450,OXCrossover,0.80,0.20,SwapMutation,0.05,binary_tournament,random,569,"{'crossover_name': ['PMXCrossover', 'CXCrossover', 'OXCrossover'], 'crossover_probability': [0.75, 0.8, 0.85, 0.9], 'elitism_rate': [0.1, 0.2], 'mutation_name': ['InsertMutation', 'SwapMutation'], 'mutation_probability': [0.01, 0.05, 0.1], 'selection_type': ['binary_tournament', 'roulette_wheel'], 'vehicle_construction': ['random', 'bellman_split']}",COMPLETE
570,1014.00,2026-06-02 22:29:08.787686,2026-06-02 22:29:21.982915,0 days 00:00:13.195229,PMXCrossover,0.80,0.10,SwapMutation,0.10,roulette_wheel,random,570,"{'crossover_name': ['PMXCrossover', 'CXCrossover', 'OXCrossover'], 'crossover_probability': [0.75, 0.8, 0.85, 0.9], 'elitism_rate': [0.1, 0.2], 'mutation_name': ['InsertMutation', 'SwapMutation'], 'mutation_probability': [0.01, 0.05, 0.1], 'selection_type': ['binary_tournament', 'roulette_wheel'], 'vehicle_construction': ['random', 'bellman_split']}",COMPLETE
571,1201.77,2026-06-02 22:29:21.983233,2026-06-02 22:29:26.591719,0 days 00:00:04.608486,CXCrossover,0.80,0.20,SwapMutation,0.01,binary_tournament,bellman_split,571,"{'crossover_name': ['PMXCrossover', 'CXCrossover', 'OXCrossover'], 'crossover_probability': [0.75, 0.8, 0.85, 0.9], 'elitism_rate': [0.1, 0.2], 'mutation_name': ['InsertMutation', 'SwapMutation'], 'mutation_probability': [0.01, 0.05, 0.1], 'selection_type': ['binary_tournament', 'roulette_wheel'], 'vehicle_construction': ['random', 'bellman_split']}",COMPLETE
572,947.20,2026-06-02 22:29:26.592039,2026-06-02 22:29:31.014815,0 days 00:00:04.422776,PMXCrossover,0.75,0.10,InsertMutation,0.10,binary_tournament,bellman_split,572,"{'crossover_name': ['PMXCrossover', 'CXCrossover', 'OXCrossover'], 'crossover_probability': [0.75, 0.8, 0.85, 0.9], 'elitism_rate': [0.1, 0.2], 'mutation_name': ['InsertMutation', 'SwapMutation'], 'mutation_probability': [0.01, 0.05, 0.1], 'selection_type': ['binary_tournament', 'roulette_wheel'], 'vehicle_construction': ['random', 'bellman_split']}",COMPLETE
573,1016.39,2026-06-02 22:29:31.015110,2026-06-02 22:29:47.551538,0 days 00:00:16.536428,CXCrossover,0.90,0.10,SwapMutation,0.10,roulette_wheel,bellman_split,573,"{'crossover_name': ['PMXCrossover', 'CXCrossover', 'OXCrossover'], 'crossover_probability': [0.75, 0.8, 0.85, 0.9], 'elitism_rate': [0.1, 0.2], 'mutation_name': ['InsertMutation', 'SwapMutation'], 'mutation_probability': [0.01, 0.05, 0.1], 'selection_type': ['binary_tournament', 'roulette_wheel'], 'vehicle_construction': ['random', 'bellman_split']}",COMPLETE
