number,value,datetime_start,datetime_complete,duration,params_crossover_name,params_crossover_probability,params_elitism_rate,params_mutation_name,params_mutation_probability,params_selection_type,params_vehicle_construction,system_attrs_grid_id,system_attrs_search_space,state
123,1241.86,2026-06-02 21:25:18.948058,2026-06-02 21:25:20.947180,0 days 00:00:01.999122,CXCrossover,0.90,0.10,InsertMutation,0.01,binary_tournament,random,123,"{'crossover_name': ['PMXCrossover', 'CXCrossover', 'OXCrossover'], 'crossover_probability': [0.75, 0.8, 0.85, 0.9], 'elitism_rate': [0.1, 0.2], 'mutation_name': ['InsertMutation', 'SwapMutation'], 'mutation_probability': [0.01, 0.05, 0.1], 'selection_type': ['binary_tournament', 'roulette_wheel'], 'vehicle_construction': ['random', 'bellman_split']}",COMPLETE
124,946.76,2026-06-02 21:25:20.947908,2026-06-02 21:25:22.963637,0 days 00:00:02.015729,OXCrossover,0.75,0.20,SwapMutation,0.10,binary_tournament,random,124,"{'crossover_name': ['PMXCrossover', 'CXCrossover', 'OXCrossover'], 'crossover_probability': [0.75, 0.8, 0.85, 0.9], 'elitism_rate': [0.1, 0.2], 'mutation_name': ['InsertMutation', 'SwapMutation'], 'mutation_probability': [0.01, 0.05, 0.1], 'selection_type': ['binary_tournament', 'roulette_wheel'], 'vehicle_construction': ['random', 'bellman_split']}",COMPLETE
125,865.93,2026-06-02 21:25:22.963930,2026-06-02 21:25:38.057988,0 days 00:00:15.094058,PMXCrossover,0.90,0.20,InsertMutation,0.10,roulette_wheel,bellman_split,125,"{'crossover_name': ['PMXCrossover', 'CXCrossover', 'OXCrossover'], 'crossover_probability': [0.75, 0.8, 0.85, 0.9], 'elitism_rate': [0.1, 0.2], 'mutation_name': ['InsertMutation', 'SwapMutation'], 'mutation_probability': [0.01, 0.05, 0.1], 'selection_type': ['binary_tournament', 'roulette_wheel'], 'vehicle_construction': ['random', 'bellman_split']}",COMPLETE
126,927.52,2026-06-02 21:25:38.058342,2026-06-02 21:25:50.434550,0 days 00:00:12.376208,OXCrossover,0.90,0.20,InsertMutation,0.10,roulette_wheel,random,126,"{'crossover_name': ['PMXCrossover', 'CXCrossover', 'OXCrossover'], 'crossover_probability': [0.75, 0.8, 0.85, 0.9], 'elitism_rate': [0.1, 0.2], 'mutation_name': ['InsertMutation', 'SwapMutation'], 'mutation_probability': [0.01, 0.05, 0.1], 'selection_type': ['binary_tournament', 'roulette_wheel'], 'vehicle_construction': ['random', 'bellman_split']}",COMPLETE
127,1183.50,2026-06-02 21:25:50.434859,2026-06-02 21:25:52.315586,0 days 00:00:01.880727,CXCrossover,0.80,0.10,InsertMutation,0.01,binary_tournament,random,127,"{'crossover_name': ['PMXCrossover', 'CXCrossover', 'OXCrossover'], 'crossover_probability': [0.75, 0.8, 0.85, 0.9], 'elitism_rate': [0.1, 0.2], 'mutation_name': ['InsertMutation', 'SwapMutation'], 'mutation_probability': [0.01, 0.05, 0.1], 'selection_type': ['binary_tournament', 'roulette_wheel'], 'vehicle_construction': ['random', 'bellman_split']}",COMPLETE
128,937.58,2026-06-02 21:25:52.316077,2026-06-02 21:25:54.162611,0 days 00:00:01.846534,OXCrossover,0.75,0.20,SwapMutation,0.01,binary_tournament,random,128,"{'crossover_name': ['PMXCrossover', 'CXCrossover', 'OXCrossover'], 'crossover_probability': [0.75, 0.8, 0.85, 0.9], 'elitism_rate': [0.1, 0.2], 'mutation_name': ['InsertMutation', 'SwapMutation'], 'mutation_probability': [0.01, 0.05, 0.1], 'selection_type': ['binary_tournament', 'roulette_wheel'], 'vehicle_construction': ['random', 'bellman_split']}",COMPLETE
129,1240.00,2026-06-02 21:25:54.162927,2026-06-02 21:25:56.019245,0 days 00:00:01.856318,CXCrossover,0.80,0.10,SwapMutation,0.01,binary_tournament,random,129,"{'crossover_name': ['PMXCrossover', 'CXCrossover', 'OXCrossover'], 'crossover_probability': [0.75, 0.8, 0.85, 0.9], 'elitism_rate': [0.1, 0.2], 'mutation_name': ['InsertMutation', 'SwapMutation'], 'mutation_probability': [0.01, 0.05, 0.1], 'selection_type': ['binary_tournament', 'roulette_wheel'], 'vehicle_construction': ['random', 'bellman_split']}",COMPLETE
130,1124.25,2026-06-02 21:25:56.019964,2026-06-02 21:26:00.784534,0 days 00:00:04.764570,CXCrossover,0.80,0.10,InsertMutation,0.10,binary_tournament,bellman_split,130,"{'crossover_name': ['PMXCrossover', 'CXCrossover', 'OXCrossover'], 'crossover_probability': [0.75, 0.8, 0.85, 0.9], 'elitism_rate': [0.1, 0.2], 'mutation_name': ['InsertMutation', 'SwapMutation'], 'mutation_probability': [0.01, 0.05, 0.1], 'selection_type': ['binary_tournament', 'roulette_wheel'], 'vehicle_construction': ['random', 'bellman_split']}",COMPLETE
131,1033.50,2026-06-02 21:26:00.784850,2026-06-02 21:26:02.824112,0 days 00:00:02.039262,CXCrossover,0.85,0.20,InsertMutation,0.10,binary_tournament,random,131,"{'crossover_name': ['PMXCrossover', 'CXCrossover', 'OXCrossover'], 'crossover_probability': [0.75, 0.8, 0.85, 0.9], 'elitism_rate': [0.1, 0.2], 'mutation_name': ['InsertMutation', 'SwapMutation'], 'mutation_probability': [0.01, 0.05, 0.1], 'selection_type': ['binary_tournament', 'roulette_wheel'], 'vehicle_construction': ['random', 'bellman_split']}",COMPLETE
132,1231.32,2026-06-02 21:26:02.824694,2026-06-02 21:26:04.811149,0 days 00:00:01.986455,CXCrossover,0.90,0.20,SwapMutation,0.01,binary_tournament,random,132,"{'crossover_name': ['PMXCrossover', 'CXCrossover', 'OXCrossover'], 'crossover_probability': [0.75, 0.8, 0.85, 0.9], 'elitism_rate': [0.1, 0.2], 'mutation_name': ['InsertMutation', 'SwapMutation'], 'mutation_probability': [0.01, 0.05, 0.1], 'selection_type': ['binary_tournament', 'roulette_wheel'], 'vehicle_construction': ['random', 'bellman_split']}",COMPLETE
133,965.08,2026-06-02 21:26:04.811456,2026-06-02 21:26:19.930183,0 days 00:00:15.118727,CXCrossover,0.90,0.20,InsertMutation,0.05,roulette_wheel,bellman_split,133,"{'crossover_name': ['PMXCrossover', 'CXCrossover', 'OXCrossover'], 'crossover_probability': [0.75, 0.8, 0.85, 0.9], 'elitism_rate': [0.1, 0.2], 'mutation_name': ['InsertMutation', 'SwapMutation'], 'mutation_probability': [0.01, 0.05, 0.1], 'selection_type': ['binary_tournament', 'roulette_wheel'], 'vehicle_construction': ['random', 'bellman_split']}",COMPLETE
134,1091.81,2026-06-02 21:26:19.930497,2026-06-02 21:26:31.811896,0 days 00:00:11.881399,PMXCrossover,0.85,0.20,SwapMutation,0.01,roulette_wheel,random,134,"{'crossover_name': ['PMXCrossover', 'CXCrossover', 'OXCrossover'], 'crossover_probability': [0.75, 0.8, 0.85, 0.9], 'elitism_rate': [0.1, 0.2], 'mutation_name': ['InsertMutation', 'SwapMutation'], 'mutation_probability': [0.01, 0.05, 0.1], 'selection_type': ['binary_tournament', 'roulette_wheel'], 'vehicle_construction': ['random', 'bellman_split']}",COMPLETE
135,1138.13,2026-06-02 21:26:31.812194,2026-06-02 21:26:33.974825,0 days 00:00:02.162631,CXCrossover,0.90,0.10,SwapMutation,0.10,binary_tournament,random,135,"{'crossover_name': ['PMXCrossover', 'CXCrossover', 'OXCrossover'], 'crossover_probability': [0.75, 0.8, 0.85, 0.9], 'elitism_rate': [0.1, 0.2], 'mutation_name': ['InsertMutation', 'SwapMutation'], 'mutation_probability': [0.01, 0.05, 0.1], 'selection_type': ['binary_tournament', 'roulette_wheel'], 'vehicle_construction': ['random', 'bellman_split']}",COMPLETE
136,817.06,2026-06-02 21:26:33.975360,2026-06-02 21:26:40.543920,0 days 00:00:06.568560,OXCrossover,0.90,0.20,InsertMutation,0.05,binary_tournament,bellman_split,136,"{'crossover_name': ['PMXCrossover', 'CXCrossover', 'OXCrossover'], 'crossover_probability': [0.75, 0.8, 0.85, 0.9], 'elitism_rate': [0.1, 0.2], 'mutation_name': ['InsertMutation', 'SwapMutation'], 'mutation_probability': [0.01, 0.05, 0.1], 'selection_type': ['binary_tournament', 'roulette_wheel'], 'vehicle_construction': ['random', 'bellman_split']}",COMPLETE
137,976.16,2026-06-02 21:26:40.544242,2026-06-02 21:26:54.229441,0 days 00:00:13.685199,PMXCrossover,0.90,0.10,SwapMutation,0.05,roulette_wheel,random,137,"{'crossover_name': ['PMXCrossover', 'CXCrossover', 'OXCrossover'], 'crossover_probability': [0.75, 0.8, 0.85, 0.9], 'elitism_rate': [0.1, 0.2], 'mutation_name': ['InsertMutation', 'SwapMutation'], 'mutation_probability': [0.01, 0.05, 0.1], 'selection_type': ['binary_tournament', 'roulette_wheel'], 'vehicle_construction': ['random', 'bellman_split']}",COMPLETE
138,1165.98,2026-06-02 21:26:54.229805,2026-06-02 21:26:56.050842,0 days 00:00:01.821037,CXCrossover,0.75,0.10,InsertMutation,0.05,binary_tournament,random,138,"{'crossover_name': ['PMXCrossover', 'CXCrossover', 'OXCrossover'], 'crossover_probability': [0.75, 0.8, 0.85, 0.9], 'elitism_rate': [0.1, 0.2], 'mutation_name': ['InsertMutation', 'SwapMutation'], 'mutation_probability': [0.01, 0.05, 0.1], 'selection_type': ['binary_tournament', 'roulette_wheel'], 'vehicle_construction': ['random', 'bellman_split']}",COMPLETE
139,898.01,2026-06-02 21:26:56.051169,2026-06-02 21:27:12.401646,0 days 00:00:16.350477,CXCrossover,0.90,0.10,InsertMutation,0.10,roulette_wheel,bellman_split,139,"{'crossover_name': ['PMXCrossover', 'CXCrossover', 'OXCrossover'], 'crossover_probability': [0.75, 0.8, 0.85, 0.9], 'elitism_rate': [0.1, 0.2], 'mutation_name': ['InsertMutation', 'SwapMutation'], 'mutation_probability': [0.01, 0.05, 0.1], 'selection_type': ['binary_tournament', 'roulette_wheel'], 'vehicle_construction': ['random', 'bellman_split']}",COMPLETE
140,1156.34,2026-06-02 21:27:12.401965,2026-06-02 21:27:16.681915,0 days 00:00:04.279950,CXCrossover,0.75,0.20,SwapMutation,0.05,binary_tournament,bellman_split,140,"{'crossover_name': ['PMXCrossover', 'CXCrossover', 'OXCrossover'], 'crossover_probability': [0.75, 0.8, 0.85, 0.9], 'elitism_rate': [0.1, 0.2], 'mutation_name': ['InsertMutation', 'SwapMutation'], 'mutation_probability': [0.01, 0.05, 0.1], 'selection_type': ['binary_tournament', 'roulette_wheel'], 'vehicle_construction': ['random', 'bellman_split']}",COMPLETE
141,1034.89,2026-06-02 21:27:16.682421,2026-06-02 21:27:29.879775,0 days 00:00:13.197354,OXCrossover,0.80,0.10,SwapMutation,0.10,roulette_wheel,random,141,"{'crossover_name': ['PMXCrossover', 'CXCrossover', 'OXCrossover'], 'crossover_probability': [0.75, 0.8, 0.85, 0.9], 'elitism_rate': [0.1, 0.2], 'mutation_name': ['InsertMutation', 'SwapMutation'], 'mutation_probability': [0.01, 0.05, 0.1], 'selection_type': ['binary_tournament', 'roulette_wheel'], 'vehicle_construction': ['random', 'bellman_split']}",COMPLETE
142,877.75,2026-06-02 21:27:29.880099,2026-06-02 21:27:44.984716,0 days 00:00:15.104617,OXCrossover,0.85,0.20,SwapMutation,0.05,roulette_wheel,bellman_split,142,"{'crossover_name': ['PMXCrossover', 'CXCrossover', 'OXCrossover'], 'crossover_probability': [0.75, 0.8, 0.85, 0.9], 'elitism_rate': [0.1, 0.2], 'mutation_name': ['InsertMutation', 'SwapMutation'], 'mutation_probability': [0.01, 0.05, 0.1], 'selection_type': ['binary_tournament', 'roulette_wheel'], 'vehicle_construction': ['random', 'bellman_split']}",COMPLETE
143,1095.54,2026-06-02 21:27:44.984995,2026-06-02 21:27:50.322220,0 days 00:00:05.337225,CXCrossover,0.90,0.10,SwapMutation,0.10,binary_tournament,bellman_split,143,"{'crossover_name': ['PMXCrossover', 'CXCrossover', 'OXCrossover'], 'crossover_probability': [0.75, 0.8, 0.85, 0.9], 'elitism_rate': [0.1, 0.2], 'mutation_name': ['InsertMutation', 'SwapMutation'], 'mutation_probability': [0.01, 0.05, 0.1], 'selection_type': ['binary_tournament', 'roulette_wheel'], 'vehicle_construction': ['random', 'bellman_split']}",COMPLETE
144,1043.18,2026-06-02 21:27:50.322528,2026-06-02 21:27:52.202123,0 days 00:00:01.879595,PMXCrossover,0.85,0.20,SwapMutation,0.10,binary_tournament,random,144,"{'crossover_name': ['PMXCrossover', 'CXCrossover', 'OXCrossover'], 'crossover_probability': [0.75, 0.8, 0.85, 0.9], 'elitism_rate': [0.1, 0.2], 'mutation_name': ['InsertMutation', 'SwapMutation'], 'mutation_probability': [0.01, 0.05, 0.1], 'selection_type': ['binary_tournament', 'roulette_wheel'], 'vehicle_construction': ['random', 'bellman_split']}",COMPLETE
145,784.52,2026-06-02 21:27:52.202912,2026-06-02 21:27:56.911215,0 days 00:00:04.708303,OXCrossover,0.85,0.20,SwapMutation,0.05,binary_tournament,bellman_split,145,"{'crossover_name': ['PMXCrossover', 'CXCrossover', 'OXCrossover'], 'crossover_probability': [0.75, 0.8, 0.85, 0.9], 'elitism_rate': [0.1, 0.2], 'mutation_name': ['InsertMutation', 'SwapMutation'], 'mutation_probability': [0.01, 0.05, 0.1], 'selection_type': ['binary_tournament', 'roulette_wheel'], 'vehicle_construction': ['random', 'bellman_split']}",COMPLETE
146,919.48,2026-06-02 21:27:56.911527,2026-06-02 21:27:58.946481,0 days 00:00:02.034954,OXCrossover,0.75,0.10,SwapMutation,0.10,binary_tournament,random,146,"{'crossover_name': ['PMXCrossover', 'CXCrossover', 'OXCrossover'], 'crossover_probability': [0.75, 0.8, 0.85, 0.9], 'elitism_rate': [0.1, 0.2], 'mutation_name': ['InsertMutation', 'SwapMutation'], 'mutation_probability': [0.01, 0.05, 0.1], 'selection_type': ['binary_tournament', 'roulette_wheel'], 'vehicle_construction': ['random', 'bellman_split']}",COMPLETE
147,1050.78,2026-06-02 21:27:58.946838,2026-06-02 21:28:03.800421,0 days 00:00:04.853583,PMXCrossover,0.85,0.10,SwapMutation,0.05,binary_tournament,bellman_split,147,"{'crossover_name': ['PMXCrossover', 'CXCrossover', 'OXCrossover'], 'crossover_probability': [0.75, 0.8, 0.85, 0.9], 'elitism_rate': [0.1, 0.2], 'mutation_name': ['InsertMutation', 'SwapMutation'], 'mutation_probability': [0.01, 0.05, 0.1], 'selection_type': ['binary_tournament', 'roulette_wheel'], 'vehicle_construction': ['random', 'bellman_split']}",COMPLETE
148,1140.73,2026-06-02 21:28:03.800879,2026-06-02 21:28:15.449275,0 days 00:00:11.648396,CXCrossover,0.90,0.20,SwapMutation,0.05,roulette_wheel,random,148,"{'crossover_name': ['PMXCrossover', 'CXCrossover', 'OXCrossover'], 'crossover_probability': [0.75, 0.8, 0.85, 0.9], 'elitism_rate': [0.1, 0.2], 'mutation_name': ['InsertMutation', 'SwapMutation'], 'mutation_probability': [0.01, 0.05, 0.1], 'selection_type': ['binary_tournament', 'roulette_wheel'], 'vehicle_construction': ['random', 'bellman_split']}",COMPLETE
149,1009.03,2026-06-02 21:28:15.449804,2026-06-02 21:28:17.123058,0 days 00:00:01.673254,PMXCrossover,0.80,0.20,InsertMutation,0.05,binary_tournament,random,149,"{'crossover_name': ['PMXCrossover', 'CXCrossover', 'OXCrossover'], 'crossover_probability': [0.75, 0.8, 0.85, 0.9], 'elitism_rate': [0.1, 0.2], 'mutation_name': ['InsertMutation', 'SwapMutation'], 'mutation_probability': [0.01, 0.05, 0.1], 'selection_type': ['binary_tournament', 'roulette_wheel'], 'vehicle_construction': ['random', 'bellman_split']}",COMPLETE
150,985.56,2026-06-02 21:28:17.123362,2026-06-02 21:28:18.844715,0 days 00:00:01.721353,PMXCrossover,0.90,0.20,InsertMutation,0.05,binary_tournament,random,150,"{'crossover_name': ['PMXCrossover', 'CXCrossover', 'OXCrossover'], 'crossover_probability': [0.75, 0.8, 0.85, 0.9], 'elitism_rate': [0.1, 0.2], 'mutation_name': ['InsertMutation', 'SwapMutation'], 'mutation_probability': [0.01, 0.05, 0.1], 'selection_type': ['binary_tournament', 'roulette_wheel'], 'vehicle_construction': ['random', 'bellman_split']}",COMPLETE
151,777.55,2026-06-02 21:28:18.844983,2026-06-02 21:28:23.602207,0 days 00:00:04.757224,OXCrossover,0.85,0.20,InsertMutation,0.01,binary_tournament,bellman_split,151,"{'crossover_name': ['PMXCrossover', 'CXCrossover', 'OXCrossover'], 'crossover_probability': [0.75, 0.8, 0.85, 0.9], 'elitism_rate': [0.1, 0.2], 'mutation_name': ['InsertMutation', 'SwapMutation'], 'mutation_probability': [0.01, 0.05, 0.1], 'selection_type': ['binary_tournament', 'roulette_wheel'], 'vehicle_construction': ['random', 'bellman_split']}",COMPLETE
152,961.94,2026-06-02 21:28:23.602514,2026-06-02 21:28:28.173511,0 days 00:00:04.570997,PMXCrossover,0.90,0.10,SwapMutation,0.01,binary_tournament,bellman_split,152,"{'crossover_name': ['PMXCrossover', 'CXCrossover', 'OXCrossover'], 'crossover_probability': [0.75, 0.8, 0.85, 0.9], 'elitism_rate': [0.1, 0.2], 'mutation_name': ['InsertMutation', 'SwapMutation'], 'mutation_probability': [0.01, 0.05, 0.1], 'selection_type': ['binary_tournament', 'roulette_wheel'], 'vehicle_construction': ['random', 'bellman_split']}",COMPLETE
153,899.98,2026-06-02 21:28:28.173801,2026-06-02 21:28:30.328003,0 days 00:00:02.154202,OXCrossover,0.90,0.20,SwapMutation,0.10,binary_tournament,random,153,"{'crossover_name': ['PMXCrossover', 'CXCrossover', 'OXCrossover'], 'crossover_probability': [0.75, 0.8, 0.85, 0.9], 'elitism_rate': [0.1, 0.2], 'mutation_name': ['InsertMutation', 'SwapMutation'], 'mutation_probability': [0.01, 0.05, 0.1], 'selection_type': ['binary_tournament', 'roulette_wheel'], 'vehicle_construction': ['random', 'bellman_split']}",COMPLETE
154,803.67,2026-06-02 21:28:30.328319,2026-06-02 21:28:45.533454,0 days 00:00:15.205135,OXCrossover,0.85,0.20,InsertMutation,0.10,roulette_wheel,bellman_split,154,"{'crossover_name': ['PMXCrossover', 'CXCrossover', 'OXCrossover'], 'crossover_probability': [0.75, 0.8, 0.85, 0.9], 'elitism_rate': [0.1, 0.2], 'mutation_name': ['InsertMutation', 'SwapMutation'], 'mutation_probability': [0.01, 0.05, 0.1], 'selection_type': ['binary_tournament', 'roulette_wheel'], 'vehicle_construction': ['random', 'bellman_split']}",COMPLETE
155,1242.83,2026-06-02 21:28:45.533748,2026-06-02 21:28:47.428187,0 days 00:00:01.894439,CXCrossover,0.85,0.20,InsertMutation,0.01,binary_tournament,random,155,"{'crossover_name': ['PMXCrossover', 'CXCrossover', 'OXCrossover'], 'crossover_probability': [0.75, 0.8, 0.85, 0.9], 'elitism_rate': [0.1, 0.2], 'mutation_name': ['InsertMutation', 'SwapMutation'], 'mutation_probability': [0.01, 0.05, 0.1], 'selection_type': ['binary_tournament', 'roulette_wheel'], 'vehicle_construction': ['random', 'bellman_split']}",COMPLETE
156,1196.63,2026-06-02 21:28:47.428479,2026-06-02 21:28:49.386244,0 days 00:00:01.957765,CXCrossover,0.90,0.10,SwapMutation,0.01,binary_tournament,random,156,"{'crossover_name': ['PMXCrossover', 'CXCrossover', 'OXCrossover'], 'crossover_probability': [0.75, 0.8, 0.85, 0.9], 'elitism_rate': [0.1, 0.2], 'mutation_name': ['InsertMutation', 'SwapMutation'], 'mutation_probability': [0.01, 0.05, 0.1], 'selection_type': ['binary_tournament', 'roulette_wheel'], 'vehicle_construction': ['random', 'bellman_split']}",COMPLETE
157,1063.14,2026-06-02 21:28:49.386533,2026-06-02 21:29:05.540407,0 days 00:00:16.153874,CXCrossover,0.85,0.10,SwapMutation,0.01,roulette_wheel,bellman_split,157,"{'crossover_name': ['PMXCrossover', 'CXCrossover', 'OXCrossover'], 'crossover_probability': [0.75, 0.8, 0.85, 0.9], 'elitism_rate': [0.1, 0.2], 'mutation_name': ['InsertMutation', 'SwapMutation'], 'mutation_probability': [0.01, 0.05, 0.1], 'selection_type': ['binary_tournament', 'roulette_wheel'], 'vehicle_construction': ['random', 'bellman_split']}",COMPLETE
158,962.94,2026-06-02 21:29:05.540691,2026-06-02 21:29:18.578118,0 days 00:00:13.037427,OXCrossover,0.80,0.10,InsertMutation,0.05,roulette_wheel,random,158,"{'crossover_name': ['PMXCrossover', 'CXCrossover', 'OXCrossover'], 'crossover_probability': [0.75, 0.8, 0.85, 0.9], 'elitism_rate': [0.1, 0.2], 'mutation_name': ['InsertMutation', 'SwapMutation'], 'mutation_probability': [0.01, 0.05, 0.1], 'selection_type': ['binary_tournament', 'roulette_wheel'], 'vehicle_construction': ['random', 'bellman_split']}",COMPLETE
159,1145.79,2026-06-02 21:29:18.578429,2026-06-02 21:29:30.124315,0 days 00:00:11.545886,CXCrossover,0.90,0.20,InsertMutation,0.05,roulette_wheel,random,159,"{'crossover_name': ['PMXCrossover', 'CXCrossover', 'OXCrossover'], 'crossover_probability': [0.75, 0.8, 0.85, 0.9], 'elitism_rate': [0.1, 0.2], 'mutation_name': ['InsertMutation', 'SwapMutation'], 'mutation_probability': [0.01, 0.05, 0.1], 'selection_type': ['binary_tournament', 'roulette_wheel'], 'vehicle_construction': ['random', 'bellman_split']}",COMPLETE
160,954.88,2026-06-02 21:29:30.124693,2026-06-02 21:29:31.880582,0 days 00:00:01.755889,PMXCrossover,0.85,0.10,SwapMutation,0.05,binary_tournament,random,160,"{'crossover_name': ['PMXCrossover', 'CXCrossover', 'OXCrossover'], 'crossover_probability': [0.75, 0.8, 0.85, 0.9], 'elitism_rate': [0.1, 0.2], 'mutation_name': ['InsertMutation', 'SwapMutation'], 'mutation_probability': [0.01, 0.05, 0.1], 'selection_type': ['binary_tournament', 'roulette_wheel'], 'vehicle_construction': ['random', 'bellman_split']}",COMPLETE
161,918.30,2026-06-02 21:29:31.880874,2026-06-02 21:29:33.754363,0 days 00:00:01.873489,PMXCrossover,0.80,0.10,SwapMutation,0.10,binary_tournament,random,161,"{'crossover_name': ['PMXCrossover', 'CXCrossover', 'OXCrossover'], 'crossover_probability': [0.75, 0.8, 0.85, 0.9], 'elitism_rate': [0.1, 0.2], 'mutation_name': ['InsertMutation', 'SwapMutation'], 'mutation_probability': [0.01, 0.05, 0.1], 'selection_type': ['binary_tournament', 'roulette_wheel'], 'vehicle_construction': ['random', 'bellman_split']}",COMPLETE
162,1033.35,2026-06-02 21:29:33.754671,2026-06-02 21:29:35.809189,0 days 00:00:02.054518,CXCrossover,0.85,0.20,SwapMutation,0.10,binary_tournament,random,162,"{'crossover_name': ['PMXCrossover', 'CXCrossover', 'OXCrossover'], 'crossover_probability': [0.75, 0.8, 0.85, 0.9], 'elitism_rate': [0.1, 0.2], 'mutation_name': ['InsertMutation', 'SwapMutation'], 'mutation_probability': [0.01, 0.05, 0.1], 'selection_type': ['binary_tournament', 'roulette_wheel'], 'vehicle_construction': ['random', 'bellman_split']}",COMPLETE
163,1016.17,2026-06-02 21:29:35.809494,2026-06-02 21:29:37.729450,0 days 00:00:01.919956,PMXCrossover,0.90,0.20,SwapMutation,0.10,binary_tournament,random,163,"{'crossover_name': ['PMXCrossover', 'CXCrossover', 'OXCrossover'], 'crossover_probability': [0.75, 0.8, 0.85, 0.9], 'elitism_rate': [0.1, 0.2], 'mutation_name': ['InsertMutation', 'SwapMutation'], 'mutation_probability': [0.01, 0.05, 0.1], 'selection_type': ['binary_tournament', 'roulette_wheel'], 'vehicle_construction': ['random', 'bellman_split']}",COMPLETE
