number,value,datetime_start,datetime_complete,duration,params_crossover_name,params_crossover_probability,params_elitism_rate,params_mutation_name,params_mutation_probability,params_selection_type,params_vehicle_construction,system_attrs_grid_id,system_attrs_search_space,state
451,4007.78,2026-06-03 00:48:31.449846,2026-06-03 00:49:04.743310,0 days 00:00:33.293464,CXCrossover,0.90,0.20,InsertMutation,0.10,roulette_wheel,bellman_split,451,"{'crossover_name': ['PMXCrossover', 'CXCrossover', 'OXCrossover'], 'crossover_probability': [0.75, 0.8, 0.85, 0.9], 'elitism_rate': [0.1, 0.2], 'mutation_name': ['InsertMutation', 'SwapMutation'], 'mutation_probability': [0.01, 0.05, 0.1], 'selection_type': ['binary_tournament', 'roulette_wheel'], 'vehicle_construction': ['random', 'bellman_split']}",COMPLETE
452,3383.20,2026-06-03 00:49:04.743630,2026-06-03 00:49:20.486925,0 days 00:00:15.743295,OXCrossover,0.85,0.10,SwapMutation,0.10,binary_tournament,bellman_split,452,"{'crossover_name': ['PMXCrossover', 'CXCrossover', 'OXCrossover'], 'crossover_probability': [0.75, 0.8, 0.85, 0.9], 'elitism_rate': [0.1, 0.2], 'mutation_name': ['InsertMutation', 'SwapMutation'], 'mutation_probability': [0.01, 0.05, 0.1], 'selection_type': ['binary_tournament', 'roulette_wheel'], 'vehicle_construction': ['random', 'bellman_split']}",COMPLETE
453,3227.77,2026-06-03 00:49:20.487226,2026-06-03 00:49:55.198023,0 days 00:00:34.710797,OXCrossover,0.90,0.20,InsertMutation,0.10,roulette_wheel,bellman_split,453,"{'crossover_name': ['PMXCrossover', 'CXCrossover', 'OXCrossover'], 'crossover_probability': [0.75, 0.8, 0.85, 0.9], 'elitism_rate': [0.1, 0.2], 'mutation_name': ['InsertMutation', 'SwapMutation'], 'mutation_probability': [0.01, 0.05, 0.1], 'selection_type': ['binary_tournament', 'roulette_wheel'], 'vehicle_construction': ['random', 'bellman_split']}",COMPLETE
454,3995.73,2026-06-03 00:49:55.198350,2026-06-03 00:50:27.104285,0 days 00:00:31.905935,CXCrossover,0.80,0.20,InsertMutation,0.10,roulette_wheel,bellman_split,454,"{'crossover_name': ['PMXCrossover', 'CXCrossover', 'OXCrossover'], 'crossover_probability': [0.75, 0.8, 0.85, 0.9], 'elitism_rate': [0.1, 0.2], 'mutation_name': ['InsertMutation', 'SwapMutation'], 'mutation_probability': [0.01, 0.05, 0.1], 'selection_type': ['binary_tournament', 'roulette_wheel'], 'vehicle_construction': ['random', 'bellman_split']}",COMPLETE
455,4393.52,2026-06-03 00:50:27.104610,2026-06-03 00:50:49.817288,0 days 00:00:22.712678,CXCrossover,0.85,0.10,InsertMutation,0.05,roulette_wheel,random,455,"{'crossover_name': ['PMXCrossover', 'CXCrossover', 'OXCrossover'], 'crossover_probability': [0.75, 0.8, 0.85, 0.9], 'elitism_rate': [0.1, 0.2], 'mutation_name': ['InsertMutation', 'SwapMutation'], 'mutation_probability': [0.01, 0.05, 0.1], 'selection_type': ['binary_tournament', 'roulette_wheel'], 'vehicle_construction': ['random', 'bellman_split']}",COMPLETE
456,4030.09,2026-06-03 00:50:49.817617,2026-06-03 00:51:14.173529,0 days 00:00:24.355912,OXCrossover,0.90,0.10,SwapMutation,0.01,roulette_wheel,random,456,"{'crossover_name': ['PMXCrossover', 'CXCrossover', 'OXCrossover'], 'crossover_probability': [0.75, 0.8, 0.85, 0.9], 'elitism_rate': [0.1, 0.2], 'mutation_name': ['InsertMutation', 'SwapMutation'], 'mutation_probability': [0.01, 0.05, 0.1], 'selection_type': ['binary_tournament', 'roulette_wheel'], 'vehicle_construction': ['random', 'bellman_split']}",COMPLETE
457,4244.00,2026-06-03 00:51:14.173827,2026-06-03 00:51:33.976576,0 days 00:00:19.802749,PMXCrossover,0.90,0.20,SwapMutation,0.01,roulette_wheel,random,457,"{'crossover_name': ['PMXCrossover', 'CXCrossover', 'OXCrossover'], 'crossover_probability': [0.75, 0.8, 0.85, 0.9], 'elitism_rate': [0.1, 0.2], 'mutation_name': ['InsertMutation', 'SwapMutation'], 'mutation_probability': [0.01, 0.05, 0.1], 'selection_type': ['binary_tournament', 'roulette_wheel'], 'vehicle_construction': ['random', 'bellman_split']}",COMPLETE
458,3875.14,2026-06-03 00:51:33.976884,2026-06-03 00:51:37.404998,0 days 00:00:03.428114,PMXCrossover,0.75,0.20,InsertMutation,0.10,binary_tournament,random,458,"{'crossover_name': ['PMXCrossover', 'CXCrossover', 'OXCrossover'], 'crossover_probability': [0.75, 0.8, 0.85, 0.9], 'elitism_rate': [0.1, 0.2], 'mutation_name': ['InsertMutation', 'SwapMutation'], 'mutation_probability': [0.01, 0.05, 0.1], 'selection_type': ['binary_tournament', 'roulette_wheel'], 'vehicle_construction': ['random', 'bellman_split']}",COMPLETE
459,3980.32,2026-06-03 00:51:37.405293,2026-06-03 00:51:40.843026,0 days 00:00:03.437733,PMXCrossover,0.80,0.20,InsertMutation,0.10,binary_tournament,random,459,"{'crossover_name': ['PMXCrossover', 'CXCrossover', 'OXCrossover'], 'crossover_probability': [0.75, 0.8, 0.85, 0.9], 'elitism_rate': [0.1, 0.2], 'mutation_name': ['InsertMutation', 'SwapMutation'], 'mutation_probability': [0.01, 0.05, 0.1], 'selection_type': ['binary_tournament', 'roulette_wheel'], 'vehicle_construction': ['random', 'bellman_split']}",COMPLETE
460,4131.92,2026-06-03 00:51:40.843545,2026-06-03 00:52:15.132835,0 days 00:00:34.289290,CXCrossover,0.85,0.10,SwapMutation,0.05,roulette_wheel,bellman_split,460,"{'crossover_name': ['PMXCrossover', 'CXCrossover', 'OXCrossover'], 'crossover_probability': [0.75, 0.8, 0.85, 0.9], 'elitism_rate': [0.1, 0.2], 'mutation_name': ['InsertMutation', 'SwapMutation'], 'mutation_probability': [0.01, 0.05, 0.1], 'selection_type': ['binary_tournament', 'roulette_wheel'], 'vehicle_construction': ['random', 'bellman_split']}",COMPLETE
461,4373.77,2026-06-03 00:52:15.133253,2026-06-03 00:52:38.221359,0 days 00:00:23.088106,CXCrossover,0.80,0.10,SwapMutation,0.05,roulette_wheel,random,461,"{'crossover_name': ['PMXCrossover', 'CXCrossover', 'OXCrossover'], 'crossover_probability': [0.75, 0.8, 0.85, 0.9], 'elitism_rate': [0.1, 0.2], 'mutation_name': ['InsertMutation', 'SwapMutation'], 'mutation_probability': [0.01, 0.05, 0.1], 'selection_type': ['binary_tournament', 'roulette_wheel'], 'vehicle_construction': ['random', 'bellman_split']}",COMPLETE
462,3738.40,2026-06-03 00:52:38.221690,2026-06-03 00:53:10.776226,0 days 00:00:32.554536,PMXCrossover,0.75,0.10,InsertMutation,0.10,roulette_wheel,bellman_split,462,"{'crossover_name': ['PMXCrossover', 'CXCrossover', 'OXCrossover'], 'crossover_probability': [0.75, 0.8, 0.85, 0.9], 'elitism_rate': [0.1, 0.2], 'mutation_name': ['InsertMutation', 'SwapMutation'], 'mutation_probability': [0.01, 0.05, 0.1], 'selection_type': ['binary_tournament', 'roulette_wheel'], 'vehicle_construction': ['random', 'bellman_split']}",COMPLETE
463,4959.85,2026-06-03 00:53:10.776548,2026-06-03 00:53:14.833311,0 days 00:00:04.056763,CXCrossover,0.90,0.20,InsertMutation,0.01,binary_tournament,random,463,"{'crossover_name': ['PMXCrossover', 'CXCrossover', 'OXCrossover'], 'crossover_probability': [0.75, 0.8, 0.85, 0.9], 'elitism_rate': [0.1, 0.2], 'mutation_name': ['InsertMutation', 'SwapMutation'], 'mutation_probability': [0.01, 0.05, 0.1], 'selection_type': ['binary_tournament', 'roulette_wheel'], 'vehicle_construction': ['random', 'bellman_split']}",COMPLETE
464,3812.24,2026-06-03 00:53:14.833918,2026-06-03 00:53:50.566415,0 days 00:00:35.732497,OXCrossover,0.85,0.10,InsertMutation,0.10,roulette_wheel,bellman_split,464,"{'crossover_name': ['PMXCrossover', 'CXCrossover', 'OXCrossover'], 'crossover_probability': [0.75, 0.8, 0.85, 0.9], 'elitism_rate': [0.1, 0.2], 'mutation_name': ['InsertMutation', 'SwapMutation'], 'mutation_probability': [0.01, 0.05, 0.1], 'selection_type': ['binary_tournament', 'roulette_wheel'], 'vehicle_construction': ['random', 'bellman_split']}",COMPLETE
465,4084.61,2026-06-03 00:53:50.566712,2026-06-03 00:54:10.458146,0 days 00:00:19.891434,PMXCrossover,0.80,0.20,SwapMutation,0.01,roulette_wheel,random,465,"{'crossover_name': ['PMXCrossover', 'CXCrossover', 'OXCrossover'], 'crossover_probability': [0.75, 0.8, 0.85, 0.9], 'elitism_rate': [0.1, 0.2], 'mutation_name': ['InsertMutation', 'SwapMutation'], 'mutation_probability': [0.01, 0.05, 0.1], 'selection_type': ['binary_tournament', 'roulette_wheel'], 'vehicle_construction': ['random', 'bellman_split']}",COMPLETE
466,5132.23,2026-06-03 00:54:10.458503,2026-06-03 00:54:31.125659,0 days 00:00:20.667156,CXCrossover,0.80,0.20,InsertMutation,0.01,roulette_wheel,random,466,"{'crossover_name': ['PMXCrossover', 'CXCrossover', 'OXCrossover'], 'crossover_probability': [0.75, 0.8, 0.85, 0.9], 'elitism_rate': [0.1, 0.2], 'mutation_name': ['InsertMutation', 'SwapMutation'], 'mutation_probability': [0.01, 0.05, 0.1], 'selection_type': ['binary_tournament', 'roulette_wheel'], 'vehicle_construction': ['random', 'bellman_split']}",COMPLETE
467,4191.00,2026-06-03 00:54:31.126028,2026-06-03 00:54:34.103263,0 days 00:00:02.977235,PMXCrossover,0.75,0.20,SwapMutation,0.01,binary_tournament,random,467,"{'crossover_name': ['PMXCrossover', 'CXCrossover', 'OXCrossover'], 'crossover_probability': [0.75, 0.8, 0.85, 0.9], 'elitism_rate': [0.1, 0.2], 'mutation_name': ['InsertMutation', 'SwapMutation'], 'mutation_probability': [0.01, 0.05, 0.1], 'selection_type': ['binary_tournament', 'roulette_wheel'], 'vehicle_construction': ['random', 'bellman_split']}",COMPLETE
468,4557.60,2026-06-03 00:54:34.103587,2026-06-03 00:54:47.395007,0 days 00:00:13.291420,CXCrossover,0.75,0.10,InsertMutation,0.01,binary_tournament,bellman_split,468,"{'crossover_name': ['PMXCrossover', 'CXCrossover', 'OXCrossover'], 'crossover_probability': [0.75, 0.8, 0.85, 0.9], 'elitism_rate': [0.1, 0.2], 'mutation_name': ['InsertMutation', 'SwapMutation'], 'mutation_probability': [0.01, 0.05, 0.1], 'selection_type': ['binary_tournament', 'roulette_wheel'], 'vehicle_construction': ['random', 'bellman_split']}",COMPLETE
469,3854.62,2026-06-03 00:54:47.395329,2026-06-03 00:55:10.415042,0 days 00:00:23.019713,PMXCrossover,0.80,0.10,InsertMutation,0.10,roulette_wheel,random,469,"{'crossover_name': ['PMXCrossover', 'CXCrossover', 'OXCrossover'], 'crossover_probability': [0.75, 0.8, 0.85, 0.9], 'elitism_rate': [0.1, 0.2], 'mutation_name': ['InsertMutation', 'SwapMutation'], 'mutation_probability': [0.01, 0.05, 0.1], 'selection_type': ['binary_tournament', 'roulette_wheel'], 'vehicle_construction': ['random', 'bellman_split']}",COMPLETE
470,3653.41,2026-06-03 00:55:10.415330,2026-06-03 00:55:23.232580,0 days 00:00:12.817250,PMXCrossover,0.75,0.20,SwapMutation,0.05,binary_tournament,bellman_split,470,"{'crossover_name': ['PMXCrossover', 'CXCrossover', 'OXCrossover'], 'crossover_probability': [0.75, 0.8, 0.85, 0.9], 'elitism_rate': [0.1, 0.2], 'mutation_name': ['InsertMutation', 'SwapMutation'], 'mutation_probability': [0.01, 0.05, 0.1], 'selection_type': ['binary_tournament', 'roulette_wheel'], 'vehicle_construction': ['random', 'bellman_split']}",COMPLETE
471,4320.01,2026-06-03 00:55:23.232935,2026-06-03 00:55:43.505468,0 days 00:00:20.272533,CXCrossover,0.80,0.20,InsertMutation,0.05,roulette_wheel,random,471,"{'crossover_name': ['PMXCrossover', 'CXCrossover', 'OXCrossover'], 'crossover_probability': [0.75, 0.8, 0.85, 0.9], 'elitism_rate': [0.1, 0.2], 'mutation_name': ['InsertMutation', 'SwapMutation'], 'mutation_probability': [0.01, 0.05, 0.1], 'selection_type': ['binary_tournament', 'roulette_wheel'], 'vehicle_construction': ['random', 'bellman_split']}",COMPLETE
472,3512.19,2026-06-03 00:55:43.505961,2026-06-03 00:56:15.936132,0 days 00:00:32.430171,OXCrossover,0.75,0.20,InsertMutation,0.01,roulette_wheel,bellman_split,472,"{'crossover_name': ['PMXCrossover', 'CXCrossover', 'OXCrossover'], 'crossover_probability': [0.75, 0.8, 0.85, 0.9], 'elitism_rate': [0.1, 0.2], 'mutation_name': ['InsertMutation', 'SwapMutation'], 'mutation_probability': [0.01, 0.05, 0.1], 'selection_type': ['binary_tournament', 'roulette_wheel'], 'vehicle_construction': ['random', 'bellman_split']}",COMPLETE
473,4151.82,2026-06-03 00:56:15.936436,2026-06-03 00:56:38.225088,0 days 00:00:22.288652,PMXCrossover,0.80,0.10,InsertMutation,0.01,roulette_wheel,random,473,"{'crossover_name': ['PMXCrossover', 'CXCrossover', 'OXCrossover'], 'crossover_probability': [0.75, 0.8, 0.85, 0.9], 'elitism_rate': [0.1, 0.2], 'mutation_name': ['InsertMutation', 'SwapMutation'], 'mutation_probability': [0.01, 0.05, 0.1], 'selection_type': ['binary_tournament', 'roulette_wheel'], 'vehicle_construction': ['random', 'bellman_split']}",COMPLETE
474,4558.23,2026-06-03 00:56:38.225364,2026-06-03 00:56:51.465146,0 days 00:00:13.239782,CXCrossover,0.75,0.10,SwapMutation,0.05,binary_tournament,bellman_split,474,"{'crossover_name': ['PMXCrossover', 'CXCrossover', 'OXCrossover'], 'crossover_probability': [0.75, 0.8, 0.85, 0.9], 'elitism_rate': [0.1, 0.2], 'mutation_name': ['InsertMutation', 'SwapMutation'], 'mutation_probability': [0.01, 0.05, 0.1], 'selection_type': ['binary_tournament', 'roulette_wheel'], 'vehicle_construction': ['random', 'bellman_split']}",COMPLETE
475,3634.99,2026-06-03 00:56:51.465470,2026-06-03 00:56:54.905142,0 days 00:00:03.439672,PMXCrossover,0.90,0.10,InsertMutation,0.05,binary_tournament,random,475,"{'crossover_name': ['PMXCrossover', 'CXCrossover', 'OXCrossover'], 'crossover_probability': [0.75, 0.8, 0.85, 0.9], 'elitism_rate': [0.1, 0.2], 'mutation_name': ['InsertMutation', 'SwapMutation'], 'mutation_probability': [0.01, 0.05, 0.1], 'selection_type': ['binary_tournament', 'roulette_wheel'], 'vehicle_construction': ['random', 'bellman_split']}",COMPLETE
476,3781.72,2026-06-03 00:56:54.905441,2026-06-03 00:57:16.886658,0 days 00:00:21.981217,OXCrossover,0.85,0.20,SwapMutation,0.01,roulette_wheel,random,476,"{'crossover_name': ['PMXCrossover', 'CXCrossover', 'OXCrossover'], 'crossover_probability': [0.75, 0.8, 0.85, 0.9], 'elitism_rate': [0.1, 0.2], 'mutation_name': ['InsertMutation', 'SwapMutation'], 'mutation_probability': [0.01, 0.05, 0.1], 'selection_type': ['binary_tournament', 'roulette_wheel'], 'vehicle_construction': ['random', 'bellman_split']}",COMPLETE
477,3342.20,2026-06-03 00:57:16.886935,2026-06-03 00:57:33.956313,0 days 00:00:17.069378,OXCrossover,0.90,0.10,InsertMutation,0.01,binary_tournament,bellman_split,477,"{'crossover_name': ['PMXCrossover', 'CXCrossover', 'OXCrossover'], 'crossover_probability': [0.75, 0.8, 0.85, 0.9], 'elitism_rate': [0.1, 0.2], 'mutation_name': ['InsertMutation', 'SwapMutation'], 'mutation_probability': [0.01, 0.05, 0.1], 'selection_type': ['binary_tournament', 'roulette_wheel'], 'vehicle_construction': ['random', 'bellman_split']}",COMPLETE
478,3862.23,2026-06-03 00:57:33.956636,2026-06-03 00:57:38.506811,0 days 00:00:04.550175,OXCrossover,0.90,0.10,InsertMutation,0.01,binary_tournament,random,478,"{'crossover_name': ['PMXCrossover', 'CXCrossover', 'OXCrossover'], 'crossover_probability': [0.75, 0.8, 0.85, 0.9], 'elitism_rate': [0.1, 0.2], 'mutation_name': ['InsertMutation', 'SwapMutation'], 'mutation_probability': [0.01, 0.05, 0.1], 'selection_type': ['binary_tournament', 'roulette_wheel'], 'vehicle_construction': ['random', 'bellman_split']}",COMPLETE
479,3261.08,2026-06-03 00:57:38.507133,2026-06-03 00:58:13.744750,0 days 00:00:35.237617,OXCrossover,0.80,0.10,SwapMutation,0.05,roulette_wheel,bellman_split,479,"{'crossover_name': ['PMXCrossover', 'CXCrossover', 'OXCrossover'], 'crossover_probability': [0.75, 0.8, 0.85, 0.9], 'elitism_rate': [0.1, 0.2], 'mutation_name': ['InsertMutation', 'SwapMutation'], 'mutation_probability': [0.01, 0.05, 0.1], 'selection_type': ['binary_tournament', 'roulette_wheel'], 'vehicle_construction': ['random', 'bellman_split']}",COMPLETE
480,3953.50,2026-06-03 00:58:13.745043,2026-06-03 00:58:49.788065,0 days 00:00:36.043022,PMXCrossover,0.85,0.20,InsertMutation,0.01,roulette_wheel,bellman_split,480,"{'crossover_name': ['PMXCrossover', 'CXCrossover', 'OXCrossover'], 'crossover_probability': [0.75, 0.8, 0.85, 0.9], 'elitism_rate': [0.1, 0.2], 'mutation_name': ['InsertMutation', 'SwapMutation'], 'mutation_probability': [0.01, 0.05, 0.1], 'selection_type': ['binary_tournament', 'roulette_wheel'], 'vehicle_construction': ['random', 'bellman_split']}",COMPLETE
481,4569.21,2026-06-03 00:58:49.788383,2026-06-03 00:59:10.476359,0 days 00:00:20.687976,CXCrossover,0.75,0.20,InsertMutation,0.05,roulette_wheel,random,481,"{'crossover_name': ['PMXCrossover', 'CXCrossover', 'OXCrossover'], 'crossover_probability': [0.75, 0.8, 0.85, 0.9], 'elitism_rate': [0.1, 0.2], 'mutation_name': ['InsertMutation', 'SwapMutation'], 'mutation_probability': [0.01, 0.05, 0.1], 'selection_type': ['binary_tournament', 'roulette_wheel'], 'vehicle_construction': ['random', 'bellman_split']}",COMPLETE
482,3454.92,2026-06-03 00:59:10.476655,2026-06-03 00:59:42.158959,0 days 00:00:31.682304,OXCrossover,0.75,0.20,InsertMutation,0.10,roulette_wheel,bellman_split,482,"{'crossover_name': ['PMXCrossover', 'CXCrossover', 'OXCrossover'], 'crossover_probability': [0.75, 0.8, 0.85, 0.9], 'elitism_rate': [0.1, 0.2], 'mutation_name': ['InsertMutation', 'SwapMutation'], 'mutation_probability': [0.01, 0.05, 0.1], 'selection_type': ['binary_tournament', 'roulette_wheel'], 'vehicle_construction': ['random', 'bellman_split']}",COMPLETE
483,4190.83,2026-06-03 00:59:42.159282,2026-06-03 01:00:06.201932,0 days 00:00:24.042650,PMXCrossover,0.80,0.10,SwapMutation,0.01,roulette_wheel,random,483,"{'crossover_name': ['PMXCrossover', 'CXCrossover', 'OXCrossover'], 'crossover_probability': [0.75, 0.8, 0.85, 0.9], 'elitism_rate': [0.1, 0.2], 'mutation_name': ['InsertMutation', 'SwapMutation'], 'mutation_probability': [0.01, 0.05, 0.1], 'selection_type': ['binary_tournament', 'roulette_wheel'], 'vehicle_construction': ['random', 'bellman_split']}",COMPLETE
484,4346.67,2026-06-03 01:00:06.202250,2026-06-03 01:00:30.901079,0 days 00:00:24.698829,OXCrossover,0.85,0.10,SwapMutation,0.10,roulette_wheel,random,484,"{'crossover_name': ['PMXCrossover', 'CXCrossover', 'OXCrossover'], 'crossover_probability': [0.75, 0.8, 0.85, 0.9], 'elitism_rate': [0.1, 0.2], 'mutation_name': ['InsertMutation', 'SwapMutation'], 'mutation_probability': [0.01, 0.05, 0.1], 'selection_type': ['binary_tournament', 'roulette_wheel'], 'vehicle_construction': ['random', 'bellman_split']}",COMPLETE
485,4411.63,2026-06-03 01:00:30.901358,2026-06-03 01:00:46.472653,0 days 00:00:15.571295,CXCrossover,0.90,0.20,SwapMutation,0.05,binary_tournament,bellman_split,485,"{'crossover_name': ['PMXCrossover', 'CXCrossover', 'OXCrossover'], 'crossover_probability': [0.75, 0.8, 0.85, 0.9], 'elitism_rate': [0.1, 0.2], 'mutation_name': ['InsertMutation', 'SwapMutation'], 'mutation_probability': [0.01, 0.05, 0.1], 'selection_type': ['binary_tournament', 'roulette_wheel'], 'vehicle_construction': ['random', 'bellman_split']}",COMPLETE
486,4093.27,2026-06-03 01:00:46.472970,2026-06-03 01:01:07.287956,0 days 00:00:20.814986,PMXCrossover,0.85,0.20,InsertMutation,0.10,roulette_wheel,random,486,"{'crossover_name': ['PMXCrossover', 'CXCrossover', 'OXCrossover'], 'crossover_probability': [0.75, 0.8, 0.85, 0.9], 'elitism_rate': [0.1, 0.2], 'mutation_name': ['InsertMutation', 'SwapMutation'], 'mutation_probability': [0.01, 0.05, 0.1], 'selection_type': ['binary_tournament', 'roulette_wheel'], 'vehicle_construction': ['random', 'bellman_split']}",COMPLETE
487,3708.29,2026-06-03 01:01:07.288442,2026-06-03 01:01:42.412582,0 days 00:00:35.124140,PMXCrossover,0.90,0.20,SwapMutation,0.05,roulette_wheel,bellman_split,487,"{'crossover_name': ['PMXCrossover', 'CXCrossover', 'OXCrossover'], 'crossover_probability': [0.75, 0.8, 0.85, 0.9], 'elitism_rate': [0.1, 0.2], 'mutation_name': ['InsertMutation', 'SwapMutation'], 'mutation_probability': [0.01, 0.05, 0.1], 'selection_type': ['binary_tournament', 'roulette_wheel'], 'vehicle_construction': ['random', 'bellman_split']}",COMPLETE
488,3943.18,2026-06-03 01:01:42.412904,2026-06-03 01:02:16.006240,0 days 00:00:33.593336,PMXCrossover,0.75,0.10,SwapMutation,0.10,roulette_wheel,bellman_split,488,"{'crossover_name': ['PMXCrossover', 'CXCrossover', 'OXCrossover'], 'crossover_probability': [0.75, 0.8, 0.85, 0.9], 'elitism_rate': [0.1, 0.2], 'mutation_name': ['InsertMutation', 'SwapMutation'], 'mutation_probability': [0.01, 0.05, 0.1], 'selection_type': ['binary_tournament', 'roulette_wheel'], 'vehicle_construction': ['random', 'bellman_split']}",COMPLETE
489,3290.51,2026-06-03 01:02:16.006559,2026-06-03 01:02:51.986792,0 days 00:00:35.980233,OXCrossover,0.85,0.10,SwapMutation,0.01,roulette_wheel,bellman_split,489,"{'crossover_name': ['PMXCrossover', 'CXCrossover', 'OXCrossover'], 'crossover_probability': [0.75, 0.8, 0.85, 0.9], 'elitism_rate': [0.1, 0.2], 'mutation_name': ['InsertMutation', 'SwapMutation'], 'mutation_probability': [0.01, 0.05, 0.1], 'selection_type': ['binary_tournament', 'roulette_wheel'], 'vehicle_construction': ['random', 'bellman_split']}",COMPLETE
490,3618.07,2026-06-03 01:02:51.987087,2026-06-03 01:03:28.842747,0 days 00:00:36.855660,OXCrossover,0.90,0.10,InsertMutation,0.05,roulette_wheel,bellman_split,490,"{'crossover_name': ['PMXCrossover', 'CXCrossover', 'OXCrossover'], 'crossover_probability': [0.75, 0.8, 0.85, 0.9], 'elitism_rate': [0.1, 0.2], 'mutation_name': ['InsertMutation', 'SwapMutation'], 'mutation_probability': [0.01, 0.05, 0.1], 'selection_type': ['binary_tournament', 'roulette_wheel'], 'vehicle_construction': ['random', 'bellman_split']}",COMPLETE
491,3936.45,2026-06-03 01:03:28.843066,2026-06-03 01:03:59.087850,0 days 00:00:30.244784,PMXCrossover,0.75,0.20,SwapMutation,0.05,roulette_wheel,bellman_split,491,"{'crossover_name': ['PMXCrossover', 'CXCrossover', 'OXCrossover'], 'crossover_probability': [0.75, 0.8, 0.85, 0.9], 'elitism_rate': [0.1, 0.2], 'mutation_name': ['InsertMutation', 'SwapMutation'], 'mutation_probability': [0.01, 0.05, 0.1], 'selection_type': ['binary_tournament', 'roulette_wheel'], 'vehicle_construction': ['random', 'bellman_split']}",COMPLETE
